2025-01-16 04:22:41 - INFO - Last opentime in CSV: 2025-01-15 05:00:00
2025-01-16 04:22:41 - INFO - CSV length before appending: 251
2025-01-16 04:22:41 - INFO - Rounded timestamp: 2025-01-16 04:00:00, Last opentime in CSV: 2025-01-15 05:00:00
2025-01-16 04:22:41 - INFO - 2025-01-16 04:01:00 status: True, time: 1737000060000, calls: 1
2025-01-16 04:22:41 - INFO - 2025-01-16 04:01:00 status: True, time: 1737000060000, calls: 2
2025-01-16 04:22:41 - INFO - Duplicate timestamp detected. Stopping fetch.
2025-01-16 04:22:41 - INFO - before dropping :46
2025-01-16 04:22:41 - INFO -          opentime  openprice  highprice  lowprice  closeprice
0   1736919000000     4.5760     4.5760    4.5430      4.5471
1   1736920800000     4.5470     4.5471    4.5055      4.5170
2   1736922600000     4.5170     4.5582    4.5168      4.5441
3   1736924400000     4.5442     4.6038    4.5435      4.5955
4   1736926200000     4.5954     4.5994    4.5668      4.5729
5   1736928000000     4.5728     4.6108    4.5713      4.5957
6   1736929800000     4.5956     4.6039    4.5571      4.5589
7   1736931600000     4.5591     4.5656    4.5146      4.5146
8   1736933400000     4.5145     4.5320    4.4512      4.4639
9   1736935200000     4.4638     4.5088    4.4633      4.5081
10  1736937000000     4.5080     4.5159    4.4722      4.4837
11  1736938800000     4.4837     4.4880    4.4357      4.4460
12  1736940600000     4.4460     4.4779    4.4311      4.4755
13  1736942400000     4.4754     4.4797    4.4459      4.4530
14  1736944200000     4.4530     4.4925    4.4524      4.4730
15  1736946000000     4.4730     4.5417    4.4713      4.5218
16  1736947800000     4.5218     4.8058    4.5201      4.7830
17  1736949600000     4.7832     4.8415    4.7371      4.7558
18  1736951400000     4.7558     4.8070    4.7302      4.7979
19  1736953200000     4.7981     4.8574    4.7880      4.8428
20  1736955000000     4.8427     4.8488    4.7579      4.7602
21  1736956800000     4.7603     4.7981    4.7362      4.7981
22  1736958600000     4.7982     4.8029    4.7513      4.7537
23  1736960400000     4.7528     4.7623    4.7058      4.7144
24  1736962200000     4.7144     4.7463    4.6572      4.6572
25  1736964000000     4.6573     4.6975    4.6572      4.6948
26  1736965800000     4.6948     4.7290    4.6769      4.7267
27  1736967600000     4.7266     4.7289    4.6923      4.7053
28  1736969400000     4.7054     4.7366    4.7049      4.7279
29  1736971200000     4.7279     4.7846    4.7143      4.7536
30  1736973000000     4.7536     4.7644    4.7134      4.7232
31  1736974800000     4.7238     4.7590    4.7214      4.7587
32  1736976600000     4.7587     4.8146    4.7500      4.7953
33  1736978400000     4.7953     4.8339    4.7776      4.8286
34  1736980200000     4.8286     4.8856    4.8134      4.8682
35  1736982000000     4.8682     4.8918    4.8512      4.8607
36  1736983800000     4.8605     4.8720    4.8305      4.8351
37  1736985600000     4.8352     4.8409    4.7165      4.7318
38  1736987400000     4.7318     4.7455    4.6868      4.7125
39  1736989200000     4.7124     4.7505    4.7092      4.7301
40  1736991000000     4.7300     4.7488    4.7122      4.7291
41  1736992800000     4.7290     4.7337    4.7041      4.7090
42  1736994600000     4.7090     4.7243    4.7080      4.7139
43  1736996400000     4.7138     4.7374    4.7071      4.7183
44  1736998200000     4.7182     4.7221    4.6626      4.6821
2025-01-16 04:22:41 - INFO - 45 new rows fetched and appended successfully.
2025-01-16 04:22:41 - INFO - New CSV length after appending: 296
2025-01-16 04:22:41 - INFO - New data:           opentime  openprice  highprice  lowprice  closeprice
295  1736998200000     4.7182     4.7221    4.6626      4.6821
2025-01-16 04:22:41 - INFO - New data fetched, processing now.
2025-01-16 04:22:41 - INFO - Last row:           opentime  openprice  ...  SUPERTl_10_3.0  SUPERTs_10_3.0
295  1736998200000     4.7182  ...             NaN        4.843826

[1 rows x 7 columns]
2025-01-16 04:22:41 - INFO - Supertrend indicator applied.
2025-01-16 04:22:41 - INFO - Last row:           opentime  openprice  ...  leading_span_a  leading_span_b
295  1736998200000     4.7182  ...          4.6363             NaN

[1 rows x 9 columns]
2025-01-16 04:22:41 - INFO - Ichimoku cloud indicator applied.
2025-01-16 04:22:41 - INFO - Previous up trend: 4.695890790606538
2025-01-16 04:22:41 - INFO - Current up trend: nan
2025-01-16 04:22:41 - INFO - Trend: unchange
2025-01-16 04:22:41 - INFO - Suggested Action: None
2025-01-16 04:22:41 - INFO - Previous Action: None
2025-01-16 04:22:41 - INFO - Suggested Action: None
2025-01-16 04:22:41 - INFO - No action needed as previous and suggested actions are the same.
2025-01-16 04:23:41 - INFO - Last opentime in CSV: 2025-01-16 03:30:00
2025-01-16 04:23:41 - INFO - CSV length before appending: 296
2025-01-16 04:23:41 - INFO - Rounded timestamp: 2025-01-16 04:00:00, Last opentime in CSV: 2025-01-16 03:30:00
2025-01-16 04:23:41 - INFO - 2025-01-16 04:01:00 status: True, time: 1737000060000, calls: 1
2025-01-16 04:23:42 - INFO - 2025-01-16 04:01:00 status: True, time: 1737000060000, calls: 2
2025-01-16 04:23:42 - INFO - Duplicate timestamp detected. Stopping fetch.
2025-01-16 04:23:42 - INFO - before dropping :1
2025-01-16 04:23:42 - INFO - Empty DataFrame
Columns: [opentime, openprice, highprice, lowprice, closeprice]
Index: []
2025-01-16 04:23:42 - INFO - No new data to append.
2025-01-16 04:24:42 - INFO - Last opentime in CSV: 2025-01-16 03:30:00
2025-01-16 04:24:42 - INFO - CSV length before appending: 296
2025-01-16 04:24:42 - INFO - Rounded timestamp: 2025-01-16 04:00:00, Last opentime in CSV: 2025-01-16 03:30:00
2025-01-16 04:24:42 - INFO - 2025-01-16 04:01:00 status: True, time: 1737000060000, calls: 1
2025-01-16 04:24:42 - INFO - 2025-01-16 04:01:00 status: True, time: 1737000060000, calls: 2
2025-01-16 04:24:42 - INFO - Duplicate timestamp detected. Stopping fetch.
2025-01-16 04:24:42 - INFO - before dropping :1
2025-01-16 04:24:42 - INFO - Empty DataFrame
Columns: [opentime, openprice, highprice, lowprice, closeprice]
Index: []
2025-01-16 04:24:42 - INFO - No new data to append.
2025-01-16 04:25:42 - INFO - Last opentime in CSV: 2025-01-16 03:30:00
2025-01-16 04:25:42 - INFO - CSV length before appending: 296
2025-01-16 04:25:42 - INFO - Rounded timestamp: 2025-01-16 04:00:00, Last opentime in CSV: 2025-01-16 03:30:00
2025-01-16 04:25:42 - INFO - 2025-01-16 04:01:00 status: True, time: 1737000060000, calls: 1
2025-01-16 04:25:42 - INFO - 2025-01-16 04:01:00 status: True, time: 1737000060000, calls: 2
2025-01-16 04:25:42 - INFO - Duplicate timestamp detected. Stopping fetch.
2025-01-16 04:25:42 - INFO - before dropping :1
2025-01-16 04:25:42 - INFO - Empty DataFrame
Columns: [opentime, openprice, highprice, lowprice, closeprice]
Index: []
2025-01-16 04:25:42 - INFO - No new data to append.
2025-01-16 04:26:42 - INFO - Last opentime in CSV: 2025-01-16 03:30:00
2025-01-16 04:26:42 - INFO - CSV length before appending: 296
2025-01-16 04:26:42 - INFO - Rounded timestamp: 2025-01-16 04:00:00, Last opentime in CSV: 2025-01-16 03:30:00
2025-01-16 04:26:42 - INFO - 2025-01-16 04:01:00 status: True, time: 1737000060000, calls: 1
2025-01-16 04:26:42 - INFO - 2025-01-16 04:01:00 status: True, time: 1737000060000, calls: 2
2025-01-16 04:26:42 - INFO - Duplicate timestamp detected. Stopping fetch.
2025-01-16 04:26:42 - INFO - before dropping :1
2025-01-16 04:26:42 - INFO - Empty DataFrame
Columns: [opentime, openprice, highprice, lowprice, closeprice]
Index: []
2025-01-16 04:26:42 - INFO - No new data to append.
2025-01-16 04:27:42 - INFO - Last opentime in CSV: 2025-01-16 03:30:00
2025-01-16 04:27:42 - INFO - CSV length before appending: 296
2025-01-16 04:27:42 - INFO - Rounded timestamp: 2025-01-16 04:00:00, Last opentime in CSV: 2025-01-16 03:30:00
2025-01-16 04:27:43 - INFO - 2025-01-16 04:01:00 status: True, time: 1737000060000, calls: 1
2025-01-16 04:27:43 - INFO - 2025-01-16 04:01:00 status: True, time: 1737000060000, calls: 2
2025-01-16 04:27:43 - INFO - Duplicate timestamp detected. Stopping fetch.
2025-01-16 04:27:43 - INFO - before dropping :1
2025-01-16 04:27:43 - INFO - Empty DataFrame
Columns: [opentime, openprice, highprice, lowprice, closeprice]
Index: []
2025-01-16 04:27:43 - INFO - No new data to append.
2025-01-16 04:28:43 - INFO - Last opentime in CSV: 2025-01-16 03:30:00
2025-01-16 04:28:43 - INFO - CSV length before appending: 296
2025-01-16 04:28:43 - INFO - Rounded timestamp: 2025-01-16 04:00:00, Last opentime in CSV: 2025-01-16 03:30:00
2025-01-16 04:28:43 - INFO - 2025-01-16 04:01:00 status: True, time: 1737000060000, calls: 1
2025-01-16 04:28:43 - INFO - 2025-01-16 04:01:00 status: True, time: 1737000060000, calls: 2
2025-01-16 04:28:43 - INFO - Duplicate timestamp detected. Stopping fetch.
2025-01-16 04:28:43 - INFO - before dropping :1
2025-01-16 04:28:43 - INFO - Empty DataFrame
Columns: [opentime, openprice, highprice, lowprice, closeprice]
Index: []
2025-01-16 04:28:43 - INFO - No new data to append.
2025-01-16 04:29:43 - INFO - Last opentime in CSV: 2025-01-16 03:30:00
2025-01-16 04:29:43 - INFO - CSV length before appending: 296
2025-01-16 04:29:43 - INFO - Rounded timestamp: 2025-01-16 04:00:00, Last opentime in CSV: 2025-01-16 03:30:00
2025-01-16 04:29:43 - INFO - 2025-01-16 04:01:00 status: True, time: 1737000060000, calls: 1
2025-01-16 04:29:43 - INFO - 2025-01-16 04:01:00 status: True, time: 1737000060000, calls: 2
2025-01-16 04:29:43 - INFO - Duplicate timestamp detected. Stopping fetch.
2025-01-16 04:29:43 - INFO - before dropping :1
2025-01-16 04:29:43 - INFO - Empty DataFrame
Columns: [opentime, openprice, highprice, lowprice, closeprice]
Index: []
2025-01-16 04:29:43 - INFO - No new data to append.
2025-01-16 04:30:43 - INFO - Last opentime in CSV: 2025-01-16 03:30:00
2025-01-16 04:30:43 - INFO - CSV length before appending: 296
2025-01-16 04:30:43 - INFO - Rounded timestamp: 2025-01-16 04:30:00, Last opentime in CSV: 2025-01-16 03:30:00
2025-01-16 04:30:43 - INFO - Reached endtime at 2025-01-16 04:31:00. Stopping fetch.
2025-01-16 04:30:43 - INFO - before dropping :2
2025-01-16 04:30:43 - INFO -         opentime  openprice  highprice  lowprice  closeprice
0  1737000000000     4.6821     4.7018    4.6751      4.6845
2025-01-16 04:30:43 - INFO - 1 new rows fetched and appended successfully.
2025-01-16 04:30:43 - INFO - New CSV length after appending: 297
2025-01-16 04:30:43 - INFO - New data:           opentime  openprice  highprice  lowprice  closeprice
296  1737000000000     4.6821     4.7018    4.6751      4.6845
2025-01-16 04:30:43 - INFO - New data fetched, processing now.
2025-01-16 04:30:43 - INFO - Last row:           opentime  openprice  ...  SUPERTl_10_3.0  SUPERTs_10_3.0
296  1737000000000     4.6821  ...             NaN        4.832778

[1 rows x 7 columns]
2025-01-16 04:30:43 - INFO - Supertrend indicator applied.
2025-01-16 04:30:43 - INFO - Last row:           opentime  openprice  ...  leading_span_a  leading_span_b
296  1737000000000     4.6821  ...         4.64425             NaN

[1 rows x 9 columns]
2025-01-16 04:30:43 - INFO - Ichimoku cloud indicator applied.
2025-01-16 04:30:43 - INFO - Previous up trend: nan
2025-01-16 04:30:43 - INFO - Current up trend: nan
2025-01-16 04:30:43 - INFO - Trend: unchange
2025-01-16 04:30:43 - INFO - Suggested Action: None
2025-01-16 04:30:43 - INFO - Previous Action: (None, None)
2025-01-16 04:30:43 - INFO - Suggested Action: None
2025-01-16 04:30:44 - INFO - Current SUIUSDT Mark Price: 4.68510648
2025-01-16 04:30:44 - INFO - Expected SUIUSDT Amount: 6
2025-01-16 04:30:44 - INFO - Current Opened SUIUSDT Amount: 0.0
2025-01-16 04:30:44 - INFO - at: 2025-01-16 04:00:00 - No action taken
2025-01-16 04:31:44 - INFO - Last opentime in CSV: 2025-01-16 04:00:00
2025-01-16 04:31:44 - INFO - CSV length before appending: 297
2025-01-16 04:31:44 - INFO - Rounded timestamp: 2025-01-16 04:30:00, Last opentime in CSV: 2025-01-16 04:00:00
2025-01-16 04:31:44 - INFO - 2025-01-16 04:31:00 status: True, time: 1737001860000, calls: 1
2025-01-16 04:31:44 - INFO - 2025-01-16 04:31:00 status: True, time: 1737001860000, calls: 2
2025-01-16 04:31:44 - INFO - Duplicate timestamp detected. Stopping fetch.
2025-01-16 04:31:44 - INFO - before dropping :1
2025-01-16 04:31:44 - INFO - Empty DataFrame
Columns: [opentime, openprice, highprice, lowprice, closeprice]
Index: []
2025-01-16 04:31:44 - INFO - No new data to append.
2025-01-16 04:32:44 - INFO - Last opentime in CSV: 2025-01-16 04:00:00
2025-01-16 04:32:44 - INFO - CSV length before appending: 297
2025-01-16 04:32:44 - INFO - Rounded timestamp: 2025-01-16 04:30:00, Last opentime in CSV: 2025-01-16 04:00:00
2025-01-16 04:32:44 - INFO - 2025-01-16 04:31:00 status: True, time: 1737001860000, calls: 1
2025-01-16 04:32:44 - INFO - 2025-01-16 04:31:00 status: True, time: 1737001860000, calls: 2
2025-01-16 04:32:45 - INFO - Duplicate timestamp detected. Stopping fetch.
2025-01-16 04:32:45 - INFO - before dropping :1
2025-01-16 04:32:45 - INFO - Empty DataFrame
Columns: [opentime, openprice, highprice, lowprice, closeprice]
Index: []
2025-01-16 04:32:45 - INFO - No new data to append.
2025-01-16 04:33:45 - INFO - Last opentime in CSV: 2025-01-16 04:00:00
2025-01-16 04:33:45 - INFO - CSV length before appending: 297
2025-01-16 04:33:45 - INFO - Rounded timestamp: 2025-01-16 04:30:00, Last opentime in CSV: 2025-01-16 04:00:00
2025-01-16 04:33:45 - INFO - 2025-01-16 04:31:00 status: True, time: 1737001860000, calls: 1
2025-01-16 04:33:45 - INFO - 2025-01-16 04:31:00 status: True, time: 1737001860000, calls: 2
2025-01-16 04:33:45 - INFO - Duplicate timestamp detected. Stopping fetch.
2025-01-16 04:33:45 - INFO - before dropping :1
2025-01-16 04:33:45 - INFO - Empty DataFrame
Columns: [opentime, openprice, highprice, lowprice, closeprice]
Index: []
2025-01-16 04:33:45 - INFO - No new data to append.
2025-01-16 04:34:45 - INFO - Last opentime in CSV: 2025-01-16 04:00:00
2025-01-16 04:34:45 - INFO - CSV length before appending: 297
2025-01-16 04:34:45 - INFO - Rounded timestamp: 2025-01-16 04:30:00, Last opentime in CSV: 2025-01-16 04:00:00
2025-01-16 04:34:45 - INFO - 2025-01-16 04:31:00 status: True, time: 1737001860000, calls: 1
2025-01-16 04:34:45 - INFO - 2025-01-16 04:31:00 status: True, time: 1737001860000, calls: 2
2025-01-16 04:34:45 - INFO - Duplicate timestamp detected. Stopping fetch.
2025-01-16 04:34:45 - INFO - before dropping :1
2025-01-16 04:34:45 - INFO - Empty DataFrame
Columns: [opentime, openprice, highprice, lowprice, closeprice]
Index: []
2025-01-16 04:34:45 - INFO - No new data to append.
2025-01-16 04:35:45 - INFO - Last opentime in CSV: 2025-01-16 04:00:00
2025-01-16 04:35:45 - INFO - CSV length before appending: 297
2025-01-16 04:35:45 - INFO - Rounded timestamp: 2025-01-16 04:30:00, Last opentime in CSV: 2025-01-16 04:00:00
2025-01-16 04:35:45 - INFO - 2025-01-16 04:31:00 status: True, time: 1737001860000, calls: 1
2025-01-16 04:35:45 - INFO - 2025-01-16 04:31:00 status: True, time: 1737001860000, calls: 2
2025-01-16 04:35:45 - INFO - Duplicate timestamp detected. Stopping fetch.
2025-01-16 04:35:45 - INFO - before dropping :1
2025-01-16 04:35:45 - INFO - Empty DataFrame
Columns: [opentime, openprice, highprice, lowprice, closeprice]
Index: []
2025-01-16 04:35:45 - INFO - No new data to append.
2025-01-16 04:36:45 - INFO - Last opentime in CSV: 2025-01-16 04:00:00
2025-01-16 04:36:45 - INFO - CSV length before appending: 297
2025-01-16 04:36:45 - INFO - Rounded timestamp: 2025-01-16 04:30:00, Last opentime in CSV: 2025-01-16 04:00:00
2025-01-16 04:36:45 - INFO - 2025-01-16 04:31:00 status: True, time: 1737001860000, calls: 1
2025-01-16 04:36:46 - INFO - 2025-01-16 04:31:00 status: True, time: 1737001860000, calls: 2
2025-01-16 04:36:46 - INFO - Duplicate timestamp detected. Stopping fetch.
2025-01-16 04:36:46 - INFO - before dropping :1
2025-01-16 04:36:46 - INFO - Empty DataFrame
Columns: [opentime, openprice, highprice, lowprice, closeprice]
Index: []
2025-01-16 04:36:46 - INFO - No new data to append.
2025-01-16 04:37:46 - INFO - Last opentime in CSV: 2025-01-16 04:00:00
2025-01-16 04:37:46 - INFO - CSV length before appending: 297
2025-01-16 04:37:46 - INFO - Rounded timestamp: 2025-01-16 04:30:00, Last opentime in CSV: 2025-01-16 04:00:00
2025-01-16 04:37:46 - INFO - 2025-01-16 04:31:00 status: True, time: 1737001860000, calls: 1
2025-01-16 04:37:46 - INFO - 2025-01-16 04:31:00 status: True, time: 1737001860000, calls: 2
2025-01-16 04:37:46 - INFO - Duplicate timestamp detected. Stopping fetch.
2025-01-16 04:37:46 - INFO - before dropping :1
2025-01-16 04:37:46 - INFO - Empty DataFrame
Columns: [opentime, openprice, highprice, lowprice, closeprice]
Index: []
2025-01-16 04:37:46 - INFO - No new data to append.
2025-01-16 04:38:46 - INFO - Last opentime in CSV: 2025-01-16 04:00:00
2025-01-16 04:38:46 - INFO - CSV length before appending: 297
2025-01-16 04:38:46 - INFO - Rounded timestamp: 2025-01-16 04:30:00, Last opentime in CSV: 2025-01-16 04:00:00
2025-01-16 04:38:46 - INFO - 2025-01-16 04:31:00 status: True, time: 1737001860000, calls: 1
2025-01-16 04:38:46 - INFO - 2025-01-16 04:31:00 status: True, time: 1737001860000, calls: 2
2025-01-16 04:38:46 - INFO - Duplicate timestamp detected. Stopping fetch.
2025-01-16 04:38:46 - INFO - before dropping :1
2025-01-16 04:38:46 - INFO - Empty DataFrame
Columns: [opentime, openprice, highprice, lowprice, closeprice]
Index: []
2025-01-16 04:38:46 - INFO - No new data to append.
2025-01-16 04:39:46 - INFO - Last opentime in CSV: 2025-01-16 04:00:00
2025-01-16 04:39:46 - INFO - CSV length before appending: 297
2025-01-16 04:39:46 - INFO - Rounded timestamp: 2025-01-16 04:30:00, Last opentime in CSV: 2025-01-16 04:00:00
2025-01-16 04:39:46 - INFO - 2025-01-16 04:31:00 status: True, time: 1737001860000, calls: 1
2025-01-16 04:39:46 - INFO - 2025-01-16 04:31:00 status: True, time: 1737001860000, calls: 2
2025-01-16 04:39:46 - INFO - Duplicate timestamp detected. Stopping fetch.
2025-01-16 04:39:46 - INFO - before dropping :1
2025-01-16 04:39:46 - INFO - Empty DataFrame
Columns: [opentime, openprice, highprice, lowprice, closeprice]
Index: []
2025-01-16 04:39:46 - INFO - No new data to append.
2025-01-16 04:40:46 - INFO - Last opentime in CSV: 2025-01-16 04:00:00
2025-01-16 04:40:46 - INFO - CSV length before appending: 297
2025-01-16 04:40:46 - INFO - Rounded timestamp: 2025-01-16 04:30:00, Last opentime in CSV: 2025-01-16 04:00:00
2025-01-16 04:40:46 - INFO - 2025-01-16 04:31:00 status: True, time: 1737001860000, calls: 1
2025-01-16 04:40:47 - INFO - 2025-01-16 04:31:00 status: True, time: 1737001860000, calls: 2
2025-01-16 04:40:47 - INFO - Duplicate timestamp detected. Stopping fetch.
2025-01-16 04:40:47 - INFO - before dropping :1
2025-01-16 04:40:47 - INFO - Empty DataFrame
Columns: [opentime, openprice, highprice, lowprice, closeprice]
Index: []
2025-01-16 04:40:47 - INFO - No new data to append.
2025-01-16 04:41:47 - INFO - Last opentime in CSV: 2025-01-16 04:00:00
2025-01-16 04:41:47 - INFO - CSV length before appending: 297
2025-01-16 04:41:47 - INFO - Rounded timestamp: 2025-01-16 04:30:00, Last opentime in CSV: 2025-01-16 04:00:00
2025-01-16 04:41:47 - INFO - 2025-01-16 04:31:00 status: True, time: 1737001860000, calls: 1
2025-01-16 04:41:47 - INFO - 2025-01-16 04:31:00 status: True, time: 1737001860000, calls: 2
2025-01-16 04:41:47 - INFO - Duplicate timestamp detected. Stopping fetch.
2025-01-16 04:41:47 - INFO - before dropping :1
2025-01-16 04:41:47 - INFO - Empty DataFrame
Columns: [opentime, openprice, highprice, lowprice, closeprice]
Index: []
2025-01-16 04:41:47 - INFO - No new data to append.
2025-01-16 04:42:47 - INFO - Last opentime in CSV: 2025-01-16 04:00:00
2025-01-16 04:42:47 - INFO - CSV length before appending: 297
2025-01-16 04:42:47 - INFO - Rounded timestamp: 2025-01-16 04:30:00, Last opentime in CSV: 2025-01-16 04:00:00
2025-01-16 04:42:47 - INFO - 2025-01-16 04:31:00 status: True, time: 1737001860000, calls: 1
2025-01-16 04:42:47 - INFO - 2025-01-16 04:31:00 status: True, time: 1737001860000, calls: 2
2025-01-16 04:42:47 - INFO - Duplicate timestamp detected. Stopping fetch.
2025-01-16 04:42:47 - INFO - before dropping :1
2025-01-16 04:42:47 - INFO - Empty DataFrame
Columns: [opentime, openprice, highprice, lowprice, closeprice]
Index: []
2025-01-16 04:42:47 - INFO - No new data to append.
2025-01-16 04:43:47 - INFO - Last opentime in CSV: 2025-01-16 04:00:00
2025-01-16 04:43:47 - INFO - CSV length before appending: 297
2025-01-16 04:43:47 - INFO - Rounded timestamp: 2025-01-16 04:30:00, Last opentime in CSV: 2025-01-16 04:00:00
2025-01-16 04:43:47 - INFO - 2025-01-16 04:31:00 status: True, time: 1737001860000, calls: 1
2025-01-16 04:43:47 - INFO - 2025-01-16 04:31:00 status: True, time: 1737001860000, calls: 2
2025-01-16 04:43:47 - INFO - Duplicate timestamp detected. Stopping fetch.
2025-01-16 04:43:47 - INFO - before dropping :1
2025-01-16 04:43:47 - INFO - Empty DataFrame
Columns: [opentime, openprice, highprice, lowprice, closeprice]
Index: []
2025-01-16 04:43:47 - INFO - No new data to append.
2025-01-16 04:44:47 - INFO - Last opentime in CSV: 2025-01-16 04:00:00
2025-01-16 04:44:47 - INFO - CSV length before appending: 297
2025-01-16 04:44:47 - INFO - Rounded timestamp: 2025-01-16 04:30:00, Last opentime in CSV: 2025-01-16 04:00:00
2025-01-16 04:44:47 - INFO - 2025-01-16 04:31:00 status: True, time: 1737001860000, calls: 1
2025-01-16 04:44:48 - INFO - 2025-01-16 04:31:00 status: True, time: 1737001860000, calls: 2
2025-01-16 04:44:48 - INFO - Duplicate timestamp detected. Stopping fetch.
2025-01-16 04:44:48 - INFO - before dropping :1
2025-01-16 04:44:48 - INFO - Empty DataFrame
Columns: [opentime, openprice, highprice, lowprice, closeprice]
Index: []
2025-01-16 04:44:48 - INFO - No new data to append.
2025-01-16 04:45:48 - INFO - Last opentime in CSV: 2025-01-16 04:00:00
2025-01-16 04:45:48 - INFO - CSV length before appending: 297
2025-01-16 04:45:48 - INFO - Rounded timestamp: 2025-01-16 04:30:00, Last opentime in CSV: 2025-01-16 04:00:00
2025-01-16 04:45:48 - INFO - 2025-01-16 04:31:00 status: True, time: 1737001860000, calls: 1
2025-01-16 04:45:48 - INFO - 2025-01-16 04:31:00 status: True, time: 1737001860000, calls: 2
2025-01-16 04:45:48 - INFO - Duplicate timestamp detected. Stopping fetch.
2025-01-16 04:45:48 - INFO - before dropping :1
2025-01-16 04:45:48 - INFO - Empty DataFrame
Columns: [opentime, openprice, highprice, lowprice, closeprice]
Index: []
2025-01-16 04:45:48 - INFO - No new data to append.
2025-01-16 04:46:48 - INFO - Last opentime in CSV: 2025-01-16 04:00:00
2025-01-16 04:46:48 - INFO - CSV length before appending: 297
2025-01-16 04:46:48 - INFO - Rounded timestamp: 2025-01-16 04:30:00, Last opentime in CSV: 2025-01-16 04:00:00
2025-01-16 04:46:48 - INFO - 2025-01-16 04:31:00 status: True, time: 1737001860000, calls: 1
2025-01-16 04:46:48 - INFO - 2025-01-16 04:31:00 status: True, time: 1737001860000, calls: 2
2025-01-16 04:46:48 - INFO - Duplicate timestamp detected. Stopping fetch.
2025-01-16 04:46:48 - INFO - before dropping :1
2025-01-16 04:46:48 - INFO - Empty DataFrame
Columns: [opentime, openprice, highprice, lowprice, closeprice]
Index: []
2025-01-16 04:46:48 - INFO - No new data to append.
2025-01-16 04:47:48 - INFO - Last opentime in CSV: 2025-01-16 04:00:00
2025-01-16 04:47:48 - INFO - CSV length before appending: 297
2025-01-16 04:47:48 - INFO - Rounded timestamp: 2025-01-16 04:30:00, Last opentime in CSV: 2025-01-16 04:00:00
2025-01-16 04:47:48 - INFO - 2025-01-16 04:31:00 status: True, time: 1737001860000, calls: 1
2025-01-16 04:47:49 - INFO - 2025-01-16 04:31:00 status: True, time: 1737001860000, calls: 2
2025-01-16 04:47:49 - INFO - Duplicate timestamp detected. Stopping fetch.
2025-01-16 04:47:49 - INFO - before dropping :1
2025-01-16 04:47:49 - INFO - Empty DataFrame
Columns: [opentime, openprice, highprice, lowprice, closeprice]
Index: []
2025-01-16 04:47:49 - INFO - No new data to append.
2025-01-16 04:48:49 - INFO - Last opentime in CSV: 2025-01-16 04:00:00
2025-01-16 04:48:49 - INFO - CSV length before appending: 297
2025-01-16 04:48:49 - INFO - Rounded timestamp: 2025-01-16 04:30:00, Last opentime in CSV: 2025-01-16 04:00:00
2025-01-16 04:48:49 - INFO - 2025-01-16 04:31:00 status: True, time: 1737001860000, calls: 1
2025-01-16 04:48:49 - INFO - 2025-01-16 04:31:00 status: True, time: 1737001860000, calls: 2
2025-01-16 04:48:49 - INFO - Duplicate timestamp detected. Stopping fetch.
2025-01-16 04:48:49 - INFO - before dropping :1
2025-01-16 04:48:49 - INFO - Empty DataFrame
Columns: [opentime, openprice, highprice, lowprice, closeprice]
Index: []
2025-01-16 04:48:49 - INFO - No new data to append.
2025-01-16 04:49:49 - INFO - Last opentime in CSV: 2025-01-16 04:00:00
2025-01-16 04:49:49 - INFO - CSV length before appending: 297
2025-01-16 04:49:49 - INFO - Rounded timestamp: 2025-01-16 04:30:00, Last opentime in CSV: 2025-01-16 04:00:00
2025-01-16 04:49:49 - INFO - 2025-01-16 04:31:00 status: True, time: 1737001860000, calls: 1
2025-01-16 04:49:49 - INFO - 2025-01-16 04:31:00 status: True, time: 1737001860000, calls: 2
2025-01-16 04:49:49 - INFO - Duplicate timestamp detected. Stopping fetch.
2025-01-16 04:49:49 - INFO - before dropping :1
2025-01-16 04:49:49 - INFO - Empty DataFrame
Columns: [opentime, openprice, highprice, lowprice, closeprice]
Index: []
2025-01-16 04:49:49 - INFO - No new data to append.
2025-01-16 04:50:49 - INFO - Last opentime in CSV: 2025-01-16 04:00:00
2025-01-16 04:50:49 - INFO - CSV length before appending: 297
2025-01-16 04:50:49 - INFO - Rounded timestamp: 2025-01-16 04:30:00, Last opentime in CSV: 2025-01-16 04:00:00
2025-01-16 04:50:49 - INFO - 2025-01-16 04:31:00 status: True, time: 1737001860000, calls: 1
2025-01-16 04:50:50 - INFO - 2025-01-16 04:31:00 status: True, time: 1737001860000, calls: 2
2025-01-16 04:50:50 - INFO - Duplicate timestamp detected. Stopping fetch.
2025-01-16 04:50:50 - INFO - before dropping :1
2025-01-16 04:50:50 - INFO - Empty DataFrame
Columns: [opentime, openprice, highprice, lowprice, closeprice]
Index: []
2025-01-16 04:50:50 - INFO - No new data to append.
2025-01-16 04:51:50 - INFO - Last opentime in CSV: 2025-01-16 04:00:00
2025-01-16 04:51:50 - INFO - CSV length before appending: 297
2025-01-16 04:51:50 - INFO - Rounded timestamp: 2025-01-16 04:30:00, Last opentime in CSV: 2025-01-16 04:00:00
2025-01-16 04:51:50 - INFO - 2025-01-16 04:31:00 status: True, time: 1737001860000, calls: 1
2025-01-16 04:51:50 - INFO - 2025-01-16 04:31:00 status: True, time: 1737001860000, calls: 2
2025-01-16 04:51:50 - INFO - Duplicate timestamp detected. Stopping fetch.
2025-01-16 04:51:50 - INFO - before dropping :1
2025-01-16 04:51:50 - INFO - Empty DataFrame
Columns: [opentime, openprice, highprice, lowprice, closeprice]
Index: []
2025-01-16 04:51:50 - INFO - No new data to append.
2025-01-16 04:52:50 - INFO - Last opentime in CSV: 2025-01-16 04:00:00
2025-01-16 04:52:50 - INFO - CSV length before appending: 297
2025-01-16 04:52:50 - INFO - Rounded timestamp: 2025-01-16 04:30:00, Last opentime in CSV: 2025-01-16 04:00:00
2025-01-16 04:52:50 - INFO - 2025-01-16 04:31:00 status: True, time: 1737001860000, calls: 1
2025-01-16 04:52:50 - INFO - 2025-01-16 04:31:00 status: True, time: 1737001860000, calls: 2
2025-01-16 04:52:50 - INFO - Duplicate timestamp detected. Stopping fetch.
2025-01-16 04:52:50 - INFO - before dropping :1
2025-01-16 04:52:50 - INFO - Empty DataFrame
Columns: [opentime, openprice, highprice, lowprice, closeprice]
Index: []
2025-01-16 04:52:50 - INFO - No new data to append.
2025-01-16 04:53:50 - INFO - Last opentime in CSV: 2025-01-16 04:00:00
2025-01-16 04:53:50 - INFO - CSV length before appending: 297
2025-01-16 04:53:50 - INFO - Rounded timestamp: 2025-01-16 04:30:00, Last opentime in CSV: 2025-01-16 04:00:00
2025-01-16 04:53:50 - INFO - 2025-01-16 04:31:00 status: True, time: 1737001860000, calls: 1
2025-01-16 04:53:50 - INFO - 2025-01-16 04:31:00 status: True, time: 1737001860000, calls: 2
2025-01-16 04:53:50 - INFO - Duplicate timestamp detected. Stopping fetch.
2025-01-16 04:53:50 - INFO - before dropping :1
2025-01-16 04:53:50 - INFO - Empty DataFrame
Columns: [opentime, openprice, highprice, lowprice, closeprice]
Index: []
2025-01-16 04:53:50 - INFO - No new data to append.
2025-01-16 04:54:50 - INFO - Last opentime in CSV: 2025-01-16 04:00:00
2025-01-16 04:54:50 - INFO - CSV length before appending: 297
2025-01-16 04:54:50 - INFO - Rounded timestamp: 2025-01-16 04:30:00, Last opentime in CSV: 2025-01-16 04:00:00
2025-01-16 04:54:51 - INFO - 2025-01-16 04:31:00 status: True, time: 1737001860000, calls: 1
2025-01-16 04:54:51 - INFO - 2025-01-16 04:31:00 status: True, time: 1737001860000, calls: 2
2025-01-16 04:54:51 - INFO - Duplicate timestamp detected. Stopping fetch.
2025-01-16 04:54:51 - INFO - before dropping :1
2025-01-16 04:54:51 - INFO - Empty DataFrame
Columns: [opentime, openprice, highprice, lowprice, closeprice]
Index: []
2025-01-16 04:54:51 - INFO - No new data to append.
2025-01-16 04:55:51 - INFO - Last opentime in CSV: 2025-01-16 04:00:00
2025-01-16 04:55:51 - INFO - CSV length before appending: 297
2025-01-16 04:55:51 - INFO - Rounded timestamp: 2025-01-16 04:30:00, Last opentime in CSV: 2025-01-16 04:00:00
2025-01-16 04:55:51 - INFO - 2025-01-16 04:31:00 status: True, time: 1737001860000, calls: 1
2025-01-16 04:55:51 - INFO - 2025-01-16 04:31:00 status: True, time: 1737001860000, calls: 2
2025-01-16 04:55:51 - INFO - Duplicate timestamp detected. Stopping fetch.
2025-01-16 04:55:51 - INFO - before dropping :1
2025-01-16 04:55:51 - INFO - Empty DataFrame
Columns: [opentime, openprice, highprice, lowprice, closeprice]
Index: []
2025-01-16 04:55:51 - INFO - No new data to append.
2025-01-16 04:56:51 - INFO - Last opentime in CSV: 2025-01-16 04:00:00
2025-01-16 04:56:51 - INFO - CSV length before appending: 297
2025-01-16 04:56:51 - INFO - Rounded timestamp: 2025-01-16 04:30:00, Last opentime in CSV: 2025-01-16 04:00:00
2025-01-16 04:56:51 - INFO - 2025-01-16 04:31:00 status: True, time: 1737001860000, calls: 1
2025-01-16 04:56:51 - INFO - 2025-01-16 04:31:00 status: True, time: 1737001860000, calls: 2
2025-01-16 04:56:51 - INFO - Duplicate timestamp detected. Stopping fetch.
2025-01-16 04:56:51 - INFO - before dropping :1
2025-01-16 04:56:51 - INFO - Empty DataFrame
Columns: [opentime, openprice, highprice, lowprice, closeprice]
Index: []
2025-01-16 04:56:51 - INFO - No new data to append.
2025-01-16 04:57:51 - INFO - Last opentime in CSV: 2025-01-16 04:00:00
2025-01-16 04:57:51 - INFO - CSV length before appending: 297
2025-01-16 04:57:51 - INFO - Rounded timestamp: 2025-01-16 04:30:00, Last opentime in CSV: 2025-01-16 04:00:00
2025-01-16 04:57:51 - INFO - 2025-01-16 04:31:00 status: True, time: 1737001860000, calls: 1
2025-01-16 04:57:51 - INFO - 2025-01-16 04:31:00 status: True, time: 1737001860000, calls: 2
2025-01-16 04:57:51 - INFO - Duplicate timestamp detected. Stopping fetch.
2025-01-16 04:57:52 - INFO - before dropping :1
2025-01-16 04:57:52 - INFO - Empty DataFrame
Columns: [opentime, openprice, highprice, lowprice, closeprice]
Index: []
2025-01-16 04:57:52 - INFO - No new data to append.
