2025-01-16 07:06:56 - INFO - Last opentime in CSV: 2025-01-16 06:00:00
2025-01-16 07:06:56 - INFO - CSV length before appending: 301
2025-01-16 07:06:56 - INFO - Rounded timestamp: 2025-01-16 07:00:00, Last opentime in CSV: 2025-01-16 06:00:00
2025-01-16 07:06:56 - INFO - 2025-01-16 07:01:00 status: True, time: 1737010860000, calls: 1
2025-01-16 07:06:56 - INFO - 2025-01-16 07:01:00 status: True, time: 1737010860000, calls: 2
2025-01-16 07:06:56 - INFO - Duplicate timestamp detected. Stopping fetch.
2025-01-16 07:06:56 - INFO - before dropping :2
2025-01-16 07:06:56 - INFO -         opentime  openprice  highprice  lowprice  closeprice
0  1737009000000     4.6793     4.6884     4.668      4.6767
2025-01-16 07:06:56 - INFO - 1 new rows fetched and appended successfully.
2025-01-16 07:06:56 - INFO - New CSV length after appending: 302
2025-01-16 07:06:56 - INFO - New data:           opentime  openprice  highprice  lowprice  closeprice
301  1737009000000     4.6793     4.6884     4.668      4.6767
2025-01-16 07:06:56 - INFO - New data fetched, processing now.
2025-01-16 07:06:56 - INFO - Last row:           opentime  openprice  ...  SUPERTl_10_3.0  SUPERTs_10_3.0
301  1737009000000     4.6793  ...             NaN        4.792478

[1 rows x 7 columns]
2025-01-16 07:06:56 - INFO - Supertrend indicator applied.
2025-01-16 07:06:56 - INFO - Last row:           opentime  openprice  ...  leading_span_a  leading_span_b
301  1737009000000     4.6793  ...          4.6665             NaN

[1 rows x 9 columns]
2025-01-16 07:06:56 - INFO - Ichimoku cloud indicator applied.
2025-01-16 07:06:56 - INFO - Previous up trend: nan
2025-01-16 07:06:56 - INFO - Current up trend: nan
2025-01-16 07:06:56 - INFO - Trend: unchange
2025-01-16 07:06:56 - INFO - Suggested Action: None
2025-01-16 07:06:56 - INFO - Previous Action: None
2025-01-16 07:06:56 - INFO - Suggested Action: None
2025-01-16 07:06:56 - INFO - No action needed as previous and suggested actions are the same.
2025-01-16 07:07:56 - INFO - Last opentime in CSV: 2025-01-16 06:30:00
2025-01-16 07:07:56 - INFO - CSV length before appending: 302
2025-01-16 07:07:56 - INFO - Rounded timestamp: 2025-01-16 07:00:00, Last opentime in CSV: 2025-01-16 06:30:00
2025-01-16 07:07:57 - INFO - 2025-01-16 07:01:00 status: True, time: 1737010860000, calls: 1
2025-01-16 07:07:57 - INFO - 2025-01-16 07:01:00 status: True, time: 1737010860000, calls: 2
2025-01-16 07:07:57 - INFO - Duplicate timestamp detected. Stopping fetch.
2025-01-16 07:07:57 - INFO - before dropping :1
2025-01-16 07:07:57 - INFO - Empty DataFrame
Columns: [opentime, openprice, highprice, lowprice, closeprice]
Index: []
2025-01-16 07:07:57 - INFO - No new data to append.
2025-01-16 07:08:57 - INFO - Last opentime in CSV: 2025-01-16 06:30:00
2025-01-16 07:08:57 - INFO - CSV length before appending: 302
2025-01-16 07:08:57 - INFO - Rounded timestamp: 2025-01-16 07:00:00, Last opentime in CSV: 2025-01-16 06:30:00
2025-01-16 07:08:57 - INFO - 2025-01-16 07:01:00 status: True, time: 1737010860000, calls: 1
2025-01-16 07:08:57 - INFO - 2025-01-16 07:01:00 status: True, time: 1737010860000, calls: 2
2025-01-16 07:08:57 - INFO - Duplicate timestamp detected. Stopping fetch.
2025-01-16 07:08:57 - INFO - before dropping :1
2025-01-16 07:08:57 - INFO - Empty DataFrame
Columns: [opentime, openprice, highprice, lowprice, closeprice]
Index: []
2025-01-16 07:08:57 - INFO - No new data to append.
2025-01-16 07:09:57 - INFO - Last opentime in CSV: 2025-01-16 06:30:00
2025-01-16 07:09:57 - INFO - CSV length before appending: 302
2025-01-16 07:09:57 - INFO - Rounded timestamp: 2025-01-16 07:00:00, Last opentime in CSV: 2025-01-16 06:30:00
2025-01-16 07:09:57 - INFO - 2025-01-16 07:01:00 status: True, time: 1737010860000, calls: 1
2025-01-16 07:09:57 - INFO - 2025-01-16 07:01:00 status: True, time: 1737010860000, calls: 2
2025-01-16 07:09:57 - INFO - Duplicate timestamp detected. Stopping fetch.
2025-01-16 07:09:57 - INFO - before dropping :1
2025-01-16 07:09:57 - INFO - Empty DataFrame
Columns: [opentime, openprice, highprice, lowprice, closeprice]
Index: []
2025-01-16 07:09:57 - INFO - No new data to append.
2025-01-16 07:10:57 - INFO - Last opentime in CSV: 2025-01-16 06:30:00
2025-01-16 07:10:57 - INFO - CSV length before appending: 302
2025-01-16 07:10:57 - INFO - Rounded timestamp: 2025-01-16 07:00:00, Last opentime in CSV: 2025-01-16 06:30:00
2025-01-16 07:10:57 - INFO - 2025-01-16 07:01:00 status: True, time: 1737010860000, calls: 1
2025-01-16 07:10:57 - INFO - 2025-01-16 07:01:00 status: True, time: 1737010860000, calls: 2
2025-01-16 07:10:57 - INFO - Duplicate timestamp detected. Stopping fetch.
2025-01-16 07:10:57 - INFO - before dropping :1
2025-01-16 07:10:57 - INFO - Empty DataFrame
Columns: [opentime, openprice, highprice, lowprice, closeprice]
Index: []
2025-01-16 07:10:57 - INFO - No new data to append.
2025-01-16 07:11:57 - INFO - Last opentime in CSV: 2025-01-16 06:30:00
2025-01-16 07:11:57 - INFO - CSV length before appending: 302
2025-01-16 07:11:57 - INFO - Rounded timestamp: 2025-01-16 07:00:00, Last opentime in CSV: 2025-01-16 06:30:00
2025-01-16 07:11:57 - INFO - 2025-01-16 07:01:00 status: True, time: 1737010860000, calls: 1
2025-01-16 07:11:57 - INFO - 2025-01-16 07:01:00 status: True, time: 1737010860000, calls: 2
2025-01-16 07:11:57 - INFO - Duplicate timestamp detected. Stopping fetch.
2025-01-16 07:11:57 - INFO - before dropping :1
2025-01-16 07:11:57 - INFO - Empty DataFrame
Columns: [opentime, openprice, highprice, lowprice, closeprice]
Index: []
2025-01-16 07:11:57 - INFO - No new data to append.
2025-01-16 07:12:57 - INFO - Last opentime in CSV: 2025-01-16 06:30:00
2025-01-16 07:12:57 - INFO - CSV length before appending: 302
2025-01-16 07:12:57 - INFO - Rounded timestamp: 2025-01-16 07:00:00, Last opentime in CSV: 2025-01-16 06:30:00
2025-01-16 07:12:58 - INFO - 2025-01-16 07:01:00 status: True, time: 1737010860000, calls: 1
2025-01-16 07:12:58 - INFO - 2025-01-16 07:01:00 status: True, time: 1737010860000, calls: 2
2025-01-16 07:12:58 - INFO - Duplicate timestamp detected. Stopping fetch.
2025-01-16 07:12:58 - INFO - before dropping :1
2025-01-16 07:12:58 - INFO - Empty DataFrame
Columns: [opentime, openprice, highprice, lowprice, closeprice]
Index: []
2025-01-16 07:12:58 - INFO - No new data to append.
2025-01-16 07:13:58 - INFO - Last opentime in CSV: 2025-01-16 06:30:00
2025-01-16 07:13:58 - INFO - CSV length before appending: 302
2025-01-16 07:13:58 - INFO - Rounded timestamp: 2025-01-16 07:00:00, Last opentime in CSV: 2025-01-16 06:30:00
2025-01-16 07:13:58 - INFO - 2025-01-16 07:01:00 status: True, time: 1737010860000, calls: 1
2025-01-16 07:13:58 - INFO - 2025-01-16 07:01:00 status: True, time: 1737010860000, calls: 2
2025-01-16 07:13:58 - INFO - Duplicate timestamp detected. Stopping fetch.
2025-01-16 07:13:58 - INFO - before dropping :1
2025-01-16 07:13:58 - INFO - Empty DataFrame
Columns: [opentime, openprice, highprice, lowprice, closeprice]
Index: []
2025-01-16 07:13:58 - INFO - No new data to append.
2025-01-16 07:14:58 - INFO - Last opentime in CSV: 2025-01-16 06:30:00
2025-01-16 07:14:58 - INFO - CSV length before appending: 302
2025-01-16 07:14:58 - INFO - Rounded timestamp: 2025-01-16 07:00:00, Last opentime in CSV: 2025-01-16 06:30:00
2025-01-16 07:14:58 - INFO - 2025-01-16 07:01:00 status: True, time: 1737010860000, calls: 1
2025-01-16 07:14:58 - INFO - 2025-01-16 07:01:00 status: True, time: 1737010860000, calls: 2
2025-01-16 07:14:58 - INFO - Duplicate timestamp detected. Stopping fetch.
2025-01-16 07:14:58 - INFO - before dropping :1
2025-01-16 07:14:58 - INFO - Empty DataFrame
Columns: [opentime, openprice, highprice, lowprice, closeprice]
Index: []
2025-01-16 07:14:58 - INFO - No new data to append.
2025-01-16 07:15:58 - INFO - Last opentime in CSV: 2025-01-16 06:30:00
2025-01-16 07:15:58 - INFO - CSV length before appending: 302
2025-01-16 07:15:58 - INFO - Rounded timestamp: 2025-01-16 07:00:00, Last opentime in CSV: 2025-01-16 06:30:00
2025-01-16 07:15:58 - INFO - 2025-01-16 07:01:00 status: True, time: 1737010860000, calls: 1
2025-01-16 07:15:58 - INFO - 2025-01-16 07:01:00 status: True, time: 1737010860000, calls: 2
2025-01-16 07:15:58 - INFO - Duplicate timestamp detected. Stopping fetch.
2025-01-16 07:15:58 - INFO - before dropping :1
2025-01-16 07:15:58 - INFO - Empty DataFrame
Columns: [opentime, openprice, highprice, lowprice, closeprice]
Index: []
2025-01-16 07:15:58 - INFO - No new data to append.
2025-01-16 07:16:58 - INFO - Last opentime in CSV: 2025-01-16 06:30:00
2025-01-16 07:16:58 - INFO - CSV length before appending: 302
2025-01-16 07:16:58 - INFO - Rounded timestamp: 2025-01-16 07:00:00, Last opentime in CSV: 2025-01-16 06:30:00
2025-01-16 07:16:58 - INFO - 2025-01-16 07:01:00 status: True, time: 1737010860000, calls: 1
2025-01-16 07:16:59 - INFO - 2025-01-16 07:01:00 status: True, time: 1737010860000, calls: 2
2025-01-16 07:16:59 - INFO - Duplicate timestamp detected. Stopping fetch.
2025-01-16 07:16:59 - INFO - before dropping :1
2025-01-16 07:16:59 - INFO - Empty DataFrame
Columns: [opentime, openprice, highprice, lowprice, closeprice]
Index: []
2025-01-16 07:16:59 - INFO - No new data to append.
2025-01-16 07:17:59 - INFO - Last opentime in CSV: 2025-01-16 06:30:00
2025-01-16 07:17:59 - INFO - CSV length before appending: 302
2025-01-16 07:17:59 - INFO - Rounded timestamp: 2025-01-16 07:00:00, Last opentime in CSV: 2025-01-16 06:30:00
2025-01-16 07:17:59 - INFO - 2025-01-16 07:01:00 status: True, time: 1737010860000, calls: 1
2025-01-16 07:17:59 - INFO - 2025-01-16 07:01:00 status: True, time: 1737010860000, calls: 2
2025-01-16 07:17:59 - INFO - Duplicate timestamp detected. Stopping fetch.
2025-01-16 07:17:59 - INFO - before dropping :1
2025-01-16 07:17:59 - INFO - Empty DataFrame
Columns: [opentime, openprice, highprice, lowprice, closeprice]
Index: []
2025-01-16 07:17:59 - INFO - No new data to append.
2025-01-16 07:18:59 - INFO - Last opentime in CSV: 2025-01-16 06:30:00
2025-01-16 07:18:59 - INFO - CSV length before appending: 302
2025-01-16 07:18:59 - INFO - Rounded timestamp: 2025-01-16 07:00:00, Last opentime in CSV: 2025-01-16 06:30:00
2025-01-16 07:18:59 - INFO - 2025-01-16 07:01:00 status: True, time: 1737010860000, calls: 1
2025-01-16 07:18:59 - INFO - 2025-01-16 07:01:00 status: True, time: 1737010860000, calls: 2
2025-01-16 07:18:59 - INFO - Duplicate timestamp detected. Stopping fetch.
2025-01-16 07:18:59 - INFO - before dropping :1
2025-01-16 07:18:59 - INFO - Empty DataFrame
Columns: [opentime, openprice, highprice, lowprice, closeprice]
Index: []
2025-01-16 07:18:59 - INFO - No new data to append.
2025-01-16 07:19:59 - INFO - Last opentime in CSV: 2025-01-16 06:30:00
2025-01-16 07:19:59 - INFO - CSV length before appending: 302
2025-01-16 07:19:59 - INFO - Rounded timestamp: 2025-01-16 07:00:00, Last opentime in CSV: 2025-01-16 06:30:00
2025-01-16 07:19:59 - INFO - 2025-01-16 07:01:00 status: True, time: 1737010860000, calls: 1
2025-01-16 07:19:59 - INFO - 2025-01-16 07:01:00 status: True, time: 1737010860000, calls: 2
2025-01-16 07:19:59 - INFO - Duplicate timestamp detected. Stopping fetch.
2025-01-16 07:19:59 - INFO - before dropping :1
2025-01-16 07:19:59 - INFO - Empty DataFrame
Columns: [opentime, openprice, highprice, lowprice, closeprice]
Index: []
2025-01-16 07:19:59 - INFO - No new data to append.
2025-01-16 07:20:59 - INFO - Last opentime in CSV: 2025-01-16 06:30:00
2025-01-16 07:20:59 - INFO - CSV length before appending: 302
2025-01-16 07:20:59 - INFO - Rounded timestamp: 2025-01-16 07:00:00, Last opentime in CSV: 2025-01-16 06:30:00
2025-01-16 07:20:59 - INFO - 2025-01-16 07:01:00 status: True, time: 1737010860000, calls: 1
2025-01-16 07:21:00 - INFO - 2025-01-16 07:01:00 status: True, time: 1737010860000, calls: 2
2025-01-16 07:21:00 - INFO - Duplicate timestamp detected. Stopping fetch.
2025-01-16 07:21:00 - INFO - before dropping :1
2025-01-16 07:21:00 - INFO - Empty DataFrame
Columns: [opentime, openprice, highprice, lowprice, closeprice]
Index: []
2025-01-16 07:21:00 - INFO - No new data to append.
2025-01-16 07:22:00 - INFO - Last opentime in CSV: 2025-01-16 06:30:00
2025-01-16 07:22:00 - INFO - CSV length before appending: 302
2025-01-16 07:22:00 - INFO - Rounded timestamp: 2025-01-16 07:00:00, Last opentime in CSV: 2025-01-16 06:30:00
2025-01-16 07:22:00 - INFO - 2025-01-16 07:01:00 status: True, time: 1737010860000, calls: 1
2025-01-16 07:22:00 - INFO - 2025-01-16 07:01:00 status: True, time: 1737010860000, calls: 2
2025-01-16 07:22:00 - INFO - Duplicate timestamp detected. Stopping fetch.
2025-01-16 07:22:00 - INFO - before dropping :1
2025-01-16 07:22:00 - INFO - Empty DataFrame
Columns: [opentime, openprice, highprice, lowprice, closeprice]
Index: []
2025-01-16 07:22:00 - INFO - No new data to append.
2025-01-16 07:23:00 - INFO - Last opentime in CSV: 2025-01-16 06:30:00
2025-01-16 07:23:00 - INFO - CSV length before appending: 302
2025-01-16 07:23:00 - INFO - Rounded timestamp: 2025-01-16 07:00:00, Last opentime in CSV: 2025-01-16 06:30:00
2025-01-16 07:23:00 - INFO - 2025-01-16 07:01:00 status: True, time: 1737010860000, calls: 1
2025-01-16 07:23:00 - INFO - 2025-01-16 07:01:00 status: True, time: 1737010860000, calls: 2
2025-01-16 07:23:00 - INFO - Duplicate timestamp detected. Stopping fetch.
2025-01-16 07:23:00 - INFO - before dropping :1
2025-01-16 07:23:00 - INFO - Empty DataFrame
Columns: [opentime, openprice, highprice, lowprice, closeprice]
Index: []
2025-01-16 07:23:00 - INFO - No new data to append.
2025-01-16 07:24:00 - INFO - Last opentime in CSV: 2025-01-16 06:30:00
2025-01-16 07:24:00 - INFO - CSV length before appending: 302
2025-01-16 07:24:00 - INFO - Rounded timestamp: 2025-01-16 07:00:00, Last opentime in CSV: 2025-01-16 06:30:00
2025-01-16 07:24:00 - INFO - 2025-01-16 07:01:00 status: True, time: 1737010860000, calls: 1
2025-01-16 07:24:00 - INFO - 2025-01-16 07:01:00 status: True, time: 1737010860000, calls: 2
2025-01-16 07:24:00 - INFO - Duplicate timestamp detected. Stopping fetch.
2025-01-16 07:24:00 - INFO - before dropping :1
2025-01-16 07:24:00 - INFO - Empty DataFrame
Columns: [opentime, openprice, highprice, lowprice, closeprice]
Index: []
2025-01-16 07:24:00 - INFO - No new data to append.
2025-01-16 07:25:00 - INFO - Last opentime in CSV: 2025-01-16 06:30:00
2025-01-16 07:25:00 - INFO - CSV length before appending: 302
2025-01-16 07:25:00 - INFO - Rounded timestamp: 2025-01-16 07:00:00, Last opentime in CSV: 2025-01-16 06:30:00
2025-01-16 07:25:00 - INFO - 2025-01-16 07:01:00 status: True, time: 1737010860000, calls: 1
2025-01-16 07:25:01 - INFO - 2025-01-16 07:01:00 status: True, time: 1737010860000, calls: 2
2025-01-16 07:25:01 - INFO - Duplicate timestamp detected. Stopping fetch.
2025-01-16 07:25:01 - INFO - before dropping :1
2025-01-16 07:25:01 - INFO - Empty DataFrame
Columns: [opentime, openprice, highprice, lowprice, closeprice]
Index: []
2025-01-16 07:25:01 - INFO - No new data to append.
2025-01-16 07:26:01 - INFO - Last opentime in CSV: 2025-01-16 06:30:00
2025-01-16 07:26:01 - INFO - CSV length before appending: 302
2025-01-16 07:26:01 - INFO - Rounded timestamp: 2025-01-16 07:00:00, Last opentime in CSV: 2025-01-16 06:30:00
2025-01-16 07:26:01 - INFO - 2025-01-16 07:01:00 status: True, time: 1737010860000, calls: 1
2025-01-16 07:26:01 - INFO - 2025-01-16 07:01:00 status: True, time: 1737010860000, calls: 2
2025-01-16 07:26:01 - INFO - Duplicate timestamp detected. Stopping fetch.
2025-01-16 07:26:01 - INFO - before dropping :1
2025-01-16 07:26:01 - INFO - Empty DataFrame
Columns: [opentime, openprice, highprice, lowprice, closeprice]
Index: []
2025-01-16 07:26:01 - INFO - No new data to append.
2025-01-16 07:27:01 - INFO - Last opentime in CSV: 2025-01-16 06:30:00
2025-01-16 07:27:01 - INFO - CSV length before appending: 302
2025-01-16 07:27:01 - INFO - Rounded timestamp: 2025-01-16 07:00:00, Last opentime in CSV: 2025-01-16 06:30:00
2025-01-16 07:27:01 - INFO - 2025-01-16 07:01:00 status: True, time: 1737010860000, calls: 1
2025-01-16 07:27:01 - INFO - 2025-01-16 07:01:00 status: True, time: 1737010860000, calls: 2
2025-01-16 07:27:01 - INFO - Duplicate timestamp detected. Stopping fetch.
2025-01-16 07:27:01 - INFO - before dropping :1
2025-01-16 07:27:01 - INFO - Empty DataFrame
Columns: [opentime, openprice, highprice, lowprice, closeprice]
Index: []
2025-01-16 07:27:01 - INFO - No new data to append.
2025-01-16 07:28:01 - INFO - Last opentime in CSV: 2025-01-16 06:30:00
2025-01-16 07:28:01 - INFO - CSV length before appending: 302
2025-01-16 07:28:01 - INFO - Rounded timestamp: 2025-01-16 07:00:00, Last opentime in CSV: 2025-01-16 06:30:00
2025-01-16 07:28:01 - INFO - 2025-01-16 07:01:00 status: True, time: 1737010860000, calls: 1
2025-01-16 07:28:01 - INFO - 2025-01-16 07:01:00 status: True, time: 1737010860000, calls: 2
2025-01-16 07:28:01 - INFO - Duplicate timestamp detected. Stopping fetch.
2025-01-16 07:28:01 - INFO - before dropping :1
2025-01-16 07:28:01 - INFO - Empty DataFrame
Columns: [opentime, openprice, highprice, lowprice, closeprice]
Index: []
2025-01-16 07:28:01 - INFO - No new data to append.
2025-01-16 07:29:01 - INFO - Last opentime in CSV: 2025-01-16 06:30:00
2025-01-16 07:29:01 - INFO - CSV length before appending: 302
2025-01-16 07:29:01 - INFO - Rounded timestamp: 2025-01-16 07:00:00, Last opentime in CSV: 2025-01-16 06:30:00
2025-01-16 07:29:02 - INFO - 2025-01-16 07:01:00 status: True, time: 1737010860000, calls: 1
2025-01-16 07:29:02 - INFO - 2025-01-16 07:01:00 status: True, time: 1737010860000, calls: 2
2025-01-16 07:29:02 - INFO - Duplicate timestamp detected. Stopping fetch.
2025-01-16 07:29:02 - INFO - before dropping :1
2025-01-16 07:29:02 - INFO - Empty DataFrame
Columns: [opentime, openprice, highprice, lowprice, closeprice]
Index: []
2025-01-16 07:29:02 - INFO - No new data to append.
2025-01-16 07:30:02 - INFO - Last opentime in CSV: 2025-01-16 06:30:00
2025-01-16 07:30:02 - INFO - CSV length before appending: 302
2025-01-16 07:30:02 - INFO - Rounded timestamp: 2025-01-16 07:30:00, Last opentime in CSV: 2025-01-16 06:30:00
2025-01-16 07:30:02 - INFO - Reached endtime at 2025-01-16 07:31:00. Stopping fetch.
2025-01-16 07:30:02 - INFO - before dropping :2
2025-01-16 07:30:02 - INFO -         opentime  openprice  highprice  lowprice  closeprice
0  1737010800000     4.6767     4.6835     4.651      4.6566
2025-01-16 07:30:02 - INFO - 1 new rows fetched and appended successfully.
2025-01-16 07:30:02 - INFO - New CSV length after appending: 303
2025-01-16 07:30:02 - INFO - New data:           opentime  openprice  highprice  lowprice  closeprice
302  1737010800000     4.6767     4.6835     4.651      4.6566
2025-01-16 07:30:02 - INFO - New data fetched, processing now.
2025-01-16 07:30:02 - INFO - Last row:           opentime  openprice  ...  SUPERTl_10_3.0  SUPERTs_10_3.0
302  1737010800000     4.6767  ...             NaN        4.791485

[1 rows x 7 columns]
2025-01-16 07:30:02 - INFO - Supertrend indicator applied.
2025-01-16 07:30:02 - INFO - Last row:           opentime  openprice  ...  leading_span_a  leading_span_b
302  1737010800000     4.6767  ...        4.700775             NaN

[1 rows x 9 columns]
2025-01-16 07:30:02 - INFO - Ichimoku cloud indicator applied.
2025-01-16 07:30:02 - INFO - Previous up trend: nan
2025-01-16 07:30:02 - INFO - Current up trend: nan
2025-01-16 07:30:02 - INFO - Trend: unchange
2025-01-16 07:30:02 - INFO - Suggested Action: Short
2025-01-16 07:30:02 - INFO - Previous Action: (None, None)
2025-01-16 07:30:02 - INFO - Suggested Action: Short
2025-01-16 07:30:02 - INFO - Current SUIUSDT Mark Price: 4.6575
2025-01-16 07:30:02 - INFO - Expected SUIUSDT Amount: 107
2025-01-16 07:30:02 - INFO - Current Opened SUIUSDT Amount: 0.0
2025-01-16 07:30:02 - INFO - at: 2025-01-16 07:00:00 - No action taken
2025-01-16 07:31:02 - INFO - Last opentime in CSV: 2025-01-16 07:00:00
2025-01-16 07:31:02 - INFO - CSV length before appending: 303
2025-01-16 07:31:02 - INFO - Rounded timestamp: 2025-01-16 07:30:00, Last opentime in CSV: 2025-01-16 07:00:00
2025-01-16 07:31:02 - INFO - 2025-01-16 07:31:00 status: True, time: 1737012660000, calls: 1
2025-01-16 07:31:02 - INFO - 2025-01-16 07:31:00 status: True, time: 1737012660000, calls: 2
2025-01-16 07:31:02 - INFO - Duplicate timestamp detected. Stopping fetch.
2025-01-16 07:31:02 - INFO - before dropping :1
2025-01-16 07:31:02 - INFO - Empty DataFrame
Columns: [opentime, openprice, highprice, lowprice, closeprice]
Index: []
2025-01-16 07:31:02 - INFO - No new data to append.
2025-01-16 07:32:02 - INFO - Last opentime in CSV: 2025-01-16 07:00:00
2025-01-16 07:32:02 - INFO - CSV length before appending: 303
2025-01-16 07:32:02 - INFO - Rounded timestamp: 2025-01-16 07:30:00, Last opentime in CSV: 2025-01-16 07:00:00
2025-01-16 07:32:03 - INFO - 2025-01-16 07:31:00 status: True, time: 1737012660000, calls: 1
2025-01-16 07:32:03 - INFO - 2025-01-16 07:31:00 status: True, time: 1737012660000, calls: 2
2025-01-16 07:32:03 - INFO - Duplicate timestamp detected. Stopping fetch.
2025-01-16 07:32:03 - INFO - before dropping :1
2025-01-16 07:32:03 - INFO - Empty DataFrame
Columns: [opentime, openprice, highprice, lowprice, closeprice]
Index: []
2025-01-16 07:32:03 - INFO - No new data to append.
2025-01-16 07:33:03 - INFO - Last opentime in CSV: 2025-01-16 07:00:00
2025-01-16 07:33:03 - INFO - CSV length before appending: 303
2025-01-16 07:33:03 - INFO - Rounded timestamp: 2025-01-16 07:30:00, Last opentime in CSV: 2025-01-16 07:00:00
2025-01-16 07:33:03 - INFO - 2025-01-16 07:31:00 status: True, time: 1737012660000, calls: 1
2025-01-16 07:33:03 - INFO - 2025-01-16 07:31:00 status: True, time: 1737012660000, calls: 2
2025-01-16 07:33:03 - INFO - Duplicate timestamp detected. Stopping fetch.
2025-01-16 07:33:03 - INFO - before dropping :1
2025-01-16 07:33:03 - INFO - Empty DataFrame
Columns: [opentime, openprice, highprice, lowprice, closeprice]
Index: []
2025-01-16 07:33:03 - INFO - No new data to append.
2025-01-16 07:34:03 - INFO - Last opentime in CSV: 2025-01-16 07:00:00
2025-01-16 07:34:03 - INFO - CSV length before appending: 303
2025-01-16 07:34:03 - INFO - Rounded timestamp: 2025-01-16 07:30:00, Last opentime in CSV: 2025-01-16 07:00:00
2025-01-16 07:34:03 - INFO - 2025-01-16 07:31:00 status: True, time: 1737012660000, calls: 1
2025-01-16 07:34:03 - INFO - 2025-01-16 07:31:00 status: True, time: 1737012660000, calls: 2
2025-01-16 07:34:03 - INFO - Duplicate timestamp detected. Stopping fetch.
2025-01-16 07:34:03 - INFO - before dropping :1
2025-01-16 07:34:03 - INFO - Empty DataFrame
Columns: [opentime, openprice, highprice, lowprice, closeprice]
Index: []
2025-01-16 07:34:03 - INFO - No new data to append.
2025-01-16 07:35:03 - INFO - Last opentime in CSV: 2025-01-16 07:00:00
2025-01-16 07:35:03 - INFO - CSV length before appending: 303
2025-01-16 07:35:03 - INFO - Rounded timestamp: 2025-01-16 07:30:00, Last opentime in CSV: 2025-01-16 07:00:00
2025-01-16 07:35:03 - INFO - 2025-01-16 07:31:00 status: True, time: 1737012660000, calls: 1
2025-01-16 07:35:03 - INFO - 2025-01-16 07:31:00 status: True, time: 1737012660000, calls: 2
2025-01-16 07:35:03 - INFO - Duplicate timestamp detected. Stopping fetch.
2025-01-16 07:35:03 - INFO - before dropping :1
2025-01-16 07:35:03 - INFO - Empty DataFrame
Columns: [opentime, openprice, highprice, lowprice, closeprice]
Index: []
2025-01-16 07:35:03 - INFO - No new data to append.
2025-01-16 07:36:03 - INFO - Last opentime in CSV: 2025-01-16 07:00:00
2025-01-16 07:36:03 - INFO - CSV length before appending: 303
2025-01-16 07:36:03 - INFO - Rounded timestamp: 2025-01-16 07:30:00, Last opentime in CSV: 2025-01-16 07:00:00
2025-01-16 07:36:03 - INFO - 2025-01-16 07:31:00 status: True, time: 1737012660000, calls: 1
2025-01-16 07:36:03 - INFO - 2025-01-16 07:31:00 status: True, time: 1737012660000, calls: 2
2025-01-16 07:36:03 - INFO - Duplicate timestamp detected. Stopping fetch.
2025-01-16 07:36:04 - INFO - before dropping :1
2025-01-16 07:36:04 - INFO - Empty DataFrame
Columns: [opentime, openprice, highprice, lowprice, closeprice]
Index: []
2025-01-16 07:36:04 - INFO - No new data to append.
2025-01-16 07:37:04 - INFO - Last opentime in CSV: 2025-01-16 07:00:00
2025-01-16 07:37:04 - INFO - CSV length before appending: 303
2025-01-16 07:37:04 - INFO - Rounded timestamp: 2025-01-16 07:30:00, Last opentime in CSV: 2025-01-16 07:00:00
2025-01-16 07:37:04 - INFO - 2025-01-16 07:31:00 status: True, time: 1737012660000, calls: 1
2025-01-16 07:37:04 - INFO - 2025-01-16 07:31:00 status: True, time: 1737012660000, calls: 2
2025-01-16 07:37:04 - INFO - Duplicate timestamp detected. Stopping fetch.
2025-01-16 07:37:04 - INFO - before dropping :1
2025-01-16 07:37:04 - INFO - Empty DataFrame
Columns: [opentime, openprice, highprice, lowprice, closeprice]
Index: []
2025-01-16 07:37:04 - INFO - No new data to append.
2025-01-16 07:38:04 - INFO - Last opentime in CSV: 2025-01-16 07:00:00
2025-01-16 07:38:04 - INFO - CSV length before appending: 303
2025-01-16 07:38:04 - INFO - Rounded timestamp: 2025-01-16 07:30:00, Last opentime in CSV: 2025-01-16 07:00:00
2025-01-16 07:38:04 - INFO - 2025-01-16 07:31:00 status: True, time: 1737012660000, calls: 1
2025-01-16 07:38:04 - INFO - 2025-01-16 07:31:00 status: True, time: 1737012660000, calls: 2
2025-01-16 07:38:04 - INFO - Duplicate timestamp detected. Stopping fetch.
2025-01-16 07:38:04 - INFO - before dropping :1
2025-01-16 07:38:04 - INFO - Empty DataFrame
Columns: [opentime, openprice, highprice, lowprice, closeprice]
Index: []
2025-01-16 07:38:04 - INFO - No new data to append.
2025-01-16 07:39:04 - INFO - Last opentime in CSV: 2025-01-16 07:00:00
2025-01-16 07:39:04 - INFO - CSV length before appending: 303
2025-01-16 07:39:04 - INFO - Rounded timestamp: 2025-01-16 07:30:00, Last opentime in CSV: 2025-01-16 07:00:00
2025-01-16 07:39:04 - INFO - 2025-01-16 07:31:00 status: True, time: 1737012660000, calls: 1
2025-01-16 07:39:04 - INFO - 2025-01-16 07:31:00 status: True, time: 1737012660000, calls: 2
2025-01-16 07:39:04 - INFO - Duplicate timestamp detected. Stopping fetch.
2025-01-16 07:39:04 - INFO - before dropping :1
2025-01-16 07:39:04 - INFO - Empty DataFrame
Columns: [opentime, openprice, highprice, lowprice, closeprice]
Index: []
2025-01-16 07:39:04 - INFO - No new data to append.
2025-01-16 07:40:04 - INFO - Last opentime in CSV: 2025-01-16 07:00:00
2025-01-16 07:40:04 - INFO - CSV length before appending: 303
2025-01-16 07:40:04 - INFO - Rounded timestamp: 2025-01-16 07:30:00, Last opentime in CSV: 2025-01-16 07:00:00
2025-01-16 07:40:04 - INFO - 2025-01-16 07:31:00 status: True, time: 1737012660000, calls: 1
2025-01-16 07:40:04 - INFO - 2025-01-16 07:31:00 status: True, time: 1737012660000, calls: 2
2025-01-16 07:40:04 - INFO - Duplicate timestamp detected. Stopping fetch.
2025-01-16 07:40:04 - INFO - before dropping :1
2025-01-16 07:40:04 - INFO - Empty DataFrame
Columns: [opentime, openprice, highprice, lowprice, closeprice]
Index: []
2025-01-16 07:40:04 - INFO - No new data to append.
2025-01-16 07:41:04 - INFO - Last opentime in CSV: 2025-01-16 07:00:00
2025-01-16 07:41:04 - INFO - CSV length before appending: 303
2025-01-16 07:41:04 - INFO - Rounded timestamp: 2025-01-16 07:30:00, Last opentime in CSV: 2025-01-16 07:00:00
2025-01-16 07:41:04 - INFO - 2025-01-16 07:31:00 status: True, time: 1737012660000, calls: 1
2025-01-16 07:41:05 - INFO - 2025-01-16 07:31:00 status: True, time: 1737012660000, calls: 2
2025-01-16 07:41:05 - INFO - Duplicate timestamp detected. Stopping fetch.
2025-01-16 07:41:05 - INFO - before dropping :1
2025-01-16 07:41:05 - INFO - Empty DataFrame
Columns: [opentime, openprice, highprice, lowprice, closeprice]
Index: []
2025-01-16 07:41:05 - INFO - No new data to append.
2025-01-16 07:42:05 - INFO - Last opentime in CSV: 2025-01-16 07:00:00
2025-01-16 07:42:05 - INFO - CSV length before appending: 303
2025-01-16 07:42:05 - INFO - Rounded timestamp: 2025-01-16 07:30:00, Last opentime in CSV: 2025-01-16 07:00:00
2025-01-16 07:42:05 - INFO - 2025-01-16 07:31:00 status: True, time: 1737012660000, calls: 1
2025-01-16 07:42:05 - INFO - 2025-01-16 07:31:00 status: True, time: 1737012660000, calls: 2
2025-01-16 07:42:05 - INFO - Duplicate timestamp detected. Stopping fetch.
2025-01-16 07:42:05 - INFO - before dropping :1
2025-01-16 07:42:05 - INFO - Empty DataFrame
Columns: [opentime, openprice, highprice, lowprice, closeprice]
Index: []
2025-01-16 07:42:05 - INFO - No new data to append.
2025-01-16 07:43:05 - INFO - Last opentime in CSV: 2025-01-16 07:00:00
2025-01-16 07:43:05 - INFO - CSV length before appending: 303
2025-01-16 07:43:05 - INFO - Rounded timestamp: 2025-01-16 07:30:00, Last opentime in CSV: 2025-01-16 07:00:00
2025-01-16 07:43:05 - INFO - 2025-01-16 07:31:00 status: True, time: 1737012660000, calls: 1
2025-01-16 07:43:05 - INFO - 2025-01-16 07:31:00 status: True, time: 1737012660000, calls: 2
2025-01-16 07:43:05 - INFO - Duplicate timestamp detected. Stopping fetch.
2025-01-16 07:43:05 - INFO - before dropping :1
2025-01-16 07:43:05 - INFO - Empty DataFrame
Columns: [opentime, openprice, highprice, lowprice, closeprice]
Index: []
2025-01-16 07:43:05 - INFO - No new data to append.
2025-01-16 07:44:05 - INFO - Last opentime in CSV: 2025-01-16 07:00:00
2025-01-16 07:44:05 - INFO - CSV length before appending: 303
2025-01-16 07:44:05 - INFO - Rounded timestamp: 2025-01-16 07:30:00, Last opentime in CSV: 2025-01-16 07:00:00
2025-01-16 07:44:05 - INFO - 2025-01-16 07:31:00 status: True, time: 1737012660000, calls: 1
2025-01-16 07:44:05 - INFO - 2025-01-16 07:31:00 status: True, time: 1737012660000, calls: 2
2025-01-16 07:44:05 - INFO - Duplicate timestamp detected. Stopping fetch.
2025-01-16 07:44:05 - INFO - before dropping :1
2025-01-16 07:44:05 - INFO - Empty DataFrame
Columns: [opentime, openprice, highprice, lowprice, closeprice]
Index: []
2025-01-16 07:44:05 - INFO - No new data to append.
2025-01-16 07:45:05 - INFO - Last opentime in CSV: 2025-01-16 07:00:00
2025-01-16 07:45:05 - INFO - CSV length before appending: 303
2025-01-16 07:45:05 - INFO - Rounded timestamp: 2025-01-16 07:30:00, Last opentime in CSV: 2025-01-16 07:00:00
2025-01-16 07:45:05 - INFO - 2025-01-16 07:31:00 status: True, time: 1737012660000, calls: 1
2025-01-16 07:45:05 - INFO - 2025-01-16 07:31:00 status: True, time: 1737012660000, calls: 2
2025-01-16 07:45:05 - INFO - Duplicate timestamp detected. Stopping fetch.
2025-01-16 07:45:05 - INFO - before dropping :1
2025-01-16 07:45:05 - INFO - Empty DataFrame
Columns: [opentime, openprice, highprice, lowprice, closeprice]
Index: []
2025-01-16 07:45:05 - INFO - No new data to append.
2025-01-16 07:46:05 - INFO - Last opentime in CSV: 2025-01-16 07:00:00
2025-01-16 07:46:05 - INFO - CSV length before appending: 303
2025-01-16 07:46:05 - INFO - Rounded timestamp: 2025-01-16 07:30:00, Last opentime in CSV: 2025-01-16 07:00:00
2025-01-16 07:46:06 - INFO - 2025-01-16 07:31:00 status: True, time: 1737012660000, calls: 1
2025-01-16 07:46:06 - INFO - 2025-01-16 07:31:00 status: True, time: 1737012660000, calls: 2
2025-01-16 07:46:06 - INFO - Duplicate timestamp detected. Stopping fetch.
2025-01-16 07:46:06 - INFO - before dropping :1
2025-01-16 07:46:06 - INFO - Empty DataFrame
Columns: [opentime, openprice, highprice, lowprice, closeprice]
Index: []
2025-01-16 07:46:06 - INFO - No new data to append.
2025-01-16 07:47:06 - INFO - Last opentime in CSV: 2025-01-16 07:00:00
2025-01-16 07:47:06 - INFO - CSV length before appending: 303
2025-01-16 07:47:06 - INFO - Rounded timestamp: 2025-01-16 07:30:00, Last opentime in CSV: 2025-01-16 07:00:00
2025-01-16 07:47:06 - INFO - 2025-01-16 07:31:00 status: True, time: 1737012660000, calls: 1
2025-01-16 07:47:06 - INFO - 2025-01-16 07:31:00 status: True, time: 1737012660000, calls: 2
2025-01-16 07:47:06 - INFO - Duplicate timestamp detected. Stopping fetch.
2025-01-16 07:47:06 - INFO - before dropping :1
2025-01-16 07:47:06 - INFO - Empty DataFrame
Columns: [opentime, openprice, highprice, lowprice, closeprice]
Index: []
2025-01-16 07:47:06 - INFO - No new data to append.
2025-01-16 07:48:06 - INFO - Last opentime in CSV: 2025-01-16 07:00:00
2025-01-16 07:48:06 - INFO - CSV length before appending: 303
2025-01-16 07:48:06 - INFO - Rounded timestamp: 2025-01-16 07:30:00, Last opentime in CSV: 2025-01-16 07:00:00
2025-01-16 07:48:06 - INFO - 2025-01-16 07:31:00 status: True, time: 1737012660000, calls: 1
2025-01-16 07:48:06 - INFO - 2025-01-16 07:31:00 status: True, time: 1737012660000, calls: 2
2025-01-16 07:48:06 - INFO - Duplicate timestamp detected. Stopping fetch.
2025-01-16 07:48:06 - INFO - before dropping :1
2025-01-16 07:48:06 - INFO - Empty DataFrame
Columns: [opentime, openprice, highprice, lowprice, closeprice]
Index: []
2025-01-16 07:48:06 - INFO - No new data to append.
2025-01-16 07:49:06 - INFO - Last opentime in CSV: 2025-01-16 07:00:00
2025-01-16 07:49:06 - INFO - CSV length before appending: 303
2025-01-16 07:49:06 - INFO - Rounded timestamp: 2025-01-16 07:30:00, Last opentime in CSV: 2025-01-16 07:00:00
2025-01-16 07:49:06 - INFO - 2025-01-16 07:31:00 status: True, time: 1737012660000, calls: 1
2025-01-16 07:49:06 - INFO - 2025-01-16 07:31:00 status: True, time: 1737012660000, calls: 2
2025-01-16 07:49:06 - INFO - Duplicate timestamp detected. Stopping fetch.
2025-01-16 07:49:06 - INFO - before dropping :1
2025-01-16 07:49:06 - INFO - Empty DataFrame
Columns: [opentime, openprice, highprice, lowprice, closeprice]
Index: []
2025-01-16 07:49:06 - INFO - No new data to append.
2025-01-16 07:50:06 - INFO - Last opentime in CSV: 2025-01-16 07:00:00
2025-01-16 07:50:06 - INFO - CSV length before appending: 303
2025-01-16 07:50:06 - INFO - Rounded timestamp: 2025-01-16 07:30:00, Last opentime in CSV: 2025-01-16 07:00:00
2025-01-16 07:50:07 - INFO - 2025-01-16 07:31:00 status: True, time: 1737012660000, calls: 1
2025-01-16 07:50:07 - INFO - 2025-01-16 07:31:00 status: True, time: 1737012660000, calls: 2
2025-01-16 07:50:07 - INFO - Duplicate timestamp detected. Stopping fetch.
2025-01-16 07:50:07 - INFO - before dropping :1
2025-01-16 07:50:07 - INFO - Empty DataFrame
Columns: [opentime, openprice, highprice, lowprice, closeprice]
Index: []
2025-01-16 07:50:07 - INFO - No new data to append.
2025-01-16 07:51:07 - INFO - Last opentime in CSV: 2025-01-16 07:00:00
2025-01-16 07:51:07 - INFO - CSV length before appending: 303
2025-01-16 07:51:07 - INFO - Rounded timestamp: 2025-01-16 07:30:00, Last opentime in CSV: 2025-01-16 07:00:00
2025-01-16 07:51:07 - INFO - 2025-01-16 07:31:00 status: True, time: 1737012660000, calls: 1
2025-01-16 07:51:07 - INFO - 2025-01-16 07:31:00 status: True, time: 1737012660000, calls: 2
2025-01-16 07:51:07 - INFO - Duplicate timestamp detected. Stopping fetch.
2025-01-16 07:51:07 - INFO - before dropping :1
2025-01-16 07:51:07 - INFO - Empty DataFrame
Columns: [opentime, openprice, highprice, lowprice, closeprice]
Index: []
2025-01-16 07:51:07 - INFO - No new data to append.
2025-01-16 07:52:07 - INFO - Last opentime in CSV: 2025-01-16 07:00:00
2025-01-16 07:52:07 - INFO - CSV length before appending: 303
2025-01-16 07:52:07 - INFO - Rounded timestamp: 2025-01-16 07:30:00, Last opentime in CSV: 2025-01-16 07:00:00
2025-01-16 07:52:07 - INFO - 2025-01-16 07:31:00 status: True, time: 1737012660000, calls: 1
2025-01-16 07:52:07 - INFO - 2025-01-16 07:31:00 status: True, time: 1737012660000, calls: 2
2025-01-16 07:52:07 - INFO - Duplicate timestamp detected. Stopping fetch.
2025-01-16 07:52:07 - INFO - before dropping :1
2025-01-16 07:52:07 - INFO - Empty DataFrame
Columns: [opentime, openprice, highprice, lowprice, closeprice]
Index: []
2025-01-16 07:52:07 - INFO - No new data to append.
2025-01-16 07:53:07 - INFO - Last opentime in CSV: 2025-01-16 07:00:00
2025-01-16 07:53:07 - INFO - CSV length before appending: 303
2025-01-16 07:53:07 - INFO - Rounded timestamp: 2025-01-16 07:30:00, Last opentime in CSV: 2025-01-16 07:00:00
2025-01-16 07:53:07 - INFO - 2025-01-16 07:31:00 status: True, time: 1737012660000, calls: 1
2025-01-16 07:53:07 - INFO - 2025-01-16 07:31:00 status: True, time: 1737012660000, calls: 2
2025-01-16 07:53:07 - INFO - Duplicate timestamp detected. Stopping fetch.
2025-01-16 07:53:07 - INFO - before dropping :1
2025-01-16 07:53:07 - INFO - Empty DataFrame
Columns: [opentime, openprice, highprice, lowprice, closeprice]
Index: []
2025-01-16 07:53:07 - INFO - No new data to append.
2025-01-16 07:54:07 - INFO - Last opentime in CSV: 2025-01-16 07:00:00
2025-01-16 07:54:07 - INFO - CSV length before appending: 303
2025-01-16 07:54:07 - INFO - Rounded timestamp: 2025-01-16 07:30:00, Last opentime in CSV: 2025-01-16 07:00:00
2025-01-16 07:54:07 - INFO - 2025-01-16 07:31:00 status: True, time: 1737012660000, calls: 1
2025-01-16 07:54:08 - INFO - 2025-01-16 07:31:00 status: True, time: 1737012660000, calls: 2
2025-01-16 07:54:08 - INFO - Duplicate timestamp detected. Stopping fetch.
2025-01-16 07:54:08 - INFO - before dropping :1
2025-01-16 07:54:08 - INFO - Empty DataFrame
Columns: [opentime, openprice, highprice, lowprice, closeprice]
Index: []
2025-01-16 07:54:08 - INFO - No new data to append.
2025-01-16 07:55:08 - INFO - Last opentime in CSV: 2025-01-16 07:00:00
2025-01-16 07:55:08 - INFO - CSV length before appending: 303
2025-01-16 07:55:08 - INFO - Rounded timestamp: 2025-01-16 07:30:00, Last opentime in CSV: 2025-01-16 07:00:00
2025-01-16 07:55:08 - INFO - 2025-01-16 07:31:00 status: True, time: 1737012660000, calls: 1
2025-01-16 07:55:08 - INFO - 2025-01-16 07:31:00 status: True, time: 1737012660000, calls: 2
2025-01-16 07:55:08 - INFO - Duplicate timestamp detected. Stopping fetch.
2025-01-16 07:55:08 - INFO - before dropping :1
2025-01-16 07:55:08 - INFO - Empty DataFrame
Columns: [opentime, openprice, highprice, lowprice, closeprice]
Index: []
2025-01-16 07:55:08 - INFO - No new data to append.
2025-01-16 07:56:08 - INFO - Last opentime in CSV: 2025-01-16 07:00:00
2025-01-16 07:56:08 - INFO - CSV length before appending: 303
2025-01-16 07:56:08 - INFO - Rounded timestamp: 2025-01-16 07:30:00, Last opentime in CSV: 2025-01-16 07:00:00
2025-01-16 07:56:08 - INFO - 2025-01-16 07:31:00 status: True, time: 1737012660000, calls: 1
2025-01-16 07:56:08 - INFO - 2025-01-16 07:31:00 status: True, time: 1737012660000, calls: 2
2025-01-16 07:56:08 - INFO - Duplicate timestamp detected. Stopping fetch.
2025-01-16 07:56:08 - INFO - before dropping :1
2025-01-16 07:56:08 - INFO - Empty DataFrame
Columns: [opentime, openprice, highprice, lowprice, closeprice]
Index: []
2025-01-16 07:56:08 - INFO - No new data to append.
2025-01-16 07:57:08 - INFO - Last opentime in CSV: 2025-01-16 07:00:00
2025-01-16 07:57:08 - INFO - CSV length before appending: 303
2025-01-16 07:57:08 - INFO - Rounded timestamp: 2025-01-16 07:30:00, Last opentime in CSV: 2025-01-16 07:00:00
2025-01-16 07:57:09 - INFO - 2025-01-16 07:31:00 status: True, time: 1737012660000, calls: 1
2025-01-16 07:57:09 - INFO - 2025-01-16 07:31:00 status: True, time: 1737012660000, calls: 2
2025-01-16 07:57:09 - INFO - Duplicate timestamp detected. Stopping fetch.
2025-01-16 07:57:09 - INFO - before dropping :1
2025-01-16 07:57:09 - INFO - Empty DataFrame
Columns: [opentime, openprice, highprice, lowprice, closeprice]
Index: []
2025-01-16 07:57:09 - INFO - No new data to append.
2025-01-16 07:58:09 - INFO - Last opentime in CSV: 2025-01-16 07:00:00
2025-01-16 07:58:09 - INFO - CSV length before appending: 303
2025-01-16 07:58:09 - INFO - Rounded timestamp: 2025-01-16 07:30:00, Last opentime in CSV: 2025-01-16 07:00:00
2025-01-16 07:58:09 - INFO - 2025-01-16 07:31:00 status: True, time: 1737012660000, calls: 1
2025-01-16 07:58:09 - INFO - 2025-01-16 07:31:00 status: True, time: 1737012660000, calls: 2
2025-01-16 07:58:09 - INFO - Duplicate timestamp detected. Stopping fetch.
2025-01-16 07:58:09 - INFO - before dropping :1
2025-01-16 07:58:09 - INFO - Empty DataFrame
Columns: [opentime, openprice, highprice, lowprice, closeprice]
Index: []
2025-01-16 07:58:09 - INFO - No new data to append.
2025-01-16 07:59:09 - INFO - Last opentime in CSV: 2025-01-16 07:00:00
2025-01-16 07:59:09 - INFO - CSV length before appending: 303
2025-01-16 07:59:09 - INFO - Rounded timestamp: 2025-01-16 07:30:00, Last opentime in CSV: 2025-01-16 07:00:00
2025-01-16 07:59:09 - INFO - 2025-01-16 07:31:00 status: True, time: 1737012660000, calls: 1
2025-01-16 07:59:09 - INFO - 2025-01-16 07:31:00 status: True, time: 1737012660000, calls: 2
2025-01-16 07:59:09 - INFO - Duplicate timestamp detected. Stopping fetch.
2025-01-16 07:59:09 - INFO - before dropping :1
2025-01-16 07:59:09 - INFO - Empty DataFrame
Columns: [opentime, openprice, highprice, lowprice, closeprice]
Index: []
2025-01-16 07:59:09 - INFO - No new data to append.
2025-01-16 08:00:09 - INFO - Last opentime in CSV: 2025-01-16 07:00:00
2025-01-16 08:00:09 - INFO - CSV length before appending: 303
2025-01-16 08:00:09 - INFO - Rounded timestamp: 2025-01-16 08:00:00, Last opentime in CSV: 2025-01-16 07:00:00
2025-01-16 08:00:09 - INFO - Reached endtime at 2025-01-16 08:01:00. Stopping fetch.
2025-01-16 08:00:09 - INFO - before dropping :2
2025-01-16 08:00:09 - INFO -         opentime  openprice  highprice  lowprice  closeprice
0  1737012600000     4.6566     4.6703    4.6484      4.6684
2025-01-16 08:00:09 - INFO - 1 new rows fetched and appended successfully.
2025-01-16 08:00:09 - INFO - New CSV length after appending: 304
2025-01-16 08:00:09 - INFO - New data:           opentime  openprice  highprice  lowprice  closeprice
303  1737012600000     4.6566     4.6703    4.6484      4.6684
2025-01-16 08:00:09 - INFO - New data fetched, processing now.
2025-01-16 08:00:09 - INFO - Last row:           opentime  openprice  ...  SUPERTl_10_3.0  SUPERTs_10_3.0
303  1737012600000     4.6566  ...             NaN        4.777704

[1 rows x 7 columns]
2025-01-16 08:00:09 - INFO - Supertrend indicator applied.
2025-01-16 08:00:09 - INFO - Last row:           opentime  openprice  ...  leading_span_a  leading_span_b
303  1737012600000     4.6566  ...        4.700775             NaN

[1 rows x 9 columns]
2025-01-16 08:00:09 - INFO - Ichimoku cloud indicator applied.
2025-01-16 08:00:09 - INFO - Previous up trend: nan
2025-01-16 08:00:09 - INFO - Current up trend: nan
2025-01-16 08:00:09 - INFO - Trend: unchange
2025-01-16 08:00:09 - INFO - Suggested Action: Short
2025-01-16 08:00:09 - INFO - Previous Action: (None, None)
2025-01-16 08:00:09 - INFO - Suggested Action: Short
2025-01-16 08:00:09 - INFO - Current SUIUSDT Mark Price: 4.6676
2025-01-16 08:00:09 - INFO - Expected SUIUSDT Amount: 107
2025-01-16 08:00:09 - INFO - Current Opened SUIUSDT Amount: 0.0
2025-01-16 08:00:09 - INFO - at: 2025-01-16 07:30:00 - No action taken
2025-01-16 08:01:09 - INFO - Last opentime in CSV: 2025-01-16 07:30:00
2025-01-16 08:01:09 - INFO - CSV length before appending: 304
2025-01-16 08:01:09 - INFO - Rounded timestamp: 2025-01-16 08:00:00, Last opentime in CSV: 2025-01-16 07:30:00
2025-01-16 08:01:09 - INFO - 2025-01-16 08:01:00 status: True, time: 1737014460000, calls: 1
2025-01-16 08:01:10 - INFO - 2025-01-16 08:01:00 status: True, time: 1737014460000, calls: 2
2025-01-16 08:01:10 - INFO - Duplicate timestamp detected. Stopping fetch.
2025-01-16 08:01:10 - INFO - before dropping :1
2025-01-16 08:01:10 - INFO - Empty DataFrame
Columns: [opentime, openprice, highprice, lowprice, closeprice]
Index: []
2025-01-16 08:01:10 - INFO - No new data to append.
2025-01-16 08:02:10 - INFO - Last opentime in CSV: 2025-01-16 07:30:00
2025-01-16 08:02:10 - INFO - CSV length before appending: 304
2025-01-16 08:02:10 - INFO - Rounded timestamp: 2025-01-16 08:00:00, Last opentime in CSV: 2025-01-16 07:30:00
2025-01-16 08:02:10 - INFO - 2025-01-16 08:01:00 status: True, time: 1737014460000, calls: 1
2025-01-16 08:02:10 - INFO - 2025-01-16 08:01:00 status: True, time: 1737014460000, calls: 2
2025-01-16 08:02:10 - INFO - Duplicate timestamp detected. Stopping fetch.
2025-01-16 08:02:10 - INFO - before dropping :1
2025-01-16 08:02:10 - INFO - Empty DataFrame
Columns: [opentime, openprice, highprice, lowprice, closeprice]
Index: []
2025-01-16 08:02:10 - INFO - No new data to append.
2025-01-16 08:03:10 - INFO - Last opentime in CSV: 2025-01-16 07:30:00
2025-01-16 08:03:10 - INFO - CSV length before appending: 304
2025-01-16 08:03:10 - INFO - Rounded timestamp: 2025-01-16 08:00:00, Last opentime in CSV: 2025-01-16 07:30:00
2025-01-16 08:03:10 - INFO - 2025-01-16 08:01:00 status: True, time: 1737014460000, calls: 1
2025-01-16 08:03:10 - INFO - 2025-01-16 08:01:00 status: True, time: 1737014460000, calls: 2
2025-01-16 08:03:10 - INFO - Duplicate timestamp detected. Stopping fetch.
2025-01-16 08:03:10 - INFO - before dropping :1
2025-01-16 08:03:10 - INFO - Empty DataFrame
Columns: [opentime, openprice, highprice, lowprice, closeprice]
Index: []
2025-01-16 08:03:10 - INFO - No new data to append.
2025-01-16 08:04:10 - INFO - Last opentime in CSV: 2025-01-16 07:30:00
2025-01-16 08:04:10 - INFO - CSV length before appending: 304
2025-01-16 08:04:10 - INFO - Rounded timestamp: 2025-01-16 08:00:00, Last opentime in CSV: 2025-01-16 07:30:00
2025-01-16 08:04:10 - INFO - 2025-01-16 08:01:00 status: True, time: 1737014460000, calls: 1
2025-01-16 08:04:11 - INFO - 2025-01-16 08:01:00 status: True, time: 1737014460000, calls: 2
2025-01-16 08:04:11 - INFO - Duplicate timestamp detected. Stopping fetch.
2025-01-16 08:04:11 - INFO - before dropping :1
2025-01-16 08:04:11 - INFO - Empty DataFrame
Columns: [opentime, openprice, highprice, lowprice, closeprice]
Index: []
2025-01-16 08:04:11 - INFO - No new data to append.
2025-01-16 08:05:11 - INFO - Last opentime in CSV: 2025-01-16 07:30:00
2025-01-16 08:05:11 - INFO - CSV length before appending: 304
2025-01-16 08:05:11 - INFO - Rounded timestamp: 2025-01-16 08:00:00, Last opentime in CSV: 2025-01-16 07:30:00
2025-01-16 08:05:11 - INFO - 2025-01-16 08:01:00 status: True, time: 1737014460000, calls: 1
2025-01-16 08:05:11 - INFO - 2025-01-16 08:01:00 status: True, time: 1737014460000, calls: 2
2025-01-16 08:05:11 - INFO - Duplicate timestamp detected. Stopping fetch.
2025-01-16 08:05:11 - INFO - before dropping :1
2025-01-16 08:05:11 - INFO - Empty DataFrame
Columns: [opentime, openprice, highprice, lowprice, closeprice]
Index: []
2025-01-16 08:05:11 - INFO - No new data to append.
2025-01-16 08:06:11 - INFO - Last opentime in CSV: 2025-01-16 07:30:00
2025-01-16 08:06:11 - INFO - CSV length before appending: 304
2025-01-16 08:06:11 - INFO - Rounded timestamp: 2025-01-16 08:00:00, Last opentime in CSV: 2025-01-16 07:30:00
2025-01-16 08:06:11 - INFO - 2025-01-16 08:01:00 status: True, time: 1737014460000, calls: 1
2025-01-16 08:06:11 - INFO - 2025-01-16 08:01:00 status: True, time: 1737014460000, calls: 2
2025-01-16 08:06:11 - INFO - Duplicate timestamp detected. Stopping fetch.
2025-01-16 08:06:11 - INFO - before dropping :1
2025-01-16 08:06:11 - INFO - Empty DataFrame
Columns: [opentime, openprice, highprice, lowprice, closeprice]
Index: []
2025-01-16 08:06:11 - INFO - No new data to append.
2025-01-16 08:07:11 - INFO - Last opentime in CSV: 2025-01-16 07:30:00
2025-01-16 08:07:11 - INFO - CSV length before appending: 304
2025-01-16 08:07:11 - INFO - Rounded timestamp: 2025-01-16 08:00:00, Last opentime in CSV: 2025-01-16 07:30:00
2025-01-16 08:07:11 - INFO - 2025-01-16 08:01:00 status: True, time: 1737014460000, calls: 1
2025-01-16 08:07:12 - INFO - 2025-01-16 08:01:00 status: True, time: 1737014460000, calls: 2
2025-01-16 08:07:12 - INFO - Duplicate timestamp detected. Stopping fetch.
2025-01-16 08:07:12 - INFO - before dropping :1
2025-01-16 08:07:12 - INFO - Empty DataFrame
Columns: [opentime, openprice, highprice, lowprice, closeprice]
Index: []
2025-01-16 08:07:12 - INFO - No new data to append.
2025-01-16 08:08:12 - INFO - Last opentime in CSV: 2025-01-16 07:30:00
2025-01-16 08:08:12 - INFO - CSV length before appending: 304
2025-01-16 08:08:12 - INFO - Rounded timestamp: 2025-01-16 08:00:00, Last opentime in CSV: 2025-01-16 07:30:00
2025-01-16 08:08:12 - INFO - 2025-01-16 08:01:00 status: True, time: 1737014460000, calls: 1
2025-01-16 08:08:12 - INFO - 2025-01-16 08:01:00 status: True, time: 1737014460000, calls: 2
2025-01-16 08:08:12 - INFO - Duplicate timestamp detected. Stopping fetch.
2025-01-16 08:08:12 - INFO - before dropping :1
2025-01-16 08:08:12 - INFO - Empty DataFrame
Columns: [opentime, openprice, highprice, lowprice, closeprice]
Index: []
2025-01-16 08:08:12 - INFO - No new data to append.
2025-01-16 08:09:12 - INFO - Last opentime in CSV: 2025-01-16 07:30:00
2025-01-16 08:09:12 - INFO - CSV length before appending: 304
2025-01-16 08:09:12 - INFO - Rounded timestamp: 2025-01-16 08:00:00, Last opentime in CSV: 2025-01-16 07:30:00
2025-01-16 08:09:12 - INFO - 2025-01-16 08:01:00 status: True, time: 1737014460000, calls: 1
2025-01-16 08:09:12 - INFO - 2025-01-16 08:01:00 status: True, time: 1737014460000, calls: 2
2025-01-16 08:09:12 - INFO - Duplicate timestamp detected. Stopping fetch.
2025-01-16 08:09:12 - INFO - before dropping :1
2025-01-16 08:09:12 - INFO - Empty DataFrame
Columns: [opentime, openprice, highprice, lowprice, closeprice]
Index: []
2025-01-16 08:09:12 - INFO - No new data to append.
2025-01-16 08:10:12 - INFO - Last opentime in CSV: 2025-01-16 07:30:00
2025-01-16 08:10:12 - INFO - CSV length before appending: 304
2025-01-16 08:10:12 - INFO - Rounded timestamp: 2025-01-16 08:00:00, Last opentime in CSV: 2025-01-16 07:30:00
2025-01-16 08:10:12 - INFO - 2025-01-16 08:01:00 status: True, time: 1737014460000, calls: 1
2025-01-16 08:10:12 - INFO - 2025-01-16 08:01:00 status: True, time: 1737014460000, calls: 2
2025-01-16 08:10:12 - INFO - Duplicate timestamp detected. Stopping fetch.
2025-01-16 08:10:12 - INFO - before dropping :1
2025-01-16 08:10:12 - INFO - Empty DataFrame
Columns: [opentime, openprice, highprice, lowprice, closeprice]
Index: []
2025-01-16 08:10:12 - INFO - No new data to append.
2025-01-16 08:11:12 - INFO - Last opentime in CSV: 2025-01-16 07:30:00
2025-01-16 08:11:12 - INFO - CSV length before appending: 304
2025-01-16 08:11:12 - INFO - Rounded timestamp: 2025-01-16 08:00:00, Last opentime in CSV: 2025-01-16 07:30:00
2025-01-16 08:11:12 - INFO - 2025-01-16 08:01:00 status: True, time: 1737014460000, calls: 1
2025-01-16 08:11:12 - INFO - 2025-01-16 08:01:00 status: True, time: 1737014460000, calls: 2
2025-01-16 08:11:12 - INFO - Duplicate timestamp detected. Stopping fetch.
2025-01-16 08:11:12 - INFO - before dropping :1
2025-01-16 08:11:12 - INFO - Empty DataFrame
Columns: [opentime, openprice, highprice, lowprice, closeprice]
Index: []
2025-01-16 08:11:12 - INFO - No new data to append.
2025-01-16 08:12:12 - INFO - Last opentime in CSV: 2025-01-16 07:30:00
2025-01-16 08:12:12 - INFO - CSV length before appending: 304
2025-01-16 08:12:12 - INFO - Rounded timestamp: 2025-01-16 08:00:00, Last opentime in CSV: 2025-01-16 07:30:00
2025-01-16 08:12:13 - INFO - 2025-01-16 08:01:00 status: True, time: 1737014460000, calls: 1
2025-01-16 08:12:13 - INFO - 2025-01-16 08:01:00 status: True, time: 1737014460000, calls: 2
2025-01-16 08:12:13 - INFO - Duplicate timestamp detected. Stopping fetch.
2025-01-16 08:12:13 - INFO - before dropping :1
2025-01-16 08:12:13 - INFO - Empty DataFrame
Columns: [opentime, openprice, highprice, lowprice, closeprice]
Index: []
2025-01-16 08:12:13 - INFO - No new data to append.
2025-01-16 08:13:13 - INFO - Last opentime in CSV: 2025-01-16 07:30:00
2025-01-16 08:13:13 - INFO - CSV length before appending: 304
2025-01-16 08:13:13 - INFO - Rounded timestamp: 2025-01-16 08:00:00, Last opentime in CSV: 2025-01-16 07:30:00
2025-01-16 08:13:13 - INFO - 2025-01-16 08:01:00 status: True, time: 1737014460000, calls: 1
2025-01-16 08:13:13 - INFO - 2025-01-16 08:01:00 status: True, time: 1737014460000, calls: 2
2025-01-16 08:13:13 - INFO - Duplicate timestamp detected. Stopping fetch.
2025-01-16 08:13:13 - INFO - before dropping :1
2025-01-16 08:13:13 - INFO - Empty DataFrame
Columns: [opentime, openprice, highprice, lowprice, closeprice]
Index: []
2025-01-16 08:13:13 - INFO - No new data to append.
2025-01-16 08:14:13 - INFO - Last opentime in CSV: 2025-01-16 07:30:00
2025-01-16 08:14:13 - INFO - CSV length before appending: 304
2025-01-16 08:14:13 - INFO - Rounded timestamp: 2025-01-16 08:00:00, Last opentime in CSV: 2025-01-16 07:30:00
2025-01-16 08:14:13 - INFO - 2025-01-16 08:01:00 status: True, time: 1737014460000, calls: 1
2025-01-16 08:14:13 - INFO - 2025-01-16 08:01:00 status: True, time: 1737014460000, calls: 2
2025-01-16 08:14:13 - INFO - Duplicate timestamp detected. Stopping fetch.
2025-01-16 08:14:13 - INFO - before dropping :1
2025-01-16 08:14:13 - INFO - Empty DataFrame
Columns: [opentime, openprice, highprice, lowprice, closeprice]
Index: []
2025-01-16 08:14:13 - INFO - No new data to append.
2025-01-16 08:15:13 - INFO - Last opentime in CSV: 2025-01-16 07:30:00
2025-01-16 08:15:13 - INFO - CSV length before appending: 304
2025-01-16 08:15:13 - INFO - Rounded timestamp: 2025-01-16 08:00:00, Last opentime in CSV: 2025-01-16 07:30:00
2025-01-16 08:15:13 - INFO - 2025-01-16 08:01:00 status: True, time: 1737014460000, calls: 1
2025-01-16 08:15:13 - INFO - 2025-01-16 08:01:00 status: True, time: 1737014460000, calls: 2
2025-01-16 08:15:13 - INFO - Duplicate timestamp detected. Stopping fetch.
2025-01-16 08:15:13 - INFO - before dropping :1
2025-01-16 08:15:13 - INFO - Empty DataFrame
Columns: [opentime, openprice, highprice, lowprice, closeprice]
Index: []
2025-01-16 08:15:13 - INFO - No new data to append.
2025-01-16 08:16:13 - INFO - Last opentime in CSV: 2025-01-16 07:30:00
2025-01-16 08:16:13 - INFO - CSV length before appending: 304
2025-01-16 08:16:13 - INFO - Rounded timestamp: 2025-01-16 08:00:00, Last opentime in CSV: 2025-01-16 07:30:00
2025-01-16 08:16:13 - INFO - 2025-01-16 08:01:00 status: True, time: 1737014460000, calls: 1
2025-01-16 08:16:13 - INFO - 2025-01-16 08:01:00 status: True, time: 1737014460000, calls: 2
2025-01-16 08:16:13 - INFO - Duplicate timestamp detected. Stopping fetch.
2025-01-16 08:16:13 - INFO - before dropping :1
2025-01-16 08:16:13 - INFO - Empty DataFrame
Columns: [opentime, openprice, highprice, lowprice, closeprice]
Index: []
2025-01-16 08:16:13 - INFO - No new data to append.
2025-01-16 08:17:13 - INFO - Last opentime in CSV: 2025-01-16 07:30:00
2025-01-16 08:17:13 - INFO - CSV length before appending: 304
2025-01-16 08:17:13 - INFO - Rounded timestamp: 2025-01-16 08:00:00, Last opentime in CSV: 2025-01-16 07:30:00
2025-01-16 08:17:14 - INFO - 2025-01-16 08:01:00 status: True, time: 1737014460000, calls: 1
2025-01-16 08:17:14 - INFO - 2025-01-16 08:01:00 status: True, time: 1737014460000, calls: 2
2025-01-16 08:17:14 - INFO - Duplicate timestamp detected. Stopping fetch.
2025-01-16 08:17:14 - INFO - before dropping :1
2025-01-16 08:17:14 - INFO - Empty DataFrame
Columns: [opentime, openprice, highprice, lowprice, closeprice]
Index: []
2025-01-16 08:17:14 - INFO - No new data to append.
2025-01-16 08:18:14 - INFO - Last opentime in CSV: 2025-01-16 07:30:00
2025-01-16 08:18:14 - INFO - CSV length before appending: 304
2025-01-16 08:18:14 - INFO - Rounded timestamp: 2025-01-16 08:00:00, Last opentime in CSV: 2025-01-16 07:30:00
2025-01-16 08:18:14 - INFO - 2025-01-16 08:01:00 status: True, time: 1737014460000, calls: 1
2025-01-16 08:18:14 - INFO - 2025-01-16 08:01:00 status: True, time: 1737014460000, calls: 2
2025-01-16 08:18:14 - INFO - Duplicate timestamp detected. Stopping fetch.
2025-01-16 08:18:14 - INFO - before dropping :1
2025-01-16 08:18:14 - INFO - Empty DataFrame
Columns: [opentime, openprice, highprice, lowprice, closeprice]
Index: []
2025-01-16 08:18:14 - INFO - No new data to append.
2025-01-16 08:19:14 - INFO - Last opentime in CSV: 2025-01-16 07:30:00
2025-01-16 08:19:14 - INFO - CSV length before appending: 304
2025-01-16 08:19:14 - INFO - Rounded timestamp: 2025-01-16 08:00:00, Last opentime in CSV: 2025-01-16 07:30:00
2025-01-16 08:19:14 - INFO - 2025-01-16 08:01:00 status: True, time: 1737014460000, calls: 1
2025-01-16 08:19:14 - INFO - 2025-01-16 08:01:00 status: True, time: 1737014460000, calls: 2
2025-01-16 08:19:14 - INFO - Duplicate timestamp detected. Stopping fetch.
2025-01-16 08:19:14 - INFO - before dropping :1
2025-01-16 08:19:14 - INFO - Empty DataFrame
Columns: [opentime, openprice, highprice, lowprice, closeprice]
Index: []
2025-01-16 08:19:14 - INFO - No new data to append.
2025-01-16 08:20:14 - INFO - Last opentime in CSV: 2025-01-16 07:30:00
2025-01-16 08:20:14 - INFO - CSV length before appending: 304
2025-01-16 08:20:14 - INFO - Rounded timestamp: 2025-01-16 08:00:00, Last opentime in CSV: 2025-01-16 07:30:00
2025-01-16 08:20:14 - INFO - 2025-01-16 08:01:00 status: True, time: 1737014460000, calls: 1
2025-01-16 08:20:14 - INFO - 2025-01-16 08:01:00 status: True, time: 1737014460000, calls: 2
2025-01-16 08:20:14 - INFO - Duplicate timestamp detected. Stopping fetch.
2025-01-16 08:20:14 - INFO - before dropping :1
2025-01-16 08:20:14 - INFO - Empty DataFrame
Columns: [opentime, openprice, highprice, lowprice, closeprice]
Index: []
2025-01-16 08:20:14 - INFO - No new data to append.
2025-01-16 08:21:14 - INFO - Last opentime in CSV: 2025-01-16 07:30:00
2025-01-16 08:21:14 - INFO - CSV length before appending: 304
2025-01-16 08:21:14 - INFO - Rounded timestamp: 2025-01-16 08:00:00, Last opentime in CSV: 2025-01-16 07:30:00
2025-01-16 08:21:15 - INFO - 2025-01-16 08:01:00 status: True, time: 1737014460000, calls: 1
2025-01-16 08:21:15 - INFO - 2025-01-16 08:01:00 status: True, time: 1737014460000, calls: 2
2025-01-16 08:21:15 - INFO - Duplicate timestamp detected. Stopping fetch.
2025-01-16 08:21:15 - INFO - before dropping :1
2025-01-16 08:21:15 - INFO - Empty DataFrame
Columns: [opentime, openprice, highprice, lowprice, closeprice]
Index: []
2025-01-16 08:21:15 - INFO - No new data to append.
2025-01-16 08:22:15 - INFO - Last opentime in CSV: 2025-01-16 07:30:00
2025-01-16 08:22:15 - INFO - CSV length before appending: 304
2025-01-16 08:22:15 - INFO - Rounded timestamp: 2025-01-16 08:00:00, Last opentime in CSV: 2025-01-16 07:30:00
2025-01-16 08:22:15 - INFO - 2025-01-16 08:01:00 status: True, time: 1737014460000, calls: 1
2025-01-16 08:22:15 - INFO - 2025-01-16 08:01:00 status: True, time: 1737014460000, calls: 2
2025-01-16 08:22:15 - INFO - Duplicate timestamp detected. Stopping fetch.
2025-01-16 08:22:15 - INFO - before dropping :1
2025-01-16 08:22:15 - INFO - Empty DataFrame
Columns: [opentime, openprice, highprice, lowprice, closeprice]
Index: []
2025-01-16 08:22:15 - INFO - No new data to append.
2025-01-16 08:23:15 - INFO - Last opentime in CSV: 2025-01-16 07:30:00
2025-01-16 08:23:15 - INFO - CSV length before appending: 304
2025-01-16 08:23:15 - INFO - Rounded timestamp: 2025-01-16 08:00:00, Last opentime in CSV: 2025-01-16 07:30:00
2025-01-16 08:23:15 - INFO - 2025-01-16 08:01:00 status: True, time: 1737014460000, calls: 1
2025-01-16 08:23:15 - INFO - 2025-01-16 08:01:00 status: True, time: 1737014460000, calls: 2
2025-01-16 08:23:15 - INFO - Duplicate timestamp detected. Stopping fetch.
2025-01-16 08:23:15 - INFO - before dropping :1
2025-01-16 08:23:15 - INFO - Empty DataFrame
Columns: [opentime, openprice, highprice, lowprice, closeprice]
Index: []
2025-01-16 08:23:15 - INFO - No new data to append.
2025-01-16 08:24:15 - INFO - Last opentime in CSV: 2025-01-16 07:30:00
2025-01-16 08:24:15 - INFO - CSV length before appending: 304
2025-01-16 08:24:15 - INFO - Rounded timestamp: 2025-01-16 08:00:00, Last opentime in CSV: 2025-01-16 07:30:00
2025-01-16 08:24:16 - INFO - 2025-01-16 08:01:00 status: True, time: 1737014460000, calls: 1
2025-01-16 08:24:16 - INFO - 2025-01-16 08:01:00 status: True, time: 1737014460000, calls: 2
2025-01-16 08:24:16 - INFO - Duplicate timestamp detected. Stopping fetch.
2025-01-16 08:24:16 - INFO - before dropping :1
2025-01-16 08:24:16 - INFO - Empty DataFrame
Columns: [opentime, openprice, highprice, lowprice, closeprice]
Index: []
2025-01-16 08:24:16 - INFO - No new data to append.
2025-01-16 08:25:16 - INFO - Last opentime in CSV: 2025-01-16 07:30:00
2025-01-16 08:25:16 - INFO - CSV length before appending: 304
2025-01-16 08:25:16 - INFO - Rounded timestamp: 2025-01-16 08:00:00, Last opentime in CSV: 2025-01-16 07:30:00
2025-01-16 08:25:16 - INFO - 2025-01-16 08:01:00 status: True, time: 1737014460000, calls: 1
2025-01-16 08:25:16 - INFO - 2025-01-16 08:01:00 status: True, time: 1737014460000, calls: 2
2025-01-16 08:25:16 - INFO - Duplicate timestamp detected. Stopping fetch.
2025-01-16 08:25:16 - INFO - before dropping :1
2025-01-16 08:25:16 - INFO - Empty DataFrame
Columns: [opentime, openprice, highprice, lowprice, closeprice]
Index: []
2025-01-16 08:25:16 - INFO - No new data to append.
2025-01-16 08:26:16 - INFO - Last opentime in CSV: 2025-01-16 07:30:00
2025-01-16 08:26:16 - INFO - CSV length before appending: 304
2025-01-16 08:26:16 - INFO - Rounded timestamp: 2025-01-16 08:00:00, Last opentime in CSV: 2025-01-16 07:30:00
2025-01-16 08:26:16 - INFO - 2025-01-16 08:01:00 status: True, time: 1737014460000, calls: 1
2025-01-16 08:26:16 - INFO - 2025-01-16 08:01:00 status: True, time: 1737014460000, calls: 2
2025-01-16 08:26:16 - INFO - Duplicate timestamp detected. Stopping fetch.
2025-01-16 08:26:16 - INFO - before dropping :1
2025-01-16 08:26:16 - INFO - Empty DataFrame
Columns: [opentime, openprice, highprice, lowprice, closeprice]
Index: []
2025-01-16 08:26:16 - INFO - No new data to append.
2025-01-16 08:27:16 - INFO - Last opentime in CSV: 2025-01-16 07:30:00
2025-01-16 08:27:16 - INFO - CSV length before appending: 304
2025-01-16 08:27:16 - INFO - Rounded timestamp: 2025-01-16 08:00:00, Last opentime in CSV: 2025-01-16 07:30:00
2025-01-16 08:27:17 - INFO - 2025-01-16 08:01:00 status: True, time: 1737014460000, calls: 1
2025-01-16 08:27:17 - INFO - 2025-01-16 08:01:00 status: True, time: 1737014460000, calls: 2
2025-01-16 08:27:17 - INFO - Duplicate timestamp detected. Stopping fetch.
2025-01-16 08:27:17 - INFO - before dropping :1
2025-01-16 08:27:17 - INFO - Empty DataFrame
Columns: [opentime, openprice, highprice, lowprice, closeprice]
Index: []
2025-01-16 08:27:17 - INFO - No new data to append.
2025-01-16 08:28:17 - INFO - Last opentime in CSV: 2025-01-16 07:30:00
2025-01-16 08:28:17 - INFO - CSV length before appending: 304
2025-01-16 08:28:17 - INFO - Rounded timestamp: 2025-01-16 08:00:00, Last opentime in CSV: 2025-01-16 07:30:00
2025-01-16 08:28:17 - INFO - 2025-01-16 08:01:00 status: True, time: 1737014460000, calls: 1
2025-01-16 08:28:17 - INFO - 2025-01-16 08:01:00 status: True, time: 1737014460000, calls: 2
2025-01-16 08:28:17 - INFO - Duplicate timestamp detected. Stopping fetch.
2025-01-16 08:28:17 - INFO - before dropping :1
2025-01-16 08:28:17 - INFO - Empty DataFrame
Columns: [opentime, openprice, highprice, lowprice, closeprice]
Index: []
2025-01-16 08:28:17 - INFO - No new data to append.
2025-01-16 08:29:17 - INFO - Last opentime in CSV: 2025-01-16 07:30:00
2025-01-16 08:29:17 - INFO - CSV length before appending: 304
2025-01-16 08:29:17 - INFO - Rounded timestamp: 2025-01-16 08:00:00, Last opentime in CSV: 2025-01-16 07:30:00
2025-01-16 08:29:17 - INFO - 2025-01-16 08:01:00 status: True, time: 1737014460000, calls: 1
2025-01-16 08:29:17 - INFO - 2025-01-16 08:01:00 status: True, time: 1737014460000, calls: 2
2025-01-16 08:29:17 - INFO - Duplicate timestamp detected. Stopping fetch.
2025-01-16 08:29:17 - INFO - before dropping :1
2025-01-16 08:29:17 - INFO - Empty DataFrame
Columns: [opentime, openprice, highprice, lowprice, closeprice]
Index: []
2025-01-16 08:29:17 - INFO - No new data to append.
2025-01-16 08:30:17 - INFO - Last opentime in CSV: 2025-01-16 07:30:00
2025-01-16 08:30:17 - INFO - CSV length before appending: 304
2025-01-16 08:30:17 - INFO - Rounded timestamp: 2025-01-16 08:30:00, Last opentime in CSV: 2025-01-16 07:30:00
2025-01-16 08:30:17 - INFO - Reached endtime at 2025-01-16 08:31:00. Stopping fetch.
2025-01-16 08:30:17 - INFO - before dropping :2
2025-01-16 08:30:17 - INFO -         opentime  openprice  highprice  lowprice  closeprice
0  1737014400000     4.6683     4.6772    4.6354      4.6483
2025-01-16 08:30:17 - INFO - 1 new rows fetched and appended successfully.
2025-01-16 08:30:17 - INFO - New CSV length after appending: 305
2025-01-16 08:30:17 - INFO - New data:           opentime  openprice  highprice  lowprice  closeprice
304  1737014400000     4.6683     4.6772    4.6354      4.6483
2025-01-16 08:30:17 - INFO - New data fetched, processing now.
2025-01-16 08:30:17 - INFO - Last row:           opentime  openprice  ...  SUPERTl_10_3.0  SUPERTs_10_3.0
304  1737014400000     4.6683  ...             NaN        4.775359

[1 rows x 7 columns]
2025-01-16 08:30:17 - INFO - Supertrend indicator applied.
2025-01-16 08:30:17 - INFO - Last row:           opentime  openprice  ...  leading_span_a  leading_span_b
304  1737014400000     4.6683  ...        4.700775             NaN

[1 rows x 9 columns]
2025-01-16 08:30:17 - INFO - Ichimoku cloud indicator applied.
2025-01-16 08:30:17 - INFO - Previous up trend: nan
2025-01-16 08:30:17 - INFO - Current up trend: nan
2025-01-16 08:30:17 - INFO - Trend: unchange
2025-01-16 08:30:17 - INFO - Suggested Action: Short
2025-01-16 08:30:17 - INFO - Previous Action: (None, None)
2025-01-16 08:30:17 - INFO - Suggested Action: Short
2025-01-16 08:30:18 - INFO - Current SUIUSDT Mark Price: 4.6471
2025-01-16 08:30:18 - INFO - Expected SUIUSDT Amount: 107
2025-01-16 08:30:18 - INFO - Current Opened SUIUSDT Amount: 0.0
2025-01-16 08:30:18 - INFO - at: 2025-01-16 08:00:00 - No action taken
2025-01-16 08:31:18 - INFO - Last opentime in CSV: 2025-01-16 08:00:00
2025-01-16 08:31:18 - INFO - CSV length before appending: 305
2025-01-16 08:31:18 - INFO - Rounded timestamp: 2025-01-16 08:30:00, Last opentime in CSV: 2025-01-16 08:00:00
2025-01-16 08:31:18 - INFO - 2025-01-16 08:31:00 status: True, time: 1737016260000, calls: 1
2025-01-16 08:31:18 - INFO - 2025-01-16 08:31:00 status: True, time: 1737016260000, calls: 2
2025-01-16 08:31:18 - INFO - Duplicate timestamp detected. Stopping fetch.
2025-01-16 08:31:18 - INFO - before dropping :1
2025-01-16 08:31:18 - INFO - Empty DataFrame
Columns: [opentime, openprice, highprice, lowprice, closeprice]
Index: []
2025-01-16 08:31:18 - INFO - No new data to append.
2025-01-16 08:32:18 - INFO - Last opentime in CSV: 2025-01-16 08:00:00
2025-01-16 08:32:18 - INFO - CSV length before appending: 305
2025-01-16 08:32:18 - INFO - Rounded timestamp: 2025-01-16 08:30:00, Last opentime in CSV: 2025-01-16 08:00:00
2025-01-16 08:32:18 - INFO - 2025-01-16 08:31:00 status: True, time: 1737016260000, calls: 1
2025-01-16 08:32:18 - INFO - 2025-01-16 08:31:00 status: True, time: 1737016260000, calls: 2
2025-01-16 08:32:18 - INFO - Duplicate timestamp detected. Stopping fetch.
2025-01-16 08:32:18 - INFO - before dropping :1
2025-01-16 08:32:18 - INFO - Empty DataFrame
Columns: [opentime, openprice, highprice, lowprice, closeprice]
Index: []
2025-01-16 08:32:18 - INFO - No new data to append.
2025-01-16 08:33:18 - INFO - Last opentime in CSV: 2025-01-16 08:00:00
2025-01-16 08:33:18 - INFO - CSV length before appending: 305
2025-01-16 08:33:18 - INFO - Rounded timestamp: 2025-01-16 08:30:00, Last opentime in CSV: 2025-01-16 08:00:00
2025-01-16 08:33:18 - INFO - 2025-01-16 08:31:00 status: True, time: 1737016260000, calls: 1
2025-01-16 08:33:18 - INFO - 2025-01-16 08:31:00 status: True, time: 1737016260000, calls: 2
2025-01-16 08:33:18 - INFO - Duplicate timestamp detected. Stopping fetch.
2025-01-16 08:33:18 - INFO - before dropping :1
2025-01-16 08:33:18 - INFO - Empty DataFrame
Columns: [opentime, openprice, highprice, lowprice, closeprice]
Index: []
2025-01-16 08:33:18 - INFO - No new data to append.
2025-01-16 08:34:18 - INFO - Last opentime in CSV: 2025-01-16 08:00:00
2025-01-16 08:34:18 - INFO - CSV length before appending: 305
2025-01-16 08:34:18 - INFO - Rounded timestamp: 2025-01-16 08:30:00, Last opentime in CSV: 2025-01-16 08:00:00
2025-01-16 08:34:18 - INFO - 2025-01-16 08:31:00 status: True, time: 1737016260000, calls: 1
2025-01-16 08:34:19 - INFO - 2025-01-16 08:31:00 status: True, time: 1737016260000, calls: 2
2025-01-16 08:34:19 - INFO - Duplicate timestamp detected. Stopping fetch.
2025-01-16 08:34:19 - INFO - before dropping :1
2025-01-16 08:34:19 - INFO - Empty DataFrame
Columns: [opentime, openprice, highprice, lowprice, closeprice]
Index: []
2025-01-16 08:34:19 - INFO - No new data to append.
2025-01-16 08:35:19 - INFO - Last opentime in CSV: 2025-01-16 08:00:00
2025-01-16 08:35:19 - INFO - CSV length before appending: 305
2025-01-16 08:35:19 - INFO - Rounded timestamp: 2025-01-16 08:30:00, Last opentime in CSV: 2025-01-16 08:00:00
2025-01-16 08:35:19 - INFO - 2025-01-16 08:31:00 status: True, time: 1737016260000, calls: 1
2025-01-16 08:35:19 - INFO - 2025-01-16 08:31:00 status: True, time: 1737016260000, calls: 2
2025-01-16 08:35:19 - INFO - Duplicate timestamp detected. Stopping fetch.
2025-01-16 08:35:19 - INFO - before dropping :1
2025-01-16 08:35:19 - INFO - Empty DataFrame
Columns: [opentime, openprice, highprice, lowprice, closeprice]
Index: []
2025-01-16 08:35:19 - INFO - No new data to append.
2025-01-16 08:36:19 - INFO - Last opentime in CSV: 2025-01-16 08:00:00
2025-01-16 08:36:19 - INFO - CSV length before appending: 305
2025-01-16 08:36:19 - INFO - Rounded timestamp: 2025-01-16 08:30:00, Last opentime in CSV: 2025-01-16 08:00:00
2025-01-16 08:36:19 - INFO - 2025-01-16 08:31:00 status: True, time: 1737016260000, calls: 1
2025-01-16 08:36:19 - INFO - 2025-01-16 08:31:00 status: True, time: 1737016260000, calls: 2
2025-01-16 08:36:19 - INFO - Duplicate timestamp detected. Stopping fetch.
2025-01-16 08:36:19 - INFO - before dropping :1
2025-01-16 08:36:19 - INFO - Empty DataFrame
Columns: [opentime, openprice, highprice, lowprice, closeprice]
Index: []
2025-01-16 08:36:19 - INFO - No new data to append.
2025-01-16 08:37:19 - INFO - Last opentime in CSV: 2025-01-16 08:00:00
2025-01-16 08:37:19 - INFO - CSV length before appending: 305
2025-01-16 08:37:19 - INFO - Rounded timestamp: 2025-01-16 08:30:00, Last opentime in CSV: 2025-01-16 08:00:00
2025-01-16 08:37:19 - INFO - 2025-01-16 08:31:00 status: True, time: 1737016260000, calls: 1
2025-01-16 08:37:19 - INFO - 2025-01-16 08:31:00 status: True, time: 1737016260000, calls: 2
2025-01-16 08:37:19 - INFO - Duplicate timestamp detected. Stopping fetch.
2025-01-16 08:37:19 - INFO - before dropping :1
2025-01-16 08:37:19 - INFO - Empty DataFrame
Columns: [opentime, openprice, highprice, lowprice, closeprice]
Index: []
2025-01-16 08:37:19 - INFO - No new data to append.
2025-01-16 08:38:19 - INFO - Last opentime in CSV: 2025-01-16 08:00:00
2025-01-16 08:38:19 - INFO - CSV length before appending: 305
2025-01-16 08:38:19 - INFO - Rounded timestamp: 2025-01-16 08:30:00, Last opentime in CSV: 2025-01-16 08:00:00
2025-01-16 08:38:19 - INFO - 2025-01-16 08:31:00 status: True, time: 1737016260000, calls: 1
2025-01-16 08:38:19 - INFO - 2025-01-16 08:31:00 status: True, time: 1737016260000, calls: 2
2025-01-16 08:38:19 - INFO - Duplicate timestamp detected. Stopping fetch.
2025-01-16 08:38:19 - INFO - before dropping :1
2025-01-16 08:38:19 - INFO - Empty DataFrame
Columns: [opentime, openprice, highprice, lowprice, closeprice]
Index: []
2025-01-16 08:38:19 - INFO - No new data to append.
2025-01-16 08:39:19 - INFO - Last opentime in CSV: 2025-01-16 08:00:00
2025-01-16 08:39:19 - INFO - CSV length before appending: 305
2025-01-16 08:39:19 - INFO - Rounded timestamp: 2025-01-16 08:30:00, Last opentime in CSV: 2025-01-16 08:00:00
2025-01-16 08:39:20 - INFO - 2025-01-16 08:31:00 status: True, time: 1737016260000, calls: 1
2025-01-16 08:39:20 - INFO - 2025-01-16 08:31:00 status: True, time: 1737016260000, calls: 2
2025-01-16 08:39:20 - INFO - Duplicate timestamp detected. Stopping fetch.
2025-01-16 08:39:20 - INFO - before dropping :1
2025-01-16 08:39:20 - INFO - Empty DataFrame
Columns: [opentime, openprice, highprice, lowprice, closeprice]
Index: []
2025-01-16 08:39:20 - INFO - No new data to append.
2025-01-16 08:40:20 - INFO - Last opentime in CSV: 2025-01-16 08:00:00
2025-01-16 08:40:20 - INFO - CSV length before appending: 305
2025-01-16 08:40:20 - INFO - Rounded timestamp: 2025-01-16 08:30:00, Last opentime in CSV: 2025-01-16 08:00:00
2025-01-16 08:40:20 - INFO - 2025-01-16 08:31:00 status: True, time: 1737016260000, calls: 1
2025-01-16 08:40:20 - INFO - 2025-01-16 08:31:00 status: True, time: 1737016260000, calls: 2
2025-01-16 08:40:20 - INFO - Duplicate timestamp detected. Stopping fetch.
2025-01-16 08:40:20 - INFO - before dropping :1
2025-01-16 08:40:20 - INFO - Empty DataFrame
Columns: [opentime, openprice, highprice, lowprice, closeprice]
Index: []
2025-01-16 08:40:20 - INFO - No new data to append.
2025-01-16 08:41:20 - INFO - Last opentime in CSV: 2025-01-16 08:00:00
2025-01-16 08:41:20 - INFO - CSV length before appending: 305
2025-01-16 08:41:20 - INFO - Rounded timestamp: 2025-01-16 08:30:00, Last opentime in CSV: 2025-01-16 08:00:00
2025-01-16 08:41:20 - INFO - 2025-01-16 08:31:00 status: True, time: 1737016260000, calls: 1
2025-01-16 08:41:20 - INFO - 2025-01-16 08:31:00 status: True, time: 1737016260000, calls: 2
2025-01-16 08:41:20 - INFO - Duplicate timestamp detected. Stopping fetch.
2025-01-16 08:41:20 - INFO - before dropping :1
2025-01-16 08:41:20 - INFO - Empty DataFrame
Columns: [opentime, openprice, highprice, lowprice, closeprice]
Index: []
2025-01-16 08:41:20 - INFO - No new data to append.
2025-01-16 08:42:20 - INFO - Last opentime in CSV: 2025-01-16 08:00:00
2025-01-16 08:42:20 - INFO - CSV length before appending: 305
2025-01-16 08:42:20 - INFO - Rounded timestamp: 2025-01-16 08:30:00, Last opentime in CSV: 2025-01-16 08:00:00
2025-01-16 08:42:20 - INFO - 2025-01-16 08:31:00 status: True, time: 1737016260000, calls: 1
2025-01-16 08:42:20 - INFO - 2025-01-16 08:31:00 status: True, time: 1737016260000, calls: 2
2025-01-16 08:42:20 - INFO - Duplicate timestamp detected. Stopping fetch.
2025-01-16 08:42:20 - INFO - before dropping :1
2025-01-16 08:42:20 - INFO - Empty DataFrame
Columns: [opentime, openprice, highprice, lowprice, closeprice]
Index: []
2025-01-16 08:42:20 - INFO - No new data to append.
2025-01-16 08:43:20 - INFO - Last opentime in CSV: 2025-01-16 08:00:00
2025-01-16 08:43:20 - INFO - CSV length before appending: 305
2025-01-16 08:43:20 - INFO - Rounded timestamp: 2025-01-16 08:30:00, Last opentime in CSV: 2025-01-16 08:00:00
2025-01-16 08:43:20 - INFO - 2025-01-16 08:31:00 status: True, time: 1737016260000, calls: 1
2025-01-16 08:43:20 - INFO - 2025-01-16 08:31:00 status: True, time: 1737016260000, calls: 2
2025-01-16 08:43:20 - INFO - Duplicate timestamp detected. Stopping fetch.
2025-01-16 08:43:20 - INFO - before dropping :1
2025-01-16 08:43:20 - INFO - Empty DataFrame
Columns: [opentime, openprice, highprice, lowprice, closeprice]
Index: []
2025-01-16 08:43:20 - INFO - No new data to append.
2025-01-16 08:44:20 - INFO - Last opentime in CSV: 2025-01-16 08:00:00
2025-01-16 08:44:20 - INFO - CSV length before appending: 305
2025-01-16 08:44:20 - INFO - Rounded timestamp: 2025-01-16 08:30:00, Last opentime in CSV: 2025-01-16 08:00:00
2025-01-16 08:44:21 - INFO - 2025-01-16 08:31:00 status: True, time: 1737016260000, calls: 1
2025-01-16 08:44:21 - INFO - 2025-01-16 08:31:00 status: True, time: 1737016260000, calls: 2
2025-01-16 08:44:21 - INFO - Duplicate timestamp detected. Stopping fetch.
2025-01-16 08:44:21 - INFO - before dropping :1
2025-01-16 08:44:21 - INFO - Empty DataFrame
Columns: [opentime, openprice, highprice, lowprice, closeprice]
Index: []
2025-01-16 08:44:21 - INFO - No new data to append.
2025-01-16 08:45:21 - INFO - Last opentime in CSV: 2025-01-16 08:00:00
2025-01-16 08:45:21 - INFO - CSV length before appending: 305
2025-01-16 08:45:21 - INFO - Rounded timestamp: 2025-01-16 08:30:00, Last opentime in CSV: 2025-01-16 08:00:00
2025-01-16 08:45:21 - INFO - 2025-01-16 08:31:00 status: True, time: 1737016260000, calls: 1
2025-01-16 08:45:21 - INFO - 2025-01-16 08:31:00 status: True, time: 1737016260000, calls: 2
2025-01-16 08:45:21 - INFO - Duplicate timestamp detected. Stopping fetch.
2025-01-16 08:45:21 - INFO - before dropping :1
2025-01-16 08:45:21 - INFO - Empty DataFrame
Columns: [opentime, openprice, highprice, lowprice, closeprice]
Index: []
2025-01-16 08:45:21 - INFO - No new data to append.
2025-01-16 08:46:21 - INFO - Last opentime in CSV: 2025-01-16 08:00:00
2025-01-16 08:46:21 - INFO - CSV length before appending: 305
2025-01-16 08:46:21 - INFO - Rounded timestamp: 2025-01-16 08:30:00, Last opentime in CSV: 2025-01-16 08:00:00
2025-01-16 08:46:21 - INFO - 2025-01-16 08:31:00 status: True, time: 1737016260000, calls: 1
2025-01-16 08:46:21 - INFO - 2025-01-16 08:31:00 status: True, time: 1737016260000, calls: 2
2025-01-16 08:46:21 - INFO - Duplicate timestamp detected. Stopping fetch.
2025-01-16 08:46:21 - INFO - before dropping :1
2025-01-16 08:46:21 - INFO - Empty DataFrame
Columns: [opentime, openprice, highprice, lowprice, closeprice]
Index: []
2025-01-16 08:46:21 - INFO - No new data to append.
2025-01-16 08:47:21 - INFO - Last opentime in CSV: 2025-01-16 08:00:00
2025-01-16 08:47:21 - INFO - CSV length before appending: 305
2025-01-16 08:47:21 - INFO - Rounded timestamp: 2025-01-16 08:30:00, Last opentime in CSV: 2025-01-16 08:00:00
2025-01-16 08:47:21 - INFO - 2025-01-16 08:31:00 status: True, time: 1737016260000, calls: 1
2025-01-16 08:47:21 - INFO - 2025-01-16 08:31:00 status: True, time: 1737016260000, calls: 2
2025-01-16 08:47:21 - INFO - Duplicate timestamp detected. Stopping fetch.
2025-01-16 08:47:21 - INFO - before dropping :1
2025-01-16 08:47:21 - INFO - Empty DataFrame
Columns: [opentime, openprice, highprice, lowprice, closeprice]
Index: []
2025-01-16 08:47:21 - INFO - No new data to append.
2025-01-16 08:48:21 - INFO - Last opentime in CSV: 2025-01-16 08:00:00
2025-01-16 08:48:21 - INFO - CSV length before appending: 305
2025-01-16 08:48:21 - INFO - Rounded timestamp: 2025-01-16 08:30:00, Last opentime in CSV: 2025-01-16 08:00:00
2025-01-16 08:48:21 - INFO - 2025-01-16 08:31:00 status: True, time: 1737016260000, calls: 1
2025-01-16 08:48:22 - INFO - 2025-01-16 08:31:00 status: True, time: 1737016260000, calls: 2
2025-01-16 08:48:22 - INFO - Duplicate timestamp detected. Stopping fetch.
2025-01-16 08:48:22 - INFO - before dropping :1
2025-01-16 08:48:22 - INFO - Empty DataFrame
Columns: [opentime, openprice, highprice, lowprice, closeprice]
Index: []
2025-01-16 08:48:22 - INFO - No new data to append.
2025-01-16 08:49:22 - INFO - Last opentime in CSV: 2025-01-16 08:00:00
2025-01-16 08:49:22 - INFO - CSV length before appending: 305
2025-01-16 08:49:22 - INFO - Rounded timestamp: 2025-01-16 08:30:00, Last opentime in CSV: 2025-01-16 08:00:00
2025-01-16 08:49:22 - INFO - 2025-01-16 08:31:00 status: True, time: 1737016260000, calls: 1
2025-01-16 08:49:22 - INFO - 2025-01-16 08:31:00 status: True, time: 1737016260000, calls: 2
2025-01-16 08:49:22 - INFO - Duplicate timestamp detected. Stopping fetch.
2025-01-16 08:49:22 - INFO - before dropping :1
2025-01-16 08:49:22 - INFO - Empty DataFrame
Columns: [opentime, openprice, highprice, lowprice, closeprice]
Index: []
2025-01-16 08:49:22 - INFO - No new data to append.
2025-01-16 08:50:22 - INFO - Last opentime in CSV: 2025-01-16 08:00:00
2025-01-16 08:50:22 - INFO - CSV length before appending: 305
2025-01-16 08:50:22 - INFO - Rounded timestamp: 2025-01-16 08:30:00, Last opentime in CSV: 2025-01-16 08:00:00
2025-01-16 08:50:22 - INFO - 2025-01-16 08:31:00 status: True, time: 1737016260000, calls: 1
2025-01-16 08:50:22 - INFO - 2025-01-16 08:31:00 status: True, time: 1737016260000, calls: 2
2025-01-16 08:50:22 - INFO - Duplicate timestamp detected. Stopping fetch.
2025-01-16 08:50:22 - INFO - before dropping :1
2025-01-16 08:50:22 - INFO - Empty DataFrame
Columns: [opentime, openprice, highprice, lowprice, closeprice]
Index: []
2025-01-16 08:50:22 - INFO - No new data to append.
