2025-01-14 06:47:49 - INFO - Last opentime in CSV: 1736834400000
2025-01-14 06:47:49 - INFO - CSV length before appending: 205
2025-01-14 06:47:49 - INFO - Rounded timestamp: 1736836200000, Last opentime in CSV: 1736834400000
2025-01-14 06:47:49 - INFO - 2025-01-14 06:31:00 status: True, time: 1736836260000, calls: 1
2025-01-14 06:47:49 - INFO - 2025-01-14 06:31:00 status: True, time: 1736836260000, calls: 2
2025-01-14 06:47:49 - INFO - Duplicate timestamp detected. Stopping fetch.
2025-01-14 06:47:49 - INFO - before dropping :1
2025-01-14 06:47:49 - INFO - Empty DataFrame
Columns: [opentime, openprice, highprice, lowprice, closeprice]
Index: []
2025-01-14 06:47:49 - INFO - No new data to append.
2025-01-14 06:48:49 - INFO - Last opentime in CSV: 1736834400000
2025-01-14 06:48:49 - INFO - CSV length before appending: 205
2025-01-14 06:48:49 - INFO - Rounded timestamp: 1736836200000, Last opentime in CSV: 1736834400000
2025-01-14 06:48:49 - INFO - 2025-01-14 06:31:00 status: True, time: 1736836260000, calls: 1
2025-01-14 06:48:50 - INFO - 2025-01-14 06:31:00 status: True, time: 1736836260000, calls: 2
2025-01-14 06:48:50 - INFO - Duplicate timestamp detected. Stopping fetch.
2025-01-14 06:48:50 - INFO - before dropping :1
2025-01-14 06:48:50 - INFO - Empty DataFrame
Columns: [opentime, openprice, highprice, lowprice, closeprice]
Index: []
2025-01-14 06:48:50 - INFO - No new data to append.
2025-01-14 06:49:50 - INFO - Last opentime in CSV: 1736834400000
2025-01-14 06:49:50 - INFO - CSV length before appending: 205
2025-01-14 06:49:50 - INFO - Rounded timestamp: 1736836200000, Last opentime in CSV: 1736834400000
2025-01-14 06:49:50 - INFO - 2025-01-14 06:31:00 status: True, time: 1736836260000, calls: 1
2025-01-14 06:49:50 - INFO - 2025-01-14 06:31:00 status: True, time: 1736836260000, calls: 2
2025-01-14 06:49:50 - INFO - Duplicate timestamp detected. Stopping fetch.
2025-01-14 06:49:50 - INFO - before dropping :1
2025-01-14 06:49:50 - INFO - Empty DataFrame
Columns: [opentime, openprice, highprice, lowprice, closeprice]
Index: []
2025-01-14 06:49:50 - INFO - No new data to append.
2025-01-14 06:50:50 - INFO - Last opentime in CSV: 1736834400000
2025-01-14 06:50:50 - INFO - CSV length before appending: 205
2025-01-14 06:50:50 - INFO - Rounded timestamp: 1736836200000, Last opentime in CSV: 1736834400000
2025-01-14 06:50:50 - INFO - 2025-01-14 06:31:00 status: True, time: 1736836260000, calls: 1
2025-01-14 06:50:50 - INFO - 2025-01-14 06:31:00 status: True, time: 1736836260000, calls: 2
2025-01-14 06:50:50 - INFO - Duplicate timestamp detected. Stopping fetch.
2025-01-14 06:50:50 - INFO - before dropping :1
2025-01-14 06:50:50 - INFO - Empty DataFrame
Columns: [opentime, openprice, highprice, lowprice, closeprice]
Index: []
2025-01-14 06:50:50 - INFO - No new data to append.
2025-01-14 06:51:50 - INFO - Last opentime in CSV: 1736834400000
2025-01-14 06:51:50 - INFO - CSV length before appending: 205
2025-01-14 06:51:50 - INFO - Rounded timestamp: 1736836200000, Last opentime in CSV: 1736834400000
2025-01-14 06:51:50 - INFO - 2025-01-14 06:31:00 status: True, time: 1736836260000, calls: 1
2025-01-14 06:51:50 - INFO - 2025-01-14 06:31:00 status: True, time: 1736836260000, calls: 2
2025-01-14 06:51:50 - INFO - Duplicate timestamp detected. Stopping fetch.
2025-01-14 06:51:50 - INFO - before dropping :1
2025-01-14 06:51:50 - INFO - Empty DataFrame
Columns: [opentime, openprice, highprice, lowprice, closeprice]
Index: []
2025-01-14 06:51:50 - INFO - No new data to append.
2025-01-14 06:52:50 - INFO - Last opentime in CSV: 1736834400000
2025-01-14 06:52:50 - INFO - CSV length before appending: 205
2025-01-14 06:52:50 - INFO - Rounded timestamp: 1736836200000, Last opentime in CSV: 1736834400000
2025-01-14 06:52:50 - INFO - 2025-01-14 06:31:00 status: True, time: 1736836260000, calls: 1
2025-01-14 06:52:50 - INFO - 2025-01-14 06:31:00 status: True, time: 1736836260000, calls: 2
2025-01-14 06:52:50 - INFO - Duplicate timestamp detected. Stopping fetch.
2025-01-14 06:52:50 - INFO - before dropping :1
2025-01-14 06:52:51 - INFO - Empty DataFrame
Columns: [opentime, openprice, highprice, lowprice, closeprice]
Index: []
2025-01-14 06:52:51 - INFO - No new data to append.
2025-01-14 06:53:51 - INFO - Last opentime in CSV: 1736834400000
2025-01-14 06:53:51 - INFO - CSV length before appending: 205
2025-01-14 06:53:51 - INFO - Rounded timestamp: 1736836200000, Last opentime in CSV: 1736834400000
2025-01-14 06:53:51 - INFO - 2025-01-14 06:31:00 status: True, time: 1736836260000, calls: 1
2025-01-14 06:53:51 - INFO - 2025-01-14 06:31:00 status: True, time: 1736836260000, calls: 2
2025-01-14 06:53:51 - INFO - Duplicate timestamp detected. Stopping fetch.
2025-01-14 06:53:51 - INFO - before dropping :1
2025-01-14 06:53:51 - INFO - Empty DataFrame
Columns: [opentime, openprice, highprice, lowprice, closeprice]
Index: []
2025-01-14 06:53:51 - INFO - No new data to append.
2025-01-14 06:54:51 - INFO - Last opentime in CSV: 1736834400000
2025-01-14 06:54:51 - INFO - CSV length before appending: 205
2025-01-14 06:54:51 - INFO - Rounded timestamp: 1736836200000, Last opentime in CSV: 1736834400000
2025-01-14 06:54:51 - INFO - 2025-01-14 06:31:00 status: True, time: 1736836260000, calls: 1
2025-01-14 06:54:51 - INFO - 2025-01-14 06:31:00 status: True, time: 1736836260000, calls: 2
2025-01-14 06:54:51 - INFO - Duplicate timestamp detected. Stopping fetch.
2025-01-14 06:54:51 - INFO - before dropping :1
2025-01-14 06:54:51 - INFO - Empty DataFrame
Columns: [opentime, openprice, highprice, lowprice, closeprice]
Index: []
2025-01-14 06:54:51 - INFO - No new data to append.
2025-01-14 06:55:51 - INFO - Last opentime in CSV: 1736834400000
2025-01-14 06:55:51 - INFO - CSV length before appending: 205
2025-01-14 06:55:51 - INFO - Rounded timestamp: 1736836200000, Last opentime in CSV: 1736834400000
2025-01-14 06:55:51 - INFO - 2025-01-14 06:31:00 status: True, time: 1736836260000, calls: 1
2025-01-14 06:55:51 - INFO - 2025-01-14 06:31:00 status: True, time: 1736836260000, calls: 2
2025-01-14 06:55:51 - INFO - Duplicate timestamp detected. Stopping fetch.
2025-01-14 06:55:51 - INFO - before dropping :1
2025-01-14 06:55:51 - INFO - Empty DataFrame
Columns: [opentime, openprice, highprice, lowprice, closeprice]
Index: []
2025-01-14 06:55:51 - INFO - No new data to append.
2025-01-14 06:56:51 - INFO - Last opentime in CSV: 1736834400000
2025-01-14 06:56:51 - INFO - CSV length before appending: 205
2025-01-14 06:56:51 - INFO - Rounded timestamp: 1736836200000, Last opentime in CSV: 1736834400000
2025-01-14 06:56:52 - INFO - 2025-01-14 06:31:00 status: True, time: 1736836260000, calls: 1
2025-01-14 06:56:52 - INFO - 2025-01-14 06:31:00 status: True, time: 1736836260000, calls: 2
2025-01-14 06:56:52 - INFO - Duplicate timestamp detected. Stopping fetch.
2025-01-14 06:56:52 - INFO - before dropping :1
2025-01-14 06:56:52 - INFO - Empty DataFrame
Columns: [opentime, openprice, highprice, lowprice, closeprice]
Index: []
2025-01-14 06:56:52 - INFO - No new data to append.
2025-01-14 06:57:52 - INFO - Last opentime in CSV: 1736834400000
2025-01-14 06:57:52 - INFO - CSV length before appending: 205
2025-01-14 06:57:52 - INFO - Rounded timestamp: 1736836200000, Last opentime in CSV: 1736834400000
2025-01-14 06:57:52 - INFO - 2025-01-14 06:31:00 status: True, time: 1736836260000, calls: 1
2025-01-14 06:57:52 - INFO - 2025-01-14 06:31:00 status: True, time: 1736836260000, calls: 2
2025-01-14 06:57:52 - INFO - Duplicate timestamp detected. Stopping fetch.
2025-01-14 06:57:52 - INFO - before dropping :1
2025-01-14 06:57:52 - INFO - Empty DataFrame
Columns: [opentime, openprice, highprice, lowprice, closeprice]
Index: []
2025-01-14 06:57:52 - INFO - No new data to append.
2025-01-14 06:58:52 - INFO - Last opentime in CSV: 1736834400000
2025-01-14 06:58:52 - INFO - CSV length before appending: 205
2025-01-14 06:58:52 - INFO - Rounded timestamp: 1736836200000, Last opentime in CSV: 1736834400000
2025-01-14 06:58:52 - INFO - 2025-01-14 06:31:00 status: True, time: 1736836260000, calls: 1
2025-01-14 06:58:52 - INFO - 2025-01-14 06:31:00 status: True, time: 1736836260000, calls: 2
2025-01-14 06:58:52 - INFO - Duplicate timestamp detected. Stopping fetch.
2025-01-14 06:58:52 - INFO - before dropping :1
2025-01-14 06:58:52 - INFO - Empty DataFrame
Columns: [opentime, openprice, highprice, lowprice, closeprice]
Index: []
2025-01-14 06:58:52 - INFO - No new data to append.
2025-01-14 06:59:52 - INFO - Last opentime in CSV: 1736834400000
2025-01-14 06:59:52 - INFO - CSV length before appending: 205
2025-01-14 06:59:52 - INFO - Rounded timestamp: 1736836200000, Last opentime in CSV: 1736834400000
2025-01-14 06:59:52 - INFO - 2025-01-14 06:31:00 status: True, time: 1736836260000, calls: 1
2025-01-14 06:59:52 - INFO - 2025-01-14 06:31:00 status: True, time: 1736836260000, calls: 2
2025-01-14 06:59:52 - INFO - Duplicate timestamp detected. Stopping fetch.
2025-01-14 06:59:52 - INFO - before dropping :1
2025-01-14 06:59:52 - INFO - Empty DataFrame
Columns: [opentime, openprice, highprice, lowprice, closeprice]
Index: []
2025-01-14 06:59:52 - INFO - No new data to append.
2025-01-14 07:00:52 - INFO - Last opentime in CSV: 1736834400000
2025-01-14 07:00:52 - INFO - CSV length before appending: 205
2025-01-14 07:00:52 - INFO - Rounded timestamp: 1736838000000, Last opentime in CSV: 1736834400000
2025-01-14 07:00:53 - INFO - Reached endtime at 2025-01-14 07:01:00. Stopping fetch.
2025-01-14 07:00:53 - INFO - before dropping :2
2025-01-14 07:00:53 - INFO -         opentime  openprice  highprice  lowprice  closeprice
0  1736836200000       4.59     4.6033    4.5725      4.5956
2025-01-14 07:00:53 - INFO - 1 new rows fetched and appended successfully.
2025-01-14 07:00:53 - INFO - New CSV length after appending: 206
2025-01-14 07:00:53 - INFO - New data:           opentime  openprice  highprice  lowprice  closeprice
205  1736836200000       4.59     4.6033    4.5725      4.5956
2025-01-14 07:00:53 - INFO - New data fetched, processing now.
2025-01-14 07:00:53 - INFO - Last row:           opentime  openprice  ...  SUPERTl_10_3.0  SUPERTs_10_3.0
205  1736836200000       4.59  ...        4.504207             NaN

[1 rows x 7 columns]
2025-01-14 07:00:53 - INFO - Supertrend indicator applied.
2025-01-14 07:00:53 - INFO - Last row:           opentime  openprice  ...  leading_span_a  leading_span_b
205  1736836200000       4.59  ...         4.42745             NaN

[1 rows x 9 columns]
2025-01-14 07:00:53 - INFO - Ichimoku cloud indicator applied.
2025-01-14 07:00:53 - INFO - Previous up trend: 4.504206618167683
2025-01-14 07:00:53 - INFO - Current up trend: 4.504206618167683
2025-01-14 07:00:53 - INFO - Trend: unchange
2025-01-14 07:00:53 - INFO - Suggested Action: Long
2025-01-14 07:00:53 - INFO - Previous Action: Long
2025-01-14 07:00:53 - INFO - Suggested Action: Long
2025-01-14 07:00:53 - INFO - at: 2025-01-14 06:30:00 - No action taken
2025-01-14 07:01:53 - INFO - Last opentime in CSV: 1736836200000
2025-01-14 07:01:53 - INFO - CSV length before appending: 206
2025-01-14 07:01:53 - INFO - Rounded timestamp: 1736838000000, Last opentime in CSV: 1736836200000
2025-01-14 07:01:53 - INFO - 2025-01-14 07:01:00 status: True, time: 1736838060000, calls: 1
2025-01-14 07:01:53 - INFO - 2025-01-14 07:01:00 status: True, time: 1736838060000, calls: 2
2025-01-14 07:01:53 - INFO - Duplicate timestamp detected. Stopping fetch.
2025-01-14 07:01:53 - INFO - before dropping :1
2025-01-14 07:01:53 - INFO - Empty DataFrame
Columns: [opentime, openprice, highprice, lowprice, closeprice]
Index: []
2025-01-14 07:01:53 - INFO - No new data to append.
2025-01-14 07:02:53 - INFO - Last opentime in CSV: 1736836200000
2025-01-14 07:02:53 - INFO - CSV length before appending: 206
2025-01-14 07:02:53 - INFO - Rounded timestamp: 1736838000000, Last opentime in CSV: 1736836200000
2025-01-14 07:02:53 - INFO - 2025-01-14 07:01:00 status: True, time: 1736838060000, calls: 1
2025-01-14 07:02:53 - INFO - 2025-01-14 07:01:00 status: True, time: 1736838060000, calls: 2
2025-01-14 07:02:53 - INFO - Duplicate timestamp detected. Stopping fetch.
2025-01-14 07:02:53 - INFO - before dropping :1
2025-01-14 07:02:53 - INFO - Empty DataFrame
Columns: [opentime, openprice, highprice, lowprice, closeprice]
Index: []
2025-01-14 07:02:53 - INFO - No new data to append.
2025-01-14 07:03:53 - INFO - Last opentime in CSV: 1736836200000
2025-01-14 07:03:53 - INFO - CSV length before appending: 206
2025-01-14 07:03:53 - INFO - Rounded timestamp: 1736838000000, Last opentime in CSV: 1736836200000
2025-01-14 07:03:53 - INFO - 2025-01-14 07:01:00 status: True, time: 1736838060000, calls: 1
2025-01-14 07:03:53 - INFO - 2025-01-14 07:01:00 status: True, time: 1736838060000, calls: 2
2025-01-14 07:03:53 - INFO - Duplicate timestamp detected. Stopping fetch.
2025-01-14 07:03:53 - INFO - before dropping :1
2025-01-14 07:03:53 - INFO - Empty DataFrame
Columns: [opentime, openprice, highprice, lowprice, closeprice]
Index: []
2025-01-14 07:03:53 - INFO - No new data to append.
2025-01-14 07:04:53 - INFO - Last opentime in CSV: 1736836200000
2025-01-14 07:04:53 - INFO - CSV length before appending: 206
2025-01-14 07:04:53 - INFO - Rounded timestamp: 1736838000000, Last opentime in CSV: 1736836200000
2025-01-14 07:04:53 - INFO - 2025-01-14 07:01:00 status: True, time: 1736838060000, calls: 1
2025-01-14 07:04:53 - INFO - 2025-01-14 07:01:00 status: True, time: 1736838060000, calls: 2
2025-01-14 07:04:53 - INFO - Duplicate timestamp detected. Stopping fetch.
2025-01-14 07:04:53 - INFO - before dropping :1
2025-01-14 07:04:53 - INFO - Empty DataFrame
Columns: [opentime, openprice, highprice, lowprice, closeprice]
Index: []
2025-01-14 07:04:53 - INFO - No new data to append.
2025-01-14 07:05:54 - INFO - Last opentime in CSV: 1736836200000
2025-01-14 07:05:54 - INFO - CSV length before appending: 206
2025-01-14 07:05:54 - INFO - Rounded timestamp: 1736838000000, Last opentime in CSV: 1736836200000
2025-01-14 07:05:54 - INFO - 2025-01-14 07:01:00 status: True, time: 1736838060000, calls: 1
2025-01-14 07:05:54 - INFO - 2025-01-14 07:01:00 status: True, time: 1736838060000, calls: 2
2025-01-14 07:05:54 - INFO - Duplicate timestamp detected. Stopping fetch.
2025-01-14 07:05:54 - INFO - before dropping :1
2025-01-14 07:05:54 - INFO - Empty DataFrame
Columns: [opentime, openprice, highprice, lowprice, closeprice]
Index: []
2025-01-14 07:05:54 - INFO - No new data to append.
2025-01-14 07:06:54 - INFO - Last opentime in CSV: 1736836200000
2025-01-14 07:06:54 - INFO - CSV length before appending: 206
2025-01-14 07:06:54 - INFO - Rounded timestamp: 1736838000000, Last opentime in CSV: 1736836200000
2025-01-14 07:06:54 - INFO - 2025-01-14 07:01:00 status: True, time: 1736838060000, calls: 1
2025-01-14 07:06:54 - INFO - 2025-01-14 07:01:00 status: True, time: 1736838060000, calls: 2
2025-01-14 07:06:54 - INFO - Duplicate timestamp detected. Stopping fetch.
2025-01-14 07:06:54 - INFO - before dropping :1
2025-01-14 07:06:54 - INFO - Empty DataFrame
Columns: [opentime, openprice, highprice, lowprice, closeprice]
Index: []
2025-01-14 07:06:54 - INFO - No new data to append.
2025-01-14 07:07:54 - INFO - Last opentime in CSV: 1736836200000
2025-01-14 07:07:54 - INFO - CSV length before appending: 206
2025-01-14 07:07:54 - INFO - Rounded timestamp: 1736838000000, Last opentime in CSV: 1736836200000
2025-01-14 07:07:54 - INFO - 2025-01-14 07:01:00 status: True, time: 1736838060000, calls: 1
2025-01-14 07:07:54 - INFO - 2025-01-14 07:01:00 status: True, time: 1736838060000, calls: 2
2025-01-14 07:07:54 - INFO - Duplicate timestamp detected. Stopping fetch.
2025-01-14 07:07:54 - INFO - before dropping :1
2025-01-14 07:07:54 - INFO - Empty DataFrame
Columns: [opentime, openprice, highprice, lowprice, closeprice]
Index: []
2025-01-14 07:07:54 - INFO - No new data to append.
2025-01-14 07:08:54 - INFO - Last opentime in CSV: 1736836200000
2025-01-14 07:08:54 - INFO - CSV length before appending: 206
2025-01-14 07:08:54 - INFO - Rounded timestamp: 1736838000000, Last opentime in CSV: 1736836200000
2025-01-14 07:08:55 - INFO - 2025-01-14 07:01:00 status: True, time: 1736838060000, calls: 1
2025-01-14 07:08:55 - INFO - 2025-01-14 07:01:00 status: True, time: 1736838060000, calls: 2
2025-01-14 07:08:55 - INFO - Duplicate timestamp detected. Stopping fetch.
2025-01-14 07:08:55 - INFO - before dropping :1
2025-01-14 07:08:55 - INFO - Empty DataFrame
Columns: [opentime, openprice, highprice, lowprice, closeprice]
Index: []
2025-01-14 07:08:55 - INFO - No new data to append.
2025-01-14 07:09:55 - INFO - Last opentime in CSV: 1736836200000
2025-01-14 07:09:55 - INFO - CSV length before appending: 206
2025-01-14 07:09:55 - INFO - Rounded timestamp: 1736838000000, Last opentime in CSV: 1736836200000
2025-01-14 07:09:55 - INFO - 2025-01-14 07:01:00 status: True, time: 1736838060000, calls: 1
2025-01-14 07:09:55 - INFO - 2025-01-14 07:01:00 status: True, time: 1736838060000, calls: 2
2025-01-14 07:09:55 - INFO - Duplicate timestamp detected. Stopping fetch.
2025-01-14 07:09:55 - INFO - before dropping :1
2025-01-14 07:09:55 - INFO - Empty DataFrame
Columns: [opentime, openprice, highprice, lowprice, closeprice]
Index: []
2025-01-14 07:09:55 - INFO - No new data to append.
2025-01-14 07:10:55 - INFO - Last opentime in CSV: 1736836200000
2025-01-14 07:10:55 - INFO - CSV length before appending: 206
2025-01-14 07:10:55 - INFO - Rounded timestamp: 1736838000000, Last opentime in CSV: 1736836200000
2025-01-14 07:10:55 - INFO - 2025-01-14 07:01:00 status: True, time: 1736838060000, calls: 1
2025-01-14 07:10:55 - INFO - 2025-01-14 07:01:00 status: True, time: 1736838060000, calls: 2
2025-01-14 07:10:55 - INFO - Duplicate timestamp detected. Stopping fetch.
2025-01-14 07:10:55 - INFO - before dropping :1
2025-01-14 07:10:55 - INFO - Empty DataFrame
Columns: [opentime, openprice, highprice, lowprice, closeprice]
Index: []
2025-01-14 07:10:55 - INFO - No new data to append.
2025-01-14 07:11:55 - INFO - Last opentime in CSV: 1736836200000
2025-01-14 07:11:55 - INFO - CSV length before appending: 206
2025-01-14 07:11:55 - INFO - Rounded timestamp: 1736838000000, Last opentime in CSV: 1736836200000
2025-01-14 07:11:55 - INFO - 2025-01-14 07:01:00 status: True, time: 1736838060000, calls: 1
2025-01-14 07:11:55 - INFO - 2025-01-14 07:01:00 status: True, time: 1736838060000, calls: 2
2025-01-14 07:11:55 - INFO - Duplicate timestamp detected. Stopping fetch.
2025-01-14 07:11:55 - INFO - before dropping :1
2025-01-14 07:11:55 - INFO - Empty DataFrame
Columns: [opentime, openprice, highprice, lowprice, closeprice]
Index: []
2025-01-14 07:11:55 - INFO - No new data to append.
2025-01-14 07:12:55 - INFO - Last opentime in CSV: 1736836200000
2025-01-14 07:12:55 - INFO - CSV length before appending: 206
2025-01-14 07:12:55 - INFO - Rounded timestamp: 1736838000000, Last opentime in CSV: 1736836200000
2025-01-14 07:12:56 - INFO - 2025-01-14 07:01:00 status: True, time: 1736838060000, calls: 1
2025-01-14 07:12:56 - INFO - 2025-01-14 07:01:00 status: True, time: 1736838060000, calls: 2
2025-01-14 07:12:56 - INFO - Duplicate timestamp detected. Stopping fetch.
2025-01-14 07:12:56 - INFO - before dropping :1
2025-01-14 07:12:56 - INFO - Empty DataFrame
Columns: [opentime, openprice, highprice, lowprice, closeprice]
Index: []
2025-01-14 07:12:56 - INFO - No new data to append.
2025-01-14 07:13:56 - INFO - Last opentime in CSV: 1736836200000
2025-01-14 07:13:56 - INFO - CSV length before appending: 206
2025-01-14 07:13:56 - INFO - Rounded timestamp: 1736838000000, Last opentime in CSV: 1736836200000
2025-01-14 07:13:56 - INFO - 2025-01-14 07:01:00 status: True, time: 1736838060000, calls: 1
2025-01-14 07:13:56 - INFO - 2025-01-14 07:01:00 status: True, time: 1736838060000, calls: 2
2025-01-14 07:13:56 - INFO - Duplicate timestamp detected. Stopping fetch.
2025-01-14 07:13:56 - INFO - before dropping :1
2025-01-14 07:13:56 - INFO - Empty DataFrame
Columns: [opentime, openprice, highprice, lowprice, closeprice]
Index: []
2025-01-14 07:13:56 - INFO - No new data to append.
2025-01-14 07:14:56 - INFO - Last opentime in CSV: 1736836200000
2025-01-14 07:14:56 - INFO - CSV length before appending: 206
2025-01-14 07:14:56 - INFO - Rounded timestamp: 1736838000000, Last opentime in CSV: 1736836200000
2025-01-14 07:14:56 - INFO - 2025-01-14 07:01:00 status: True, time: 1736838060000, calls: 1
2025-01-14 07:14:56 - INFO - 2025-01-14 07:01:00 status: True, time: 1736838060000, calls: 2
2025-01-14 07:14:56 - INFO - Duplicate timestamp detected. Stopping fetch.
2025-01-14 07:14:56 - INFO - before dropping :1
2025-01-14 07:14:56 - INFO - Empty DataFrame
Columns: [opentime, openprice, highprice, lowprice, closeprice]
Index: []
2025-01-14 07:14:56 - INFO - No new data to append.
2025-01-14 07:15:56 - INFO - Last opentime in CSV: 1736836200000
2025-01-14 07:15:56 - INFO - CSV length before appending: 206
2025-01-14 07:15:56 - INFO - Rounded timestamp: 1736838000000, Last opentime in CSV: 1736836200000
2025-01-14 07:15:56 - INFO - 2025-01-14 07:01:00 status: True, time: 1736838060000, calls: 1
2025-01-14 07:15:56 - INFO - 2025-01-14 07:01:00 status: True, time: 1736838060000, calls: 2
2025-01-14 07:15:56 - INFO - Duplicate timestamp detected. Stopping fetch.
2025-01-14 07:15:56 - INFO - before dropping :1
2025-01-14 07:15:56 - INFO - Empty DataFrame
Columns: [opentime, openprice, highprice, lowprice, closeprice]
Index: []
2025-01-14 07:15:56 - INFO - No new data to append.
2025-01-14 07:16:56 - INFO - Last opentime in CSV: 1736836200000
2025-01-14 07:16:56 - INFO - CSV length before appending: 206
2025-01-14 07:16:56 - INFO - Rounded timestamp: 1736838000000, Last opentime in CSV: 1736836200000
2025-01-14 07:16:56 - INFO - 2025-01-14 07:01:00 status: True, time: 1736838060000, calls: 1
2025-01-14 07:16:57 - INFO - 2025-01-14 07:01:00 status: True, time: 1736838060000, calls: 2
2025-01-14 07:16:57 - INFO - Duplicate timestamp detected. Stopping fetch.
2025-01-14 07:16:57 - INFO - before dropping :1
2025-01-14 07:16:57 - INFO - Empty DataFrame
Columns: [opentime, openprice, highprice, lowprice, closeprice]
Index: []
2025-01-14 07:16:57 - INFO - No new data to append.
2025-01-14 07:17:57 - INFO - Last opentime in CSV: 1736836200000
2025-01-14 07:17:57 - INFO - CSV length before appending: 206
2025-01-14 07:17:57 - INFO - Rounded timestamp: 1736838000000, Last opentime in CSV: 1736836200000
2025-01-14 07:17:57 - INFO - 2025-01-14 07:01:00 status: True, time: 1736838060000, calls: 1
2025-01-14 07:17:57 - INFO - 2025-01-14 07:01:00 status: True, time: 1736838060000, calls: 2
2025-01-14 07:17:57 - INFO - Duplicate timestamp detected. Stopping fetch.
2025-01-14 07:17:57 - INFO - before dropping :1
2025-01-14 07:17:57 - INFO - Empty DataFrame
Columns: [opentime, openprice, highprice, lowprice, closeprice]
Index: []
2025-01-14 07:17:57 - INFO - No new data to append.
2025-01-14 07:18:57 - INFO - Last opentime in CSV: 1736836200000
2025-01-14 07:18:57 - INFO - CSV length before appending: 206
2025-01-14 07:18:57 - INFO - Rounded timestamp: 1736838000000, Last opentime in CSV: 1736836200000
2025-01-14 07:18:57 - INFO - 2025-01-14 07:01:00 status: True, time: 1736838060000, calls: 1
2025-01-14 07:18:57 - INFO - 2025-01-14 07:01:00 status: True, time: 1736838060000, calls: 2
2025-01-14 07:18:57 - INFO - Duplicate timestamp detected. Stopping fetch.
2025-01-14 07:18:57 - INFO - before dropping :1
2025-01-14 07:18:57 - INFO - Empty DataFrame
Columns: [opentime, openprice, highprice, lowprice, closeprice]
Index: []
2025-01-14 07:18:57 - INFO - No new data to append.
2025-01-14 07:19:57 - INFO - Last opentime in CSV: 1736836200000
2025-01-14 07:19:57 - INFO - CSV length before appending: 206
2025-01-14 07:19:57 - INFO - Rounded timestamp: 1736838000000, Last opentime in CSV: 1736836200000
2025-01-14 07:19:57 - INFO - 2025-01-14 07:01:00 status: True, time: 1736838060000, calls: 1
2025-01-14 07:19:57 - INFO - 2025-01-14 07:01:00 status: True, time: 1736838060000, calls: 2
2025-01-14 07:19:57 - INFO - Duplicate timestamp detected. Stopping fetch.
2025-01-14 07:19:57 - INFO - before dropping :1
2025-01-14 07:19:57 - INFO - Empty DataFrame
Columns: [opentime, openprice, highprice, lowprice, closeprice]
Index: []
2025-01-14 07:19:57 - INFO - No new data to append.
2025-01-14 07:20:57 - INFO - Last opentime in CSV: 1736836200000
2025-01-14 07:20:57 - INFO - CSV length before appending: 206
2025-01-14 07:20:57 - INFO - Rounded timestamp: 1736838000000, Last opentime in CSV: 1736836200000
2025-01-14 07:20:57 - INFO - 2025-01-14 07:01:00 status: True, time: 1736838060000, calls: 1
2025-01-14 07:20:57 - INFO - 2025-01-14 07:01:00 status: True, time: 1736838060000, calls: 2
2025-01-14 07:20:57 - INFO - Duplicate timestamp detected. Stopping fetch.
2025-01-14 07:20:57 - INFO - before dropping :1
2025-01-14 07:20:57 - INFO - Empty DataFrame
Columns: [opentime, openprice, highprice, lowprice, closeprice]
Index: []
2025-01-14 07:20:57 - INFO - No new data to append.
2025-01-14 07:21:57 - INFO - Last opentime in CSV: 1736836200000
2025-01-14 07:21:57 - INFO - CSV length before appending: 206
2025-01-14 07:21:57 - INFO - Rounded timestamp: 1736838000000, Last opentime in CSV: 1736836200000
2025-01-14 07:21:58 - INFO - 2025-01-14 07:01:00 status: True, time: 1736838060000, calls: 1
2025-01-14 07:21:58 - INFO - 2025-01-14 07:01:00 status: True, time: 1736838060000, calls: 2
2025-01-14 07:21:58 - INFO - Duplicate timestamp detected. Stopping fetch.
2025-01-14 07:21:58 - INFO - before dropping :1
2025-01-14 07:21:58 - INFO - Empty DataFrame
Columns: [opentime, openprice, highprice, lowprice, closeprice]
Index: []
2025-01-14 07:21:58 - INFO - No new data to append.
2025-01-14 07:22:58 - INFO - Last opentime in CSV: 1736836200000
2025-01-14 07:22:58 - INFO - CSV length before appending: 206
2025-01-14 07:22:58 - INFO - Rounded timestamp: 1736838000000, Last opentime in CSV: 1736836200000
2025-01-14 07:22:58 - INFO - 2025-01-14 07:01:00 status: True, time: 1736838060000, calls: 1
2025-01-14 07:22:58 - INFO - 2025-01-14 07:01:00 status: True, time: 1736838060000, calls: 2
2025-01-14 07:22:58 - INFO - Duplicate timestamp detected. Stopping fetch.
2025-01-14 07:22:58 - INFO - before dropping :1
2025-01-14 07:22:58 - INFO - Empty DataFrame
Columns: [opentime, openprice, highprice, lowprice, closeprice]
Index: []
2025-01-14 07:22:58 - INFO - No new data to append.
2025-01-14 07:23:58 - INFO - Last opentime in CSV: 1736836200000
2025-01-14 07:23:58 - INFO - CSV length before appending: 206
2025-01-14 07:23:58 - INFO - Rounded timestamp: 1736838000000, Last opentime in CSV: 1736836200000
2025-01-14 07:23:58 - INFO - 2025-01-14 07:01:00 status: True, time: 1736838060000, calls: 1
2025-01-14 07:23:58 - INFO - 2025-01-14 07:01:00 status: True, time: 1736838060000, calls: 2
2025-01-14 07:23:58 - INFO - Duplicate timestamp detected. Stopping fetch.
2025-01-14 07:23:58 - INFO - before dropping :1
2025-01-14 07:23:58 - INFO - Empty DataFrame
Columns: [opentime, openprice, highprice, lowprice, closeprice]
Index: []
2025-01-14 07:23:58 - INFO - No new data to append.
2025-01-14 07:24:58 - INFO - Last opentime in CSV: 1736836200000
2025-01-14 07:24:58 - INFO - CSV length before appending: 206
2025-01-14 07:24:58 - INFO - Rounded timestamp: 1736838000000, Last opentime in CSV: 1736836200000
2025-01-14 07:24:58 - INFO - 2025-01-14 07:01:00 status: True, time: 1736838060000, calls: 1
2025-01-14 07:24:58 - INFO - 2025-01-14 07:01:00 status: True, time: 1736838060000, calls: 2
2025-01-14 07:24:58 - INFO - Duplicate timestamp detected. Stopping fetch.
2025-01-14 07:24:58 - INFO - before dropping :1
2025-01-14 07:24:58 - INFO - Empty DataFrame
Columns: [opentime, openprice, highprice, lowprice, closeprice]
Index: []
2025-01-14 07:24:58 - INFO - No new data to append.
2025-01-14 07:25:58 - INFO - Last opentime in CSV: 1736836200000
2025-01-14 07:25:58 - INFO - CSV length before appending: 206
2025-01-14 07:25:58 - INFO - Rounded timestamp: 1736838000000, Last opentime in CSV: 1736836200000
2025-01-14 07:25:59 - INFO - 2025-01-14 07:01:00 status: True, time: 1736838060000, calls: 1
2025-01-14 07:25:59 - INFO - 2025-01-14 07:01:00 status: True, time: 1736838060000, calls: 2
2025-01-14 07:25:59 - INFO - Duplicate timestamp detected. Stopping fetch.
2025-01-14 07:25:59 - INFO - before dropping :1
2025-01-14 07:25:59 - INFO - Empty DataFrame
Columns: [opentime, openprice, highprice, lowprice, closeprice]
Index: []
2025-01-14 07:25:59 - INFO - No new data to append.
2025-01-14 07:26:59 - INFO - Last opentime in CSV: 1736836200000
2025-01-14 07:26:59 - INFO - CSV length before appending: 206
2025-01-14 07:26:59 - INFO - Rounded timestamp: 1736838000000, Last opentime in CSV: 1736836200000
2025-01-14 07:26:59 - INFO - 2025-01-14 07:01:00 status: True, time: 1736838060000, calls: 1
2025-01-14 07:26:59 - INFO - 2025-01-14 07:01:00 status: True, time: 1736838060000, calls: 2
2025-01-14 07:26:59 - INFO - Duplicate timestamp detected. Stopping fetch.
2025-01-14 07:26:59 - INFO - before dropping :1
2025-01-14 07:26:59 - INFO - Empty DataFrame
Columns: [opentime, openprice, highprice, lowprice, closeprice]
Index: []
2025-01-14 07:26:59 - INFO - No new data to append.
2025-01-14 07:27:59 - INFO - Last opentime in CSV: 1736836200000
2025-01-14 07:27:59 - INFO - CSV length before appending: 206
2025-01-14 07:27:59 - INFO - Rounded timestamp: 1736838000000, Last opentime in CSV: 1736836200000
2025-01-14 07:27:59 - INFO - 2025-01-14 07:01:00 status: True, time: 1736838060000, calls: 1
2025-01-14 07:27:59 - INFO - 2025-01-14 07:01:00 status: True, time: 1736838060000, calls: 2
2025-01-14 07:27:59 - INFO - Duplicate timestamp detected. Stopping fetch.
2025-01-14 07:27:59 - INFO - before dropping :1
2025-01-14 07:27:59 - INFO - Empty DataFrame
Columns: [opentime, openprice, highprice, lowprice, closeprice]
Index: []
2025-01-14 07:27:59 - INFO - No new data to append.
2025-01-14 07:28:59 - INFO - Last opentime in CSV: 1736836200000
2025-01-14 07:28:59 - INFO - CSV length before appending: 206
2025-01-14 07:28:59 - INFO - Rounded timestamp: 1736838000000, Last opentime in CSV: 1736836200000
2025-01-14 07:28:59 - INFO - 2025-01-14 07:01:00 status: True, time: 1736838060000, calls: 1
2025-01-14 07:28:59 - INFO - 2025-01-14 07:01:00 status: True, time: 1736838060000, calls: 2
2025-01-14 07:28:59 - INFO - Duplicate timestamp detected. Stopping fetch.
2025-01-14 07:28:59 - INFO - before dropping :1
2025-01-14 07:28:59 - INFO - Empty DataFrame
Columns: [opentime, openprice, highprice, lowprice, closeprice]
Index: []
2025-01-14 07:28:59 - INFO - No new data to append.
2025-01-14 07:29:59 - INFO - Last opentime in CSV: 1736836200000
2025-01-14 07:29:59 - INFO - CSV length before appending: 206
2025-01-14 07:29:59 - INFO - Rounded timestamp: 1736838000000, Last opentime in CSV: 1736836200000
2025-01-14 07:30:00 - INFO - 2025-01-14 07:01:00 status: True, time: 1736838060000, calls: 1
2025-01-14 07:30:00 - INFO - 2025-01-14 07:01:00 status: True, time: 1736838060000, calls: 2
2025-01-14 07:30:00 - INFO - Duplicate timestamp detected. Stopping fetch.
2025-01-14 07:30:00 - INFO - before dropping :1
2025-01-14 07:30:00 - INFO - Empty DataFrame
Columns: [opentime, openprice, highprice, lowprice, closeprice]
Index: []
2025-01-14 07:30:00 - INFO - No new data to append.
2025-01-14 07:31:00 - INFO - Last opentime in CSV: 1736836200000
2025-01-14 07:31:00 - INFO - CSV length before appending: 206
2025-01-14 07:31:00 - INFO - Rounded timestamp: 1736839800000, Last opentime in CSV: 1736836200000
2025-01-14 07:31:00 - INFO - 2025-01-14 07:31:00 status: True, time: 1736839860000, calls: 1
2025-01-14 07:31:00 - INFO - 2025-01-14 07:31:00 status: True, time: 1736839860000, calls: 2
2025-01-14 07:31:00 - INFO - Duplicate timestamp detected. Stopping fetch.
2025-01-14 07:31:00 - INFO - before dropping :2
2025-01-14 07:31:00 - INFO -         opentime  openprice  highprice  lowprice  closeprice
0  1736838000000     4.5957      4.603    4.5779      4.5815
2025-01-14 07:31:00 - INFO - 1 new rows fetched and appended successfully.
2025-01-14 07:31:00 - INFO - New CSV length after appending: 207
2025-01-14 07:31:00 - INFO - New data:           opentime  openprice  highprice  lowprice  closeprice
206  1736838000000     4.5957      4.603    4.5779      4.5815
2025-01-14 07:31:00 - INFO - New data fetched, processing now.
2025-01-14 07:31:00 - INFO - Last row:           opentime  openprice  ...  SUPERTl_10_3.0  SUPERTs_10_3.0
206  1736838000000     4.5957  ...        4.504048             NaN

[1 rows x 7 columns]
2025-01-14 07:31:00 - INFO - Supertrend indicator applied.
2025-01-14 07:31:00 - INFO - Last row:           opentime  openprice  ...  leading_span_a  leading_span_b
206  1736838000000     4.5957  ...         4.41855             NaN

[1 rows x 9 columns]
2025-01-14 07:31:00 - INFO - Ichimoku cloud indicator applied.
2025-01-14 07:31:00 - INFO - Previous up trend: 4.504048296232673
2025-01-14 07:31:00 - INFO - Current up trend: 4.504048296232673
2025-01-14 07:31:00 - INFO - Trend: unchange
2025-01-14 07:31:00 - INFO - Suggested Action: Long
2025-01-14 07:31:00 - INFO - Previous Action: Long
2025-01-14 07:31:00 - INFO - Suggested Action: Long
2025-01-14 07:31:00 - INFO - at: 2025-01-14 07:00:00 - No action taken
2025-01-14 07:32:00 - INFO - Last opentime in CSV: 1736838000000
2025-01-14 07:32:00 - INFO - CSV length before appending: 207
2025-01-14 07:32:00 - INFO - Rounded timestamp: 1736839800000, Last opentime in CSV: 1736838000000
2025-01-14 07:32:00 - INFO - 2025-01-14 07:31:00 status: True, time: 1736839860000, calls: 1
2025-01-14 07:32:00 - INFO - 2025-01-14 07:31:00 status: True, time: 1736839860000, calls: 2
2025-01-14 07:32:00 - INFO - Duplicate timestamp detected. Stopping fetch.
2025-01-14 07:32:00 - INFO - before dropping :1
2025-01-14 07:32:00 - INFO - Empty DataFrame
Columns: [opentime, openprice, highprice, lowprice, closeprice]
Index: []
2025-01-14 07:32:00 - INFO - No new data to append.
2025-01-14 07:33:00 - INFO - Last opentime in CSV: 1736838000000
2025-01-14 07:33:00 - INFO - CSV length before appending: 207
2025-01-14 07:33:00 - INFO - Rounded timestamp: 1736839800000, Last opentime in CSV: 1736838000000
2025-01-14 07:33:01 - INFO - 2025-01-14 07:31:00 status: True, time: 1736839860000, calls: 1
2025-01-14 07:33:01 - INFO - 2025-01-14 07:31:00 status: True, time: 1736839860000, calls: 2
2025-01-14 07:33:01 - INFO - Duplicate timestamp detected. Stopping fetch.
2025-01-14 07:33:01 - INFO - before dropping :1
2025-01-14 07:33:01 - INFO - Empty DataFrame
Columns: [opentime, openprice, highprice, lowprice, closeprice]
Index: []
2025-01-14 07:33:01 - INFO - No new data to append.
2025-01-14 07:34:01 - INFO - Last opentime in CSV: 1736838000000
2025-01-14 07:34:01 - INFO - CSV length before appending: 207
2025-01-14 07:34:01 - INFO - Rounded timestamp: 1736839800000, Last opentime in CSV: 1736838000000
2025-01-14 07:34:01 - INFO - 2025-01-14 07:31:00 status: True, time: 1736839860000, calls: 1
2025-01-14 07:34:01 - INFO - 2025-01-14 07:31:00 status: True, time: 1736839860000, calls: 2
2025-01-14 07:34:01 - INFO - Duplicate timestamp detected. Stopping fetch.
2025-01-14 07:34:01 - INFO - before dropping :1
2025-01-14 07:34:01 - INFO - Empty DataFrame
Columns: [opentime, openprice, highprice, lowprice, closeprice]
Index: []
2025-01-14 07:34:01 - INFO - No new data to append.
2025-01-14 07:35:01 - INFO - Last opentime in CSV: 1736838000000
2025-01-14 07:35:01 - INFO - CSV length before appending: 207
2025-01-14 07:35:01 - INFO - Rounded timestamp: 1736839800000, Last opentime in CSV: 1736838000000
2025-01-14 07:35:01 - INFO - 2025-01-14 07:31:00 status: True, time: 1736839860000, calls: 1
2025-01-14 07:35:01 - INFO - 2025-01-14 07:31:00 status: True, time: 1736839860000, calls: 2
2025-01-14 07:35:01 - INFO - Duplicate timestamp detected. Stopping fetch.
2025-01-14 07:35:01 - INFO - before dropping :1
2025-01-14 07:35:01 - INFO - Empty DataFrame
Columns: [opentime, openprice, highprice, lowprice, closeprice]
Index: []
2025-01-14 07:35:01 - INFO - No new data to append.
2025-01-14 07:36:01 - INFO - Last opentime in CSV: 1736838000000
2025-01-14 07:36:01 - INFO - CSV length before appending: 207
2025-01-14 07:36:01 - INFO - Rounded timestamp: 1736839800000, Last opentime in CSV: 1736838000000
2025-01-14 07:36:01 - INFO - 2025-01-14 07:31:00 status: True, time: 1736839860000, calls: 1
2025-01-14 07:36:01 - INFO - 2025-01-14 07:31:00 status: True, time: 1736839860000, calls: 2
2025-01-14 07:36:01 - INFO - Duplicate timestamp detected. Stopping fetch.
2025-01-14 07:36:01 - INFO - before dropping :1
2025-01-14 07:36:01 - INFO - Empty DataFrame
Columns: [opentime, openprice, highprice, lowprice, closeprice]
Index: []
2025-01-14 07:36:01 - INFO - No new data to append.
2025-01-14 07:37:01 - INFO - Last opentime in CSV: 1736838000000
2025-01-14 07:37:01 - INFO - CSV length before appending: 207
2025-01-14 07:37:01 - INFO - Rounded timestamp: 1736839800000, Last opentime in CSV: 1736838000000
2025-01-14 07:37:01 - INFO - 2025-01-14 07:31:00 status: True, time: 1736839860000, calls: 1
2025-01-14 07:37:02 - INFO - 2025-01-14 07:31:00 status: True, time: 1736839860000, calls: 2
2025-01-14 07:37:02 - INFO - Duplicate timestamp detected. Stopping fetch.
2025-01-14 07:37:02 - INFO - before dropping :1
2025-01-14 07:37:02 - INFO - Empty DataFrame
Columns: [opentime, openprice, highprice, lowprice, closeprice]
Index: []
2025-01-14 07:37:02 - INFO - No new data to append.
2025-01-14 07:38:02 - INFO - Last opentime in CSV: 1736838000000
2025-01-14 07:38:02 - INFO - CSV length before appending: 207
2025-01-14 07:38:02 - INFO - Rounded timestamp: 1736839800000, Last opentime in CSV: 1736838000000
2025-01-14 07:38:02 - INFO - 2025-01-14 07:31:00 status: True, time: 1736839860000, calls: 1
2025-01-14 07:38:02 - INFO - 2025-01-14 07:31:00 status: True, time: 1736839860000, calls: 2
2025-01-14 07:38:02 - INFO - Duplicate timestamp detected. Stopping fetch.
2025-01-14 07:38:02 - INFO - before dropping :1
2025-01-14 07:38:02 - INFO - Empty DataFrame
Columns: [opentime, openprice, highprice, lowprice, closeprice]
Index: []
2025-01-14 07:38:02 - INFO - No new data to append.
2025-01-14 07:39:02 - INFO - Last opentime in CSV: 1736838000000
2025-01-14 07:39:02 - INFO - CSV length before appending: 207
2025-01-14 07:39:02 - INFO - Rounded timestamp: 1736839800000, Last opentime in CSV: 1736838000000
2025-01-14 07:39:02 - INFO - 2025-01-14 07:31:00 status: True, time: 1736839860000, calls: 1
2025-01-14 07:39:02 - INFO - 2025-01-14 07:31:00 status: True, time: 1736839860000, calls: 2
2025-01-14 07:39:02 - INFO - Duplicate timestamp detected. Stopping fetch.
2025-01-14 07:39:02 - INFO - before dropping :1
2025-01-14 07:39:02 - INFO - Empty DataFrame
Columns: [opentime, openprice, highprice, lowprice, closeprice]
Index: []
2025-01-14 07:39:02 - INFO - No new data to append.
2025-01-14 07:40:02 - INFO - Last opentime in CSV: 1736838000000
2025-01-14 07:40:02 - INFO - CSV length before appending: 207
2025-01-14 07:40:02 - INFO - Rounded timestamp: 1736839800000, Last opentime in CSV: 1736838000000
2025-01-14 07:40:02 - INFO - 2025-01-14 07:31:00 status: True, time: 1736839860000, calls: 1
2025-01-14 07:40:03 - INFO - 2025-01-14 07:31:00 status: True, time: 1736839860000, calls: 2
2025-01-14 07:40:03 - INFO - Duplicate timestamp detected. Stopping fetch.
2025-01-14 07:40:03 - INFO - before dropping :1
2025-01-14 07:40:03 - INFO - Empty DataFrame
Columns: [opentime, openprice, highprice, lowprice, closeprice]
Index: []
2025-01-14 07:40:03 - INFO - No new data to append.
2025-01-14 07:41:03 - INFO - Last opentime in CSV: 1736838000000
2025-01-14 07:41:03 - INFO - CSV length before appending: 207
2025-01-14 07:41:03 - INFO - Rounded timestamp: 1736839800000, Last opentime in CSV: 1736838000000
2025-01-14 07:41:03 - INFO - 2025-01-14 07:31:00 status: True, time: 1736839860000, calls: 1
2025-01-14 07:41:03 - INFO - 2025-01-14 07:31:00 status: True, time: 1736839860000, calls: 2
2025-01-14 07:41:03 - INFO - Duplicate timestamp detected. Stopping fetch.
2025-01-14 07:41:03 - INFO - before dropping :1
2025-01-14 07:41:03 - INFO - Empty DataFrame
Columns: [opentime, openprice, highprice, lowprice, closeprice]
Index: []
2025-01-14 07:41:03 - INFO - No new data to append.
2025-01-14 07:42:03 - INFO - Last opentime in CSV: 1736838000000
2025-01-14 07:42:03 - INFO - CSV length before appending: 207
2025-01-14 07:42:03 - INFO - Rounded timestamp: 1736839800000, Last opentime in CSV: 1736838000000
2025-01-14 07:42:03 - INFO - 2025-01-14 07:31:00 status: True, time: 1736839860000, calls: 1
2025-01-14 07:42:03 - INFO - 2025-01-14 07:31:00 status: True, time: 1736839860000, calls: 2
2025-01-14 07:42:03 - INFO - Duplicate timestamp detected. Stopping fetch.
2025-01-14 07:42:03 - INFO - before dropping :1
2025-01-14 07:42:03 - INFO - Empty DataFrame
Columns: [opentime, openprice, highprice, lowprice, closeprice]
Index: []
2025-01-14 07:42:03 - INFO - No new data to append.
2025-01-14 07:43:03 - INFO - Last opentime in CSV: 1736838000000
2025-01-14 07:43:03 - INFO - CSV length before appending: 207
2025-01-14 07:43:03 - INFO - Rounded timestamp: 1736839800000, Last opentime in CSV: 1736838000000
2025-01-14 07:43:03 - INFO - 2025-01-14 07:31:00 status: True, time: 1736839860000, calls: 1
2025-01-14 07:43:04 - INFO - 2025-01-14 07:31:00 status: True, time: 1736839860000, calls: 2
2025-01-14 07:43:04 - INFO - Duplicate timestamp detected. Stopping fetch.
2025-01-14 07:43:04 - INFO - before dropping :1
2025-01-14 07:43:04 - INFO - Empty DataFrame
Columns: [opentime, openprice, highprice, lowprice, closeprice]
Index: []
2025-01-14 07:43:04 - INFO - No new data to append.
2025-01-14 07:44:04 - INFO - Last opentime in CSV: 1736838000000
2025-01-14 07:44:04 - INFO - CSV length before appending: 207
2025-01-14 07:44:04 - INFO - Rounded timestamp: 1736839800000, Last opentime in CSV: 1736838000000
2025-01-14 07:44:04 - INFO - 2025-01-14 07:31:00 status: True, time: 1736839860000, calls: 1
2025-01-14 07:44:04 - INFO - 2025-01-14 07:31:00 status: True, time: 1736839860000, calls: 2
2025-01-14 07:44:04 - INFO - Duplicate timestamp detected. Stopping fetch.
2025-01-14 07:44:04 - INFO - before dropping :1
2025-01-14 07:44:04 - INFO - Empty DataFrame
Columns: [opentime, openprice, highprice, lowprice, closeprice]
Index: []
2025-01-14 07:44:04 - INFO - No new data to append.
2025-01-14 07:45:04 - INFO - Last opentime in CSV: 1736838000000
2025-01-14 07:45:04 - INFO - CSV length before appending: 207
2025-01-14 07:45:04 - INFO - Rounded timestamp: 1736839800000, Last opentime in CSV: 1736838000000
2025-01-14 07:45:04 - INFO - 2025-01-14 07:31:00 status: True, time: 1736839860000, calls: 1
2025-01-14 07:45:04 - INFO - 2025-01-14 07:31:00 status: True, time: 1736839860000, calls: 2
2025-01-14 07:45:04 - INFO - Duplicate timestamp detected. Stopping fetch.
2025-01-14 07:45:04 - INFO - before dropping :1
2025-01-14 07:45:04 - INFO - Empty DataFrame
Columns: [opentime, openprice, highprice, lowprice, closeprice]
Index: []
2025-01-14 07:45:04 - INFO - No new data to append.
2025-01-14 07:46:04 - INFO - Last opentime in CSV: 1736838000000
2025-01-14 07:46:04 - INFO - CSV length before appending: 207
2025-01-14 07:46:04 - INFO - Rounded timestamp: 1736839800000, Last opentime in CSV: 1736838000000
2025-01-14 07:46:04 - INFO - 2025-01-14 07:31:00 status: True, time: 1736839860000, calls: 1
2025-01-14 07:46:04 - INFO - 2025-01-14 07:31:00 status: True, time: 1736839860000, calls: 2
2025-01-14 07:46:04 - INFO - Duplicate timestamp detected. Stopping fetch.
2025-01-14 07:46:04 - INFO - before dropping :1
2025-01-14 07:46:04 - INFO - Empty DataFrame
Columns: [opentime, openprice, highprice, lowprice, closeprice]
Index: []
2025-01-14 07:46:04 - INFO - No new data to append.
2025-01-14 07:47:04 - INFO - Last opentime in CSV: 1736838000000
2025-01-14 07:47:04 - INFO - CSV length before appending: 207
2025-01-14 07:47:04 - INFO - Rounded timestamp: 1736839800000, Last opentime in CSV: 1736838000000
2025-01-14 07:47:04 - INFO - 2025-01-14 07:31:00 status: True, time: 1736839860000, calls: 1
2025-01-14 07:47:04 - INFO - 2025-01-14 07:31:00 status: True, time: 1736839860000, calls: 2
2025-01-14 07:47:04 - INFO - Duplicate timestamp detected. Stopping fetch.
2025-01-14 07:47:04 - INFO - before dropping :1
2025-01-14 07:47:04 - INFO - Empty DataFrame
Columns: [opentime, openprice, highprice, lowprice, closeprice]
Index: []
2025-01-14 07:47:04 - INFO - No new data to append.
2025-01-14 07:48:04 - INFO - Last opentime in CSV: 1736838000000
2025-01-14 07:48:04 - INFO - CSV length before appending: 207
2025-01-14 07:48:04 - INFO - Rounded timestamp: 1736839800000, Last opentime in CSV: 1736838000000
2025-01-14 07:48:05 - INFO - 2025-01-14 07:31:00 status: True, time: 1736839860000, calls: 1
2025-01-14 07:48:05 - INFO - 2025-01-14 07:31:00 status: True, time: 1736839860000, calls: 2
2025-01-14 07:48:05 - INFO - Duplicate timestamp detected. Stopping fetch.
2025-01-14 07:48:05 - INFO - before dropping :1
2025-01-14 07:48:05 - INFO - Empty DataFrame
Columns: [opentime, openprice, highprice, lowprice, closeprice]
Index: []
2025-01-14 07:48:05 - INFO - No new data to append.
2025-01-14 07:49:05 - INFO - Last opentime in CSV: 1736838000000
2025-01-14 07:49:05 - INFO - CSV length before appending: 207
2025-01-14 07:49:05 - INFO - Rounded timestamp: 1736839800000, Last opentime in CSV: 1736838000000
2025-01-14 07:49:05 - INFO - 2025-01-14 07:31:00 status: True, time: 1736839860000, calls: 1
2025-01-14 07:49:05 - INFO - 2025-01-14 07:31:00 status: True, time: 1736839860000, calls: 2
2025-01-14 07:49:05 - INFO - Duplicate timestamp detected. Stopping fetch.
2025-01-14 07:49:05 - INFO - before dropping :1
2025-01-14 07:49:05 - INFO - Empty DataFrame
Columns: [opentime, openprice, highprice, lowprice, closeprice]
Index: []
2025-01-14 07:49:05 - INFO - No new data to append.
2025-01-14 07:50:05 - INFO - Last opentime in CSV: 1736838000000
2025-01-14 07:50:05 - INFO - CSV length before appending: 207
2025-01-14 07:50:05 - INFO - Rounded timestamp: 1736839800000, Last opentime in CSV: 1736838000000
2025-01-14 07:50:05 - INFO - 2025-01-14 07:31:00 status: True, time: 1736839860000, calls: 1
2025-01-14 07:50:05 - INFO - 2025-01-14 07:31:00 status: True, time: 1736839860000, calls: 2
2025-01-14 07:50:05 - INFO - Duplicate timestamp detected. Stopping fetch.
2025-01-14 07:50:05 - INFO - before dropping :1
2025-01-14 07:50:05 - INFO - Empty DataFrame
Columns: [opentime, openprice, highprice, lowprice, closeprice]
Index: []
2025-01-14 07:50:05 - INFO - No new data to append.
2025-01-14 07:51:05 - INFO - Last opentime in CSV: 1736838000000
2025-01-14 07:51:05 - INFO - CSV length before appending: 207
2025-01-14 07:51:05 - INFO - Rounded timestamp: 1736839800000, Last opentime in CSV: 1736838000000
2025-01-14 07:51:05 - INFO - 2025-01-14 07:31:00 status: True, time: 1736839860000, calls: 1
2025-01-14 07:51:05 - INFO - 2025-01-14 07:31:00 status: True, time: 1736839860000, calls: 2
2025-01-14 07:51:05 - INFO - Duplicate timestamp detected. Stopping fetch.
2025-01-14 07:51:05 - INFO - before dropping :1
2025-01-14 07:51:05 - INFO - Empty DataFrame
Columns: [opentime, openprice, highprice, lowprice, closeprice]
Index: []
2025-01-14 07:51:05 - INFO - No new data to append.
2025-01-14 07:52:05 - INFO - Last opentime in CSV: 1736838000000
2025-01-14 07:52:05 - INFO - CSV length before appending: 207
2025-01-14 07:52:05 - INFO - Rounded timestamp: 1736839800000, Last opentime in CSV: 1736838000000
2025-01-14 07:52:06 - INFO - 2025-01-14 07:31:00 status: True, time: 1736839860000, calls: 1
2025-01-14 07:52:06 - INFO - 2025-01-14 07:31:00 status: True, time: 1736839860000, calls: 2
2025-01-14 07:52:06 - INFO - Duplicate timestamp detected. Stopping fetch.
2025-01-14 07:52:06 - INFO - before dropping :1
2025-01-14 07:52:06 - INFO - Empty DataFrame
Columns: [opentime, openprice, highprice, lowprice, closeprice]
Index: []
2025-01-14 07:52:06 - INFO - No new data to append.
2025-01-14 07:53:06 - INFO - Last opentime in CSV: 1736838000000
2025-01-14 07:53:06 - INFO - CSV length before appending: 207
2025-01-14 07:53:06 - INFO - Rounded timestamp: 1736839800000, Last opentime in CSV: 1736838000000
2025-01-14 07:53:06 - INFO - 2025-01-14 07:31:00 status: True, time: 1736839860000, calls: 1
2025-01-14 07:53:06 - INFO - 2025-01-14 07:31:00 status: True, time: 1736839860000, calls: 2
2025-01-14 07:53:06 - INFO - Duplicate timestamp detected. Stopping fetch.
2025-01-14 07:53:06 - INFO - before dropping :1
2025-01-14 07:53:06 - INFO - Empty DataFrame
Columns: [opentime, openprice, highprice, lowprice, closeprice]
Index: []
2025-01-14 07:53:06 - INFO - No new data to append.
2025-01-14 07:54:06 - INFO - Last opentime in CSV: 1736838000000
2025-01-14 07:54:06 - INFO - CSV length before appending: 207
2025-01-14 07:54:06 - INFO - Rounded timestamp: 1736839800000, Last opentime in CSV: 1736838000000
2025-01-14 07:54:06 - INFO - 2025-01-14 07:31:00 status: True, time: 1736839860000, calls: 1
2025-01-14 07:54:06 - INFO - 2025-01-14 07:31:00 status: True, time: 1736839860000, calls: 2
2025-01-14 07:54:06 - INFO - Duplicate timestamp detected. Stopping fetch.
2025-01-14 07:54:06 - INFO - before dropping :1
2025-01-14 07:54:06 - INFO - Empty DataFrame
Columns: [opentime, openprice, highprice, lowprice, closeprice]
Index: []
2025-01-14 07:54:06 - INFO - No new data to append.
2025-01-14 07:55:06 - INFO - Last opentime in CSV: 1736838000000
2025-01-14 07:55:06 - INFO - CSV length before appending: 207
2025-01-14 07:55:06 - INFO - Rounded timestamp: 1736839800000, Last opentime in CSV: 1736838000000
2025-01-14 07:55:06 - INFO - 2025-01-14 07:31:00 status: True, time: 1736839860000, calls: 1
2025-01-14 07:55:06 - INFO - 2025-01-14 07:31:00 status: True, time: 1736839860000, calls: 2
2025-01-14 07:55:06 - INFO - Duplicate timestamp detected. Stopping fetch.
2025-01-14 07:55:06 - INFO - before dropping :1
2025-01-14 07:55:06 - INFO - Empty DataFrame
Columns: [opentime, openprice, highprice, lowprice, closeprice]
Index: []
2025-01-14 07:55:06 - INFO - No new data to append.
2025-01-14 07:56:06 - INFO - Last opentime in CSV: 1736838000000
2025-01-14 07:56:06 - INFO - CSV length before appending: 207
2025-01-14 07:56:06 - INFO - Rounded timestamp: 1736839800000, Last opentime in CSV: 1736838000000
2025-01-14 07:56:07 - INFO - 2025-01-14 07:31:00 status: True, time: 1736839860000, calls: 1
2025-01-14 07:56:07 - INFO - 2025-01-14 07:31:00 status: True, time: 1736839860000, calls: 2
2025-01-14 07:56:07 - INFO - Duplicate timestamp detected. Stopping fetch.
2025-01-14 07:56:07 - INFO - before dropping :1
2025-01-14 07:56:07 - INFO - Empty DataFrame
Columns: [opentime, openprice, highprice, lowprice, closeprice]
Index: []
2025-01-14 07:56:07 - INFO - No new data to append.
2025-01-14 07:57:07 - INFO - Last opentime in CSV: 1736838000000
2025-01-14 07:57:07 - INFO - CSV length before appending: 207
2025-01-14 07:57:07 - INFO - Rounded timestamp: 1736839800000, Last opentime in CSV: 1736838000000
2025-01-14 07:57:07 - INFO - 2025-01-14 07:31:00 status: True, time: 1736839860000, calls: 1
2025-01-14 07:57:08 - INFO - 2025-01-14 07:31:00 status: True, time: 1736839860000, calls: 2
2025-01-14 07:57:08 - INFO - Duplicate timestamp detected. Stopping fetch.
2025-01-14 07:57:08 - INFO - before dropping :1
2025-01-14 07:57:08 - INFO - Empty DataFrame
Columns: [opentime, openprice, highprice, lowprice, closeprice]
Index: []
2025-01-14 07:57:08 - INFO - No new data to append.
2025-01-14 07:58:08 - INFO - Last opentime in CSV: 1736838000000
2025-01-14 07:58:08 - INFO - CSV length before appending: 207
2025-01-14 07:58:08 - INFO - Rounded timestamp: 1736839800000, Last opentime in CSV: 1736838000000
2025-01-14 07:58:09 - INFO - 2025-01-14 07:31:00 status: True, time: 1736839860000, calls: 1
2025-01-14 07:58:09 - INFO - 2025-01-14 07:31:00 status: True, time: 1736839860000, calls: 2
2025-01-14 07:58:09 - INFO - Duplicate timestamp detected. Stopping fetch.
2025-01-14 07:58:09 - INFO - before dropping :1
2025-01-14 07:58:09 - INFO - Empty DataFrame
Columns: [opentime, openprice, highprice, lowprice, closeprice]
Index: []
2025-01-14 07:58:09 - INFO - No new data to append.
2025-01-14 07:59:09 - INFO - Last opentime in CSV: 1736838000000
2025-01-14 07:59:09 - INFO - CSV length before appending: 207
2025-01-14 07:59:09 - INFO - Rounded timestamp: 1736839800000, Last opentime in CSV: 1736838000000
2025-01-14 07:59:10 - INFO - 2025-01-14 07:31:00 status: True, time: 1736839860000, calls: 1
2025-01-14 07:59:10 - INFO - 2025-01-14 07:31:00 status: True, time: 1736839860000, calls: 2
2025-01-14 07:59:10 - INFO - Duplicate timestamp detected. Stopping fetch.
2025-01-14 07:59:10 - INFO - before dropping :1
2025-01-14 07:59:10 - INFO - Empty DataFrame
Columns: [opentime, openprice, highprice, lowprice, closeprice]
Index: []
2025-01-14 07:59:10 - INFO - No new data to append.
2025-01-14 08:00:10 - INFO - Last opentime in CSV: 1736838000000
2025-01-14 08:00:10 - INFO - CSV length before appending: 207
2025-01-14 08:00:10 - INFO - Rounded timestamp: 1736841600000, Last opentime in CSV: 1736838000000
2025-01-14 08:00:11 - INFO - Reached endtime at 2025-01-14 08:01:00. Stopping fetch.
2025-01-14 08:00:11 - INFO - before dropping :2
2025-01-14 08:00:11 - INFO -         opentime  openprice  highprice  lowprice  closeprice
0  1736839800000     4.5815       4.59    4.5398       4.552
2025-01-14 08:00:11 - INFO - 1 new rows fetched and appended successfully.
2025-01-14 08:00:11 - INFO - New CSV length after appending: 208
2025-01-14 08:00:11 - INFO - New data:           opentime  openprice  highprice  lowprice  closeprice
207  1736839800000     4.5815       4.59    4.5398       4.552
2025-01-14 08:00:11 - INFO - New data fetched, processing now.
2025-01-14 08:00:11 - INFO - Last row:           opentime  openprice  ...  SUPERTl_10_3.0  SUPERTs_10_3.0
207  1736839800000     4.5815  ...        4.503694             NaN

[1 rows x 7 columns]
2025-01-14 08:00:11 - INFO - Supertrend indicator applied.
2025-01-14 08:00:11 - INFO - Last row:           opentime  openprice  ...  leading_span_a  leading_span_b
207  1736839800000     4.5815  ...          4.4172             NaN

[1 rows x 9 columns]
2025-01-14 08:00:11 - INFO - Ichimoku cloud indicator applied.
2025-01-14 08:00:11 - INFO - Previous up trend: 4.503693602499147
2025-01-14 08:00:11 - INFO - Current up trend: 4.503693602499147
2025-01-14 08:00:11 - INFO - Trend: unchange
2025-01-14 08:00:11 - INFO - Suggested Action: Long
2025-01-14 08:00:11 - INFO - Previous Action: Long
2025-01-14 08:00:11 - INFO - Suggested Action: Long
2025-01-14 08:00:11 - INFO - at: 2025-01-14 07:30:00 - No action taken
2025-01-14 08:01:11 - INFO - Last opentime in CSV: 1736839800000
2025-01-14 08:01:11 - INFO - CSV length before appending: 208
2025-01-14 08:01:11 - INFO - Rounded timestamp: 1736841600000, Last opentime in CSV: 1736839800000
2025-01-14 08:01:11 - INFO - 2025-01-14 08:01:00 status: True, time: 1736841660000, calls: 1
2025-01-14 08:01:11 - INFO - 2025-01-14 08:01:00 status: True, time: 1736841660000, calls: 2
2025-01-14 08:01:11 - INFO - Duplicate timestamp detected. Stopping fetch.
2025-01-14 08:01:11 - INFO - before dropping :1
2025-01-14 08:01:11 - INFO - Empty DataFrame
Columns: [opentime, openprice, highprice, lowprice, closeprice]
Index: []
2025-01-14 08:01:11 - INFO - No new data to append.
