2025-01-15 08:07:56 - INFO - Last opentime in CSV: 2025-01-15 06:30:00
2025-01-15 08:07:56 - INFO - CSV length before appending: 325
2025-01-15 08:07:56 - INFO - Rounded timestamp: 2025-01-15 08:00:00, Last opentime in CSV: 2025-01-15 06:30:00
2025-01-15 08:07:56 - INFO - 2025-01-15 08:01:00 status: True, time: 1736928060000, calls: 1
2025-01-15 08:07:56 - INFO - 2025-01-15 08:01:00 status: True, time: 1736928060000, calls: 2
2025-01-15 08:07:56 - INFO - Duplicate timestamp detected. Stopping fetch.
2025-01-15 08:07:56 - INFO - before dropping :3
2025-01-15 08:07:56 - INFO -         opentime  openprice  highprice  lowprice  closeprice
0  1736924400000     189.24     190.69    189.20      190.51
1  1736926200000     190.50     190.60    189.59      189.88
2025-01-15 08:07:56 - INFO - 2 new rows fetched and appended successfully.
2025-01-15 08:07:56 - INFO - New CSV length after appending: 327
2025-01-15 08:07:56 - INFO - New data:           opentime  openprice  highprice  lowprice  closeprice
326  1736926200000      190.5      190.6    189.59      189.88
2025-01-15 08:07:56 - INFO - New data fetched, processing now.
2025-01-15 08:07:56 - INFO - Last row:           opentime  openprice  ...  SUPERTl_10_3.0  SUPERTs_10_3.0
326  1736926200000      190.5  ...      186.456064             NaN

[1 rows x 7 columns]
2025-01-15 08:07:56 - INFO - Supertrend indicator applied.
2025-01-15 08:07:57 - INFO - Last row:           opentime  openprice  ...  leading_span_a  leading_span_b
326  1736926200000      190.5  ...        187.7325             NaN

[1 rows x 9 columns]
2025-01-15 08:07:57 - INFO - Ichimoku cloud indicator applied.
2025-01-15 08:07:57 - INFO - Previous up trend: 186.238053388158
2025-01-15 08:07:57 - INFO - Current up trend: 186.4560635073216
2025-01-15 08:07:57 - INFO - Trend: unchange
2025-01-15 08:07:57 - INFO - Early Action: None
2025-01-15 08:07:57 - INFO - Re-Open: None
2025-01-15 08:07:57 - INFO - Suggested Action: Long
2025-01-15 08:07:57 - INFO - Suggested Action: Long, Early Close: None, Reopen: None
2025-01-15 08:07:57 - INFO - Previous Action: Long
2025-01-15 08:07:57 - INFO - Suggested Action: Long
2025-01-15 08:07:57 - INFO - At: 2025-01-15 07:30:00 - Action: No action taken, Opened Position: 1
2025-01-15 08:07:57 - INFO - At: 2025-01-15 07:30:00 - Mark Price: 190.11911576
2025-01-15 08:07:57 - INFO - Current Action: None, Opened Position: 1
2025-01-15 08:08:57 - INFO - Last opentime in CSV: 2025-01-15 07:30:00
2025-01-15 08:08:57 - INFO - CSV length before appending: 327
2025-01-15 08:08:57 - INFO - Rounded timestamp: 2025-01-15 08:00:00, Last opentime in CSV: 2025-01-15 07:30:00
2025-01-15 08:08:57 - INFO - 2025-01-15 08:01:00 status: True, time: 1736928060000, calls: 1
2025-01-15 08:08:57 - INFO - 2025-01-15 08:01:00 status: True, time: 1736928060000, calls: 2
2025-01-15 08:08:57 - INFO - Duplicate timestamp detected. Stopping fetch.
2025-01-15 08:08:57 - INFO - before dropping :1
2025-01-15 08:08:57 - INFO - Empty DataFrame
Columns: [opentime, openprice, highprice, lowprice, closeprice]
Index: []
2025-01-15 08:08:57 - INFO - No new data to append.
2025-01-15 08:09:57 - INFO - Last opentime in CSV: 2025-01-15 07:30:00
2025-01-15 08:09:57 - INFO - CSV length before appending: 327
2025-01-15 08:09:57 - INFO - Rounded timestamp: 2025-01-15 08:00:00, Last opentime in CSV: 2025-01-15 07:30:00
2025-01-15 08:09:57 - INFO - 2025-01-15 08:01:00 status: True, time: 1736928060000, calls: 1
2025-01-15 08:09:57 - INFO - 2025-01-15 08:01:00 status: True, time: 1736928060000, calls: 2
2025-01-15 08:09:57 - INFO - Duplicate timestamp detected. Stopping fetch.
2025-01-15 08:09:57 - INFO - before dropping :1
2025-01-15 08:09:57 - INFO - Empty DataFrame
Columns: [opentime, openprice, highprice, lowprice, closeprice]
Index: []
2025-01-15 08:09:57 - INFO - No new data to append.
2025-01-15 08:10:57 - INFO - Last opentime in CSV: 2025-01-15 07:30:00
2025-01-15 08:10:57 - INFO - CSV length before appending: 327
2025-01-15 08:10:57 - INFO - Rounded timestamp: 2025-01-15 08:00:00, Last opentime in CSV: 2025-01-15 07:30:00
2025-01-15 08:10:57 - INFO - 2025-01-15 08:01:00 status: True, time: 1736928060000, calls: 1
2025-01-15 08:10:58 - INFO - 2025-01-15 08:01:00 status: True, time: 1736928060000, calls: 2
2025-01-15 08:10:58 - INFO - Duplicate timestamp detected. Stopping fetch.
2025-01-15 08:10:58 - INFO - before dropping :1
2025-01-15 08:10:58 - INFO - Empty DataFrame
Columns: [opentime, openprice, highprice, lowprice, closeprice]
Index: []
2025-01-15 08:10:58 - INFO - No new data to append.
2025-01-15 08:11:58 - INFO - Last opentime in CSV: 2025-01-15 07:30:00
2025-01-15 08:11:58 - INFO - CSV length before appending: 327
2025-01-15 08:11:58 - INFO - Rounded timestamp: 2025-01-15 08:00:00, Last opentime in CSV: 2025-01-15 07:30:00
2025-01-15 08:11:58 - INFO - 2025-01-15 08:01:00 status: True, time: 1736928060000, calls: 1
2025-01-15 08:11:58 - INFO - 2025-01-15 08:01:00 status: True, time: 1736928060000, calls: 2
2025-01-15 08:11:58 - INFO - Duplicate timestamp detected. Stopping fetch.
2025-01-15 08:11:58 - INFO - before dropping :1
2025-01-15 08:11:58 - INFO - Empty DataFrame
Columns: [opentime, openprice, highprice, lowprice, closeprice]
Index: []
2025-01-15 08:11:58 - INFO - No new data to append.
2025-01-15 08:12:58 - INFO - Last opentime in CSV: 2025-01-15 07:30:00
2025-01-15 08:12:58 - INFO - CSV length before appending: 327
2025-01-15 08:12:58 - INFO - Rounded timestamp: 2025-01-15 08:00:00, Last opentime in CSV: 2025-01-15 07:30:00
2025-01-15 08:12:58 - INFO - 2025-01-15 08:01:00 status: True, time: 1736928060000, calls: 1
2025-01-15 08:12:58 - INFO - 2025-01-15 08:01:00 status: True, time: 1736928060000, calls: 2
2025-01-15 08:12:58 - INFO - Duplicate timestamp detected. Stopping fetch.
2025-01-15 08:12:58 - INFO - before dropping :1
2025-01-15 08:12:58 - INFO - Empty DataFrame
Columns: [opentime, openprice, highprice, lowprice, closeprice]
Index: []
2025-01-15 08:12:58 - INFO - No new data to append.
2025-01-15 08:13:58 - INFO - Last opentime in CSV: 2025-01-15 07:30:00
2025-01-15 08:13:58 - INFO - CSV length before appending: 327
2025-01-15 08:13:58 - INFO - Rounded timestamp: 2025-01-15 08:00:00, Last opentime in CSV: 2025-01-15 07:30:00
2025-01-15 08:13:59 - INFO - 2025-01-15 08:01:00 status: True, time: 1736928060000, calls: 1
2025-01-15 08:13:59 - INFO - 2025-01-15 08:01:00 status: True, time: 1736928060000, calls: 2
2025-01-15 08:13:59 - INFO - Duplicate timestamp detected. Stopping fetch.
2025-01-15 08:13:59 - INFO - before dropping :1
2025-01-15 08:13:59 - INFO - Empty DataFrame
Columns: [opentime, openprice, highprice, lowprice, closeprice]
Index: []
2025-01-15 08:13:59 - INFO - No new data to append.
2025-01-15 08:14:59 - INFO - Last opentime in CSV: 2025-01-15 07:30:00
2025-01-15 08:14:59 - INFO - CSV length before appending: 327
2025-01-15 08:14:59 - INFO - Rounded timestamp: 2025-01-15 08:00:00, Last opentime in CSV: 2025-01-15 07:30:00
2025-01-15 08:14:59 - INFO - 2025-01-15 08:01:00 status: True, time: 1736928060000, calls: 1
2025-01-15 08:14:59 - INFO - 2025-01-15 08:01:00 status: True, time: 1736928060000, calls: 2
2025-01-15 08:14:59 - INFO - Duplicate timestamp detected. Stopping fetch.
2025-01-15 08:14:59 - INFO - before dropping :1
2025-01-15 08:14:59 - INFO - Empty DataFrame
Columns: [opentime, openprice, highprice, lowprice, closeprice]
Index: []
2025-01-15 08:14:59 - INFO - No new data to append.
2025-01-15 08:15:59 - INFO - Last opentime in CSV: 2025-01-15 07:30:00
2025-01-15 08:15:59 - INFO - CSV length before appending: 327
2025-01-15 08:15:59 - INFO - Rounded timestamp: 2025-01-15 08:00:00, Last opentime in CSV: 2025-01-15 07:30:00
2025-01-15 08:15:59 - INFO - 2025-01-15 08:01:00 status: True, time: 1736928060000, calls: 1
2025-01-15 08:15:59 - INFO - 2025-01-15 08:01:00 status: True, time: 1736928060000, calls: 2
2025-01-15 08:15:59 - INFO - Duplicate timestamp detected. Stopping fetch.
2025-01-15 08:15:59 - INFO - before dropping :1
2025-01-15 08:15:59 - INFO - Empty DataFrame
Columns: [opentime, openprice, highprice, lowprice, closeprice]
Index: []
2025-01-15 08:15:59 - INFO - No new data to append.
2025-01-15 08:16:59 - INFO - Last opentime in CSV: 2025-01-15 07:30:00
2025-01-15 08:16:59 - INFO - CSV length before appending: 327
2025-01-15 08:16:59 - INFO - Rounded timestamp: 2025-01-15 08:00:00, Last opentime in CSV: 2025-01-15 07:30:00
2025-01-15 08:16:59 - INFO - 2025-01-15 08:01:00 status: True, time: 1736928060000, calls: 1
2025-01-15 08:17:00 - INFO - 2025-01-15 08:01:00 status: True, time: 1736928060000, calls: 2
2025-01-15 08:17:00 - INFO - Duplicate timestamp detected. Stopping fetch.
2025-01-15 08:17:00 - INFO - before dropping :1
2025-01-15 08:17:00 - INFO - Empty DataFrame
Columns: [opentime, openprice, highprice, lowprice, closeprice]
Index: []
2025-01-15 08:17:00 - INFO - No new data to append.
2025-01-15 08:18:00 - INFO - Last opentime in CSV: 2025-01-15 07:30:00
2025-01-15 08:18:00 - INFO - CSV length before appending: 327
2025-01-15 08:18:00 - INFO - Rounded timestamp: 2025-01-15 08:00:00, Last opentime in CSV: 2025-01-15 07:30:00
2025-01-15 08:18:00 - INFO - 2025-01-15 08:01:00 status: True, time: 1736928060000, calls: 1
2025-01-15 08:18:00 - INFO - 2025-01-15 08:01:00 status: True, time: 1736928060000, calls: 2
2025-01-15 08:18:00 - INFO - Duplicate timestamp detected. Stopping fetch.
2025-01-15 08:18:00 - INFO - before dropping :1
2025-01-15 08:18:00 - INFO - Empty DataFrame
Columns: [opentime, openprice, highprice, lowprice, closeprice]
Index: []
2025-01-15 08:18:00 - INFO - No new data to append.
2025-01-15 08:19:00 - INFO - Last opentime in CSV: 2025-01-15 07:30:00
2025-01-15 08:19:00 - INFO - CSV length before appending: 327
2025-01-15 08:19:00 - INFO - Rounded timestamp: 2025-01-15 08:00:00, Last opentime in CSV: 2025-01-15 07:30:00
2025-01-15 08:19:00 - INFO - 2025-01-15 08:01:00 status: True, time: 1736928060000, calls: 1
2025-01-15 08:19:00 - INFO - 2025-01-15 08:01:00 status: True, time: 1736928060000, calls: 2
2025-01-15 08:19:00 - INFO - Duplicate timestamp detected. Stopping fetch.
2025-01-15 08:19:00 - INFO - before dropping :1
2025-01-15 08:19:00 - INFO - Empty DataFrame
Columns: [opentime, openprice, highprice, lowprice, closeprice]
Index: []
2025-01-15 08:19:00 - INFO - No new data to append.
2025-01-15 08:20:00 - INFO - Last opentime in CSV: 2025-01-15 07:30:00
2025-01-15 08:20:00 - INFO - CSV length before appending: 327
2025-01-15 08:20:00 - INFO - Rounded timestamp: 2025-01-15 08:00:00, Last opentime in CSV: 2025-01-15 07:30:00
2025-01-15 08:20:00 - INFO - 2025-01-15 08:01:00 status: True, time: 1736928060000, calls: 1
2025-01-15 08:20:00 - INFO - 2025-01-15 08:01:00 status: True, time: 1736928060000, calls: 2
2025-01-15 08:20:00 - INFO - Duplicate timestamp detected. Stopping fetch.
2025-01-15 08:20:00 - INFO - before dropping :1
2025-01-15 08:20:00 - INFO - Empty DataFrame
Columns: [opentime, openprice, highprice, lowprice, closeprice]
Index: []
2025-01-15 08:20:00 - INFO - No new data to append.
2025-01-15 08:21:00 - INFO - Last opentime in CSV: 2025-01-15 07:30:00
2025-01-15 08:21:00 - INFO - CSV length before appending: 327
2025-01-15 08:21:00 - INFO - Rounded timestamp: 2025-01-15 08:00:00, Last opentime in CSV: 2025-01-15 07:30:00
2025-01-15 08:21:01 - INFO - 2025-01-15 08:01:00 status: True, time: 1736928060000, calls: 1
2025-01-15 08:21:01 - INFO - 2025-01-15 08:01:00 status: True, time: 1736928060000, calls: 2
2025-01-15 08:21:01 - INFO - Duplicate timestamp detected. Stopping fetch.
2025-01-15 08:21:01 - INFO - before dropping :1
2025-01-15 08:21:01 - INFO - Empty DataFrame
Columns: [opentime, openprice, highprice, lowprice, closeprice]
Index: []
2025-01-15 08:21:01 - INFO - No new data to append.
2025-01-15 08:22:01 - INFO - Last opentime in CSV: 2025-01-15 07:30:00
2025-01-15 08:22:01 - INFO - CSV length before appending: 327
2025-01-15 08:22:01 - INFO - Rounded timestamp: 2025-01-15 08:00:00, Last opentime in CSV: 2025-01-15 07:30:00
2025-01-15 08:22:01 - INFO - 2025-01-15 08:01:00 status: True, time: 1736928060000, calls: 1
2025-01-15 08:22:01 - INFO - 2025-01-15 08:01:00 status: True, time: 1736928060000, calls: 2
2025-01-15 08:22:01 - INFO - Duplicate timestamp detected. Stopping fetch.
2025-01-15 08:22:01 - INFO - before dropping :1
2025-01-15 08:22:01 - INFO - Empty DataFrame
Columns: [opentime, openprice, highprice, lowprice, closeprice]
Index: []
2025-01-15 08:22:01 - INFO - No new data to append.
2025-01-15 08:23:01 - INFO - Last opentime in CSV: 2025-01-15 07:30:00
2025-01-15 08:23:01 - INFO - CSV length before appending: 327
2025-01-15 08:23:01 - INFO - Rounded timestamp: 2025-01-15 08:00:00, Last opentime in CSV: 2025-01-15 07:30:00
2025-01-15 08:23:01 - INFO - 2025-01-15 08:01:00 status: True, time: 1736928060000, calls: 1
2025-01-15 08:23:01 - INFO - 2025-01-15 08:01:00 status: True, time: 1736928060000, calls: 2
2025-01-15 08:23:01 - INFO - Duplicate timestamp detected. Stopping fetch.
2025-01-15 08:23:01 - INFO - before dropping :1
2025-01-15 08:23:01 - INFO - Empty DataFrame
Columns: [opentime, openprice, highprice, lowprice, closeprice]
Index: []
2025-01-15 08:23:01 - INFO - No new data to append.
2025-01-15 08:24:01 - INFO - Last opentime in CSV: 2025-01-15 07:30:00
2025-01-15 08:24:01 - INFO - CSV length before appending: 327
2025-01-15 08:24:01 - INFO - Rounded timestamp: 2025-01-15 08:00:00, Last opentime in CSV: 2025-01-15 07:30:00
2025-01-15 08:24:01 - INFO - 2025-01-15 08:01:00 status: True, time: 1736928060000, calls: 1
2025-01-15 08:24:01 - INFO - 2025-01-15 08:01:00 status: True, time: 1736928060000, calls: 2
2025-01-15 08:24:01 - INFO - Duplicate timestamp detected. Stopping fetch.
2025-01-15 08:24:01 - INFO - before dropping :1
2025-01-15 08:24:01 - INFO - Empty DataFrame
Columns: [opentime, openprice, highprice, lowprice, closeprice]
Index: []
2025-01-15 08:24:01 - INFO - No new data to append.
2025-01-15 08:25:01 - INFO - Last opentime in CSV: 2025-01-15 07:30:00
2025-01-15 08:25:01 - INFO - CSV length before appending: 327
2025-01-15 08:25:01 - INFO - Rounded timestamp: 2025-01-15 08:00:00, Last opentime in CSV: 2025-01-15 07:30:00
2025-01-15 08:25:02 - INFO - 2025-01-15 08:01:00 status: True, time: 1736928060000, calls: 1
2025-01-15 08:25:02 - INFO - 2025-01-15 08:01:00 status: True, time: 1736928060000, calls: 2
2025-01-15 08:25:02 - INFO - Duplicate timestamp detected. Stopping fetch.
2025-01-15 08:25:02 - INFO - before dropping :1
2025-01-15 08:25:02 - INFO - Empty DataFrame
Columns: [opentime, openprice, highprice, lowprice, closeprice]
Index: []
2025-01-15 08:25:02 - INFO - No new data to append.
2025-01-15 08:26:02 - INFO - Last opentime in CSV: 2025-01-15 07:30:00
2025-01-15 08:26:02 - INFO - CSV length before appending: 327
2025-01-15 08:26:02 - INFO - Rounded timestamp: 2025-01-15 08:00:00, Last opentime in CSV: 2025-01-15 07:30:00
2025-01-15 08:26:02 - INFO - 2025-01-15 08:01:00 status: True, time: 1736928060000, calls: 1
2025-01-15 08:26:02 - INFO - 2025-01-15 08:01:00 status: True, time: 1736928060000, calls: 2
2025-01-15 08:26:02 - INFO - Duplicate timestamp detected. Stopping fetch.
2025-01-15 08:26:02 - INFO - before dropping :1
2025-01-15 08:26:02 - INFO - Empty DataFrame
Columns: [opentime, openprice, highprice, lowprice, closeprice]
Index: []
2025-01-15 08:26:02 - INFO - No new data to append.
