2025-01-15 07:54:08 - INFO - Last opentime in CSV: 2025-01-15 07:00:00
2025-01-15 07:54:08 - INFO - CSV length before appending: 326
2025-01-15 07:54:08 - INFO - Rounded timestamp: 2025-01-15 07:30:00, Last opentime in CSV: 2025-01-15 07:00:00
2025-01-15 07:54:08 - INFO - 2025-01-15 07:31:00 status: True, time: 1736926260000, calls: 1
2025-01-15 07:54:08 - INFO - 2025-01-15 07:31:00 status: True, time: 1736926260000, calls: 2
2025-01-15 07:54:08 - INFO - Duplicate timestamp detected. Stopping fetch.
2025-01-15 07:54:08 - INFO - before dropping :1
2025-01-15 07:54:08 - INFO - Empty DataFrame
Columns: [opentime, openprice, highprice, lowprice, closeprice]
Index: []
2025-01-15 07:54:08 - INFO - No new data to append.
2025-01-15 07:55:08 - INFO - Last opentime in CSV: 2025-01-15 07:00:00
2025-01-15 07:55:08 - INFO - CSV length before appending: 326
2025-01-15 07:55:08 - INFO - Rounded timestamp: 2025-01-15 07:30:00, Last opentime in CSV: 2025-01-15 07:00:00
2025-01-15 07:55:09 - INFO - 2025-01-15 07:31:00 status: True, time: 1736926260000, calls: 1
2025-01-15 07:55:09 - INFO - 2025-01-15 07:31:00 status: True, time: 1736926260000, calls: 2
2025-01-15 07:55:09 - INFO - Duplicate timestamp detected. Stopping fetch.
2025-01-15 07:55:09 - INFO - before dropping :1
2025-01-15 07:55:09 - INFO - Empty DataFrame
Columns: [opentime, openprice, highprice, lowprice, closeprice]
Index: []
2025-01-15 07:55:09 - INFO - No new data to append.
2025-01-15 07:56:09 - INFO - Last opentime in CSV: 2025-01-15 07:00:00
2025-01-15 07:56:09 - INFO - CSV length before appending: 326
2025-01-15 07:56:09 - INFO - Rounded timestamp: 2025-01-15 07:30:00, Last opentime in CSV: 2025-01-15 07:00:00
2025-01-15 07:56:09 - INFO - 2025-01-15 07:31:00 status: True, time: 1736926260000, calls: 1
2025-01-15 07:56:09 - INFO - 2025-01-15 07:31:00 status: True, time: 1736926260000, calls: 2
2025-01-15 07:56:09 - INFO - Duplicate timestamp detected. Stopping fetch.
2025-01-15 07:56:09 - INFO - before dropping :1
2025-01-15 07:56:09 - INFO - Empty DataFrame
Columns: [opentime, openprice, highprice, lowprice, closeprice]
Index: []
2025-01-15 07:56:09 - INFO - No new data to append.
2025-01-15 07:57:09 - INFO - Last opentime in CSV: 2025-01-15 07:00:00
2025-01-15 07:57:09 - INFO - CSV length before appending: 326
2025-01-15 07:57:09 - INFO - Rounded timestamp: 2025-01-15 07:30:00, Last opentime in CSV: 2025-01-15 07:00:00
2025-01-15 07:57:09 - INFO - 2025-01-15 07:31:00 status: True, time: 1736926260000, calls: 1
2025-01-15 07:57:09 - INFO - 2025-01-15 07:31:00 status: True, time: 1736926260000, calls: 2
2025-01-15 07:57:09 - INFO - Duplicate timestamp detected. Stopping fetch.
2025-01-15 07:57:09 - INFO - before dropping :1
2025-01-15 07:57:09 - INFO - Empty DataFrame
Columns: [opentime, openprice, highprice, lowprice, closeprice]
Index: []
2025-01-15 07:57:09 - INFO - No new data to append.
