2025-01-14 06:47:43 - INFO - Last opentime in CSV: 1736834400000
2025-01-14 06:47:43 - INFO - CSV length before appending: 276
2025-01-14 06:47:43 - INFO - Rounded timestamp: 1736836200000, Last opentime in CSV: 1736834400000
2025-01-14 06:47:43 - INFO - 2025-01-14 06:31:00 status: True, time: 1736836260000, calls: 1
2025-01-14 06:47:43 - INFO - 2025-01-14 06:31:00 status: True, time: 1736836260000, calls: 2
2025-01-14 06:47:43 - INFO - Duplicate timestamp detected. Stopping fetch.
2025-01-14 06:47:43 - INFO - before dropping :1
2025-01-14 06:47:43 - INFO - Empty DataFrame
Columns: [opentime, openprice, highprice, lowprice, closeprice]
Index: []
2025-01-14 06:47:43 - INFO - No new data to append.
2025-01-14 06:48:43 - INFO - Last opentime in CSV: 1736834400000
2025-01-14 06:48:43 - INFO - CSV length before appending: 276
2025-01-14 06:48:43 - INFO - Rounded timestamp: 1736836200000, Last opentime in CSV: 1736834400000
2025-01-14 06:48:43 - INFO - 2025-01-14 06:31:00 status: True, time: 1736836260000, calls: 1
2025-01-14 06:48:43 - INFO - 2025-01-14 06:31:00 status: True, time: 1736836260000, calls: 2
2025-01-14 06:48:43 - INFO - Duplicate timestamp detected. Stopping fetch.
2025-01-14 06:48:43 - INFO - before dropping :1
2025-01-14 06:48:43 - INFO - Empty DataFrame
Columns: [opentime, openprice, highprice, lowprice, closeprice]
Index: []
2025-01-14 06:48:43 - INFO - No new data to append.
2025-01-14 06:49:43 - INFO - Last opentime in CSV: 1736834400000
2025-01-14 06:49:43 - INFO - CSV length before appending: 276
2025-01-14 06:49:43 - INFO - Rounded timestamp: 1736836200000, Last opentime in CSV: 1736834400000
2025-01-14 06:49:44 - INFO - 2025-01-14 06:31:00 status: True, time: 1736836260000, calls: 1
2025-01-14 06:49:44 - INFO - 2025-01-14 06:31:00 status: True, time: 1736836260000, calls: 2
2025-01-14 06:49:44 - INFO - Duplicate timestamp detected. Stopping fetch.
2025-01-14 06:49:44 - INFO - before dropping :1
2025-01-14 06:49:44 - INFO - Empty DataFrame
Columns: [opentime, openprice, highprice, lowprice, closeprice]
Index: []
2025-01-14 06:49:44 - INFO - No new data to append.
2025-01-14 06:50:44 - INFO - Last opentime in CSV: 1736834400000
2025-01-14 06:50:44 - INFO - CSV length before appending: 276
2025-01-14 06:50:44 - INFO - Rounded timestamp: 1736836200000, Last opentime in CSV: 1736834400000
2025-01-14 06:50:44 - INFO - 2025-01-14 06:31:00 status: True, time: 1736836260000, calls: 1
2025-01-14 06:50:44 - INFO - 2025-01-14 06:31:00 status: True, time: 1736836260000, calls: 2
2025-01-14 06:50:44 - INFO - Duplicate timestamp detected. Stopping fetch.
2025-01-14 06:50:44 - INFO - before dropping :1
2025-01-14 06:50:44 - INFO - Empty DataFrame
Columns: [opentime, openprice, highprice, lowprice, closeprice]
Index: []
2025-01-14 06:50:44 - INFO - No new data to append.
2025-01-14 06:51:44 - INFO - Last opentime in CSV: 1736834400000
2025-01-14 06:51:44 - INFO - CSV length before appending: 276
2025-01-14 06:51:44 - INFO - Rounded timestamp: 1736836200000, Last opentime in CSV: 1736834400000
2025-01-14 06:51:44 - INFO - 2025-01-14 06:31:00 status: True, time: 1736836260000, calls: 1
2025-01-14 06:51:44 - INFO - 2025-01-14 06:31:00 status: True, time: 1736836260000, calls: 2
2025-01-14 06:51:44 - INFO - Duplicate timestamp detected. Stopping fetch.
2025-01-14 06:51:44 - INFO - before dropping :1
2025-01-14 06:51:44 - INFO - Empty DataFrame
Columns: [opentime, openprice, highprice, lowprice, closeprice]
Index: []
2025-01-14 06:51:44 - INFO - No new data to append.
2025-01-14 06:52:44 - INFO - Last opentime in CSV: 1736834400000
2025-01-14 06:52:44 - INFO - CSV length before appending: 276
2025-01-14 06:52:44 - INFO - Rounded timestamp: 1736836200000, Last opentime in CSV: 1736834400000
2025-01-14 06:52:44 - INFO - 2025-01-14 06:31:00 status: True, time: 1736836260000, calls: 1
2025-01-14 06:52:44 - INFO - 2025-01-14 06:31:00 status: True, time: 1736836260000, calls: 2
2025-01-14 06:52:44 - INFO - Duplicate timestamp detected. Stopping fetch.
2025-01-14 06:52:44 - INFO - before dropping :1
2025-01-14 06:52:44 - INFO - Empty DataFrame
Columns: [opentime, openprice, highprice, lowprice, closeprice]
Index: []
2025-01-14 06:52:44 - INFO - No new data to append.
2025-01-14 06:53:44 - INFO - Last opentime in CSV: 1736834400000
2025-01-14 06:53:44 - INFO - CSV length before appending: 276
2025-01-14 06:53:44 - INFO - Rounded timestamp: 1736836200000, Last opentime in CSV: 1736834400000
2025-01-14 06:53:45 - INFO - 2025-01-14 06:31:00 status: True, time: 1736836260000, calls: 1
2025-01-14 06:53:45 - INFO - 2025-01-14 06:31:00 status: True, time: 1736836260000, calls: 2
2025-01-14 06:53:45 - INFO - Duplicate timestamp detected. Stopping fetch.
2025-01-14 06:53:45 - INFO - before dropping :1
2025-01-14 06:53:45 - INFO - Empty DataFrame
Columns: [opentime, openprice, highprice, lowprice, closeprice]
Index: []
2025-01-14 06:53:45 - INFO - No new data to append.
2025-01-14 06:54:45 - INFO - Last opentime in CSV: 1736834400000
2025-01-14 06:54:45 - INFO - CSV length before appending: 276
2025-01-14 06:54:45 - INFO - Rounded timestamp: 1736836200000, Last opentime in CSV: 1736834400000
2025-01-14 06:54:45 - INFO - 2025-01-14 06:31:00 status: True, time: 1736836260000, calls: 1
2025-01-14 06:54:45 - INFO - 2025-01-14 06:31:00 status: True, time: 1736836260000, calls: 2
2025-01-14 06:54:45 - INFO - Duplicate timestamp detected. Stopping fetch.
2025-01-14 06:54:45 - INFO - before dropping :1
2025-01-14 06:54:45 - INFO - Empty DataFrame
Columns: [opentime, openprice, highprice, lowprice, closeprice]
Index: []
2025-01-14 06:54:45 - INFO - No new data to append.
2025-01-14 06:55:45 - INFO - Last opentime in CSV: 1736834400000
2025-01-14 06:55:45 - INFO - CSV length before appending: 276
2025-01-14 06:55:45 - INFO - Rounded timestamp: 1736836200000, Last opentime in CSV: 1736834400000
2025-01-14 06:55:45 - INFO - 2025-01-14 06:31:00 status: True, time: 1736836260000, calls: 1
2025-01-14 06:55:45 - INFO - 2025-01-14 06:31:00 status: True, time: 1736836260000, calls: 2
2025-01-14 06:55:45 - INFO - Duplicate timestamp detected. Stopping fetch.
2025-01-14 06:55:45 - INFO - before dropping :1
2025-01-14 06:55:45 - INFO - Empty DataFrame
Columns: [opentime, openprice, highprice, lowprice, closeprice]
Index: []
2025-01-14 06:55:45 - INFO - No new data to append.
2025-01-14 06:56:45 - INFO - Last opentime in CSV: 1736834400000
2025-01-14 06:56:45 - INFO - CSV length before appending: 276
2025-01-14 06:56:45 - INFO - Rounded timestamp: 1736836200000, Last opentime in CSV: 1736834400000
2025-01-14 06:56:46 - INFO - 2025-01-14 06:31:00 status: True, time: 1736836260000, calls: 1
2025-01-14 06:56:46 - INFO - 2025-01-14 06:31:00 status: True, time: 1736836260000, calls: 2
2025-01-14 06:56:46 - INFO - Duplicate timestamp detected. Stopping fetch.
2025-01-14 06:56:46 - INFO - before dropping :1
2025-01-14 06:56:46 - INFO - Empty DataFrame
Columns: [opentime, openprice, highprice, lowprice, closeprice]
Index: []
2025-01-14 06:56:46 - INFO - No new data to append.
2025-01-14 06:57:46 - INFO - Last opentime in CSV: 1736834400000
2025-01-14 06:57:46 - INFO - CSV length before appending: 276
2025-01-14 06:57:46 - INFO - Rounded timestamp: 1736836200000, Last opentime in CSV: 1736834400000
2025-01-14 06:57:46 - INFO - 2025-01-14 06:31:00 status: True, time: 1736836260000, calls: 1
2025-01-14 06:57:46 - INFO - 2025-01-14 06:31:00 status: True, time: 1736836260000, calls: 2
2025-01-14 06:57:46 - INFO - Duplicate timestamp detected. Stopping fetch.
2025-01-14 06:57:46 - INFO - before dropping :1
2025-01-14 06:57:46 - INFO - Empty DataFrame
Columns: [opentime, openprice, highprice, lowprice, closeprice]
Index: []
2025-01-14 06:57:46 - INFO - No new data to append.
2025-01-14 06:58:46 - INFO - Last opentime in CSV: 1736834400000
2025-01-14 06:58:46 - INFO - CSV length before appending: 276
2025-01-14 06:58:46 - INFO - Rounded timestamp: 1736836200000, Last opentime in CSV: 1736834400000
2025-01-14 06:58:46 - INFO - 2025-01-14 06:31:00 status: True, time: 1736836260000, calls: 1
2025-01-14 06:58:46 - INFO - 2025-01-14 06:31:00 status: True, time: 1736836260000, calls: 2
2025-01-14 06:58:46 - INFO - Duplicate timestamp detected. Stopping fetch.
2025-01-14 06:58:46 - INFO - before dropping :1
2025-01-14 06:58:46 - INFO - Empty DataFrame
Columns: [opentime, openprice, highprice, lowprice, closeprice]
Index: []
2025-01-14 06:58:46 - INFO - No new data to append.
2025-01-14 06:59:46 - INFO - Last opentime in CSV: 1736834400000
2025-01-14 06:59:46 - INFO - CSV length before appending: 276
2025-01-14 06:59:46 - INFO - Rounded timestamp: 1736836200000, Last opentime in CSV: 1736834400000
2025-01-14 06:59:46 - INFO - 2025-01-14 06:31:00 status: True, time: 1736836260000, calls: 1
2025-01-14 06:59:47 - INFO - 2025-01-14 06:31:00 status: True, time: 1736836260000, calls: 2
2025-01-14 06:59:47 - INFO - Duplicate timestamp detected. Stopping fetch.
2025-01-14 06:59:47 - INFO - before dropping :1
2025-01-14 06:59:47 - INFO - Empty DataFrame
Columns: [opentime, openprice, highprice, lowprice, closeprice]
Index: []
2025-01-14 06:59:47 - INFO - No new data to append.
2025-01-14 07:00:47 - INFO - Last opentime in CSV: 1736834400000
2025-01-14 07:00:47 - INFO - CSV length before appending: 276
2025-01-14 07:00:47 - INFO - Rounded timestamp: 1736838000000, Last opentime in CSV: 1736834400000
2025-01-14 07:00:47 - INFO - Reached endtime at 2025-01-14 07:01:00. Stopping fetch.
2025-01-14 07:00:47 - INFO - before dropping :2
2025-01-14 07:00:47 - INFO -         opentime  openprice  highprice  lowprice  closeprice
0  1736836200000      186.0     186.88     185.8       186.2
2025-01-14 07:00:47 - INFO - 1 new rows fetched and appended successfully.
2025-01-14 07:00:47 - INFO - New CSV length after appending: 277
2025-01-14 07:00:47 - INFO - New data:           opentime  openprice  highprice  lowprice  closeprice
276  1736836200000      186.0     186.88     185.8       186.2
2025-01-14 07:00:47 - INFO - New data fetched, processing now.
2025-01-14 07:00:47 - INFO - Last row:           opentime  openprice  ...  SUPERTl_10_3.0  SUPERTs_10_3.0
276  1736836200000      186.0  ...      182.184389             NaN

[1 rows x 7 columns]
2025-01-14 07:00:47 - INFO - Supertrend indicator applied.
2025-01-14 07:00:47 - INFO - Last row:           opentime  openprice  ...  leading_span_a  leading_span_b
276  1736836200000      186.0  ...        175.2675             NaN

[1 rows x 9 columns]
2025-01-14 07:00:47 - INFO - Ichimoku cloud indicator applied.
2025-01-14 07:00:47 - INFO - Previous up trend: 181.58768624087702
2025-01-14 07:00:47 - INFO - Current up trend: 182.18438949729753
2025-01-14 07:00:47 - INFO - Trend: unchange
2025-01-14 07:00:47 - INFO - Suggested Action: Long
2025-01-14 07:00:47 - INFO - Previous Action: Long
2025-01-14 07:00:47 - INFO - Suggested Action: Long
2025-01-14 07:00:47 - INFO - at: 2025-01-14 06:30:00 - No action taken
2025-01-14 07:01:47 - INFO - Last opentime in CSV: 1736836200000
2025-01-14 07:01:47 - INFO - CSV length before appending: 277
2025-01-14 07:01:47 - INFO - Rounded timestamp: 1736838000000, Last opentime in CSV: 1736836200000
2025-01-14 07:01:47 - INFO - 2025-01-14 07:01:00 status: True, time: 1736838060000, calls: 1
2025-01-14 07:01:47 - INFO - 2025-01-14 07:01:00 status: True, time: 1736838060000, calls: 2
2025-01-14 07:01:47 - INFO - Duplicate timestamp detected. Stopping fetch.
2025-01-14 07:01:47 - INFO - before dropping :1
2025-01-14 07:01:47 - INFO - Empty DataFrame
Columns: [opentime, openprice, highprice, lowprice, closeprice]
Index: []
2025-01-14 07:01:47 - INFO - No new data to append.
2025-01-14 07:02:47 - INFO - Last opentime in CSV: 1736836200000
2025-01-14 07:02:47 - INFO - CSV length before appending: 277
2025-01-14 07:02:47 - INFO - Rounded timestamp: 1736838000000, Last opentime in CSV: 1736836200000
2025-01-14 07:02:47 - INFO - 2025-01-14 07:01:00 status: True, time: 1736838060000, calls: 1
2025-01-14 07:02:47 - INFO - 2025-01-14 07:01:00 status: True, time: 1736838060000, calls: 2
2025-01-14 07:02:47 - INFO - Duplicate timestamp detected. Stopping fetch.
2025-01-14 07:02:47 - INFO - before dropping :1
2025-01-14 07:02:47 - INFO - Empty DataFrame
Columns: [opentime, openprice, highprice, lowprice, closeprice]
Index: []
2025-01-14 07:02:47 - INFO - No new data to append.
2025-01-14 07:03:47 - INFO - Last opentime in CSV: 1736836200000
2025-01-14 07:03:47 - INFO - CSV length before appending: 277
2025-01-14 07:03:47 - INFO - Rounded timestamp: 1736838000000, Last opentime in CSV: 1736836200000
2025-01-14 07:03:48 - INFO - 2025-01-14 07:01:00 status: True, time: 1736838060000, calls: 1
2025-01-14 07:03:48 - INFO - 2025-01-14 07:01:00 status: True, time: 1736838060000, calls: 2
2025-01-14 07:03:48 - INFO - Duplicate timestamp detected. Stopping fetch.
2025-01-14 07:03:48 - INFO - before dropping :1
2025-01-14 07:03:48 - INFO - Empty DataFrame
Columns: [opentime, openprice, highprice, lowprice, closeprice]
Index: []
2025-01-14 07:03:48 - INFO - No new data to append.
2025-01-14 07:04:48 - INFO - Last opentime in CSV: 1736836200000
2025-01-14 07:04:48 - INFO - CSV length before appending: 277
2025-01-14 07:04:48 - INFO - Rounded timestamp: 1736838000000, Last opentime in CSV: 1736836200000
2025-01-14 07:04:48 - INFO - 2025-01-14 07:01:00 status: True, time: 1736838060000, calls: 1
2025-01-14 07:04:48 - INFO - 2025-01-14 07:01:00 status: True, time: 1736838060000, calls: 2
2025-01-14 07:04:48 - INFO - Duplicate timestamp detected. Stopping fetch.
2025-01-14 07:04:48 - INFO - before dropping :1
2025-01-14 07:04:48 - INFO - Empty DataFrame
Columns: [opentime, openprice, highprice, lowprice, closeprice]
Index: []
2025-01-14 07:04:48 - INFO - No new data to append.
2025-01-14 07:05:48 - INFO - Last opentime in CSV: 1736836200000
2025-01-14 07:05:48 - INFO - CSV length before appending: 277
2025-01-14 07:05:48 - INFO - Rounded timestamp: 1736838000000, Last opentime in CSV: 1736836200000
2025-01-14 07:05:48 - INFO - 2025-01-14 07:01:00 status: True, time: 1736838060000, calls: 1
2025-01-14 07:05:48 - INFO - 2025-01-14 07:01:00 status: True, time: 1736838060000, calls: 2
2025-01-14 07:05:48 - INFO - Duplicate timestamp detected. Stopping fetch.
2025-01-14 07:05:48 - INFO - before dropping :1
2025-01-14 07:05:48 - INFO - Empty DataFrame
Columns: [opentime, openprice, highprice, lowprice, closeprice]
Index: []
2025-01-14 07:05:48 - INFO - No new data to append.
2025-01-14 07:06:48 - INFO - Last opentime in CSV: 1736836200000
2025-01-14 07:06:48 - INFO - CSV length before appending: 277
2025-01-14 07:06:48 - INFO - Rounded timestamp: 1736838000000, Last opentime in CSV: 1736836200000
2025-01-14 07:06:49 - INFO - 2025-01-14 07:01:00 status: True, time: 1736838060000, calls: 1
2025-01-14 07:06:49 - INFO - 2025-01-14 07:01:00 status: True, time: 1736838060000, calls: 2
2025-01-14 07:06:49 - INFO - Duplicate timestamp detected. Stopping fetch.
2025-01-14 07:06:49 - INFO - before dropping :1
2025-01-14 07:06:49 - INFO - Empty DataFrame
Columns: [opentime, openprice, highprice, lowprice, closeprice]
Index: []
2025-01-14 07:06:49 - INFO - No new data to append.
2025-01-14 07:07:49 - INFO - Last opentime in CSV: 1736836200000
2025-01-14 07:07:49 - INFO - CSV length before appending: 277
2025-01-14 07:07:49 - INFO - Rounded timestamp: 1736838000000, Last opentime in CSV: 1736836200000
2025-01-14 07:07:49 - INFO - 2025-01-14 07:01:00 status: True, time: 1736838060000, calls: 1
2025-01-14 07:07:49 - INFO - 2025-01-14 07:01:00 status: True, time: 1736838060000, calls: 2
2025-01-14 07:07:49 - INFO - Duplicate timestamp detected. Stopping fetch.
2025-01-14 07:07:49 - INFO - before dropping :1
2025-01-14 07:07:49 - INFO - Empty DataFrame
Columns: [opentime, openprice, highprice, lowprice, closeprice]
Index: []
2025-01-14 07:07:49 - INFO - No new data to append.
2025-01-14 07:08:49 - INFO - Last opentime in CSV: 1736836200000
2025-01-14 07:08:49 - INFO - CSV length before appending: 277
2025-01-14 07:08:49 - INFO - Rounded timestamp: 1736838000000, Last opentime in CSV: 1736836200000
2025-01-14 07:08:49 - INFO - 2025-01-14 07:01:00 status: True, time: 1736838060000, calls: 1
2025-01-14 07:08:49 - INFO - 2025-01-14 07:01:00 status: True, time: 1736838060000, calls: 2
2025-01-14 07:08:49 - INFO - Duplicate timestamp detected. Stopping fetch.
2025-01-14 07:08:49 - INFO - before dropping :1
2025-01-14 07:08:49 - INFO - Empty DataFrame
Columns: [opentime, openprice, highprice, lowprice, closeprice]
Index: []
2025-01-14 07:08:49 - INFO - No new data to append.
2025-01-14 07:09:49 - INFO - Last opentime in CSV: 1736836200000
2025-01-14 07:09:49 - INFO - CSV length before appending: 277
2025-01-14 07:09:49 - INFO - Rounded timestamp: 1736838000000, Last opentime in CSV: 1736836200000
2025-01-14 07:09:49 - INFO - 2025-01-14 07:01:00 status: True, time: 1736838060000, calls: 1
2025-01-14 07:09:49 - INFO - 2025-01-14 07:01:00 status: True, time: 1736838060000, calls: 2
2025-01-14 07:09:49 - INFO - Duplicate timestamp detected. Stopping fetch.
2025-01-14 07:09:49 - INFO - before dropping :1
2025-01-14 07:09:49 - INFO - Empty DataFrame
Columns: [opentime, openprice, highprice, lowprice, closeprice]
Index: []
2025-01-14 07:09:49 - INFO - No new data to append.
2025-01-14 07:10:49 - INFO - Last opentime in CSV: 1736836200000
2025-01-14 07:10:49 - INFO - CSV length before appending: 277
2025-01-14 07:10:49 - INFO - Rounded timestamp: 1736838000000, Last opentime in CSV: 1736836200000
2025-01-14 07:10:50 - INFO - 2025-01-14 07:01:00 status: True, time: 1736838060000, calls: 1
2025-01-14 07:10:50 - INFO - 2025-01-14 07:01:00 status: True, time: 1736838060000, calls: 2
2025-01-14 07:10:50 - INFO - Duplicate timestamp detected. Stopping fetch.
2025-01-14 07:10:50 - INFO - before dropping :1
2025-01-14 07:10:50 - INFO - Empty DataFrame
Columns: [opentime, openprice, highprice, lowprice, closeprice]
Index: []
2025-01-14 07:10:50 - INFO - No new data to append.
2025-01-14 07:11:50 - INFO - Last opentime in CSV: 1736836200000
2025-01-14 07:11:50 - INFO - CSV length before appending: 277
2025-01-14 07:11:50 - INFO - Rounded timestamp: 1736838000000, Last opentime in CSV: 1736836200000
2025-01-14 07:11:50 - INFO - 2025-01-14 07:01:00 status: True, time: 1736838060000, calls: 1
2025-01-14 07:11:50 - INFO - 2025-01-14 07:01:00 status: True, time: 1736838060000, calls: 2
2025-01-14 07:11:50 - INFO - Duplicate timestamp detected. Stopping fetch.
2025-01-14 07:11:50 - INFO - before dropping :1
2025-01-14 07:11:50 - INFO - Empty DataFrame
Columns: [opentime, openprice, highprice, lowprice, closeprice]
Index: []
2025-01-14 07:11:50 - INFO - No new data to append.
2025-01-14 07:12:50 - INFO - Last opentime in CSV: 1736836200000
2025-01-14 07:12:50 - INFO - CSV length before appending: 277
2025-01-14 07:12:50 - INFO - Rounded timestamp: 1736838000000, Last opentime in CSV: 1736836200000
2025-01-14 07:12:50 - INFO - 2025-01-14 07:01:00 status: True, time: 1736838060000, calls: 1
2025-01-14 07:12:50 - INFO - 2025-01-14 07:01:00 status: True, time: 1736838060000, calls: 2
2025-01-14 07:12:50 - INFO - Duplicate timestamp detected. Stopping fetch.
2025-01-14 07:12:50 - INFO - before dropping :1
2025-01-14 07:12:50 - INFO - Empty DataFrame
Columns: [opentime, openprice, highprice, lowprice, closeprice]
Index: []
2025-01-14 07:12:50 - INFO - No new data to append.
2025-01-14 07:13:50 - INFO - Last opentime in CSV: 1736836200000
2025-01-14 07:13:50 - INFO - CSV length before appending: 277
2025-01-14 07:13:50 - INFO - Rounded timestamp: 1736838000000, Last opentime in CSV: 1736836200000
2025-01-14 07:13:51 - INFO - 2025-01-14 07:01:00 status: True, time: 1736838060000, calls: 1
2025-01-14 07:13:51 - INFO - 2025-01-14 07:01:00 status: True, time: 1736838060000, calls: 2
2025-01-14 07:13:51 - INFO - Duplicate timestamp detected. Stopping fetch.
2025-01-14 07:13:51 - INFO - before dropping :1
2025-01-14 07:13:51 - INFO - Empty DataFrame
Columns: [opentime, openprice, highprice, lowprice, closeprice]
Index: []
2025-01-14 07:13:51 - INFO - No new data to append.
2025-01-14 07:14:51 - INFO - Last opentime in CSV: 1736836200000
2025-01-14 07:14:51 - INFO - CSV length before appending: 277
2025-01-14 07:14:51 - INFO - Rounded timestamp: 1736838000000, Last opentime in CSV: 1736836200000
2025-01-14 07:14:51 - INFO - 2025-01-14 07:01:00 status: True, time: 1736838060000, calls: 1
2025-01-14 07:14:51 - INFO - 2025-01-14 07:01:00 status: True, time: 1736838060000, calls: 2
2025-01-14 07:14:51 - INFO - Duplicate timestamp detected. Stopping fetch.
2025-01-14 07:14:51 - INFO - before dropping :1
2025-01-14 07:14:51 - INFO - Empty DataFrame
Columns: [opentime, openprice, highprice, lowprice, closeprice]
Index: []
2025-01-14 07:14:51 - INFO - No new data to append.
2025-01-14 07:15:51 - INFO - Last opentime in CSV: 1736836200000
2025-01-14 07:15:51 - INFO - CSV length before appending: 277
2025-01-14 07:15:51 - INFO - Rounded timestamp: 1736838000000, Last opentime in CSV: 1736836200000
2025-01-14 07:15:51 - INFO - 2025-01-14 07:01:00 status: True, time: 1736838060000, calls: 1
2025-01-14 07:15:51 - INFO - 2025-01-14 07:01:00 status: True, time: 1736838060000, calls: 2
2025-01-14 07:15:51 - INFO - Duplicate timestamp detected. Stopping fetch.
2025-01-14 07:15:51 - INFO - before dropping :1
2025-01-14 07:15:51 - INFO - Empty DataFrame
Columns: [opentime, openprice, highprice, lowprice, closeprice]
Index: []
2025-01-14 07:15:51 - INFO - No new data to append.
2025-01-14 07:16:51 - INFO - Last opentime in CSV: 1736836200000
2025-01-14 07:16:51 - INFO - CSV length before appending: 277
2025-01-14 07:16:51 - INFO - Rounded timestamp: 1736838000000, Last opentime in CSV: 1736836200000
2025-01-14 07:16:51 - INFO - 2025-01-14 07:01:00 status: True, time: 1736838060000, calls: 1
2025-01-14 07:16:52 - INFO - 2025-01-14 07:01:00 status: True, time: 1736838060000, calls: 2
2025-01-14 07:16:52 - INFO - Duplicate timestamp detected. Stopping fetch.
2025-01-14 07:16:52 - INFO - before dropping :1
2025-01-14 07:16:52 - INFO - Empty DataFrame
Columns: [opentime, openprice, highprice, lowprice, closeprice]
Index: []
2025-01-14 07:16:52 - INFO - No new data to append.
2025-01-14 07:17:52 - INFO - Last opentime in CSV: 1736836200000
2025-01-14 07:17:52 - INFO - CSV length before appending: 277
2025-01-14 07:17:52 - INFO - Rounded timestamp: 1736838000000, Last opentime in CSV: 1736836200000
2025-01-14 07:17:52 - INFO - 2025-01-14 07:01:00 status: True, time: 1736838060000, calls: 1
2025-01-14 07:17:52 - INFO - 2025-01-14 07:01:00 status: True, time: 1736838060000, calls: 2
2025-01-14 07:17:52 - INFO - Duplicate timestamp detected. Stopping fetch.
2025-01-14 07:17:52 - INFO - before dropping :1
2025-01-14 07:17:52 - INFO - Empty DataFrame
Columns: [opentime, openprice, highprice, lowprice, closeprice]
Index: []
2025-01-14 07:17:52 - INFO - No new data to append.
2025-01-14 07:18:52 - INFO - Last opentime in CSV: 1736836200000
2025-01-14 07:18:52 - INFO - CSV length before appending: 277
2025-01-14 07:18:52 - INFO - Rounded timestamp: 1736838000000, Last opentime in CSV: 1736836200000
2025-01-14 07:18:52 - INFO - 2025-01-14 07:01:00 status: True, time: 1736838060000, calls: 1
2025-01-14 07:18:52 - INFO - 2025-01-14 07:01:00 status: True, time: 1736838060000, calls: 2
2025-01-14 07:18:52 - INFO - Duplicate timestamp detected. Stopping fetch.
2025-01-14 07:18:52 - INFO - before dropping :1
2025-01-14 07:18:52 - INFO - Empty DataFrame
Columns: [opentime, openprice, highprice, lowprice, closeprice]
Index: []
2025-01-14 07:18:52 - INFO - No new data to append.
2025-01-14 07:19:52 - INFO - Last opentime in CSV: 1736836200000
2025-01-14 07:19:52 - INFO - CSV length before appending: 277
2025-01-14 07:19:52 - INFO - Rounded timestamp: 1736838000000, Last opentime in CSV: 1736836200000
2025-01-14 07:19:52 - INFO - 2025-01-14 07:01:00 status: True, time: 1736838060000, calls: 1
2025-01-14 07:19:53 - INFO - 2025-01-14 07:01:00 status: True, time: 1736838060000, calls: 2
2025-01-14 07:19:53 - INFO - Duplicate timestamp detected. Stopping fetch.
2025-01-14 07:19:53 - INFO - before dropping :1
2025-01-14 07:19:53 - INFO - Empty DataFrame
Columns: [opentime, openprice, highprice, lowprice, closeprice]
Index: []
2025-01-14 07:19:53 - INFO - No new data to append.
2025-01-14 07:20:53 - INFO - Last opentime in CSV: 1736836200000
2025-01-14 07:20:53 - INFO - CSV length before appending: 277
2025-01-14 07:20:53 - INFO - Rounded timestamp: 1736838000000, Last opentime in CSV: 1736836200000
2025-01-14 07:20:53 - INFO - 2025-01-14 07:01:00 status: True, time: 1736838060000, calls: 1
2025-01-14 07:20:53 - INFO - 2025-01-14 07:01:00 status: True, time: 1736838060000, calls: 2
2025-01-14 07:20:53 - INFO - Duplicate timestamp detected. Stopping fetch.
2025-01-14 07:20:53 - INFO - before dropping :1
2025-01-14 07:20:53 - INFO - Empty DataFrame
Columns: [opentime, openprice, highprice, lowprice, closeprice]
Index: []
2025-01-14 07:20:53 - INFO - No new data to append.
2025-01-14 07:21:53 - INFO - Last opentime in CSV: 1736836200000
2025-01-14 07:21:53 - INFO - CSV length before appending: 277
2025-01-14 07:21:53 - INFO - Rounded timestamp: 1736838000000, Last opentime in CSV: 1736836200000
2025-01-14 07:21:53 - INFO - 2025-01-14 07:01:00 status: True, time: 1736838060000, calls: 1
2025-01-14 07:21:53 - INFO - 2025-01-14 07:01:00 status: True, time: 1736838060000, calls: 2
2025-01-14 07:21:53 - INFO - Duplicate timestamp detected. Stopping fetch.
2025-01-14 07:21:53 - INFO - before dropping :1
2025-01-14 07:21:53 - INFO - Empty DataFrame
Columns: [opentime, openprice, highprice, lowprice, closeprice]
Index: []
2025-01-14 07:21:53 - INFO - No new data to append.
2025-01-14 07:22:53 - INFO - Last opentime in CSV: 1736836200000
2025-01-14 07:22:53 - INFO - CSV length before appending: 277
2025-01-14 07:22:53 - INFO - Rounded timestamp: 1736838000000, Last opentime in CSV: 1736836200000
2025-01-14 07:22:53 - INFO - 2025-01-14 07:01:00 status: True, time: 1736838060000, calls: 1
2025-01-14 07:22:54 - INFO - 2025-01-14 07:01:00 status: True, time: 1736838060000, calls: 2
2025-01-14 07:22:54 - INFO - Duplicate timestamp detected. Stopping fetch.
2025-01-14 07:22:54 - INFO - before dropping :1
2025-01-14 07:22:54 - INFO - Empty DataFrame
Columns: [opentime, openprice, highprice, lowprice, closeprice]
Index: []
2025-01-14 07:22:54 - INFO - No new data to append.
2025-01-14 07:23:54 - INFO - Last opentime in CSV: 1736836200000
2025-01-14 07:23:54 - INFO - CSV length before appending: 277
2025-01-14 07:23:54 - INFO - Rounded timestamp: 1736838000000, Last opentime in CSV: 1736836200000
2025-01-14 07:23:54 - INFO - 2025-01-14 07:01:00 status: True, time: 1736838060000, calls: 1
2025-01-14 07:23:54 - INFO - 2025-01-14 07:01:00 status: True, time: 1736838060000, calls: 2
2025-01-14 07:23:54 - INFO - Duplicate timestamp detected. Stopping fetch.
2025-01-14 07:23:54 - INFO - before dropping :1
2025-01-14 07:23:54 - INFO - Empty DataFrame
Columns: [opentime, openprice, highprice, lowprice, closeprice]
Index: []
2025-01-14 07:23:54 - INFO - No new data to append.
2025-01-14 07:24:54 - INFO - Last opentime in CSV: 1736836200000
2025-01-14 07:24:54 - INFO - CSV length before appending: 277
2025-01-14 07:24:54 - INFO - Rounded timestamp: 1736838000000, Last opentime in CSV: 1736836200000
2025-01-14 07:24:54 - INFO - 2025-01-14 07:01:00 status: True, time: 1736838060000, calls: 1
2025-01-14 07:24:54 - INFO - 2025-01-14 07:01:00 status: True, time: 1736838060000, calls: 2
2025-01-14 07:24:54 - INFO - Duplicate timestamp detected. Stopping fetch.
2025-01-14 07:24:54 - INFO - before dropping :1
2025-01-14 07:24:54 - INFO - Empty DataFrame
Columns: [opentime, openprice, highprice, lowprice, closeprice]
Index: []
2025-01-14 07:24:54 - INFO - No new data to append.
2025-01-14 07:25:54 - INFO - Last opentime in CSV: 1736836200000
2025-01-14 07:25:54 - INFO - CSV length before appending: 277
2025-01-14 07:25:54 - INFO - Rounded timestamp: 1736838000000, Last opentime in CSV: 1736836200000
2025-01-14 07:25:54 - INFO - 2025-01-14 07:01:00 status: True, time: 1736838060000, calls: 1
2025-01-14 07:25:55 - INFO - 2025-01-14 07:01:00 status: True, time: 1736838060000, calls: 2
2025-01-14 07:25:55 - INFO - Duplicate timestamp detected. Stopping fetch.
2025-01-14 07:25:55 - INFO - before dropping :1
2025-01-14 07:25:55 - INFO - Empty DataFrame
Columns: [opentime, openprice, highprice, lowprice, closeprice]
Index: []
2025-01-14 07:25:55 - INFO - No new data to append.
2025-01-14 07:26:55 - INFO - Last opentime in CSV: 1736836200000
2025-01-14 07:26:55 - INFO - CSV length before appending: 277
2025-01-14 07:26:55 - INFO - Rounded timestamp: 1736838000000, Last opentime in CSV: 1736836200000
2025-01-14 07:26:55 - INFO - 2025-01-14 07:01:00 status: True, time: 1736838060000, calls: 1
2025-01-14 07:26:55 - INFO - 2025-01-14 07:01:00 status: True, time: 1736838060000, calls: 2
2025-01-14 07:26:55 - INFO - Duplicate timestamp detected. Stopping fetch.
2025-01-14 07:26:55 - INFO - before dropping :1
2025-01-14 07:26:55 - INFO - Empty DataFrame
Columns: [opentime, openprice, highprice, lowprice, closeprice]
Index: []
2025-01-14 07:26:55 - INFO - No new data to append.
2025-01-14 07:27:55 - INFO - Last opentime in CSV: 1736836200000
2025-01-14 07:27:55 - INFO - CSV length before appending: 277
2025-01-14 07:27:55 - INFO - Rounded timestamp: 1736838000000, Last opentime in CSV: 1736836200000
2025-01-14 07:27:55 - INFO - 2025-01-14 07:01:00 status: True, time: 1736838060000, calls: 1
2025-01-14 07:27:55 - INFO - 2025-01-14 07:01:00 status: True, time: 1736838060000, calls: 2
2025-01-14 07:27:55 - INFO - Duplicate timestamp detected. Stopping fetch.
2025-01-14 07:27:55 - INFO - before dropping :1
2025-01-14 07:27:55 - INFO - Empty DataFrame
Columns: [opentime, openprice, highprice, lowprice, closeprice]
Index: []
2025-01-14 07:27:55 - INFO - No new data to append.
2025-01-14 07:28:55 - INFO - Last opentime in CSV: 1736836200000
2025-01-14 07:28:55 - INFO - CSV length before appending: 277
2025-01-14 07:28:55 - INFO - Rounded timestamp: 1736838000000, Last opentime in CSV: 1736836200000
2025-01-14 07:28:55 - INFO - 2025-01-14 07:01:00 status: True, time: 1736838060000, calls: 1
2025-01-14 07:28:55 - INFO - 2025-01-14 07:01:00 status: True, time: 1736838060000, calls: 2
2025-01-14 07:28:55 - INFO - Duplicate timestamp detected. Stopping fetch.
2025-01-14 07:28:55 - INFO - before dropping :1
2025-01-14 07:28:55 - INFO - Empty DataFrame
Columns: [opentime, openprice, highprice, lowprice, closeprice]
Index: []
2025-01-14 07:28:55 - INFO - No new data to append.
2025-01-14 07:29:55 - INFO - Last opentime in CSV: 1736836200000
2025-01-14 07:29:55 - INFO - CSV length before appending: 277
2025-01-14 07:29:55 - INFO - Rounded timestamp: 1736838000000, Last opentime in CSV: 1736836200000
2025-01-14 07:29:56 - INFO - 2025-01-14 07:01:00 status: True, time: 1736838060000, calls: 1
2025-01-14 07:29:56 - INFO - 2025-01-14 07:01:00 status: True, time: 1736838060000, calls: 2
2025-01-14 07:29:56 - INFO - Duplicate timestamp detected. Stopping fetch.
2025-01-14 07:29:56 - INFO - before dropping :1
2025-01-14 07:29:56 - INFO - Empty DataFrame
Columns: [opentime, openprice, highprice, lowprice, closeprice]
Index: []
2025-01-14 07:29:56 - INFO - No new data to append.
2025-01-14 07:30:56 - INFO - Last opentime in CSV: 1736836200000
2025-01-14 07:30:56 - INFO - CSV length before appending: 277
2025-01-14 07:30:56 - INFO - Rounded timestamp: 1736839800000, Last opentime in CSV: 1736836200000
2025-01-14 07:30:56 - INFO - Reached endtime at 2025-01-14 07:31:00. Stopping fetch.
2025-01-14 07:30:56 - INFO - before dropping :2
2025-01-14 07:30:56 - INFO -         opentime  openprice  highprice  lowprice  closeprice
0  1736838000000      186.2     186.27     185.5      185.93
2025-01-14 07:30:56 - INFO - 1 new rows fetched and appended successfully.
2025-01-14 07:30:56 - INFO - New CSV length after appending: 278
2025-01-14 07:30:56 - INFO - New data:           opentime  openprice  highprice  lowprice  closeprice
277  1736838000000      186.2     186.27     185.5      185.93
2025-01-14 07:30:56 - INFO - New data fetched, processing now.
2025-01-14 07:30:56 - INFO - Last row:           opentime  openprice  ...  SUPERTl_10_3.0  SUPERTs_10_3.0
277  1736838000000      186.2  ...      182.184459             NaN

[1 rows x 7 columns]
2025-01-14 07:30:56 - INFO - Supertrend indicator applied.
2025-01-14 07:30:56 - INFO - Last row:           opentime  openprice  ...  leading_span_a  leading_span_b
277  1736838000000      186.2  ...        175.0525             NaN

[1 rows x 9 columns]
2025-01-14 07:30:56 - INFO - Ichimoku cloud indicator applied.
2025-01-14 07:30:56 - INFO - Previous up trend: 182.18445911742998
2025-01-14 07:30:56 - INFO - Current up trend: 182.18445911742998
2025-01-14 07:30:56 - INFO - Trend: unchange
2025-01-14 07:30:56 - INFO - Suggested Action: Long
2025-01-14 07:30:56 - INFO - Previous Action: Long
2025-01-14 07:30:56 - INFO - Suggested Action: Long
2025-01-14 07:30:56 - INFO - at: 2025-01-14 07:00:00 - No action taken
2025-01-14 07:31:56 - INFO - Last opentime in CSV: 1736838000000
2025-01-14 07:31:56 - INFO - CSV length before appending: 278
2025-01-14 07:31:56 - INFO - Rounded timestamp: 1736839800000, Last opentime in CSV: 1736838000000
2025-01-14 07:31:56 - INFO - 2025-01-14 07:31:00 status: True, time: 1736839860000, calls: 1
2025-01-14 07:31:56 - INFO - 2025-01-14 07:31:00 status: True, time: 1736839860000, calls: 2
2025-01-14 07:31:56 - INFO - Duplicate timestamp detected. Stopping fetch.
2025-01-14 07:31:56 - INFO - before dropping :1
2025-01-14 07:31:56 - INFO - Empty DataFrame
Columns: [opentime, openprice, highprice, lowprice, closeprice]
Index: []
2025-01-14 07:31:56 - INFO - No new data to append.
2025-01-14 07:32:56 - INFO - Last opentime in CSV: 1736838000000
2025-01-14 07:32:56 - INFO - CSV length before appending: 278
2025-01-14 07:32:56 - INFO - Rounded timestamp: 1736839800000, Last opentime in CSV: 1736838000000
2025-01-14 07:32:56 - INFO - 2025-01-14 07:31:00 status: True, time: 1736839860000, calls: 1
2025-01-14 07:32:57 - INFO - 2025-01-14 07:31:00 status: True, time: 1736839860000, calls: 2
2025-01-14 07:32:57 - INFO - Duplicate timestamp detected. Stopping fetch.
2025-01-14 07:32:57 - INFO - before dropping :1
2025-01-14 07:32:57 - INFO - Empty DataFrame
Columns: [opentime, openprice, highprice, lowprice, closeprice]
Index: []
2025-01-14 07:32:57 - INFO - No new data to append.
2025-01-14 07:33:57 - INFO - Last opentime in CSV: 1736838000000
2025-01-14 07:33:57 - INFO - CSV length before appending: 278
2025-01-14 07:33:57 - INFO - Rounded timestamp: 1736839800000, Last opentime in CSV: 1736838000000
2025-01-14 07:33:57 - INFO - 2025-01-14 07:31:00 status: True, time: 1736839860000, calls: 1
2025-01-14 07:33:57 - INFO - 2025-01-14 07:31:00 status: True, time: 1736839860000, calls: 2
2025-01-14 07:33:57 - INFO - Duplicate timestamp detected. Stopping fetch.
2025-01-14 07:33:57 - INFO - before dropping :1
2025-01-14 07:33:57 - INFO - Empty DataFrame
Columns: [opentime, openprice, highprice, lowprice, closeprice]
Index: []
2025-01-14 07:33:57 - INFO - No new data to append.
2025-01-14 07:34:57 - INFO - Last opentime in CSV: 1736838000000
2025-01-14 07:34:57 - INFO - CSV length before appending: 278
2025-01-14 07:34:57 - INFO - Rounded timestamp: 1736839800000, Last opentime in CSV: 1736838000000
2025-01-14 07:34:57 - INFO - 2025-01-14 07:31:00 status: True, time: 1736839860000, calls: 1
2025-01-14 07:34:57 - INFO - 2025-01-14 07:31:00 status: True, time: 1736839860000, calls: 2
2025-01-14 07:34:57 - INFO - Duplicate timestamp detected. Stopping fetch.
2025-01-14 07:34:57 - INFO - before dropping :1
2025-01-14 07:34:57 - INFO - Empty DataFrame
Columns: [opentime, openprice, highprice, lowprice, closeprice]
Index: []
2025-01-14 07:34:57 - INFO - No new data to append.
2025-01-14 07:35:57 - INFO - Last opentime in CSV: 1736838000000
2025-01-14 07:35:57 - INFO - CSV length before appending: 278
2025-01-14 07:35:57 - INFO - Rounded timestamp: 1736839800000, Last opentime in CSV: 1736838000000
2025-01-14 07:35:57 - INFO - 2025-01-14 07:31:00 status: True, time: 1736839860000, calls: 1
2025-01-14 07:35:57 - INFO - 2025-01-14 07:31:00 status: True, time: 1736839860000, calls: 2
2025-01-14 07:35:57 - INFO - Duplicate timestamp detected. Stopping fetch.
2025-01-14 07:35:57 - INFO - before dropping :1
2025-01-14 07:35:57 - INFO - Empty DataFrame
Columns: [opentime, openprice, highprice, lowprice, closeprice]
Index: []
2025-01-14 07:35:57 - INFO - No new data to append.
2025-01-14 07:36:57 - INFO - Last opentime in CSV: 1736838000000
2025-01-14 07:36:57 - INFO - CSV length before appending: 278
2025-01-14 07:36:57 - INFO - Rounded timestamp: 1736839800000, Last opentime in CSV: 1736838000000
2025-01-14 07:36:57 - INFO - 2025-01-14 07:31:00 status: True, time: 1736839860000, calls: 1
2025-01-14 07:36:58 - INFO - 2025-01-14 07:31:00 status: True, time: 1736839860000, calls: 2
2025-01-14 07:36:58 - INFO - Duplicate timestamp detected. Stopping fetch.
2025-01-14 07:36:58 - INFO - before dropping :1
2025-01-14 07:36:58 - INFO - Empty DataFrame
Columns: [opentime, openprice, highprice, lowprice, closeprice]
Index: []
2025-01-14 07:36:58 - INFO - No new data to append.
2025-01-14 07:37:58 - INFO - Last opentime in CSV: 1736838000000
2025-01-14 07:37:58 - INFO - CSV length before appending: 278
2025-01-14 07:37:58 - INFO - Rounded timestamp: 1736839800000, Last opentime in CSV: 1736838000000
2025-01-14 07:37:58 - INFO - 2025-01-14 07:31:00 status: True, time: 1736839860000, calls: 1
2025-01-14 07:37:58 - INFO - 2025-01-14 07:31:00 status: True, time: 1736839860000, calls: 2
2025-01-14 07:37:58 - INFO - Duplicate timestamp detected. Stopping fetch.
2025-01-14 07:37:58 - INFO - before dropping :1
2025-01-14 07:37:58 - INFO - Empty DataFrame
Columns: [opentime, openprice, highprice, lowprice, closeprice]
Index: []
2025-01-14 07:37:58 - INFO - No new data to append.
2025-01-14 07:38:58 - INFO - Last opentime in CSV: 1736838000000
2025-01-14 07:38:58 - INFO - CSV length before appending: 278
2025-01-14 07:38:58 - INFO - Rounded timestamp: 1736839800000, Last opentime in CSV: 1736838000000
2025-01-14 07:38:58 - INFO - 2025-01-14 07:31:00 status: True, time: 1736839860000, calls: 1
2025-01-14 07:38:58 - INFO - 2025-01-14 07:31:00 status: True, time: 1736839860000, calls: 2
2025-01-14 07:38:58 - INFO - Duplicate timestamp detected. Stopping fetch.
2025-01-14 07:38:58 - INFO - before dropping :1
2025-01-14 07:38:58 - INFO - Empty DataFrame
Columns: [opentime, openprice, highprice, lowprice, closeprice]
Index: []
2025-01-14 07:38:58 - INFO - No new data to append.
2025-01-14 07:39:58 - INFO - Last opentime in CSV: 1736838000000
2025-01-14 07:39:58 - INFO - CSV length before appending: 278
2025-01-14 07:39:58 - INFO - Rounded timestamp: 1736839800000, Last opentime in CSV: 1736838000000
2025-01-14 07:39:58 - INFO - 2025-01-14 07:31:00 status: True, time: 1736839860000, calls: 1
2025-01-14 07:39:58 - INFO - 2025-01-14 07:31:00 status: True, time: 1736839860000, calls: 2
2025-01-14 07:39:58 - INFO - Duplicate timestamp detected. Stopping fetch.
2025-01-14 07:39:58 - INFO - before dropping :1
2025-01-14 07:39:58 - INFO - Empty DataFrame
Columns: [opentime, openprice, highprice, lowprice, closeprice]
Index: []
2025-01-14 07:39:58 - INFO - No new data to append.
2025-01-14 07:40:58 - INFO - Last opentime in CSV: 1736838000000
2025-01-14 07:40:58 - INFO - CSV length before appending: 278
2025-01-14 07:40:58 - INFO - Rounded timestamp: 1736839800000, Last opentime in CSV: 1736838000000
2025-01-14 07:40:58 - INFO - 2025-01-14 07:31:00 status: True, time: 1736839860000, calls: 1
2025-01-14 07:40:58 - INFO - 2025-01-14 07:31:00 status: True, time: 1736839860000, calls: 2
2025-01-14 07:40:58 - INFO - Duplicate timestamp detected. Stopping fetch.
2025-01-14 07:40:58 - INFO - before dropping :1
2025-01-14 07:40:58 - INFO - Empty DataFrame
Columns: [opentime, openprice, highprice, lowprice, closeprice]
Index: []
2025-01-14 07:40:58 - INFO - No new data to append.
2025-01-14 07:41:58 - INFO - Last opentime in CSV: 1736838000000
2025-01-14 07:41:58 - INFO - CSV length before appending: 278
2025-01-14 07:41:58 - INFO - Rounded timestamp: 1736839800000, Last opentime in CSV: 1736838000000
2025-01-14 07:41:59 - INFO - 2025-01-14 07:31:00 status: True, time: 1736839860000, calls: 1
2025-01-14 07:41:59 - INFO - 2025-01-14 07:31:00 status: True, time: 1736839860000, calls: 2
2025-01-14 07:41:59 - INFO - Duplicate timestamp detected. Stopping fetch.
2025-01-14 07:41:59 - INFO - before dropping :1
2025-01-14 07:41:59 - INFO - Empty DataFrame
Columns: [opentime, openprice, highprice, lowprice, closeprice]
Index: []
2025-01-14 07:41:59 - INFO - No new data to append.
2025-01-14 07:42:59 - INFO - Last opentime in CSV: 1736838000000
2025-01-14 07:42:59 - INFO - CSV length before appending: 278
2025-01-14 07:42:59 - INFO - Rounded timestamp: 1736839800000, Last opentime in CSV: 1736838000000
2025-01-14 07:42:59 - INFO - 2025-01-14 07:31:00 status: True, time: 1736839860000, calls: 1
2025-01-14 07:42:59 - INFO - 2025-01-14 07:31:00 status: True, time: 1736839860000, calls: 2
2025-01-14 07:42:59 - INFO - Duplicate timestamp detected. Stopping fetch.
2025-01-14 07:42:59 - INFO - before dropping :1
2025-01-14 07:42:59 - INFO - Empty DataFrame
Columns: [opentime, openprice, highprice, lowprice, closeprice]
Index: []
2025-01-14 07:42:59 - INFO - No new data to append.
2025-01-14 07:43:59 - INFO - Last opentime in CSV: 1736838000000
2025-01-14 07:43:59 - INFO - CSV length before appending: 278
2025-01-14 07:43:59 - INFO - Rounded timestamp: 1736839800000, Last opentime in CSV: 1736838000000
2025-01-14 07:43:59 - INFO - 2025-01-14 07:31:00 status: True, time: 1736839860000, calls: 1
2025-01-14 07:43:59 - INFO - 2025-01-14 07:31:00 status: True, time: 1736839860000, calls: 2
2025-01-14 07:43:59 - INFO - Duplicate timestamp detected. Stopping fetch.
2025-01-14 07:43:59 - INFO - before dropping :1
2025-01-14 07:43:59 - INFO - Empty DataFrame
Columns: [opentime, openprice, highprice, lowprice, closeprice]
Index: []
2025-01-14 07:43:59 - INFO - No new data to append.
2025-01-14 07:44:59 - INFO - Last opentime in CSV: 1736838000000
2025-01-14 07:44:59 - INFO - CSV length before appending: 278
2025-01-14 07:44:59 - INFO - Rounded timestamp: 1736839800000, Last opentime in CSV: 1736838000000
2025-01-14 07:44:59 - INFO - 2025-01-14 07:31:00 status: True, time: 1736839860000, calls: 1
2025-01-14 07:44:59 - INFO - 2025-01-14 07:31:00 status: True, time: 1736839860000, calls: 2
2025-01-14 07:44:59 - INFO - Duplicate timestamp detected. Stopping fetch.
2025-01-14 07:44:59 - INFO - before dropping :1
2025-01-14 07:44:59 - INFO - Empty DataFrame
Columns: [opentime, openprice, highprice, lowprice, closeprice]
Index: []
2025-01-14 07:44:59 - INFO - No new data to append.
2025-01-14 07:45:59 - INFO - Last opentime in CSV: 1736838000000
2025-01-14 07:45:59 - INFO - CSV length before appending: 278
2025-01-14 07:45:59 - INFO - Rounded timestamp: 1736839800000, Last opentime in CSV: 1736838000000
2025-01-14 07:46:00 - INFO - 2025-01-14 07:31:00 status: True, time: 1736839860000, calls: 1
2025-01-14 07:46:00 - INFO - 2025-01-14 07:31:00 status: True, time: 1736839860000, calls: 2
2025-01-14 07:46:00 - INFO - Duplicate timestamp detected. Stopping fetch.
2025-01-14 07:46:00 - INFO - before dropping :1
2025-01-14 07:46:00 - INFO - Empty DataFrame
Columns: [opentime, openprice, highprice, lowprice, closeprice]
Index: []
2025-01-14 07:46:00 - INFO - No new data to append.
2025-01-14 07:47:00 - INFO - Last opentime in CSV: 1736838000000
2025-01-14 07:47:00 - INFO - CSV length before appending: 278
2025-01-14 07:47:00 - INFO - Rounded timestamp: 1736839800000, Last opentime in CSV: 1736838000000
2025-01-14 07:47:00 - INFO - 2025-01-14 07:31:00 status: True, time: 1736839860000, calls: 1
2025-01-14 07:47:00 - INFO - 2025-01-14 07:31:00 status: True, time: 1736839860000, calls: 2
2025-01-14 07:47:00 - INFO - Duplicate timestamp detected. Stopping fetch.
2025-01-14 07:47:00 - INFO - before dropping :1
2025-01-14 07:47:00 - INFO - Empty DataFrame
Columns: [opentime, openprice, highprice, lowprice, closeprice]
Index: []
2025-01-14 07:47:00 - INFO - No new data to append.
2025-01-14 07:48:00 - INFO - Last opentime in CSV: 1736838000000
2025-01-14 07:48:00 - INFO - CSV length before appending: 278
2025-01-14 07:48:00 - INFO - Rounded timestamp: 1736839800000, Last opentime in CSV: 1736838000000
2025-01-14 07:48:00 - INFO - 2025-01-14 07:31:00 status: True, time: 1736839860000, calls: 1
2025-01-14 07:48:00 - INFO - 2025-01-14 07:31:00 status: True, time: 1736839860000, calls: 2
2025-01-14 07:48:00 - INFO - Duplicate timestamp detected. Stopping fetch.
2025-01-14 07:48:00 - INFO - before dropping :1
2025-01-14 07:48:00 - INFO - Empty DataFrame
Columns: [opentime, openprice, highprice, lowprice, closeprice]
Index: []
2025-01-14 07:48:00 - INFO - No new data to append.
2025-01-14 07:49:00 - INFO - Last opentime in CSV: 1736838000000
2025-01-14 07:49:00 - INFO - CSV length before appending: 278
2025-01-14 07:49:00 - INFO - Rounded timestamp: 1736839800000, Last opentime in CSV: 1736838000000
2025-01-14 07:49:00 - INFO - 2025-01-14 07:31:00 status: True, time: 1736839860000, calls: 1
2025-01-14 07:49:00 - INFO - 2025-01-14 07:31:00 status: True, time: 1736839860000, calls: 2
2025-01-14 07:49:00 - INFO - Duplicate timestamp detected. Stopping fetch.
2025-01-14 07:49:00 - INFO - before dropping :1
2025-01-14 07:49:00 - INFO - Empty DataFrame
Columns: [opentime, openprice, highprice, lowprice, closeprice]
Index: []
2025-01-14 07:49:00 - INFO - No new data to append.
2025-01-14 07:50:00 - INFO - Last opentime in CSV: 1736838000000
2025-01-14 07:50:00 - INFO - CSV length before appending: 278
2025-01-14 07:50:00 - INFO - Rounded timestamp: 1736839800000, Last opentime in CSV: 1736838000000
2025-01-14 07:50:01 - INFO - 2025-01-14 07:31:00 status: True, time: 1736839860000, calls: 1
2025-01-14 07:50:01 - INFO - 2025-01-14 07:31:00 status: True, time: 1736839860000, calls: 2
2025-01-14 07:50:01 - INFO - Duplicate timestamp detected. Stopping fetch.
2025-01-14 07:50:01 - INFO - before dropping :1
2025-01-14 07:50:01 - INFO - Empty DataFrame
Columns: [opentime, openprice, highprice, lowprice, closeprice]
Index: []
2025-01-14 07:50:01 - INFO - No new data to append.
2025-01-14 07:51:01 - INFO - Last opentime in CSV: 1736838000000
2025-01-14 07:51:01 - INFO - CSV length before appending: 278
2025-01-14 07:51:01 - INFO - Rounded timestamp: 1736839800000, Last opentime in CSV: 1736838000000
2025-01-14 07:51:01 - INFO - 2025-01-14 07:31:00 status: True, time: 1736839860000, calls: 1
2025-01-14 07:51:01 - INFO - 2025-01-14 07:31:00 status: True, time: 1736839860000, calls: 2
2025-01-14 07:51:01 - INFO - Duplicate timestamp detected. Stopping fetch.
2025-01-14 07:51:01 - INFO - before dropping :1
2025-01-14 07:51:01 - INFO - Empty DataFrame
Columns: [opentime, openprice, highprice, lowprice, closeprice]
Index: []
2025-01-14 07:51:01 - INFO - No new data to append.
2025-01-14 07:52:01 - INFO - Last opentime in CSV: 1736838000000
2025-01-14 07:52:01 - INFO - CSV length before appending: 278
2025-01-14 07:52:01 - INFO - Rounded timestamp: 1736839800000, Last opentime in CSV: 1736838000000
2025-01-14 07:52:01 - INFO - 2025-01-14 07:31:00 status: True, time: 1736839860000, calls: 1
2025-01-14 07:52:01 - INFO - 2025-01-14 07:31:00 status: True, time: 1736839860000, calls: 2
2025-01-14 07:52:01 - INFO - Duplicate timestamp detected. Stopping fetch.
2025-01-14 07:52:01 - INFO - before dropping :1
2025-01-14 07:52:01 - INFO - Empty DataFrame
Columns: [opentime, openprice, highprice, lowprice, closeprice]
Index: []
2025-01-14 07:52:01 - INFO - No new data to append.
2025-01-14 07:53:01 - INFO - Last opentime in CSV: 1736838000000
2025-01-14 07:53:01 - INFO - CSV length before appending: 278
2025-01-14 07:53:01 - INFO - Rounded timestamp: 1736839800000, Last opentime in CSV: 1736838000000
2025-01-14 07:53:01 - INFO - 2025-01-14 07:31:00 status: True, time: 1736839860000, calls: 1
2025-01-14 07:53:01 - INFO - 2025-01-14 07:31:00 status: True, time: 1736839860000, calls: 2
2025-01-14 07:53:01 - INFO - Duplicate timestamp detected. Stopping fetch.
2025-01-14 07:53:01 - INFO - before dropping :1
2025-01-14 07:53:01 - INFO - Empty DataFrame
Columns: [opentime, openprice, highprice, lowprice, closeprice]
Index: []
2025-01-14 07:53:01 - INFO - No new data to append.
2025-01-14 07:54:01 - INFO - Last opentime in CSV: 1736838000000
2025-01-14 07:54:01 - INFO - CSV length before appending: 278
2025-01-14 07:54:01 - INFO - Rounded timestamp: 1736839800000, Last opentime in CSV: 1736838000000
2025-01-14 07:54:02 - INFO - 2025-01-14 07:31:00 status: True, time: 1736839860000, calls: 1
2025-01-14 07:54:02 - INFO - 2025-01-14 07:31:00 status: True, time: 1736839860000, calls: 2
2025-01-14 07:54:02 - INFO - Duplicate timestamp detected. Stopping fetch.
2025-01-14 07:54:02 - INFO - before dropping :1
2025-01-14 07:54:02 - INFO - Empty DataFrame
Columns: [opentime, openprice, highprice, lowprice, closeprice]
Index: []
2025-01-14 07:54:02 - INFO - No new data to append.
2025-01-14 07:55:02 - INFO - Last opentime in CSV: 1736838000000
2025-01-14 07:55:02 - INFO - CSV length before appending: 278
2025-01-14 07:55:02 - INFO - Rounded timestamp: 1736839800000, Last opentime in CSV: 1736838000000
2025-01-14 07:55:02 - INFO - 2025-01-14 07:31:00 status: True, time: 1736839860000, calls: 1
2025-01-14 07:55:02 - INFO - 2025-01-14 07:31:00 status: True, time: 1736839860000, calls: 2
2025-01-14 07:55:02 - INFO - Duplicate timestamp detected. Stopping fetch.
2025-01-14 07:55:02 - INFO - before dropping :1
2025-01-14 07:55:02 - INFO - Empty DataFrame
Columns: [opentime, openprice, highprice, lowprice, closeprice]
Index: []
2025-01-14 07:55:02 - INFO - No new data to append.
2025-01-14 07:56:02 - INFO - Last opentime in CSV: 1736838000000
2025-01-14 07:56:02 - INFO - CSV length before appending: 278
2025-01-14 07:56:02 - INFO - Rounded timestamp: 1736839800000, Last opentime in CSV: 1736838000000
2025-01-14 07:56:02 - INFO - 2025-01-14 07:31:00 status: True, time: 1736839860000, calls: 1
2025-01-14 07:56:02 - INFO - 2025-01-14 07:31:00 status: True, time: 1736839860000, calls: 2
2025-01-14 07:56:02 - INFO - Duplicate timestamp detected. Stopping fetch.
2025-01-14 07:56:02 - INFO - before dropping :1
2025-01-14 07:56:02 - INFO - Empty DataFrame
Columns: [opentime, openprice, highprice, lowprice, closeprice]
Index: []
2025-01-14 07:56:02 - INFO - No new data to append.
2025-01-14 07:57:02 - INFO - Last opentime in CSV: 1736838000000
2025-01-14 07:57:02 - INFO - CSV length before appending: 278
2025-01-14 07:57:02 - INFO - Rounded timestamp: 1736839800000, Last opentime in CSV: 1736838000000
2025-01-14 07:57:03 - INFO - 2025-01-14 07:31:00 status: True, time: 1736839860000, calls: 1
2025-01-14 07:57:03 - INFO - 2025-01-14 07:31:00 status: True, time: 1736839860000, calls: 2
2025-01-14 07:57:03 - INFO - Duplicate timestamp detected. Stopping fetch.
2025-01-14 07:57:04 - INFO - before dropping :1
2025-01-14 07:57:04 - INFO - Empty DataFrame
Columns: [opentime, openprice, highprice, lowprice, closeprice]
Index: []
2025-01-14 07:57:04 - INFO - No new data to append.
2025-01-14 07:58:04 - INFO - Last opentime in CSV: 1736838000000
2025-01-14 07:58:04 - INFO - CSV length before appending: 278
2025-01-14 07:58:04 - INFO - Rounded timestamp: 1736839800000, Last opentime in CSV: 1736838000000
2025-01-14 07:58:04 - INFO - 2025-01-14 07:31:00 status: True, time: 1736839860000, calls: 1
2025-01-14 07:58:05 - INFO - 2025-01-14 07:31:00 status: True, time: 1736839860000, calls: 2
2025-01-14 07:58:05 - INFO - Duplicate timestamp detected. Stopping fetch.
2025-01-14 07:58:05 - INFO - before dropping :1
2025-01-14 07:58:05 - INFO - Empty DataFrame
Columns: [opentime, openprice, highprice, lowprice, closeprice]
Index: []
2025-01-14 07:58:05 - INFO - No new data to append.
2025-01-14 07:59:05 - INFO - Last opentime in CSV: 1736838000000
2025-01-14 07:59:05 - INFO - CSV length before appending: 278
2025-01-14 07:59:05 - INFO - Rounded timestamp: 1736839800000, Last opentime in CSV: 1736838000000
2025-01-14 07:59:05 - INFO - 2025-01-14 07:31:00 status: True, time: 1736839860000, calls: 1
2025-01-14 07:59:06 - INFO - 2025-01-14 07:31:00 status: True, time: 1736839860000, calls: 2
2025-01-14 07:59:06 - INFO - Duplicate timestamp detected. Stopping fetch.
2025-01-14 07:59:06 - INFO - before dropping :1
2025-01-14 07:59:06 - INFO - Empty DataFrame
Columns: [opentime, openprice, highprice, lowprice, closeprice]
Index: []
2025-01-14 07:59:06 - INFO - No new data to append.
2025-01-14 08:00:06 - INFO - Last opentime in CSV: 1736838000000
2025-01-14 08:00:06 - INFO - CSV length before appending: 278
2025-01-14 08:00:06 - INFO - Rounded timestamp: 1736841600000, Last opentime in CSV: 1736838000000
2025-01-14 08:00:06 - INFO - Reached endtime at 2025-01-14 08:01:00. Stopping fetch.
2025-01-14 08:00:06 - INFO - before dropping :2
2025-01-14 08:00:06 - INFO -         opentime  openprice  highprice  lowprice  closeprice
0  1736839800000     185.92     186.06    185.24      185.52
2025-01-14 08:00:06 - INFO - 1 new rows fetched and appended successfully.
2025-01-14 08:00:06 - INFO - New CSV length after appending: 279
2025-01-14 08:00:06 - INFO - New data:           opentime  openprice  highprice  lowprice  closeprice
278  1736839800000     185.92     186.06    185.24      185.52
2025-01-14 08:00:06 - INFO - New data fetched, processing now.
2025-01-14 08:00:06 - INFO - Last row:           opentime  openprice  ...  SUPERTl_10_3.0  SUPERTs_10_3.0
278  1736839800000     185.92  ...      182.184174             NaN

[1 rows x 7 columns]
2025-01-14 08:00:06 - INFO - Supertrend indicator applied.
2025-01-14 08:00:06 - INFO - Last row:           opentime  openprice  ...  leading_span_a  leading_span_b
278  1736839800000     185.92  ...         175.015             NaN

[1 rows x 9 columns]
2025-01-14 08:00:06 - INFO - Ichimoku cloud indicator applied.
2025-01-14 08:00:06 - INFO - Previous up trend: 182.18417371573256
2025-01-14 08:00:06 - INFO - Current up trend: 182.18417371573256
2025-01-14 08:00:06 - INFO - Trend: unchange
2025-01-14 08:00:06 - INFO - Suggested Action: Long
2025-01-14 08:00:06 - INFO - Previous Action: Long
2025-01-14 08:00:06 - INFO - Suggested Action: Long
2025-01-14 08:00:06 - INFO - at: 2025-01-14 07:30:00 - No action taken
2025-01-14 08:01:06 - INFO - Last opentime in CSV: 1736839800000
2025-01-14 08:01:06 - INFO - CSV length before appending: 279
2025-01-14 08:01:06 - INFO - Rounded timestamp: 1736841600000, Last opentime in CSV: 1736839800000
2025-01-14 08:01:07 - INFO - 2025-01-14 08:01:00 status: True, time: 1736841660000, calls: 1
2025-01-14 08:01:07 - INFO - 2025-01-14 08:01:00 status: True, time: 1736841660000, calls: 2
2025-01-14 08:01:07 - INFO - Duplicate timestamp detected. Stopping fetch.
2025-01-14 08:01:07 - INFO - before dropping :1
2025-01-14 08:01:07 - INFO - Empty DataFrame
Columns: [opentime, openprice, highprice, lowprice, closeprice]
Index: []
2025-01-14 08:01:07 - INFO - No new data to append.
