2025-01-16 04:55:27 - INFO - Last opentime in CSV: 2025-01-16 04:00:00
2025-01-16 04:55:27 - INFO - CSV length before appending: 368
2025-01-16 04:55:27 - INFO - Rounded timestamp: 2025-01-16 04:30:00, Last opentime in CSV: 2025-01-16 04:00:00
2025-01-16 04:55:27 - INFO - 2025-01-16 04:31:00 status: True, time: 1737001860000, calls: 1
2025-01-16 04:55:28 - INFO - 2025-01-16 04:31:00 status: True, time: 1737001860000, calls: 2
2025-01-16 04:55:28 - INFO - Duplicate timestamp detected. Stopping fetch.
2025-01-16 04:55:28 - INFO - before dropping :1
2025-01-16 04:55:28 - INFO - Empty DataFrame
Columns: [opentime, openprice, highprice, lowprice, closeprice]
Index: []
2025-01-16 04:55:28 - INFO - No new data to append.
2025-01-16 04:56:28 - INFO - Last opentime in CSV: 2025-01-16 04:00:00
2025-01-16 04:56:28 - INFO - CSV length before appending: 368
2025-01-16 04:56:28 - INFO - Rounded timestamp: 2025-01-16 04:30:00, Last opentime in CSV: 2025-01-16 04:00:00
2025-01-16 04:56:28 - INFO - 2025-01-16 04:31:00 status: True, time: 1737001860000, calls: 1
2025-01-16 04:56:28 - INFO - 2025-01-16 04:31:00 status: True, time: 1737001860000, calls: 2
2025-01-16 04:56:28 - INFO - Duplicate timestamp detected. Stopping fetch.
2025-01-16 04:56:28 - INFO - before dropping :1
2025-01-16 04:56:28 - INFO - Empty DataFrame
Columns: [opentime, openprice, highprice, lowprice, closeprice]
Index: []
2025-01-16 04:56:28 - INFO - No new data to append.
2025-01-16 04:57:28 - INFO - Last opentime in CSV: 2025-01-16 04:00:00
2025-01-16 04:57:28 - INFO - CSV length before appending: 368
2025-01-16 04:57:28 - INFO - Rounded timestamp: 2025-01-16 04:30:00, Last opentime in CSV: 2025-01-16 04:00:00
2025-01-16 04:57:28 - INFO - 2025-01-16 04:31:00 status: True, time: 1737001860000, calls: 1
2025-01-16 04:57:28 - INFO - 2025-01-16 04:31:00 status: True, time: 1737001860000, calls: 2
2025-01-16 04:57:28 - INFO - Duplicate timestamp detected. Stopping fetch.
2025-01-16 04:57:28 - INFO - before dropping :1
2025-01-16 04:57:28 - INFO - Empty DataFrame
Columns: [opentime, openprice, highprice, lowprice, closeprice]
Index: []
2025-01-16 04:57:28 - INFO - No new data to append.
2025-01-16 04:58:28 - INFO - Last opentime in CSV: 2025-01-16 04:00:00
2025-01-16 04:58:28 - INFO - CSV length before appending: 368
2025-01-16 04:58:28 - INFO - Rounded timestamp: 2025-01-16 04:30:00, Last opentime in CSV: 2025-01-16 04:00:00
2025-01-16 04:58:28 - INFO - 2025-01-16 04:31:00 status: True, time: 1737001860000, calls: 1
2025-01-16 04:58:28 - INFO - 2025-01-16 04:31:00 status: True, time: 1737001860000, calls: 2
2025-01-16 04:58:28 - INFO - Duplicate timestamp detected. Stopping fetch.
2025-01-16 04:58:28 - INFO - before dropping :1
2025-01-16 04:58:28 - INFO - Empty DataFrame
Columns: [opentime, openprice, highprice, lowprice, closeprice]
Index: []
2025-01-16 04:58:28 - INFO - No new data to append.
