2025-01-16 07:04:37 - INFO - Last opentime in CSV: 2025-01-16 06:00:00
2025-01-16 07:04:37 - INFO - CSV length before appending: 372
2025-01-16 07:04:37 - INFO - Rounded timestamp: 2025-01-16 07:00:00, Last opentime in CSV: 2025-01-16 06:00:00
2025-01-16 07:04:37 - INFO - 2025-01-16 07:01:00 status: True, time: 1737010860000, calls: 1
2025-01-16 07:04:37 - INFO - 2025-01-16 07:01:00 status: True, time: 1737010860000, calls: 2
2025-01-16 07:04:37 - INFO - Duplicate timestamp detected. Stopping fetch.
2025-01-16 07:04:37 - INFO - before dropping :2
2025-01-16 07:04:37 - INFO -         opentime  openprice  highprice  lowprice  closeprice
0  1737009000000     203.15     203.37    202.58      202.92
2025-01-16 07:04:37 - INFO - 1 new rows fetched and appended successfully.
2025-01-16 07:04:37 - INFO - New CSV length after appending: 373
2025-01-16 07:04:37 - INFO - New data:           opentime  openprice  highprice  lowprice  closeprice
372  1737009000000     203.15     203.37    202.58      202.92
2025-01-16 07:04:37 - INFO - New data fetched, processing now.
2025-01-16 07:04:37 - INFO - Last row:           opentime  openprice  ...  SUPERTl_10_3.0  SUPERTs_10_3.0
372  1737009000000     203.15  ...      200.436336             NaN

[1 rows x 7 columns]
2025-01-16 07:04:37 - INFO - Supertrend indicator applied.
2025-01-16 07:04:37 - INFO - Last row:           opentime  openprice  ...  leading_span_a  leading_span_b
372  1737009000000     203.15  ...        192.8775             NaN

[1 rows x 9 columns]
2025-01-16 07:04:37 - INFO - Ichimoku cloud indicator applied.
2025-01-16 07:04:37 - INFO - Previous up trend: 200.4363357093718
2025-01-16 07:04:37 - INFO - Current up trend: 200.4363357093718
2025-01-16 07:04:37 - INFO - Trend: unchange
2025-01-16 07:04:37 - INFO - Suggested Action: Long
2025-01-16 07:04:37 - INFO - Previous Action: None
2025-01-16 07:04:37 - INFO - Suggested Action: Long
2025-01-16 07:04:37 - INFO - Current SOLUSDT Mark Price: 202.99414647
2025-01-16 07:04:37 - INFO - Expected SOLUSDT Amount: 4
2025-01-16 07:04:37 - INFO - Current Opened SOLUSDT Amount: 0.0
2025-01-16 07:04:37 - INFO - at: 2025-01-16 06:30:00 - Open Long
2025-01-16 07:05:37 - INFO - Last opentime in CSV: 2025-01-16 06:30:00
2025-01-16 07:05:37 - INFO - CSV length before appending: 373
2025-01-16 07:05:37 - INFO - Rounded timestamp: 2025-01-16 07:00:00, Last opentime in CSV: 2025-01-16 06:30:00
2025-01-16 07:05:37 - INFO - 2025-01-16 07:01:00 status: True, time: 1737010860000, calls: 1
2025-01-16 07:05:38 - INFO - 2025-01-16 07:01:00 status: True, time: 1737010860000, calls: 2
2025-01-16 07:05:38 - INFO - Duplicate timestamp detected. Stopping fetch.
2025-01-16 07:05:38 - INFO - before dropping :1
2025-01-16 07:05:38 - INFO - Empty DataFrame
Columns: [opentime, openprice, highprice, lowprice, closeprice]
Index: []
2025-01-16 07:05:38 - INFO - No new data to append.
2025-01-16 07:06:38 - INFO - Last opentime in CSV: 2025-01-16 06:30:00
2025-01-16 07:06:38 - INFO - CSV length before appending: 373
2025-01-16 07:06:38 - INFO - Rounded timestamp: 2025-01-16 07:00:00, Last opentime in CSV: 2025-01-16 06:30:00
2025-01-16 07:06:38 - INFO - 2025-01-16 07:01:00 status: True, time: 1737010860000, calls: 1
2025-01-16 07:06:38 - INFO - 2025-01-16 07:01:00 status: True, time: 1737010860000, calls: 2
2025-01-16 07:06:38 - INFO - Duplicate timestamp detected. Stopping fetch.
2025-01-16 07:06:38 - INFO - before dropping :1
2025-01-16 07:06:38 - INFO - Empty DataFrame
Columns: [opentime, openprice, highprice, lowprice, closeprice]
Index: []
2025-01-16 07:06:38 - INFO - No new data to append.
2025-01-16 07:07:38 - INFO - Last opentime in CSV: 2025-01-16 06:30:00
2025-01-16 07:07:38 - INFO - CSV length before appending: 373
2025-01-16 07:07:38 - INFO - Rounded timestamp: 2025-01-16 07:00:00, Last opentime in CSV: 2025-01-16 06:30:00
2025-01-16 07:07:38 - INFO - 2025-01-16 07:01:00 status: True, time: 1737010860000, calls: 1
2025-01-16 07:07:38 - INFO - 2025-01-16 07:01:00 status: True, time: 1737010860000, calls: 2
2025-01-16 07:07:38 - INFO - Duplicate timestamp detected. Stopping fetch.
2025-01-16 07:07:38 - INFO - before dropping :1
2025-01-16 07:07:38 - INFO - Empty DataFrame
Columns: [opentime, openprice, highprice, lowprice, closeprice]
Index: []
2025-01-16 07:07:38 - INFO - No new data to append.
2025-01-16 07:08:38 - INFO - Last opentime in CSV: 2025-01-16 06:30:00
2025-01-16 07:08:38 - INFO - CSV length before appending: 373
2025-01-16 07:08:38 - INFO - Rounded timestamp: 2025-01-16 07:00:00, Last opentime in CSV: 2025-01-16 06:30:00
2025-01-16 07:08:39 - INFO - 2025-01-16 07:01:00 status: True, time: 1737010860000, calls: 1
2025-01-16 07:08:39 - INFO - 2025-01-16 07:01:00 status: True, time: 1737010860000, calls: 2
2025-01-16 07:08:39 - INFO - Duplicate timestamp detected. Stopping fetch.
2025-01-16 07:08:39 - INFO - before dropping :1
2025-01-16 07:08:39 - INFO - Empty DataFrame
Columns: [opentime, openprice, highprice, lowprice, closeprice]
Index: []
2025-01-16 07:08:39 - INFO - No new data to append.
2025-01-16 07:09:39 - INFO - Last opentime in CSV: 2025-01-16 06:30:00
2025-01-16 07:09:39 - INFO - CSV length before appending: 373
2025-01-16 07:09:39 - INFO - Rounded timestamp: 2025-01-16 07:00:00, Last opentime in CSV: 2025-01-16 06:30:00
2025-01-16 07:09:39 - INFO - 2025-01-16 07:01:00 status: True, time: 1737010860000, calls: 1
2025-01-16 07:09:39 - INFO - 2025-01-16 07:01:00 status: True, time: 1737010860000, calls: 2
2025-01-16 07:09:39 - INFO - Duplicate timestamp detected. Stopping fetch.
2025-01-16 07:09:39 - INFO - before dropping :1
2025-01-16 07:09:39 - INFO - Empty DataFrame
Columns: [opentime, openprice, highprice, lowprice, closeprice]
Index: []
2025-01-16 07:09:39 - INFO - No new data to append.
2025-01-16 07:10:39 - INFO - Last opentime in CSV: 2025-01-16 06:30:00
2025-01-16 07:10:39 - INFO - CSV length before appending: 373
2025-01-16 07:10:39 - INFO - Rounded timestamp: 2025-01-16 07:00:00, Last opentime in CSV: 2025-01-16 06:30:00
2025-01-16 07:10:39 - INFO - 2025-01-16 07:01:00 status: True, time: 1737010860000, calls: 1
2025-01-16 07:10:39 - INFO - 2025-01-16 07:01:00 status: True, time: 1737010860000, calls: 2
2025-01-16 07:10:39 - INFO - Duplicate timestamp detected. Stopping fetch.
2025-01-16 07:10:39 - INFO - before dropping :1
2025-01-16 07:10:39 - INFO - Empty DataFrame
Columns: [opentime, openprice, highprice, lowprice, closeprice]
Index: []
2025-01-16 07:10:39 - INFO - No new data to append.
