2025-01-17 16:13:20 - INFO - Last opentime in CSV: 2025-01-16 08:00:00
2025-01-17 16:13:20 - INFO - CSV length before appending: 376
2025-01-17 16:13:20 - INFO - Rounded timestamp: 2025-01-17 16:00:00, Last opentime in CSV: 2025-01-16 08:00:00
2025-01-17 16:13:20 - INFO - 2025-01-17 16:01:00 status: True, time: 1737129660000, calls: 1
2025-01-17 16:13:20 - INFO - 2025-01-17 16:01:00 status: True, time: 1737129660000, calls: 2
2025-01-17 16:13:20 - INFO - Duplicate timestamp detected. Stopping fetch.
2025-01-17 16:13:20 - INFO - before dropping :64
2025-01-17 16:13:20 - INFO -          opentime  openprice  highprice  lowprice  closeprice
0   1737016200000     201.92     202.00    198.96      199.65
1   1737018000000     199.65     200.18    198.42      199.81
2   1737019800000     199.81     201.40    199.24      201.15
3   1737021600000     201.16     201.42    200.63      201.38
4   1737023400000     201.37     201.45    200.24      200.33
..            ...        ...        ...       ...         ...
58  1737120600000     221.08     222.09    219.56      219.92
59  1737122400000     219.92     221.59    219.92      220.85
60  1737124200000     220.84     220.94    218.19      219.22
61  1737126000000     219.22     220.63    216.26      217.17
62  1737127800000     217.17     218.65    216.87      218.53

[63 rows x 5 columns]
2025-01-17 16:13:21 - INFO - 63 new rows fetched and appended successfully.
2025-01-17 16:13:21 - INFO - New CSV length after appending: 439
2025-01-17 16:13:21 - INFO - New data:           opentime  openprice  highprice  lowprice  closeprice
438  1737127800000     217.17     218.65    216.87      218.53
2025-01-17 16:13:21 - INFO - New data fetched, processing now.
2025-01-17 16:13:21 - INFO - Last row:           opentime  openprice  ...  SUPERTl_10_3.0  SUPERTs_10_3.0
438  1737127800000     217.17  ...      215.559945             NaN

[1 rows x 7 columns]
2025-01-17 16:13:21 - INFO - Supertrend indicator applied.
2025-01-17 16:13:21 - INFO - Last row:           opentime  openprice  ...  leading_span_a  leading_span_b
438  1737127800000     217.17  ...         211.115             NaN

[1 rows x 9 columns]
2025-01-17 16:13:21 - INFO - Ichimoku cloud indicator applied.
2025-01-17 16:13:21 - INFO - Previous up trend: 215.55994523025257
2025-01-17 16:13:21 - INFO - Current up trend: 215.55994523025257
2025-01-17 16:13:21 - INFO - Trend: unchange
2025-01-17 16:13:21 - INFO - Suggested Action: Long
2025-01-17 16:13:21 - INFO - Previous Action: Long
2025-01-17 16:13:21 - INFO - Suggested Action: Long
2025-01-17 16:13:21 - INFO - No action needed as previous and suggested actions are the same.
2025-01-17 16:14:21 - INFO - Last opentime in CSV: 2025-01-17 15:30:00
2025-01-17 16:14:21 - INFO - CSV length before appending: 439
2025-01-17 16:14:21 - INFO - Rounded timestamp: 2025-01-17 16:00:00, Last opentime in CSV: 2025-01-17 15:30:00
2025-01-17 16:14:21 - INFO - 2025-01-17 16:01:00 status: True, time: 1737129660000, calls: 1
2025-01-17 16:14:21 - INFO - 2025-01-17 16:01:00 status: True, time: 1737129660000, calls: 2
2025-01-17 16:14:21 - INFO - Duplicate timestamp detected. Stopping fetch.
2025-01-17 16:14:21 - INFO - before dropping :1
2025-01-17 16:14:21 - INFO - Empty DataFrame
Columns: [opentime, openprice, highprice, lowprice, closeprice]
Index: []
2025-01-17 16:14:21 - INFO - No new data to append.
2025-01-17 16:15:21 - INFO - Last opentime in CSV: 2025-01-17 15:30:00
2025-01-17 16:15:21 - INFO - CSV length before appending: 439
2025-01-17 16:15:21 - INFO - Rounded timestamp: 2025-01-17 16:00:00, Last opentime in CSV: 2025-01-17 15:30:00
2025-01-17 16:15:21 - INFO - 2025-01-17 16:01:00 status: True, time: 1737129660000, calls: 1
2025-01-17 16:15:21 - INFO - 2025-01-17 16:01:00 status: True, time: 1737129660000, calls: 2
2025-01-17 16:15:21 - INFO - Duplicate timestamp detected. Stopping fetch.
2025-01-17 16:15:21 - INFO - before dropping :1
2025-01-17 16:15:21 - INFO - Empty DataFrame
Columns: [opentime, openprice, highprice, lowprice, closeprice]
Index: []
2025-01-17 16:15:21 - INFO - No new data to append.
2025-01-17 16:16:21 - INFO - Last opentime in CSV: 2025-01-17 15:30:00
2025-01-17 16:16:21 - INFO - CSV length before appending: 439
2025-01-17 16:16:21 - INFO - Rounded timestamp: 2025-01-17 16:00:00, Last opentime in CSV: 2025-01-17 15:30:00
2025-01-17 16:16:21 - INFO - 2025-01-17 16:01:00 status: True, time: 1737129660000, calls: 1
2025-01-17 16:16:21 - INFO - 2025-01-17 16:01:00 status: True, time: 1737129660000, calls: 2
2025-01-17 16:16:21 - INFO - Duplicate timestamp detected. Stopping fetch.
2025-01-17 16:16:21 - INFO - before dropping :1
2025-01-17 16:16:21 - INFO - Empty DataFrame
Columns: [opentime, openprice, highprice, lowprice, closeprice]
Index: []
2025-01-17 16:16:21 - INFO - No new data to append.
2025-01-17 16:17:21 - INFO - Last opentime in CSV: 2025-01-17 15:30:00
2025-01-17 16:17:21 - INFO - CSV length before appending: 439
2025-01-17 16:17:21 - INFO - Rounded timestamp: 2025-01-17 16:00:00, Last opentime in CSV: 2025-01-17 15:30:00
2025-01-17 16:17:22 - INFO - 2025-01-17 16:01:00 status: True, time: 1737129660000, calls: 1
2025-01-17 16:17:22 - INFO - 2025-01-17 16:01:00 status: True, time: 1737129660000, calls: 2
2025-01-17 16:17:22 - INFO - Duplicate timestamp detected. Stopping fetch.
2025-01-17 16:17:22 - INFO - before dropping :1
2025-01-17 16:17:22 - INFO - Empty DataFrame
Columns: [opentime, openprice, highprice, lowprice, closeprice]
Index: []
2025-01-17 16:17:22 - INFO - No new data to append.
2025-01-17 16:18:22 - INFO - Last opentime in CSV: 2025-01-17 15:30:00
2025-01-17 16:18:22 - INFO - CSV length before appending: 439
2025-01-17 16:18:22 - INFO - Rounded timestamp: 2025-01-17 16:00:00, Last opentime in CSV: 2025-01-17 15:30:00
2025-01-17 16:18:22 - INFO - 2025-01-17 16:01:00 status: True, time: 1737129660000, calls: 1
2025-01-17 16:18:22 - INFO - 2025-01-17 16:01:00 status: True, time: 1737129660000, calls: 2
2025-01-17 16:18:22 - INFO - Duplicate timestamp detected. Stopping fetch.
2025-01-17 16:18:22 - INFO - before dropping :1
2025-01-17 16:18:22 - INFO - Empty DataFrame
Columns: [opentime, openprice, highprice, lowprice, closeprice]
Index: []
2025-01-17 16:18:22 - INFO - No new data to append.
2025-01-17 16:19:22 - INFO - Last opentime in CSV: 2025-01-17 15:30:00
2025-01-17 16:19:22 - INFO - CSV length before appending: 439
2025-01-17 16:19:22 - INFO - Rounded timestamp: 2025-01-17 16:00:00, Last opentime in CSV: 2025-01-17 15:30:00
2025-01-17 16:19:22 - INFO - 2025-01-17 16:01:00 status: True, time: 1737129660000, calls: 1
2025-01-17 16:19:22 - INFO - 2025-01-17 16:01:00 status: True, time: 1737129660000, calls: 2
2025-01-17 16:19:22 - INFO - Duplicate timestamp detected. Stopping fetch.
2025-01-17 16:19:22 - INFO - before dropping :1
2025-01-17 16:19:22 - INFO - Empty DataFrame
Columns: [opentime, openprice, highprice, lowprice, closeprice]
Index: []
2025-01-17 16:19:22 - INFO - No new data to append.
2025-01-17 16:20:22 - INFO - Last opentime in CSV: 2025-01-17 15:30:00
2025-01-17 16:20:22 - INFO - CSV length before appending: 439
2025-01-17 16:20:22 - INFO - Rounded timestamp: 2025-01-17 16:00:00, Last opentime in CSV: 2025-01-17 15:30:00
2025-01-17 16:20:22 - INFO - 2025-01-17 16:01:00 status: True, time: 1737129660000, calls: 1
2025-01-17 16:20:22 - INFO - 2025-01-17 16:01:00 status: True, time: 1737129660000, calls: 2
2025-01-17 16:20:22 - INFO - Duplicate timestamp detected. Stopping fetch.
2025-01-17 16:20:22 - INFO - before dropping :1
2025-01-17 16:20:22 - INFO - Empty DataFrame
Columns: [opentime, openprice, highprice, lowprice, closeprice]
Index: []
2025-01-17 16:20:22 - INFO - No new data to append.
2025-01-17 16:21:22 - INFO - Last opentime in CSV: 2025-01-17 15:30:00
2025-01-17 16:21:22 - INFO - CSV length before appending: 439
2025-01-17 16:21:22 - INFO - Rounded timestamp: 2025-01-17 16:00:00, Last opentime in CSV: 2025-01-17 15:30:00
2025-01-17 16:21:22 - INFO - 2025-01-17 16:01:00 status: True, time: 1737129660000, calls: 1
2025-01-17 16:21:23 - INFO - 2025-01-17 16:01:00 status: True, time: 1737129660000, calls: 2
2025-01-17 16:21:23 - INFO - Duplicate timestamp detected. Stopping fetch.
2025-01-17 16:21:23 - INFO - before dropping :1
2025-01-17 16:21:23 - INFO - Empty DataFrame
Columns: [opentime, openprice, highprice, lowprice, closeprice]
Index: []
2025-01-17 16:21:23 - INFO - No new data to append.
2025-01-17 16:22:23 - INFO - Last opentime in CSV: 2025-01-17 15:30:00
2025-01-17 16:22:23 - INFO - CSV length before appending: 439
2025-01-17 16:22:23 - INFO - Rounded timestamp: 2025-01-17 16:00:00, Last opentime in CSV: 2025-01-17 15:30:00
2025-01-17 16:22:23 - INFO - 2025-01-17 16:01:00 status: True, time: 1737129660000, calls: 1
2025-01-17 16:22:23 - INFO - 2025-01-17 16:01:00 status: True, time: 1737129660000, calls: 2
2025-01-17 16:22:23 - INFO - Duplicate timestamp detected. Stopping fetch.
2025-01-17 16:22:23 - INFO - before dropping :1
2025-01-17 16:22:23 - INFO - Empty DataFrame
Columns: [opentime, openprice, highprice, lowprice, closeprice]
Index: []
2025-01-17 16:22:23 - INFO - No new data to append.
2025-01-17 16:23:23 - INFO - Last opentime in CSV: 2025-01-17 15:30:00
2025-01-17 16:23:23 - INFO - CSV length before appending: 439
2025-01-17 16:23:23 - INFO - Rounded timestamp: 2025-01-17 16:00:00, Last opentime in CSV: 2025-01-17 15:30:00
2025-01-17 16:23:23 - INFO - 2025-01-17 16:01:00 status: True, time: 1737129660000, calls: 1
2025-01-17 16:23:23 - INFO - 2025-01-17 16:01:00 status: True, time: 1737129660000, calls: 2
2025-01-17 16:23:23 - INFO - Duplicate timestamp detected. Stopping fetch.
2025-01-17 16:23:23 - INFO - before dropping :1
2025-01-17 16:23:23 - INFO - Empty DataFrame
Columns: [opentime, openprice, highprice, lowprice, closeprice]
Index: []
2025-01-17 16:23:23 - INFO - No new data to append.
2025-01-17 16:24:23 - INFO - Last opentime in CSV: 2025-01-17 15:30:00
2025-01-17 16:24:23 - INFO - CSV length before appending: 439
2025-01-17 16:24:23 - INFO - Rounded timestamp: 2025-01-17 16:00:00, Last opentime in CSV: 2025-01-17 15:30:00
2025-01-17 16:24:23 - INFO - 2025-01-17 16:01:00 status: True, time: 1737129660000, calls: 1
2025-01-17 16:24:23 - INFO - 2025-01-17 16:01:00 status: True, time: 1737129660000, calls: 2
2025-01-17 16:24:23 - INFO - Duplicate timestamp detected. Stopping fetch.
2025-01-17 16:24:23 - INFO - before dropping :1
2025-01-17 16:24:23 - INFO - Empty DataFrame
Columns: [opentime, openprice, highprice, lowprice, closeprice]
Index: []
2025-01-17 16:24:23 - INFO - No new data to append.
2025-01-17 16:25:23 - INFO - Last opentime in CSV: 2025-01-17 15:30:00
2025-01-17 16:25:23 - INFO - CSV length before appending: 439
2025-01-17 16:25:23 - INFO - Rounded timestamp: 2025-01-17 16:00:00, Last opentime in CSV: 2025-01-17 15:30:00
2025-01-17 16:25:23 - INFO - 2025-01-17 16:01:00 status: True, time: 1737129660000, calls: 1
2025-01-17 16:25:23 - INFO - 2025-01-17 16:01:00 status: True, time: 1737129660000, calls: 2
2025-01-17 16:25:23 - INFO - Duplicate timestamp detected. Stopping fetch.
2025-01-17 16:25:23 - INFO - before dropping :1
2025-01-17 16:25:23 - INFO - Empty DataFrame
Columns: [opentime, openprice, highprice, lowprice, closeprice]
Index: []
2025-01-17 16:25:23 - INFO - No new data to append.
2025-01-17 16:26:23 - INFO - Last opentime in CSV: 2025-01-17 15:30:00
2025-01-17 16:26:23 - INFO - CSV length before appending: 439
2025-01-17 16:26:23 - INFO - Rounded timestamp: 2025-01-17 16:00:00, Last opentime in CSV: 2025-01-17 15:30:00
2025-01-17 16:26:24 - INFO - 2025-01-17 16:01:00 status: True, time: 1737129660000, calls: 1
2025-01-17 16:26:24 - INFO - 2025-01-17 16:01:00 status: True, time: 1737129660000, calls: 2
2025-01-17 16:26:24 - INFO - Duplicate timestamp detected. Stopping fetch.
2025-01-17 16:26:24 - INFO - before dropping :1
2025-01-17 16:26:24 - INFO - Empty DataFrame
Columns: [opentime, openprice, highprice, lowprice, closeprice]
Index: []
2025-01-17 16:26:24 - INFO - No new data to append.
2025-01-17 16:27:24 - INFO - Last opentime in CSV: 2025-01-17 15:30:00
2025-01-17 16:27:24 - INFO - CSV length before appending: 439
2025-01-17 16:27:24 - INFO - Rounded timestamp: 2025-01-17 16:00:00, Last opentime in CSV: 2025-01-17 15:30:00
2025-01-17 16:27:24 - INFO - 2025-01-17 16:01:00 status: True, time: 1737129660000, calls: 1
2025-01-17 16:27:24 - INFO - 2025-01-17 16:01:00 status: True, time: 1737129660000, calls: 2
2025-01-17 16:27:24 - INFO - Duplicate timestamp detected. Stopping fetch.
2025-01-17 16:27:24 - INFO - before dropping :1
2025-01-17 16:27:24 - INFO - Empty DataFrame
Columns: [opentime, openprice, highprice, lowprice, closeprice]
Index: []
2025-01-17 16:27:24 - INFO - No new data to append.
