2024-11-30 11:31:41,755 - INFO - Analysis Start!
2024-11-30 11:31:43,668 - INFO - Indodax DataFrame loaded successfully.
2024-11-30 11:31:43,687 - INFO - Fetching data starting from: 2018-08-24 15:00:00 UTC
2024-11-30 11:31:46,267 - INFO - Fetching data starting from: 2023-09-12 03:00:00 UTC
2024-11-30 11:31:48,253 - INFO - Fetching data starting from: 2023-10-23 19:00:00 UTC
2024-11-30 11:31:50,249 - INFO - Fetching data starting from: 2023-12-04 11:00:00 UTC
2024-11-30 11:31:52,267 - INFO - Fetching data starting from: 2024-01-15 03:00:00 UTC
2024-11-30 11:31:54,250 - INFO - Fetching data starting from: 2024-02-25 19:00:00 UTC
2024-11-30 11:31:56,275 - INFO - Fetching data starting from: 2024-04-07 11:00:00 UTC
2024-11-30 11:31:58,269 - INFO - Fetching data starting from: 2024-05-19 03:00:00 UTC
2024-11-30 11:32:00,377 - INFO - Fetching data starting from: 2024-06-29 19:00:00 UTC
2024-11-30 11:32:02,272 - INFO - Fetching data starting from: 2024-08-10 11:00:00 UTC
2024-11-30 11:32:04,284 - INFO - Fetching data starting from: 2024-09-21 03:00:00 UTC
2024-11-30 11:32:06,280 - INFO - Fetching data starting from: 2024-11-01 19:00:00 UTC
2024-11-30 11:32:08,180 - INFO - Fetching data starting from: 2024-11-30 11:00:00 UTC
2024-11-30 11:32:10,074 - INFO - No more data available.
2024-11-30 11:32:10,120 - INFO - Tokocrypto DataFrame loaded successfully.
2024-11-30 11:32:10,128 - INFO - Merged DataFrame created.
2024-11-30 11:32:10,144 - INFO - Feature engineering completed.
2024-11-30 11:32:10,599 - INFO - Processing Window 0/5667
