2025-02-05 04:15:40 - INFO - Trading symbol: SOLUSDT, Log file: binance_stic_sol_bot_25k_20250205041540
2025-02-05 04:15:40 - INFO - Server Time:
2025-02-05 04:15:41 - INFO - USDT Available Balance: 25099.50136462
2025-02-05 04:15:41 - INFO - Determined Trade Amount: 2000 USDT
2025-02-05 04:15:41 - INFO - Active Position Initiation: 1
2025-02-05 04:15:41 - INFO - USDT Available Balance: 25099.51332963
2025-02-05 04:15:41 - INFO - Determined Trade Amount: 2000 USDT
2025-02-05 04:15:41 - INFO - Last opentime in CSV: 2025-02-04 15:00:00
2025-02-05 04:15:41 - INFO - CSV length before appending: 1302
2025-02-05 04:15:41 - INFO - Rounded timestamp: 2025-02-05 04:00:00, Last opentime in CSV: 2025-02-04 15:00:00
2025-02-05 04:15:41 - INFO - 2025-02-05 04:01:00 status: True, time: 1738728060000, calls: 1
2025-02-05 04:15:41 - INFO - 2025-02-05 04:01:00 status: True, time: 1738728060000, calls: 2
2025-02-05 04:15:41 - INFO - Duplicate timestamp detected. Stopping fetch.
2025-02-05 04:15:41 - INFO - before dropping :26
2025-02-05 04:15:41 - INFO -          opentime  openprice  highprice  lowprice  closeprice
0   1738683000000     212.37     216.71    211.76      215.58
1   1738684800000     215.58     217.87    215.19      216.17
2   1738686600000     216.18     217.11    214.40      214.46
3   1738688400000     214.46     216.90    213.52      213.77
4   1738690200000     213.78     214.02    212.23      213.80
5   1738692000000     213.80     214.34    212.04      212.22
6   1738693800000     212.22     214.63    211.40      214.38
7   1738695600000     214.39     218.25    213.94      217.32
8   1738697400000     217.31     218.30    208.14      208.15
9   1738699200000     208.15     210.31    205.11      206.82
10  1738701000000     206.82     208.87    205.42      206.01
11  1738702800000     206.02     206.43    203.50      205.15
12  1738704600000     205.14     205.84    202.46      203.05
13  1738706400000     203.05     204.78    202.47      203.52
14  1738708200000     203.53     206.22    203.11      205.35
15  1738710000000     205.35     206.19    203.52      204.61
16  1738711800000     204.62     208.12    204.33      206.48
17  1738713600000     206.49     207.31    205.53      207.02
18  1738715400000     207.02     208.18    205.90      206.54
19  1738717200000     206.55     209.26    206.50      207.40
20  1738719000000     207.40     207.79    205.02      205.45
21  1738720800000     205.44     206.72    205.02      206.05
22  1738722600000     206.05     208.15    205.02      207.47
23  1738724400000     207.48     208.00    206.37      206.73
24  1738726200000     206.74     208.87    206.72      207.24
2025-02-05 04:15:41 - INFO - 25 new rows fetched and appended successfully.
2025-02-05 04:15:41 - INFO - New CSV length after appending: 1327
2025-02-05 04:15:41 - INFO - New data:            opentime  openprice  highprice  lowprice  closeprice
1326  1738726200000     206.74     208.87    206.72      207.24
2025-02-05 04:15:41 - INFO - New data fetched, processing now.
2025-02-05 04:15:41 - INFO - Last row:            opentime  openprice  ...  SUPERTl_10_3.0  SUPERTs_10_3.0
1326  1738726200000     206.74  ...             NaN      214.704921

[1 rows x 7 columns]
2025-02-05 04:15:41 - INFO - Supertrend indicator applied.
2025-02-05 04:15:41 - INFO - Last row:            opentime  openprice  ...  leading_span_a  leading_span_b
1326  1738726200000     206.74  ...        211.1215         204.805

[1 rows x 9 columns]
2025-02-05 04:15:41 - INFO - Ichimoku cloud indicator applied.
2025-02-05 04:15:41 - INFO - Previous up trend: nan
2025-02-05 04:15:41 - INFO - Current up trend: nan
2025-02-05 04:15:41 - INFO - Trend: unchange
2025-02-05 04:15:41 - INFO - Active Position: 1
2025-02-05 04:15:41 - INFO - Suggested Action: None
2025-02-05 04:15:41 - INFO - Suggestion : None, Previous ACtion None, Active Position: 1
2025-02-05 04:15:41 - INFO - Previous Action: None
2025-02-05 04:15:41 - INFO - Suggested Action: None
2025-02-05 04:15:41 - INFO - Active Position: 1
2025-02-05 04:15:41 - INFO - No action needed as previous and suggested actions are the same.
2025-02-05 04:16:41 - INFO - Last opentime in CSV: 2025-02-05 03:30:00
2025-02-05 04:16:41 - INFO - CSV length before appending: 1327
2025-02-05 04:16:41 - INFO - Rounded timestamp: 2025-02-05 04:00:00, Last opentime in CSV: 2025-02-05 03:30:00
2025-02-05 04:16:41 - INFO - 2025-02-05 04:01:00 status: True, time: 1738728060000, calls: 1
2025-02-05 04:16:41 - INFO - 2025-02-05 04:01:00 status: True, time: 1738728060000, calls: 2
2025-02-05 04:16:41 - INFO - Duplicate timestamp detected. Stopping fetch.
2025-02-05 04:16:41 - INFO - before dropping :1
2025-02-05 04:16:41 - INFO - Empty DataFrame
Columns: [opentime, openprice, highprice, lowprice, closeprice]
Index: []
2025-02-05 04:16:41 - INFO - No new data to append.
2025-02-05 04:17:41 - INFO - Last opentime in CSV: 2025-02-05 03:30:00
2025-02-05 04:17:41 - INFO - CSV length before appending: 1327
2025-02-05 04:17:41 - INFO - Rounded timestamp: 2025-02-05 04:00:00, Last opentime in CSV: 2025-02-05 03:30:00
2025-02-05 04:17:42 - INFO - 2025-02-05 04:01:00 status: True, time: 1738728060000, calls: 1
2025-02-05 04:17:42 - INFO - 2025-02-05 04:01:00 status: True, time: 1738728060000, calls: 2
2025-02-05 04:17:42 - INFO - Duplicate timestamp detected. Stopping fetch.
2025-02-05 04:17:42 - INFO - before dropping :1
2025-02-05 04:17:42 - INFO - Empty DataFrame
Columns: [opentime, openprice, highprice, lowprice, closeprice]
Index: []
2025-02-05 04:17:42 - INFO - No new data to append.
2025-02-05 04:18:42 - INFO - Last opentime in CSV: 2025-02-05 03:30:00
2025-02-05 04:18:42 - INFO - CSV length before appending: 1327
2025-02-05 04:18:42 - INFO - Rounded timestamp: 2025-02-05 04:00:00, Last opentime in CSV: 2025-02-05 03:30:00
2025-02-05 04:18:42 - INFO - 2025-02-05 04:01:00 status: True, time: 1738728060000, calls: 1
2025-02-05 04:18:42 - INFO - 2025-02-05 04:01:00 status: True, time: 1738728060000, calls: 2
2025-02-05 04:18:42 - INFO - Duplicate timestamp detected. Stopping fetch.
2025-02-05 04:18:42 - INFO - before dropping :1
2025-02-05 04:18:42 - INFO - Empty DataFrame
Columns: [opentime, openprice, highprice, lowprice, closeprice]
Index: []
2025-02-05 04:18:42 - INFO - No new data to append.
2025-02-05 04:19:42 - INFO - Last opentime in CSV: 2025-02-05 03:30:00
2025-02-05 04:19:42 - INFO - CSV length before appending: 1327
2025-02-05 04:19:42 - INFO - Rounded timestamp: 2025-02-05 04:00:00, Last opentime in CSV: 2025-02-05 03:30:00
2025-02-05 04:19:42 - INFO - 2025-02-05 04:01:00 status: True, time: 1738728060000, calls: 1
2025-02-05 04:19:42 - INFO - 2025-02-05 04:01:00 status: True, time: 1738728060000, calls: 2
2025-02-05 04:19:42 - INFO - Duplicate timestamp detected. Stopping fetch.
2025-02-05 04:19:42 - INFO - before dropping :1
2025-02-05 04:19:42 - INFO - Empty DataFrame
Columns: [opentime, openprice, highprice, lowprice, closeprice]
Index: []
2025-02-05 04:19:42 - INFO - No new data to append.
2025-02-05 04:20:42 - INFO - Last opentime in CSV: 2025-02-05 03:30:00
2025-02-05 04:20:42 - INFO - CSV length before appending: 1327
2025-02-05 04:20:42 - INFO - Rounded timestamp: 2025-02-05 04:00:00, Last opentime in CSV: 2025-02-05 03:30:00
2025-02-05 04:20:42 - INFO - 2025-02-05 04:01:00 status: True, time: 1738728060000, calls: 1
2025-02-05 04:20:43 - INFO - 2025-02-05 04:01:00 status: True, time: 1738728060000, calls: 2
2025-02-05 04:20:43 - INFO - Duplicate timestamp detected. Stopping fetch.
2025-02-05 04:20:43 - INFO - before dropping :1
2025-02-05 04:20:43 - INFO - Empty DataFrame
Columns: [opentime, openprice, highprice, lowprice, closeprice]
Index: []
2025-02-05 04:20:43 - INFO - No new data to append.
2025-02-05 04:21:43 - INFO - Last opentime in CSV: 2025-02-05 03:30:00
2025-02-05 04:21:43 - INFO - CSV length before appending: 1327
2025-02-05 04:21:43 - INFO - Rounded timestamp: 2025-02-05 04:00:00, Last opentime in CSV: 2025-02-05 03:30:00
2025-02-05 04:21:43 - INFO - 2025-02-05 04:01:00 status: True, time: 1738728060000, calls: 1
2025-02-05 04:21:43 - INFO - 2025-02-05 04:01:00 status: True, time: 1738728060000, calls: 2
2025-02-05 04:21:43 - INFO - Duplicate timestamp detected. Stopping fetch.
2025-02-05 04:21:43 - INFO - before dropping :1
2025-02-05 04:21:43 - INFO - Empty DataFrame
Columns: [opentime, openprice, highprice, lowprice, closeprice]
Index: []
2025-02-05 04:21:43 - INFO - No new data to append.
2025-02-05 04:22:43 - INFO - Last opentime in CSV: 2025-02-05 03:30:00
2025-02-05 04:22:43 - INFO - CSV length before appending: 1327
2025-02-05 04:22:43 - INFO - Rounded timestamp: 2025-02-05 04:00:00, Last opentime in CSV: 2025-02-05 03:30:00
2025-02-05 04:22:43 - INFO - 2025-02-05 04:01:00 status: True, time: 1738728060000, calls: 1
2025-02-05 04:22:43 - INFO - 2025-02-05 04:01:00 status: True, time: 1738728060000, calls: 2
2025-02-05 04:22:43 - INFO - Duplicate timestamp detected. Stopping fetch.
2025-02-05 04:22:43 - INFO - before dropping :1
2025-02-05 04:22:43 - INFO - Empty DataFrame
Columns: [opentime, openprice, highprice, lowprice, closeprice]
Index: []
2025-02-05 04:22:43 - INFO - No new data to append.
2025-02-05 04:23:43 - INFO - Last opentime in CSV: 2025-02-05 03:30:00
2025-02-05 04:23:43 - INFO - CSV length before appending: 1327
2025-02-05 04:23:43 - INFO - Rounded timestamp: 2025-02-05 04:00:00, Last opentime in CSV: 2025-02-05 03:30:00
2025-02-05 04:23:43 - INFO - 2025-02-05 04:01:00 status: True, time: 1738728060000, calls: 1
2025-02-05 04:23:44 - INFO - 2025-02-05 04:01:00 status: True, time: 1738728060000, calls: 2
2025-02-05 04:23:44 - INFO - Duplicate timestamp detected. Stopping fetch.
2025-02-05 04:23:44 - INFO - before dropping :1
2025-02-05 04:23:44 - INFO - Empty DataFrame
Columns: [opentime, openprice, highprice, lowprice, closeprice]
Index: []
2025-02-05 04:23:44 - INFO - No new data to append.
2025-02-05 04:24:44 - INFO - Last opentime in CSV: 2025-02-05 03:30:00
2025-02-05 04:24:44 - INFO - CSV length before appending: 1327
2025-02-05 04:24:44 - INFO - Rounded timestamp: 2025-02-05 04:00:00, Last opentime in CSV: 2025-02-05 03:30:00
2025-02-05 04:24:44 - INFO - 2025-02-05 04:01:00 status: True, time: 1738728060000, calls: 1
2025-02-05 04:24:44 - INFO - 2025-02-05 04:01:00 status: True, time: 1738728060000, calls: 2
2025-02-05 04:24:44 - INFO - Duplicate timestamp detected. Stopping fetch.
2025-02-05 04:24:44 - INFO - before dropping :1
2025-02-05 04:24:44 - INFO - Empty DataFrame
Columns: [opentime, openprice, highprice, lowprice, closeprice]
Index: []
2025-02-05 04:24:44 - INFO - No new data to append.
2025-02-05 04:25:44 - INFO - Last opentime in CSV: 2025-02-05 03:30:00
2025-02-05 04:25:44 - INFO - CSV length before appending: 1327
2025-02-05 04:25:44 - INFO - Rounded timestamp: 2025-02-05 04:00:00, Last opentime in CSV: 2025-02-05 03:30:00
2025-02-05 04:25:44 - INFO - 2025-02-05 04:01:00 status: True, time: 1738728060000, calls: 1
2025-02-05 04:25:44 - INFO - 2025-02-05 04:01:00 status: True, time: 1738728060000, calls: 2
2025-02-05 04:25:44 - INFO - Duplicate timestamp detected. Stopping fetch.
2025-02-05 04:25:44 - INFO - before dropping :1
2025-02-05 04:25:44 - INFO - Empty DataFrame
Columns: [opentime, openprice, highprice, lowprice, closeprice]
Index: []
2025-02-05 04:25:44 - INFO - No new data to append.
2025-02-05 04:26:44 - INFO - Last opentime in CSV: 2025-02-05 03:30:00
2025-02-05 04:26:44 - INFO - CSV length before appending: 1327
2025-02-05 04:26:44 - INFO - Rounded timestamp: 2025-02-05 04:00:00, Last opentime in CSV: 2025-02-05 03:30:00
2025-02-05 04:26:45 - INFO - 2025-02-05 04:01:00 status: True, time: 1738728060000, calls: 1
2025-02-05 04:26:45 - INFO - 2025-02-05 04:01:00 status: True, time: 1738728060000, calls: 2
2025-02-05 04:26:45 - INFO - Duplicate timestamp detected. Stopping fetch.
2025-02-05 04:26:45 - INFO - before dropping :1
2025-02-05 04:26:45 - INFO - Empty DataFrame
Columns: [opentime, openprice, highprice, lowprice, closeprice]
Index: []
2025-02-05 04:26:45 - INFO - No new data to append.
2025-02-05 04:27:45 - INFO - Last opentime in CSV: 2025-02-05 03:30:00
2025-02-05 04:27:45 - INFO - CSV length before appending: 1327
2025-02-05 04:27:45 - INFO - Rounded timestamp: 2025-02-05 04:00:00, Last opentime in CSV: 2025-02-05 03:30:00
2025-02-05 04:27:45 - INFO - 2025-02-05 04:01:00 status: True, time: 1738728060000, calls: 1
2025-02-05 04:27:45 - INFO - 2025-02-05 04:01:00 status: True, time: 1738728060000, calls: 2
2025-02-05 04:27:45 - INFO - Duplicate timestamp detected. Stopping fetch.
2025-02-05 04:27:45 - INFO - before dropping :1
2025-02-05 04:27:45 - INFO - Empty DataFrame
Columns: [opentime, openprice, highprice, lowprice, closeprice]
Index: []
2025-02-05 04:27:45 - INFO - No new data to append.
2025-02-05 04:28:45 - INFO - Last opentime in CSV: 2025-02-05 03:30:00
2025-02-05 04:28:45 - INFO - CSV length before appending: 1327
2025-02-05 04:28:45 - INFO - Rounded timestamp: 2025-02-05 04:00:00, Last opentime in CSV: 2025-02-05 03:30:00
2025-02-05 04:28:45 - INFO - 2025-02-05 04:01:00 status: True, time: 1738728060000, calls: 1
2025-02-05 04:28:45 - INFO - 2025-02-05 04:01:00 status: True, time: 1738728060000, calls: 2
2025-02-05 04:28:45 - INFO - Duplicate timestamp detected. Stopping fetch.
2025-02-05 04:28:45 - INFO - before dropping :1
2025-02-05 04:28:45 - INFO - Empty DataFrame
Columns: [opentime, openprice, highprice, lowprice, closeprice]
Index: []
2025-02-05 04:28:45 - INFO - No new data to append.
2025-02-05 04:29:45 - INFO - Last opentime in CSV: 2025-02-05 03:30:00
2025-02-05 04:29:45 - INFO - CSV length before appending: 1327
2025-02-05 04:29:45 - INFO - Rounded timestamp: 2025-02-05 04:00:00, Last opentime in CSV: 2025-02-05 03:30:00
2025-02-05 04:29:45 - INFO - 2025-02-05 04:01:00 status: True, time: 1738728060000, calls: 1
2025-02-05 04:29:45 - INFO - 2025-02-05 04:01:00 status: True, time: 1738728060000, calls: 2
2025-02-05 04:29:45 - INFO - Duplicate timestamp detected. Stopping fetch.
2025-02-05 04:29:45 - INFO - before dropping :1
2025-02-05 04:29:45 - INFO - Empty DataFrame
Columns: [opentime, openprice, highprice, lowprice, closeprice]
Index: []
2025-02-05 04:29:45 - INFO - No new data to append.
2025-02-05 04:30:45 - INFO - Last opentime in CSV: 2025-02-05 03:30:00
2025-02-05 04:30:45 - INFO - CSV length before appending: 1327
2025-02-05 04:30:45 - INFO - Rounded timestamp: 2025-02-05 04:30:00, Last opentime in CSV: 2025-02-05 03:30:00
2025-02-05 04:30:46 - INFO - Reached endtime at 2025-02-05 04:31:00. Stopping fetch.
2025-02-05 04:30:46 - INFO - before dropping :2
2025-02-05 04:30:46 - INFO -         opentime  openprice  highprice  lowprice  closeprice
0  1738728000000     207.23     207.43    205.36       205.5
2025-02-05 04:30:46 - INFO - 1 new rows fetched and appended successfully.
2025-02-05 04:30:46 - INFO - New CSV length after appending: 1328
2025-02-05 04:30:46 - INFO - New data:            opentime  openprice  highprice  lowprice  closeprice
1327  1738728000000     207.23     207.43    205.36       205.5
2025-02-05 04:30:46 - INFO - New data fetched, processing now.
2025-02-05 04:30:46 - INFO - Last row:            opentime  openprice  ...  SUPERTl_10_3.0  SUPERTs_10_3.0
1327  1738728000000     207.23  ...             NaN      214.640525

[1 rows x 7 columns]
2025-02-05 04:30:46 - INFO - Supertrend indicator applied.
2025-02-05 04:30:46 - INFO - Last row:            opentime  openprice  ...  leading_span_a  leading_span_b
1327  1738728000000     207.23  ...        210.9265         204.805

[1 rows x 9 columns]
2025-02-05 04:30:46 - INFO - Ichimoku cloud indicator applied.
2025-02-05 04:30:46 - INFO - Previous up trend: nan
2025-02-05 04:30:46 - INFO - Current up trend: nan
2025-02-05 04:30:46 - INFO - Trend: unchange
2025-02-05 04:30:46 - INFO - Active Position: 1
2025-02-05 04:30:46 - INFO - Suggested Action: None
2025-02-05 04:30:46 - INFO - Suggestion : None, Previous ACtion None, Active Position: 1
2025-02-05 04:30:46 - INFO - Previous Action: None
2025-02-05 04:30:46 - INFO - Suggested Action: None
2025-02-05 04:30:46 - INFO - Active Position: 1
2025-02-05 04:30:46 - INFO - No action needed as previous and suggested actions are the same.
2025-02-05 04:31:46 - INFO - Last opentime in CSV: 2025-02-05 04:00:00
2025-02-05 04:31:46 - INFO - CSV length before appending: 1328
2025-02-05 04:31:46 - INFO - Rounded timestamp: 2025-02-05 04:30:00, Last opentime in CSV: 2025-02-05 04:00:00
2025-02-05 04:31:46 - INFO - 2025-02-05 04:31:00 status: True, time: 1738729860000, calls: 1
2025-02-05 04:31:46 - INFO - 2025-02-05 04:31:00 status: True, time: 1738729860000, calls: 2
2025-02-05 04:31:46 - INFO - Duplicate timestamp detected. Stopping fetch.
2025-02-05 04:31:46 - INFO - before dropping :1
2025-02-05 04:31:46 - INFO - Empty DataFrame
Columns: [opentime, openprice, highprice, lowprice, closeprice]
Index: []
2025-02-05 04:31:46 - INFO - No new data to append.
2025-02-05 04:32:46 - INFO - Last opentime in CSV: 2025-02-05 04:00:00
2025-02-05 04:32:46 - INFO - CSV length before appending: 1328
2025-02-05 04:32:46 - INFO - Rounded timestamp: 2025-02-05 04:30:00, Last opentime in CSV: 2025-02-05 04:00:00
2025-02-05 04:32:46 - INFO - 2025-02-05 04:31:00 status: True, time: 1738729860000, calls: 1
2025-02-05 04:32:46 - INFO - 2025-02-05 04:31:00 status: True, time: 1738729860000, calls: 2
2025-02-05 04:32:46 - INFO - Duplicate timestamp detected. Stopping fetch.
2025-02-05 04:32:46 - INFO - before dropping :1
2025-02-05 04:32:46 - INFO - Empty DataFrame
Columns: [opentime, openprice, highprice, lowprice, closeprice]
Index: []
2025-02-05 04:32:46 - INFO - No new data to append.
2025-02-05 04:33:46 - INFO - Last opentime in CSV: 2025-02-05 04:00:00
2025-02-05 04:33:46 - INFO - CSV length before appending: 1328
2025-02-05 04:33:46 - INFO - Rounded timestamp: 2025-02-05 04:30:00, Last opentime in CSV: 2025-02-05 04:00:00
2025-02-05 04:33:46 - INFO - 2025-02-05 04:31:00 status: True, time: 1738729860000, calls: 1
2025-02-05 04:33:46 - INFO - 2025-02-05 04:31:00 status: True, time: 1738729860000, calls: 2
2025-02-05 04:33:46 - INFO - Duplicate timestamp detected. Stopping fetch.
2025-02-05 04:33:46 - INFO - before dropping :1
2025-02-05 04:33:46 - INFO - Empty DataFrame
Columns: [opentime, openprice, highprice, lowprice, closeprice]
Index: []
2025-02-05 04:33:46 - INFO - No new data to append.
2025-02-05 04:34:46 - INFO - Last opentime in CSV: 2025-02-05 04:00:00
2025-02-05 04:34:46 - INFO - CSV length before appending: 1328
2025-02-05 04:34:46 - INFO - Rounded timestamp: 2025-02-05 04:30:00, Last opentime in CSV: 2025-02-05 04:00:00
2025-02-05 04:34:46 - INFO - 2025-02-05 04:31:00 status: True, time: 1738729860000, calls: 1
2025-02-05 04:34:47 - INFO - 2025-02-05 04:31:00 status: True, time: 1738729860000, calls: 2
2025-02-05 04:34:47 - INFO - Duplicate timestamp detected. Stopping fetch.
2025-02-05 04:34:47 - INFO - before dropping :1
2025-02-05 04:34:47 - INFO - Empty DataFrame
Columns: [opentime, openprice, highprice, lowprice, closeprice]
Index: []
2025-02-05 04:34:47 - INFO - No new data to append.
2025-02-05 04:35:47 - INFO - Last opentime in CSV: 2025-02-05 04:00:00
2025-02-05 04:35:47 - INFO - CSV length before appending: 1328
2025-02-05 04:35:47 - INFO - Rounded timestamp: 2025-02-05 04:30:00, Last opentime in CSV: 2025-02-05 04:00:00
2025-02-05 04:35:47 - INFO - 2025-02-05 04:31:00 status: True, time: 1738729860000, calls: 1
2025-02-05 04:35:47 - INFO - 2025-02-05 04:31:00 status: True, time: 1738729860000, calls: 2
2025-02-05 04:35:47 - INFO - Duplicate timestamp detected. Stopping fetch.
2025-02-05 04:35:47 - INFO - before dropping :1
2025-02-05 04:35:47 - INFO - Empty DataFrame
Columns: [opentime, openprice, highprice, lowprice, closeprice]
Index: []
2025-02-05 04:35:47 - INFO - No new data to append.
2025-02-05 04:36:47 - INFO - Last opentime in CSV: 2025-02-05 04:00:00
2025-02-05 04:36:47 - INFO - CSV length before appending: 1328
2025-02-05 04:36:47 - INFO - Rounded timestamp: 2025-02-05 04:30:00, Last opentime in CSV: 2025-02-05 04:00:00
2025-02-05 04:36:47 - INFO - 2025-02-05 04:31:00 status: True, time: 1738729860000, calls: 1
2025-02-05 04:36:47 - INFO - 2025-02-05 04:31:00 status: True, time: 1738729860000, calls: 2
2025-02-05 04:36:47 - INFO - Duplicate timestamp detected. Stopping fetch.
2025-02-05 04:36:47 - INFO - before dropping :1
2025-02-05 04:36:47 - INFO - Empty DataFrame
Columns: [opentime, openprice, highprice, lowprice, closeprice]
Index: []
2025-02-05 04:36:47 - INFO - No new data to append.
2025-02-05 04:37:47 - INFO - Last opentime in CSV: 2025-02-05 04:00:00
2025-02-05 04:37:47 - INFO - CSV length before appending: 1328
2025-02-05 04:37:47 - INFO - Rounded timestamp: 2025-02-05 04:30:00, Last opentime in CSV: 2025-02-05 04:00:00
2025-02-05 04:37:47 - INFO - 2025-02-05 04:31:00 status: True, time: 1738729860000, calls: 1
2025-02-05 04:37:47 - INFO - 2025-02-05 04:31:00 status: True, time: 1738729860000, calls: 2
2025-02-05 04:37:47 - INFO - Duplicate timestamp detected. Stopping fetch.
2025-02-05 04:37:47 - INFO - before dropping :1
2025-02-05 04:37:47 - INFO - Empty DataFrame
Columns: [opentime, openprice, highprice, lowprice, closeprice]
Index: []
2025-02-05 04:37:47 - INFO - No new data to append.
2025-02-05 04:38:47 - INFO - Last opentime in CSV: 2025-02-05 04:00:00
2025-02-05 04:38:47 - INFO - CSV length before appending: 1328
2025-02-05 04:38:47 - INFO - Rounded timestamp: 2025-02-05 04:30:00, Last opentime in CSV: 2025-02-05 04:00:00
2025-02-05 04:38:48 - INFO - 2025-02-05 04:31:00 status: True, time: 1738729860000, calls: 1
2025-02-05 04:38:48 - INFO - 2025-02-05 04:31:00 status: True, time: 1738729860000, calls: 2
2025-02-05 04:38:48 - INFO - Duplicate timestamp detected. Stopping fetch.
2025-02-05 04:38:48 - INFO - before dropping :1
2025-02-05 04:38:48 - INFO - Empty DataFrame
Columns: [opentime, openprice, highprice, lowprice, closeprice]
Index: []
2025-02-05 04:38:48 - INFO - No new data to append.
2025-02-05 04:39:48 - INFO - Last opentime in CSV: 2025-02-05 04:00:00
2025-02-05 04:39:48 - INFO - CSV length before appending: 1328
2025-02-05 04:39:48 - INFO - Rounded timestamp: 2025-02-05 04:30:00, Last opentime in CSV: 2025-02-05 04:00:00
2025-02-05 04:39:48 - INFO - 2025-02-05 04:31:00 status: True, time: 1738729860000, calls: 1
2025-02-05 04:39:48 - INFO - 2025-02-05 04:31:00 status: True, time: 1738729860000, calls: 2
2025-02-05 04:39:48 - INFO - Duplicate timestamp detected. Stopping fetch.
2025-02-05 04:39:48 - INFO - before dropping :1
2025-02-05 04:39:48 - INFO - Empty DataFrame
Columns: [opentime, openprice, highprice, lowprice, closeprice]
Index: []
2025-02-05 04:39:48 - INFO - No new data to append.
2025-02-05 04:40:48 - INFO - Last opentime in CSV: 2025-02-05 04:00:00
2025-02-05 04:40:48 - INFO - CSV length before appending: 1328
2025-02-05 04:40:48 - INFO - Rounded timestamp: 2025-02-05 04:30:00, Last opentime in CSV: 2025-02-05 04:00:00
2025-02-05 04:40:48 - INFO - 2025-02-05 04:31:00 status: True, time: 1738729860000, calls: 1
2025-02-05 04:40:49 - INFO - 2025-02-05 04:31:00 status: True, time: 1738729860000, calls: 2
2025-02-05 04:40:49 - INFO - Duplicate timestamp detected. Stopping fetch.
2025-02-05 04:40:49 - INFO - before dropping :1
2025-02-05 04:40:49 - INFO - Empty DataFrame
Columns: [opentime, openprice, highprice, lowprice, closeprice]
Index: []
2025-02-05 04:40:49 - INFO - No new data to append.
2025-02-05 04:41:49 - INFO - Last opentime in CSV: 2025-02-05 04:00:00
2025-02-05 04:41:49 - INFO - CSV length before appending: 1328
2025-02-05 04:41:49 - INFO - Rounded timestamp: 2025-02-05 04:30:00, Last opentime in CSV: 2025-02-05 04:00:00
2025-02-05 04:41:49 - INFO - 2025-02-05 04:31:00 status: True, time: 1738729860000, calls: 1
2025-02-05 04:41:49 - INFO - 2025-02-05 04:31:00 status: True, time: 1738729860000, calls: 2
2025-02-05 04:41:49 - INFO - Duplicate timestamp detected. Stopping fetch.
2025-02-05 04:41:49 - INFO - before dropping :1
2025-02-05 04:41:49 - INFO - Empty DataFrame
Columns: [opentime, openprice, highprice, lowprice, closeprice]
Index: []
2025-02-05 04:41:49 - INFO - No new data to append.
2025-02-05 04:42:49 - INFO - Last opentime in CSV: 2025-02-05 04:00:00
2025-02-05 04:42:49 - INFO - CSV length before appending: 1328
2025-02-05 04:42:49 - INFO - Rounded timestamp: 2025-02-05 04:30:00, Last opentime in CSV: 2025-02-05 04:00:00
2025-02-05 04:42:49 - INFO - 2025-02-05 04:31:00 status: True, time: 1738729860000, calls: 1
2025-02-05 04:42:49 - INFO - 2025-02-05 04:31:00 status: True, time: 1738729860000, calls: 2
2025-02-05 04:42:49 - INFO - Duplicate timestamp detected. Stopping fetch.
2025-02-05 04:42:49 - INFO - before dropping :1
2025-02-05 04:42:49 - INFO - Empty DataFrame
Columns: [opentime, openprice, highprice, lowprice, closeprice]
Index: []
2025-02-05 04:42:49 - INFO - No new data to append.
2025-02-05 04:43:49 - INFO - Last opentime in CSV: 2025-02-05 04:00:00
2025-02-05 04:43:49 - INFO - CSV length before appending: 1328
2025-02-05 04:43:49 - INFO - Rounded timestamp: 2025-02-05 04:30:00, Last opentime in CSV: 2025-02-05 04:00:00
2025-02-05 04:43:49 - INFO - 2025-02-05 04:31:00 status: True, time: 1738729860000, calls: 1
2025-02-05 04:43:50 - INFO - 2025-02-05 04:31:00 status: True, time: 1738729860000, calls: 2
2025-02-05 04:43:50 - INFO - Duplicate timestamp detected. Stopping fetch.
2025-02-05 04:43:50 - INFO - before dropping :1
2025-02-05 04:43:50 - INFO - Empty DataFrame
Columns: [opentime, openprice, highprice, lowprice, closeprice]
Index: []
2025-02-05 04:43:50 - INFO - No new data to append.
2025-02-05 04:44:50 - INFO - Last opentime in CSV: 2025-02-05 04:00:00
2025-02-05 04:44:50 - INFO - CSV length before appending: 1328
2025-02-05 04:44:50 - INFO - Rounded timestamp: 2025-02-05 04:30:00, Last opentime in CSV: 2025-02-05 04:00:00
2025-02-05 04:44:50 - INFO - 2025-02-05 04:31:00 status: True, time: 1738729860000, calls: 1
2025-02-05 04:44:50 - INFO - 2025-02-05 04:31:00 status: True, time: 1738729860000, calls: 2
2025-02-05 04:44:50 - INFO - Duplicate timestamp detected. Stopping fetch.
2025-02-05 04:44:50 - INFO - before dropping :1
2025-02-05 04:44:50 - INFO - Empty DataFrame
Columns: [opentime, openprice, highprice, lowprice, closeprice]
Index: []
2025-02-05 04:44:50 - INFO - No new data to append.
2025-02-05 04:45:50 - INFO - Last opentime in CSV: 2025-02-05 04:00:00
2025-02-05 04:45:50 - INFO - CSV length before appending: 1328
2025-02-05 04:45:50 - INFO - Rounded timestamp: 2025-02-05 04:30:00, Last opentime in CSV: 2025-02-05 04:00:00
2025-02-05 04:45:50 - INFO - 2025-02-05 04:31:00 status: True, time: 1738729860000, calls: 1
2025-02-05 04:45:50 - INFO - 2025-02-05 04:31:00 status: True, time: 1738729860000, calls: 2
2025-02-05 04:45:50 - INFO - Duplicate timestamp detected. Stopping fetch.
2025-02-05 04:45:50 - INFO - before dropping :1
2025-02-05 04:45:50 - INFO - Empty DataFrame
Columns: [opentime, openprice, highprice, lowprice, closeprice]
Index: []
2025-02-05 04:45:50 - INFO - No new data to append.
2025-02-05 04:46:50 - INFO - Last opentime in CSV: 2025-02-05 04:00:00
2025-02-05 04:46:50 - INFO - CSV length before appending: 1328
2025-02-05 04:46:50 - INFO - Rounded timestamp: 2025-02-05 04:30:00, Last opentime in CSV: 2025-02-05 04:00:00
2025-02-05 04:46:51 - INFO - 2025-02-05 04:31:00 status: True, time: 1738729860000, calls: 1
2025-02-05 04:46:51 - INFO - 2025-02-05 04:31:00 status: True, time: 1738729860000, calls: 2
2025-02-05 04:46:51 - INFO - Duplicate timestamp detected. Stopping fetch.
2025-02-05 04:46:51 - INFO - before dropping :1
2025-02-05 04:46:51 - INFO - Empty DataFrame
Columns: [opentime, openprice, highprice, lowprice, closeprice]
Index: []
2025-02-05 04:46:51 - INFO - No new data to append.
2025-02-05 04:47:51 - INFO - Last opentime in CSV: 2025-02-05 04:00:00
2025-02-05 04:47:51 - INFO - CSV length before appending: 1328
2025-02-05 04:47:51 - INFO - Rounded timestamp: 2025-02-05 04:30:00, Last opentime in CSV: 2025-02-05 04:00:00
2025-02-05 04:47:51 - INFO - 2025-02-05 04:31:00 status: True, time: 1738729860000, calls: 1
2025-02-05 04:47:51 - INFO - 2025-02-05 04:31:00 status: True, time: 1738729860000, calls: 2
2025-02-05 04:47:51 - INFO - Duplicate timestamp detected. Stopping fetch.
2025-02-05 04:47:51 - INFO - before dropping :1
2025-02-05 04:47:51 - INFO - Empty DataFrame
Columns: [opentime, openprice, highprice, lowprice, closeprice]
Index: []
2025-02-05 04:47:51 - INFO - No new data to append.
2025-02-05 04:48:51 - INFO - Last opentime in CSV: 2025-02-05 04:00:00
2025-02-05 04:48:51 - INFO - CSV length before appending: 1328
2025-02-05 04:48:51 - INFO - Rounded timestamp: 2025-02-05 04:30:00, Last opentime in CSV: 2025-02-05 04:00:00
2025-02-05 04:48:51 - INFO - 2025-02-05 04:31:00 status: True, time: 1738729860000, calls: 1
2025-02-05 04:48:51 - INFO - 2025-02-05 04:31:00 status: True, time: 1738729860000, calls: 2
2025-02-05 04:48:51 - INFO - Duplicate timestamp detected. Stopping fetch.
2025-02-05 04:48:51 - INFO - before dropping :1
2025-02-05 04:48:51 - INFO - Empty DataFrame
Columns: [opentime, openprice, highprice, lowprice, closeprice]
Index: []
2025-02-05 04:48:51 - INFO - No new data to append.
2025-02-05 04:49:51 - INFO - Last opentime in CSV: 2025-02-05 04:00:00
2025-02-05 04:49:51 - INFO - CSV length before appending: 1328
2025-02-05 04:49:51 - INFO - Rounded timestamp: 2025-02-05 04:30:00, Last opentime in CSV: 2025-02-05 04:00:00
2025-02-05 04:49:51 - INFO - 2025-02-05 04:31:00 status: True, time: 1738729860000, calls: 1
2025-02-05 04:49:51 - INFO - 2025-02-05 04:31:00 status: True, time: 1738729860000, calls: 2
2025-02-05 04:49:51 - INFO - Duplicate timestamp detected. Stopping fetch.
2025-02-05 04:49:51 - INFO - before dropping :1
2025-02-05 04:49:51 - INFO - Empty DataFrame
Columns: [opentime, openprice, highprice, lowprice, closeprice]
Index: []
2025-02-05 04:49:51 - INFO - No new data to append.
2025-02-05 04:50:51 - INFO - Last opentime in CSV: 2025-02-05 04:00:00
2025-02-05 04:50:51 - INFO - CSV length before appending: 1328
2025-02-05 04:50:51 - INFO - Rounded timestamp: 2025-02-05 04:30:00, Last opentime in CSV: 2025-02-05 04:00:00
2025-02-05 04:50:52 - INFO - 2025-02-05 04:31:00 status: True, time: 1738729860000, calls: 1
2025-02-05 04:50:52 - INFO - 2025-02-05 04:31:00 status: True, time: 1738729860000, calls: 2
2025-02-05 04:50:52 - INFO - Duplicate timestamp detected. Stopping fetch.
2025-02-05 04:50:52 - INFO - before dropping :1
2025-02-05 04:50:52 - INFO - Empty DataFrame
Columns: [opentime, openprice, highprice, lowprice, closeprice]
Index: []
2025-02-05 04:50:52 - INFO - No new data to append.
2025-02-05 04:51:52 - INFO - Last opentime in CSV: 2025-02-05 04:00:00
2025-02-05 04:51:52 - INFO - CSV length before appending: 1328
2025-02-05 04:51:52 - INFO - Rounded timestamp: 2025-02-05 04:30:00, Last opentime in CSV: 2025-02-05 04:00:00
2025-02-05 04:51:52 - INFO - 2025-02-05 04:31:00 status: True, time: 1738729860000, calls: 1
2025-02-05 04:51:52 - INFO - 2025-02-05 04:31:00 status: True, time: 1738729860000, calls: 2
2025-02-05 04:51:52 - INFO - Duplicate timestamp detected. Stopping fetch.
2025-02-05 04:51:52 - INFO - before dropping :1
2025-02-05 04:51:52 - INFO - Empty DataFrame
Columns: [opentime, openprice, highprice, lowprice, closeprice]
Index: []
2025-02-05 04:51:52 - INFO - No new data to append.
2025-02-05 04:52:52 - INFO - Last opentime in CSV: 2025-02-05 04:00:00
2025-02-05 04:52:52 - INFO - CSV length before appending: 1328
2025-02-05 04:52:52 - INFO - Rounded timestamp: 2025-02-05 04:30:00, Last opentime in CSV: 2025-02-05 04:00:00
2025-02-05 04:52:52 - INFO - 2025-02-05 04:31:00 status: True, time: 1738729860000, calls: 1
2025-02-05 04:52:52 - INFO - 2025-02-05 04:31:00 status: True, time: 1738729860000, calls: 2
2025-02-05 04:52:52 - INFO - Duplicate timestamp detected. Stopping fetch.
2025-02-05 04:52:52 - INFO - before dropping :1
2025-02-05 04:52:52 - INFO - Empty DataFrame
Columns: [opentime, openprice, highprice, lowprice, closeprice]
Index: []
2025-02-05 04:52:52 - INFO - No new data to append.
2025-02-05 04:53:52 - INFO - Last opentime in CSV: 2025-02-05 04:00:00
2025-02-05 04:53:52 - INFO - CSV length before appending: 1328
2025-02-05 04:53:52 - INFO - Rounded timestamp: 2025-02-05 04:30:00, Last opentime in CSV: 2025-02-05 04:00:00
2025-02-05 04:53:52 - INFO - 2025-02-05 04:31:00 status: True, time: 1738729860000, calls: 1
2025-02-05 04:53:52 - INFO - 2025-02-05 04:31:00 status: True, time: 1738729860000, calls: 2
2025-02-05 04:53:52 - INFO - Duplicate timestamp detected. Stopping fetch.
2025-02-05 04:53:52 - INFO - before dropping :1
2025-02-05 04:53:52 - INFO - Empty DataFrame
Columns: [opentime, openprice, highprice, lowprice, closeprice]
Index: []
2025-02-05 04:53:52 - INFO - No new data to append.
2025-02-05 04:54:52 - INFO - Last opentime in CSV: 2025-02-05 04:00:00
2025-02-05 04:54:52 - INFO - CSV length before appending: 1328
2025-02-05 04:54:52 - INFO - Rounded timestamp: 2025-02-05 04:30:00, Last opentime in CSV: 2025-02-05 04:00:00
2025-02-05 04:54:53 - INFO - 2025-02-05 04:31:00 status: True, time: 1738729860000, calls: 1
2025-02-05 04:54:53 - INFO - 2025-02-05 04:31:00 status: True, time: 1738729860000, calls: 2
2025-02-05 04:54:53 - INFO - Duplicate timestamp detected. Stopping fetch.
2025-02-05 04:54:53 - INFO - before dropping :1
2025-02-05 04:54:53 - INFO - Empty DataFrame
Columns: [opentime, openprice, highprice, lowprice, closeprice]
Index: []
2025-02-05 04:54:53 - INFO - No new data to append.
2025-02-05 04:55:53 - INFO - Last opentime in CSV: 2025-02-05 04:00:00
2025-02-05 04:55:53 - INFO - CSV length before appending: 1328
2025-02-05 04:55:53 - INFO - Rounded timestamp: 2025-02-05 04:30:00, Last opentime in CSV: 2025-02-05 04:00:00
2025-02-05 04:55:53 - INFO - 2025-02-05 04:31:00 status: True, time: 1738729860000, calls: 1
2025-02-05 04:55:53 - INFO - 2025-02-05 04:31:00 status: True, time: 1738729860000, calls: 2
2025-02-05 04:55:53 - INFO - Duplicate timestamp detected. Stopping fetch.
2025-02-05 04:55:53 - INFO - before dropping :1
2025-02-05 04:55:53 - INFO - Empty DataFrame
Columns: [opentime, openprice, highprice, lowprice, closeprice]
Index: []
2025-02-05 04:55:53 - INFO - No new data to append.
2025-02-05 04:56:53 - INFO - Last opentime in CSV: 2025-02-05 04:00:00
2025-02-05 04:56:53 - INFO - CSV length before appending: 1328
2025-02-05 04:56:53 - INFO - Rounded timestamp: 2025-02-05 04:30:00, Last opentime in CSV: 2025-02-05 04:00:00
2025-02-05 04:56:53 - INFO - 2025-02-05 04:31:00 status: True, time: 1738729860000, calls: 1
2025-02-05 04:56:53 - INFO - 2025-02-05 04:31:00 status: True, time: 1738729860000, calls: 2
2025-02-05 04:56:53 - INFO - Duplicate timestamp detected. Stopping fetch.
2025-02-05 04:56:53 - INFO - before dropping :1
2025-02-05 04:56:53 - INFO - Empty DataFrame
Columns: [opentime, openprice, highprice, lowprice, closeprice]
Index: []
2025-02-05 04:56:53 - INFO - No new data to append.
2025-02-05 04:57:53 - INFO - Last opentime in CSV: 2025-02-05 04:00:00
2025-02-05 04:57:53 - INFO - CSV length before appending: 1328
2025-02-05 04:57:53 - INFO - Rounded timestamp: 2025-02-05 04:30:00, Last opentime in CSV: 2025-02-05 04:00:00
2025-02-05 04:57:54 - INFO - 2025-02-05 04:31:00 status: True, time: 1738729860000, calls: 1
2025-02-05 04:57:54 - INFO - 2025-02-05 04:31:00 status: True, time: 1738729860000, calls: 2
2025-02-05 04:57:54 - INFO - Duplicate timestamp detected. Stopping fetch.
2025-02-05 04:57:54 - INFO - before dropping :1
2025-02-05 04:57:54 - INFO - Empty DataFrame
Columns: [opentime, openprice, highprice, lowprice, closeprice]
Index: []
2025-02-05 04:57:54 - INFO - No new data to append.
2025-02-05 04:58:54 - INFO - Last opentime in CSV: 2025-02-05 04:00:00
2025-02-05 04:58:54 - INFO - CSV length before appending: 1328
2025-02-05 04:58:54 - INFO - Rounded timestamp: 2025-02-05 04:30:00, Last opentime in CSV: 2025-02-05 04:00:00
2025-02-05 04:58:54 - INFO - 2025-02-05 04:31:00 status: True, time: 1738729860000, calls: 1
2025-02-05 04:58:54 - INFO - 2025-02-05 04:31:00 status: True, time: 1738729860000, calls: 2
2025-02-05 04:58:54 - INFO - Duplicate timestamp detected. Stopping fetch.
2025-02-05 04:58:54 - INFO - before dropping :1
2025-02-05 04:58:54 - INFO - Empty DataFrame
Columns: [opentime, openprice, highprice, lowprice, closeprice]
Index: []
2025-02-05 04:58:54 - INFO - No new data to append.
2025-02-05 04:59:54 - INFO - Last opentime in CSV: 2025-02-05 04:00:00
2025-02-05 04:59:54 - INFO - CSV length before appending: 1328
2025-02-05 04:59:54 - INFO - Rounded timestamp: 2025-02-05 04:30:00, Last opentime in CSV: 2025-02-05 04:00:00
2025-02-05 04:59:54 - INFO - 2025-02-05 04:31:00 status: True, time: 1738729860000, calls: 1
2025-02-05 04:59:54 - INFO - 2025-02-05 04:31:00 status: True, time: 1738729860000, calls: 2
2025-02-05 04:59:54 - INFO - Duplicate timestamp detected. Stopping fetch.
2025-02-05 04:59:54 - INFO - before dropping :1
2025-02-05 04:59:54 - INFO - Empty DataFrame
Columns: [opentime, openprice, highprice, lowprice, closeprice]
Index: []
2025-02-05 04:59:54 - INFO - No new data to append.
2025-02-05 05:00:54 - INFO - Last opentime in CSV: 2025-02-05 04:00:00
2025-02-05 05:00:54 - INFO - CSV length before appending: 1328
2025-02-05 05:00:54 - INFO - Rounded timestamp: 2025-02-05 05:00:00, Last opentime in CSV: 2025-02-05 04:00:00
2025-02-05 05:00:55 - INFO - Reached endtime at 2025-02-05 05:01:00. Stopping fetch.
2025-02-05 05:00:55 - INFO - before dropping :2
2025-02-05 05:00:55 - INFO -         opentime  openprice  highprice  lowprice  closeprice
0  1738729800000      205.5     206.46    204.53      204.95
2025-02-05 05:00:55 - INFO - 1 new rows fetched and appended successfully.
2025-02-05 05:00:55 - INFO - New CSV length after appending: 1329
2025-02-05 05:00:55 - INFO - New data:            opentime  openprice  highprice  lowprice  closeprice
1328  1738729800000      205.5     206.46    204.53      204.95
2025-02-05 05:00:55 - INFO - New data fetched, processing now.
2025-02-05 05:00:55 - INFO - Last row:            opentime  openprice  ...  SUPERTl_10_3.0  SUPERTs_10_3.0
1328  1738729800000      205.5  ...             NaN      213.494698

[1 rows x 7 columns]
2025-02-05 05:00:55 - INFO - Supertrend indicator applied.
2025-02-05 05:00:55 - INFO - Last row:            opentime  openprice  ...  leading_span_a  leading_span_b
1328  1738729800000      205.5  ...        210.6415         204.805

[1 rows x 9 columns]
2025-02-05 05:00:55 - INFO - Ichimoku cloud indicator applied.
2025-02-05 05:00:55 - INFO - Previous up trend: nan
2025-02-05 05:00:55 - INFO - Current up trend: nan
2025-02-05 05:00:55 - INFO - Trend: unchange
2025-02-05 05:00:55 - INFO - Active Position: 1
2025-02-05 05:00:55 - INFO - Suggested Action: None
2025-02-05 05:00:55 - INFO - Suggestion : None, Previous ACtion None, Active Position: 1
2025-02-05 05:00:55 - INFO - Previous Action: None
2025-02-05 05:00:55 - INFO - Suggested Action: None
2025-02-05 05:00:55 - INFO - Active Position: 1
2025-02-05 05:00:55 - INFO - No action needed as previous and suggested actions are the same.
2025-02-05 05:01:55 - INFO - Last opentime in CSV: 2025-02-05 04:30:00
2025-02-05 05:01:55 - INFO - CSV length before appending: 1329
2025-02-05 05:01:55 - INFO - Rounded timestamp: 2025-02-05 05:00:00, Last opentime in CSV: 2025-02-05 04:30:00
2025-02-05 05:01:55 - INFO - 2025-02-05 05:01:00 status: True, time: 1738731660000, calls: 1
2025-02-05 05:01:55 - INFO - 2025-02-05 05:01:00 status: True, time: 1738731660000, calls: 2
2025-02-05 05:01:55 - INFO - Duplicate timestamp detected. Stopping fetch.
2025-02-05 05:01:55 - INFO - before dropping :1
2025-02-05 05:01:55 - INFO - Empty DataFrame
Columns: [opentime, openprice, highprice, lowprice, closeprice]
Index: []
2025-02-05 05:01:55 - INFO - No new data to append.
2025-02-05 05:02:55 - INFO - Last opentime in CSV: 2025-02-05 04:30:00
2025-02-05 05:02:55 - INFO - CSV length before appending: 1329
2025-02-05 05:02:55 - INFO - Rounded timestamp: 2025-02-05 05:00:00, Last opentime in CSV: 2025-02-05 04:30:00
2025-02-05 05:02:55 - INFO - 2025-02-05 05:01:00 status: True, time: 1738731660000, calls: 1
2025-02-05 05:02:55 - INFO - 2025-02-05 05:01:00 status: True, time: 1738731660000, calls: 2
2025-02-05 05:02:55 - INFO - Duplicate timestamp detected. Stopping fetch.
2025-02-05 05:02:55 - INFO - before dropping :1
2025-02-05 05:02:55 - INFO - Empty DataFrame
Columns: [opentime, openprice, highprice, lowprice, closeprice]
Index: []
2025-02-05 05:02:55 - INFO - No new data to append.
2025-02-05 05:03:55 - INFO - Last opentime in CSV: 2025-02-05 04:30:00
2025-02-05 05:03:55 - INFO - CSV length before appending: 1329
2025-02-05 05:03:55 - INFO - Rounded timestamp: 2025-02-05 05:00:00, Last opentime in CSV: 2025-02-05 04:30:00
2025-02-05 05:03:55 - INFO - 2025-02-05 05:01:00 status: True, time: 1738731660000, calls: 1
2025-02-05 05:03:55 - INFO - 2025-02-05 05:01:00 status: True, time: 1738731660000, calls: 2
2025-02-05 05:03:55 - INFO - Duplicate timestamp detected. Stopping fetch.
2025-02-05 05:03:55 - INFO - before dropping :1
2025-02-05 05:03:55 - INFO - Empty DataFrame
Columns: [opentime, openprice, highprice, lowprice, closeprice]
Index: []
2025-02-05 05:03:55 - INFO - No new data to append.
2025-02-05 05:04:55 - INFO - Last opentime in CSV: 2025-02-05 04:30:00
2025-02-05 05:04:55 - INFO - CSV length before appending: 1329
2025-02-05 05:04:55 - INFO - Rounded timestamp: 2025-02-05 05:00:00, Last opentime in CSV: 2025-02-05 04:30:00
2025-02-05 05:04:56 - INFO - 2025-02-05 05:01:00 status: True, time: 1738731660000, calls: 1
2025-02-05 05:04:56 - INFO - 2025-02-05 05:01:00 status: True, time: 1738731660000, calls: 2
2025-02-05 05:04:56 - INFO - Duplicate timestamp detected. Stopping fetch.
2025-02-05 05:04:56 - INFO - before dropping :1
2025-02-05 05:04:56 - INFO - Empty DataFrame
Columns: [opentime, openprice, highprice, lowprice, closeprice]
Index: []
2025-02-05 05:04:56 - INFO - No new data to append.
2025-02-05 05:05:56 - INFO - Last opentime in CSV: 2025-02-05 04:30:00
2025-02-05 05:05:56 - INFO - CSV length before appending: 1329
2025-02-05 05:05:56 - INFO - Rounded timestamp: 2025-02-05 05:00:00, Last opentime in CSV: 2025-02-05 04:30:00
2025-02-05 05:05:56 - INFO - 2025-02-05 05:01:00 status: True, time: 1738731660000, calls: 1
2025-02-05 05:05:56 - INFO - 2025-02-05 05:01:00 status: True, time: 1738731660000, calls: 2
2025-02-05 05:05:56 - INFO - Duplicate timestamp detected. Stopping fetch.
2025-02-05 05:05:56 - INFO - before dropping :1
2025-02-05 05:05:56 - INFO - Empty DataFrame
Columns: [opentime, openprice, highprice, lowprice, closeprice]
Index: []
2025-02-05 05:05:56 - INFO - No new data to append.
