2025-01-24 16:39:40 - INFO - Trading symbol: SOLUSDT, Log file: binance_stic_sol_bot_25k_20250124163940
2025-01-24 16:39:40 - INFO - USDT Available Balance: 24852.06573731
2025-01-24 16:39:40 - INFO - Determined Trade Amount: 300 USDT
2025-01-24 16:39:40 - INFO - USDT Available Balance: 24852.06573731
2025-01-24 16:39:40 - INFO - Determined Trade Amount: 1941.5676357273437 USDT
2025-01-24 16:39:40 - INFO - Last opentime in CSV: 2025-01-24 16:00:00
2025-01-24 16:39:40 - INFO - CSV length before appending: 776
2025-01-24 16:39:40 - INFO - Rounded timestamp: 2025-01-24 16:30:00, Last opentime in CSV: 2025-01-24 16:00:00
2025-01-24 16:39:40 - INFO - 2025-01-24 16:31:00 status: True, time: 1737736260000, calls: 1
2025-01-24 16:39:40 - INFO - 2025-01-24 16:31:00 status: True, time: 1737736260000, calls: 2
2025-01-24 16:39:40 - INFO - Duplicate timestamp detected. Stopping fetch.
2025-01-24 16:39:40 - INFO - before dropping :1
2025-01-24 16:39:40 - INFO - Empty DataFrame
Columns: [opentime, openprice, highprice, lowprice, closeprice]
Index: []
2025-01-24 16:39:40 - INFO - No new data to append.
2025-01-24 16:40:40 - INFO - Last opentime in CSV: 2025-01-24 16:00:00
2025-01-24 16:40:40 - INFO - CSV length before appending: 776
2025-01-24 16:40:40 - INFO - Rounded timestamp: 2025-01-24 16:30:00, Last opentime in CSV: 2025-01-24 16:00:00
2025-01-24 16:40:41 - INFO - 2025-01-24 16:31:00 status: True, time: 1737736260000, calls: 1
2025-01-24 16:40:41 - INFO - 2025-01-24 16:31:00 status: True, time: 1737736260000, calls: 2
2025-01-24 16:40:41 - INFO - Duplicate timestamp detected. Stopping fetch.
2025-01-24 16:40:41 - INFO - before dropping :1
2025-01-24 16:40:41 - INFO - Empty DataFrame
Columns: [opentime, openprice, highprice, lowprice, closeprice]
Index: []
2025-01-24 16:40:41 - INFO - No new data to append.
2025-01-24 16:41:41 - INFO - Last opentime in CSV: 2025-01-24 16:00:00
2025-01-24 16:41:41 - INFO - CSV length before appending: 776
2025-01-24 16:41:41 - INFO - Rounded timestamp: 2025-01-24 16:30:00, Last opentime in CSV: 2025-01-24 16:00:00
2025-01-24 16:41:41 - INFO - 2025-01-24 16:31:00 status: True, time: 1737736260000, calls: 1
2025-01-24 16:41:41 - INFO - 2025-01-24 16:31:00 status: True, time: 1737736260000, calls: 2
2025-01-24 16:41:41 - INFO - Duplicate timestamp detected. Stopping fetch.
2025-01-24 16:41:41 - INFO - before dropping :1
2025-01-24 16:41:41 - INFO - Empty DataFrame
Columns: [opentime, openprice, highprice, lowprice, closeprice]
Index: []
2025-01-24 16:41:41 - INFO - No new data to append.
2025-01-24 16:42:41 - INFO - Last opentime in CSV: 2025-01-24 16:00:00
2025-01-24 16:42:41 - INFO - CSV length before appending: 776
2025-01-24 16:42:41 - INFO - Rounded timestamp: 2025-01-24 16:30:00, Last opentime in CSV: 2025-01-24 16:00:00
2025-01-24 16:42:41 - INFO - 2025-01-24 16:31:00 status: True, time: 1737736260000, calls: 1
2025-01-24 16:42:41 - INFO - 2025-01-24 16:31:00 status: True, time: 1737736260000, calls: 2
2025-01-24 16:42:41 - INFO - Duplicate timestamp detected. Stopping fetch.
2025-01-24 16:42:41 - INFO - before dropping :1
2025-01-24 16:42:41 - INFO - Empty DataFrame
Columns: [opentime, openprice, highprice, lowprice, closeprice]
Index: []
2025-01-24 16:42:41 - INFO - No new data to append.
2025-01-24 16:43:41 - INFO - Last opentime in CSV: 2025-01-24 16:00:00
2025-01-24 16:43:41 - INFO - CSV length before appending: 776
2025-01-24 16:43:41 - INFO - Rounded timestamp: 2025-01-24 16:30:00, Last opentime in CSV: 2025-01-24 16:00:00
2025-01-24 16:43:41 - INFO - 2025-01-24 16:31:00 status: True, time: 1737736260000, calls: 1
2025-01-24 16:43:42 - INFO - 2025-01-24 16:31:00 status: True, time: 1737736260000, calls: 2
2025-01-24 16:43:42 - INFO - Duplicate timestamp detected. Stopping fetch.
2025-01-24 16:43:42 - INFO - before dropping :1
2025-01-24 16:43:42 - INFO - Empty DataFrame
Columns: [opentime, openprice, highprice, lowprice, closeprice]
Index: []
2025-01-24 16:43:42 - INFO - No new data to append.
2025-01-24 16:44:42 - INFO - Last opentime in CSV: 2025-01-24 16:00:00
2025-01-24 16:44:42 - INFO - CSV length before appending: 776
2025-01-24 16:44:42 - INFO - Rounded timestamp: 2025-01-24 16:30:00, Last opentime in CSV: 2025-01-24 16:00:00
2025-01-24 16:44:42 - INFO - 2025-01-24 16:31:00 status: True, time: 1737736260000, calls: 1
2025-01-24 16:44:42 - INFO - 2025-01-24 16:31:00 status: True, time: 1737736260000, calls: 2
2025-01-24 16:44:42 - INFO - Duplicate timestamp detected. Stopping fetch.
2025-01-24 16:44:42 - INFO - before dropping :1
2025-01-24 16:44:42 - INFO - Empty DataFrame
Columns: [opentime, openprice, highprice, lowprice, closeprice]
Index: []
2025-01-24 16:44:42 - INFO - No new data to append.
2025-01-24 16:45:42 - INFO - Last opentime in CSV: 2025-01-24 16:00:00
2025-01-24 16:45:42 - INFO - CSV length before appending: 776
2025-01-24 16:45:42 - INFO - Rounded timestamp: 2025-01-24 16:30:00, Last opentime in CSV: 2025-01-24 16:00:00
2025-01-24 16:45:42 - INFO - 2025-01-24 16:31:00 status: True, time: 1737736260000, calls: 1
2025-01-24 16:45:42 - INFO - 2025-01-24 16:31:00 status: True, time: 1737736260000, calls: 2
2025-01-24 16:45:42 - INFO - Duplicate timestamp detected. Stopping fetch.
2025-01-24 16:45:42 - INFO - before dropping :1
2025-01-24 16:45:42 - INFO - Empty DataFrame
Columns: [opentime, openprice, highprice, lowprice, closeprice]
Index: []
2025-01-24 16:45:42 - INFO - No new data to append.
2025-01-24 16:46:42 - INFO - Last opentime in CSV: 2025-01-24 16:00:00
2025-01-24 16:46:42 - INFO - CSV length before appending: 776
2025-01-24 16:46:42 - INFO - Rounded timestamp: 2025-01-24 16:30:00, Last opentime in CSV: 2025-01-24 16:00:00
2025-01-24 16:46:42 - INFO - 2025-01-24 16:31:00 status: True, time: 1737736260000, calls: 1
2025-01-24 16:46:42 - INFO - 2025-01-24 16:31:00 status: True, time: 1737736260000, calls: 2
2025-01-24 16:46:42 - INFO - Duplicate timestamp detected. Stopping fetch.
2025-01-24 16:46:42 - INFO - before dropping :1
2025-01-24 16:46:42 - INFO - Empty DataFrame
Columns: [opentime, openprice, highprice, lowprice, closeprice]
Index: []
2025-01-24 16:46:42 - INFO - No new data to append.
2025-01-24 16:47:42 - INFO - Last opentime in CSV: 2025-01-24 16:00:00
2025-01-24 16:47:42 - INFO - CSV length before appending: 776
2025-01-24 16:47:42 - INFO - Rounded timestamp: 2025-01-24 16:30:00, Last opentime in CSV: 2025-01-24 16:00:00
2025-01-24 16:47:42 - INFO - 2025-01-24 16:31:00 status: True, time: 1737736260000, calls: 1
2025-01-24 16:47:42 - INFO - 2025-01-24 16:31:00 status: True, time: 1737736260000, calls: 2
2025-01-24 16:47:42 - INFO - Duplicate timestamp detected. Stopping fetch.
2025-01-24 16:47:42 - INFO - before dropping :1
2025-01-24 16:47:42 - INFO - Empty DataFrame
Columns: [opentime, openprice, highprice, lowprice, closeprice]
Index: []
2025-01-24 16:47:42 - INFO - No new data to append.
2025-01-24 16:48:42 - INFO - Last opentime in CSV: 2025-01-24 16:00:00
2025-01-24 16:48:42 - INFO - CSV length before appending: 776
2025-01-24 16:48:42 - INFO - Rounded timestamp: 2025-01-24 16:30:00, Last opentime in CSV: 2025-01-24 16:00:00
2025-01-24 16:48:43 - INFO - 2025-01-24 16:31:00 status: True, time: 1737736260000, calls: 1
2025-01-24 16:48:43 - INFO - 2025-01-24 16:31:00 status: True, time: 1737736260000, calls: 2
2025-01-24 16:48:43 - INFO - Duplicate timestamp detected. Stopping fetch.
2025-01-24 16:48:43 - INFO - before dropping :1
2025-01-24 16:48:43 - INFO - Empty DataFrame
Columns: [opentime, openprice, highprice, lowprice, closeprice]
Index: []
2025-01-24 16:48:43 - INFO - No new data to append.
2025-01-24 16:49:43 - INFO - Last opentime in CSV: 2025-01-24 16:00:00
2025-01-24 16:49:43 - INFO - CSV length before appending: 776
2025-01-24 16:49:43 - INFO - Rounded timestamp: 2025-01-24 16:30:00, Last opentime in CSV: 2025-01-24 16:00:00
2025-01-24 16:49:43 - INFO - 2025-01-24 16:31:00 status: True, time: 1737736260000, calls: 1
2025-01-24 16:49:43 - INFO - 2025-01-24 16:31:00 status: True, time: 1737736260000, calls: 2
2025-01-24 16:49:43 - INFO - Duplicate timestamp detected. Stopping fetch.
2025-01-24 16:49:43 - INFO - before dropping :1
2025-01-24 16:49:43 - INFO - Empty DataFrame
Columns: [opentime, openprice, highprice, lowprice, closeprice]
Index: []
2025-01-24 16:49:43 - INFO - No new data to append.
2025-01-24 16:50:43 - INFO - Last opentime in CSV: 2025-01-24 16:00:00
2025-01-24 16:50:43 - INFO - CSV length before appending: 776
2025-01-24 16:50:43 - INFO - Rounded timestamp: 2025-01-24 16:30:00, Last opentime in CSV: 2025-01-24 16:00:00
2025-01-24 16:50:43 - INFO - 2025-01-24 16:31:00 status: True, time: 1737736260000, calls: 1
2025-01-24 16:50:43 - INFO - 2025-01-24 16:31:00 status: True, time: 1737736260000, calls: 2
2025-01-24 16:50:43 - INFO - Duplicate timestamp detected. Stopping fetch.
2025-01-24 16:50:43 - INFO - before dropping :1
2025-01-24 16:50:43 - INFO - Empty DataFrame
Columns: [opentime, openprice, highprice, lowprice, closeprice]
Index: []
2025-01-24 16:50:43 - INFO - No new data to append.
2025-01-24 16:51:43 - INFO - Last opentime in CSV: 2025-01-24 16:00:00
2025-01-24 16:51:43 - INFO - CSV length before appending: 776
2025-01-24 16:51:43 - INFO - Rounded timestamp: 2025-01-24 16:30:00, Last opentime in CSV: 2025-01-24 16:00:00
2025-01-24 16:51:43 - INFO - 2025-01-24 16:31:00 status: True, time: 1737736260000, calls: 1
2025-01-24 16:51:44 - INFO - 2025-01-24 16:31:00 status: True, time: 1737736260000, calls: 2
2025-01-24 16:51:44 - INFO - Duplicate timestamp detected. Stopping fetch.
2025-01-24 16:51:44 - INFO - before dropping :1
2025-01-24 16:51:44 - INFO - Empty DataFrame
Columns: [opentime, openprice, highprice, lowprice, closeprice]
Index: []
2025-01-24 16:51:44 - INFO - No new data to append.
2025-01-24 16:52:44 - INFO - Last opentime in CSV: 2025-01-24 16:00:00
2025-01-24 16:52:44 - INFO - CSV length before appending: 776
2025-01-24 16:52:44 - INFO - Rounded timestamp: 2025-01-24 16:30:00, Last opentime in CSV: 2025-01-24 16:00:00
2025-01-24 16:52:44 - INFO - 2025-01-24 16:31:00 status: True, time: 1737736260000, calls: 1
2025-01-24 16:52:44 - INFO - 2025-01-24 16:31:00 status: True, time: 1737736260000, calls: 2
2025-01-24 16:52:44 - INFO - Duplicate timestamp detected. Stopping fetch.
2025-01-24 16:52:44 - INFO - before dropping :1
2025-01-24 16:52:44 - INFO - Empty DataFrame
Columns: [opentime, openprice, highprice, lowprice, closeprice]
Index: []
2025-01-24 16:52:44 - INFO - No new data to append.
2025-01-24 16:53:44 - INFO - Last opentime in CSV: 2025-01-24 16:00:00
2025-01-24 16:53:44 - INFO - CSV length before appending: 776
2025-01-24 16:53:44 - INFO - Rounded timestamp: 2025-01-24 16:30:00, Last opentime in CSV: 2025-01-24 16:00:00
2025-01-24 16:53:44 - INFO - 2025-01-24 16:31:00 status: True, time: 1737736260000, calls: 1
2025-01-24 16:53:44 - INFO - 2025-01-24 16:31:00 status: True, time: 1737736260000, calls: 2
2025-01-24 16:53:44 - INFO - Duplicate timestamp detected. Stopping fetch.
2025-01-24 16:53:44 - INFO - before dropping :1
2025-01-24 16:53:44 - INFO - Empty DataFrame
Columns: [opentime, openprice, highprice, lowprice, closeprice]
Index: []
2025-01-24 16:53:44 - INFO - No new data to append.
2025-01-24 16:54:44 - INFO - Last opentime in CSV: 2025-01-24 16:00:00
2025-01-24 16:54:44 - INFO - CSV length before appending: 776
2025-01-24 16:54:44 - INFO - Rounded timestamp: 2025-01-24 16:30:00, Last opentime in CSV: 2025-01-24 16:00:00
2025-01-24 16:54:44 - INFO - 2025-01-24 16:31:00 status: True, time: 1737736260000, calls: 1
2025-01-24 16:54:45 - INFO - 2025-01-24 16:31:00 status: True, time: 1737736260000, calls: 2
2025-01-24 16:54:45 - INFO - Duplicate timestamp detected. Stopping fetch.
2025-01-24 16:54:45 - INFO - before dropping :1
2025-01-24 16:54:45 - INFO - Empty DataFrame
Columns: [opentime, openprice, highprice, lowprice, closeprice]
Index: []
2025-01-24 16:54:45 - INFO - No new data to append.
2025-01-24 16:55:45 - INFO - Last opentime in CSV: 2025-01-24 16:00:00
2025-01-24 16:55:45 - INFO - CSV length before appending: 776
2025-01-24 16:55:45 - INFO - Rounded timestamp: 2025-01-24 16:30:00, Last opentime in CSV: 2025-01-24 16:00:00
2025-01-24 16:55:45 - INFO - 2025-01-24 16:31:00 status: True, time: 1737736260000, calls: 1
2025-01-24 16:55:45 - INFO - 2025-01-24 16:31:00 status: True, time: 1737736260000, calls: 2
2025-01-24 16:55:45 - INFO - Duplicate timestamp detected. Stopping fetch.
2025-01-24 16:55:45 - INFO - before dropping :1
2025-01-24 16:55:45 - INFO - Empty DataFrame
Columns: [opentime, openprice, highprice, lowprice, closeprice]
Index: []
2025-01-24 16:55:45 - INFO - No new data to append.
2025-01-24 16:56:45 - INFO - Last opentime in CSV: 2025-01-24 16:00:00
2025-01-24 16:56:45 - INFO - CSV length before appending: 776
2025-01-24 16:56:45 - INFO - Rounded timestamp: 2025-01-24 16:30:00, Last opentime in CSV: 2025-01-24 16:00:00
2025-01-24 16:56:45 - INFO - 2025-01-24 16:31:00 status: True, time: 1737736260000, calls: 1
2025-01-24 16:56:45 - INFO - 2025-01-24 16:31:00 status: True, time: 1737736260000, calls: 2
2025-01-24 16:56:45 - INFO - Duplicate timestamp detected. Stopping fetch.
2025-01-24 16:56:45 - INFO - before dropping :1
2025-01-24 16:56:45 - INFO - Empty DataFrame
Columns: [opentime, openprice, highprice, lowprice, closeprice]
Index: []
2025-01-24 16:56:45 - INFO - No new data to append.
2025-01-24 16:57:45 - INFO - Last opentime in CSV: 2025-01-24 16:00:00
2025-01-24 16:57:45 - INFO - CSV length before appending: 776
2025-01-24 16:57:45 - INFO - Rounded timestamp: 2025-01-24 16:30:00, Last opentime in CSV: 2025-01-24 16:00:00
2025-01-24 16:57:46 - INFO - 2025-01-24 16:31:00 status: True, time: 1737736260000, calls: 1
2025-01-24 16:57:46 - INFO - 2025-01-24 16:31:00 status: True, time: 1737736260000, calls: 2
2025-01-24 16:57:46 - INFO - Duplicate timestamp detected. Stopping fetch.
2025-01-24 16:57:46 - INFO - before dropping :1
2025-01-24 16:57:46 - INFO - Empty DataFrame
Columns: [opentime, openprice, highprice, lowprice, closeprice]
Index: []
2025-01-24 16:57:46 - INFO - No new data to append.
2025-01-24 16:58:46 - INFO - Last opentime in CSV: 2025-01-24 16:00:00
2025-01-24 16:58:46 - INFO - CSV length before appending: 776
2025-01-24 16:58:46 - INFO - Rounded timestamp: 2025-01-24 16:30:00, Last opentime in CSV: 2025-01-24 16:00:00
2025-01-24 16:58:46 - INFO - 2025-01-24 16:31:00 status: True, time: 1737736260000, calls: 1
2025-01-24 16:58:46 - INFO - 2025-01-24 16:31:00 status: True, time: 1737736260000, calls: 2
2025-01-24 16:58:46 - INFO - Duplicate timestamp detected. Stopping fetch.
2025-01-24 16:58:46 - INFO - before dropping :1
2025-01-24 16:58:46 - INFO - Empty DataFrame
Columns: [opentime, openprice, highprice, lowprice, closeprice]
Index: []
2025-01-24 16:58:46 - INFO - No new data to append.
2025-01-24 16:59:46 - INFO - Last opentime in CSV: 2025-01-24 16:00:00
2025-01-24 16:59:46 - INFO - CSV length before appending: 776
2025-01-24 16:59:46 - INFO - Rounded timestamp: 2025-01-24 16:30:00, Last opentime in CSV: 2025-01-24 16:00:00
2025-01-24 16:59:46 - INFO - 2025-01-24 16:31:00 status: True, time: 1737736260000, calls: 1
2025-01-24 16:59:46 - INFO - 2025-01-24 16:31:00 status: True, time: 1737736260000, calls: 2
2025-01-24 16:59:46 - INFO - Duplicate timestamp detected. Stopping fetch.
2025-01-24 16:59:46 - INFO - before dropping :1
2025-01-24 16:59:46 - INFO - Empty DataFrame
Columns: [opentime, openprice, highprice, lowprice, closeprice]
Index: []
2025-01-24 16:59:46 - INFO - No new data to append.
2025-01-24 17:00:46 - INFO - Last opentime in CSV: 2025-01-24 16:00:00
2025-01-24 17:00:46 - INFO - CSV length before appending: 776
2025-01-24 17:00:46 - INFO - Rounded timestamp: 2025-01-24 17:00:00, Last opentime in CSV: 2025-01-24 16:00:00
2025-01-24 17:00:46 - INFO - Reached endtime at 2025-01-24 17:01:00. Stopping fetch.
2025-01-24 17:00:46 - INFO - before dropping :2
2025-01-24 17:00:46 - INFO -         opentime  openprice  highprice  lowprice  closeprice
0  1737736200000     263.72     264.34    261.65      261.85
2025-01-24 17:00:46 - INFO - 1 new rows fetched and appended successfully.
2025-01-24 17:00:46 - INFO - New CSV length after appending: 777
2025-01-24 17:00:46 - INFO - New data:           opentime  openprice  highprice  lowprice  closeprice
776  1737736200000     263.72     264.34    261.65      261.85
2025-01-24 17:00:46 - INFO - New data fetched, processing now.
2025-01-24 17:00:46 - INFO - Last row:           opentime  openprice  ...  SUPERTl_10_3.0  SUPERTs_10_3.0
776  1737736200000     263.72  ...      259.192981             NaN

[1 rows x 7 columns]
2025-01-24 17:00:46 - INFO - Supertrend indicator applied.
2025-01-24 17:00:46 - INFO - Last row:           opentime  openprice  ...  leading_span_a  leading_span_b
776  1737736200000     263.72  ...          251.32             NaN

[1 rows x 9 columns]
2025-01-24 17:00:46 - INFO - Ichimoku cloud indicator applied.
2025-01-24 17:00:46 - INFO - Previous up trend: 259.192980579825
2025-01-24 17:00:46 - INFO - Current up trend: 259.192980579825
2025-01-24 17:00:46 - INFO - Trend: unchange
2025-01-24 17:00:46 - INFO - Active Position: 1
2025-01-24 17:00:46 - INFO - Suggested Action: Long
2025-01-24 17:00:46 - INFO - Previous Action: None
2025-01-24 17:00:46 - INFO - Suggested Action: Long
2025-01-24 17:00:46 - INFO - Active Position: 1
2025-01-24 17:00:47 - INFO - USDT Available Balance: 24852.06560425
2025-01-24 17:00:47 - INFO - Datermined Trade Amount: 30 USDT
2025-01-24 17:00:47 - INFO - Current SOLUSDT Mark Price: 261.73
2025-01-24 17:00:47 - INFO - Expected SOLUSDT Amount: 0
2025-01-24 17:00:47 - INFO - Current Opened SOLUSDT Amount: 0.0
2025-01-24 17:00:47 - INFO - at: 2025-01-24 16:30:00 - No action taken
2025-01-24 17:01:47 - INFO - Last opentime in CSV: 2025-01-24 16:30:00
2025-01-24 17:01:47 - INFO - CSV length before appending: 777
2025-01-24 17:01:47 - INFO - Rounded timestamp: 2025-01-24 17:00:00, Last opentime in CSV: 2025-01-24 16:30:00
2025-01-24 17:01:47 - INFO - 2025-01-24 17:01:00 status: True, time: 1737738060000, calls: 1
2025-01-24 17:01:47 - INFO - 2025-01-24 17:01:00 status: True, time: 1737738060000, calls: 2
2025-01-24 17:01:47 - INFO - Duplicate timestamp detected. Stopping fetch.
2025-01-24 17:01:47 - INFO - before dropping :1
2025-01-24 17:01:47 - INFO - Empty DataFrame
Columns: [opentime, openprice, highprice, lowprice, closeprice]
Index: []
2025-01-24 17:01:47 - INFO - No new data to append.
2025-01-24 17:02:47 - INFO - Last opentime in CSV: 2025-01-24 16:30:00
2025-01-24 17:02:47 - INFO - CSV length before appending: 777
2025-01-24 17:02:47 - INFO - Rounded timestamp: 2025-01-24 17:00:00, Last opentime in CSV: 2025-01-24 16:30:00
2025-01-24 17:02:47 - INFO - 2025-01-24 17:01:00 status: True, time: 1737738060000, calls: 1
2025-01-24 17:02:47 - INFO - 2025-01-24 17:01:00 status: True, time: 1737738060000, calls: 2
2025-01-24 17:02:47 - INFO - Duplicate timestamp detected. Stopping fetch.
2025-01-24 17:02:47 - INFO - before dropping :1
2025-01-24 17:02:47 - INFO - Empty DataFrame
Columns: [opentime, openprice, highprice, lowprice, closeprice]
Index: []
2025-01-24 17:02:47 - INFO - No new data to append.
2025-01-24 17:03:47 - INFO - Last opentime in CSV: 2025-01-24 16:30:00
2025-01-24 17:03:47 - INFO - CSV length before appending: 777
2025-01-24 17:03:47 - INFO - Rounded timestamp: 2025-01-24 17:00:00, Last opentime in CSV: 2025-01-24 16:30:00
2025-01-24 17:03:48 - INFO - 2025-01-24 17:01:00 status: True, time: 1737738060000, calls: 1
2025-01-24 17:03:48 - INFO - 2025-01-24 17:01:00 status: True, time: 1737738060000, calls: 2
2025-01-24 17:03:48 - INFO - Duplicate timestamp detected. Stopping fetch.
2025-01-24 17:03:48 - INFO - before dropping :1
2025-01-24 17:03:48 - INFO - Empty DataFrame
Columns: [opentime, openprice, highprice, lowprice, closeprice]
Index: []
2025-01-24 17:03:48 - INFO - No new data to append.
2025-01-24 17:04:48 - INFO - Last opentime in CSV: 2025-01-24 16:30:00
2025-01-24 17:04:48 - INFO - CSV length before appending: 777
2025-01-24 17:04:48 - INFO - Rounded timestamp: 2025-01-24 17:00:00, Last opentime in CSV: 2025-01-24 16:30:00
2025-01-24 17:04:48 - INFO - 2025-01-24 17:01:00 status: True, time: 1737738060000, calls: 1
2025-01-24 17:04:48 - INFO - 2025-01-24 17:01:00 status: True, time: 1737738060000, calls: 2
2025-01-24 17:04:48 - INFO - Duplicate timestamp detected. Stopping fetch.
2025-01-24 17:04:48 - INFO - before dropping :1
2025-01-24 17:04:48 - INFO - Empty DataFrame
Columns: [opentime, openprice, highprice, lowprice, closeprice]
Index: []
2025-01-24 17:04:48 - INFO - No new data to append.
2025-01-24 17:05:48 - INFO - Last opentime in CSV: 2025-01-24 16:30:00
2025-01-24 17:05:48 - INFO - CSV length before appending: 777
2025-01-24 17:05:48 - INFO - Rounded timestamp: 2025-01-24 17:00:00, Last opentime in CSV: 2025-01-24 16:30:00
2025-01-24 17:05:48 - INFO - 2025-01-24 17:01:00 status: True, time: 1737738060000, calls: 1
2025-01-24 17:05:48 - INFO - 2025-01-24 17:01:00 status: True, time: 1737738060000, calls: 2
2025-01-24 17:05:48 - INFO - Duplicate timestamp detected. Stopping fetch.
2025-01-24 17:05:48 - INFO - before dropping :1
2025-01-24 17:05:48 - INFO - Empty DataFrame
Columns: [opentime, openprice, highprice, lowprice, closeprice]
Index: []
2025-01-24 17:05:48 - INFO - No new data to append.
2025-01-24 17:06:48 - INFO - Last opentime in CSV: 2025-01-24 16:30:00
2025-01-24 17:06:48 - INFO - CSV length before appending: 777
2025-01-24 17:06:48 - INFO - Rounded timestamp: 2025-01-24 17:00:00, Last opentime in CSV: 2025-01-24 16:30:00
2025-01-24 17:06:49 - INFO - 2025-01-24 17:01:00 status: True, time: 1737738060000, calls: 1
2025-01-24 17:06:49 - INFO - 2025-01-24 17:01:00 status: True, time: 1737738060000, calls: 2
2025-01-24 17:06:49 - INFO - Duplicate timestamp detected. Stopping fetch.
2025-01-24 17:06:49 - INFO - before dropping :1
2025-01-24 17:06:49 - INFO - Empty DataFrame
Columns: [opentime, openprice, highprice, lowprice, closeprice]
Index: []
2025-01-24 17:06:49 - INFO - No new data to append.
2025-01-24 17:07:49 - INFO - Last opentime in CSV: 2025-01-24 16:30:00
2025-01-24 17:07:49 - INFO - CSV length before appending: 777
2025-01-24 17:07:49 - INFO - Rounded timestamp: 2025-01-24 17:00:00, Last opentime in CSV: 2025-01-24 16:30:00
2025-01-24 17:07:49 - INFO - 2025-01-24 17:01:00 status: True, time: 1737738060000, calls: 1
2025-01-24 17:07:49 - INFO - 2025-01-24 17:01:00 status: True, time: 1737738060000, calls: 2
2025-01-24 17:07:49 - INFO - Duplicate timestamp detected. Stopping fetch.
2025-01-24 17:07:49 - INFO - before dropping :1
2025-01-24 17:07:49 - INFO - Empty DataFrame
Columns: [opentime, openprice, highprice, lowprice, closeprice]
Index: []
2025-01-24 17:07:49 - INFO - No new data to append.
2025-01-24 17:08:49 - INFO - Last opentime in CSV: 2025-01-24 16:30:00
2025-01-24 17:08:49 - INFO - CSV length before appending: 777
2025-01-24 17:08:49 - INFO - Rounded timestamp: 2025-01-24 17:00:00, Last opentime in CSV: 2025-01-24 16:30:00
2025-01-24 17:08:49 - INFO - 2025-01-24 17:01:00 status: True, time: 1737738060000, calls: 1
2025-01-24 17:08:49 - INFO - 2025-01-24 17:01:00 status: True, time: 1737738060000, calls: 2
2025-01-24 17:08:49 - INFO - Duplicate timestamp detected. Stopping fetch.
2025-01-24 17:08:49 - INFO - before dropping :1
2025-01-24 17:08:49 - INFO - Empty DataFrame
Columns: [opentime, openprice, highprice, lowprice, closeprice]
Index: []
2025-01-24 17:08:49 - INFO - No new data to append.
2025-01-24 17:09:49 - INFO - Last opentime in CSV: 2025-01-24 16:30:00
2025-01-24 17:09:49 - INFO - CSV length before appending: 777
2025-01-24 17:09:49 - INFO - Rounded timestamp: 2025-01-24 17:00:00, Last opentime in CSV: 2025-01-24 16:30:00
2025-01-24 17:09:49 - INFO - 2025-01-24 17:01:00 status: True, time: 1737738060000, calls: 1
2025-01-24 17:09:50 - INFO - 2025-01-24 17:01:00 status: True, time: 1737738060000, calls: 2
2025-01-24 17:09:50 - INFO - Duplicate timestamp detected. Stopping fetch.
2025-01-24 17:09:50 - INFO - before dropping :1
2025-01-24 17:09:50 - INFO - Empty DataFrame
Columns: [opentime, openprice, highprice, lowprice, closeprice]
Index: []
2025-01-24 17:09:50 - INFO - No new data to append.
2025-01-24 17:10:50 - INFO - Last opentime in CSV: 2025-01-24 16:30:00
2025-01-24 17:10:50 - INFO - CSV length before appending: 777
2025-01-24 17:10:50 - INFO - Rounded timestamp: 2025-01-24 17:00:00, Last opentime in CSV: 2025-01-24 16:30:00
2025-01-24 17:10:50 - INFO - 2025-01-24 17:01:00 status: True, time: 1737738060000, calls: 1
2025-01-24 17:10:50 - INFO - 2025-01-24 17:01:00 status: True, time: 1737738060000, calls: 2
2025-01-24 17:10:50 - INFO - Duplicate timestamp detected. Stopping fetch.
2025-01-24 17:10:50 - INFO - before dropping :1
2025-01-24 17:10:50 - INFO - Empty DataFrame
Columns: [opentime, openprice, highprice, lowprice, closeprice]
Index: []
2025-01-24 17:10:50 - INFO - No new data to append.
2025-01-24 17:11:50 - INFO - Last opentime in CSV: 2025-01-24 16:30:00
2025-01-24 17:11:50 - INFO - CSV length before appending: 777
2025-01-24 17:11:50 - INFO - Rounded timestamp: 2025-01-24 17:00:00, Last opentime in CSV: 2025-01-24 16:30:00
2025-01-24 17:11:50 - INFO - 2025-01-24 17:01:00 status: True, time: 1737738060000, calls: 1
2025-01-24 17:11:50 - INFO - 2025-01-24 17:01:00 status: True, time: 1737738060000, calls: 2
2025-01-24 17:11:50 - INFO - Duplicate timestamp detected. Stopping fetch.
2025-01-24 17:11:50 - INFO - before dropping :1
2025-01-24 17:11:50 - INFO - Empty DataFrame
Columns: [opentime, openprice, highprice, lowprice, closeprice]
Index: []
2025-01-24 17:11:50 - INFO - No new data to append.
2025-01-24 17:12:50 - INFO - Last opentime in CSV: 2025-01-24 16:30:00
2025-01-24 17:12:50 - INFO - CSV length before appending: 777
2025-01-24 17:12:50 - INFO - Rounded timestamp: 2025-01-24 17:00:00, Last opentime in CSV: 2025-01-24 16:30:00
2025-01-24 17:12:50 - INFO - 2025-01-24 17:01:00 status: True, time: 1737738060000, calls: 1
2025-01-24 17:12:50 - INFO - 2025-01-24 17:01:00 status: True, time: 1737738060000, calls: 2
2025-01-24 17:12:50 - INFO - Duplicate timestamp detected. Stopping fetch.
2025-01-24 17:12:50 - INFO - before dropping :1
2025-01-24 17:12:50 - INFO - Empty DataFrame
Columns: [opentime, openprice, highprice, lowprice, closeprice]
Index: []
2025-01-24 17:12:50 - INFO - No new data to append.
2025-01-24 17:13:50 - INFO - Last opentime in CSV: 2025-01-24 16:30:00
2025-01-24 17:13:50 - INFO - CSV length before appending: 777
2025-01-24 17:13:50 - INFO - Rounded timestamp: 2025-01-24 17:00:00, Last opentime in CSV: 2025-01-24 16:30:00
2025-01-24 17:13:51 - INFO - 2025-01-24 17:01:00 status: True, time: 1737738060000, calls: 1
2025-01-24 17:13:51 - INFO - 2025-01-24 17:01:00 status: True, time: 1737738060000, calls: 2
2025-01-24 17:13:51 - INFO - Duplicate timestamp detected. Stopping fetch.
2025-01-24 17:13:51 - INFO - before dropping :1
2025-01-24 17:13:51 - INFO - Empty DataFrame
Columns: [opentime, openprice, highprice, lowprice, closeprice]
Index: []
2025-01-24 17:13:51 - INFO - No new data to append.
2025-01-24 17:14:51 - INFO - Last opentime in CSV: 2025-01-24 16:30:00
2025-01-24 17:14:51 - INFO - CSV length before appending: 777
2025-01-24 17:14:51 - INFO - Rounded timestamp: 2025-01-24 17:00:00, Last opentime in CSV: 2025-01-24 16:30:00
2025-01-24 17:14:51 - INFO - 2025-01-24 17:01:00 status: True, time: 1737738060000, calls: 1
2025-01-24 17:14:51 - INFO - 2025-01-24 17:01:00 status: True, time: 1737738060000, calls: 2
2025-01-24 17:14:51 - INFO - Duplicate timestamp detected. Stopping fetch.
2025-01-24 17:14:51 - INFO - before dropping :1
2025-01-24 17:14:51 - INFO - Empty DataFrame
Columns: [opentime, openprice, highprice, lowprice, closeprice]
Index: []
2025-01-24 17:14:51 - INFO - No new data to append.
2025-01-24 17:15:51 - INFO - Last opentime in CSV: 2025-01-24 16:30:00
2025-01-24 17:15:51 - INFO - CSV length before appending: 777
2025-01-24 17:15:51 - INFO - Rounded timestamp: 2025-01-24 17:00:00, Last opentime in CSV: 2025-01-24 16:30:00
2025-01-24 17:15:51 - INFO - 2025-01-24 17:01:00 status: True, time: 1737738060000, calls: 1
2025-01-24 17:15:51 - INFO - 2025-01-24 17:01:00 status: True, time: 1737738060000, calls: 2
2025-01-24 17:15:51 - INFO - Duplicate timestamp detected. Stopping fetch.
2025-01-24 17:15:51 - INFO - before dropping :1
2025-01-24 17:15:51 - INFO - Empty DataFrame
Columns: [opentime, openprice, highprice, lowprice, closeprice]
Index: []
2025-01-24 17:15:51 - INFO - No new data to append.
2025-01-24 17:16:51 - INFO - Last opentime in CSV: 2025-01-24 16:30:00
2025-01-24 17:16:51 - INFO - CSV length before appending: 777
2025-01-24 17:16:51 - INFO - Rounded timestamp: 2025-01-24 17:00:00, Last opentime in CSV: 2025-01-24 16:30:00
2025-01-24 17:16:52 - INFO - 2025-01-24 17:01:00 status: True, time: 1737738060000, calls: 1
2025-01-24 17:16:52 - INFO - 2025-01-24 17:01:00 status: True, time: 1737738060000, calls: 2
2025-01-24 17:16:52 - INFO - Duplicate timestamp detected. Stopping fetch.
2025-01-24 17:16:52 - INFO - before dropping :1
2025-01-24 17:16:52 - INFO - Empty DataFrame
Columns: [opentime, openprice, highprice, lowprice, closeprice]
Index: []
2025-01-24 17:16:52 - INFO - No new data to append.
2025-01-24 17:17:52 - INFO - Last opentime in CSV: 2025-01-24 16:30:00
2025-01-24 17:17:52 - INFO - CSV length before appending: 777
2025-01-24 17:17:52 - INFO - Rounded timestamp: 2025-01-24 17:00:00, Last opentime in CSV: 2025-01-24 16:30:00
2025-01-24 17:17:52 - INFO - 2025-01-24 17:01:00 status: True, time: 1737738060000, calls: 1
2025-01-24 17:17:52 - INFO - 2025-01-24 17:01:00 status: True, time: 1737738060000, calls: 2
2025-01-24 17:17:52 - INFO - Duplicate timestamp detected. Stopping fetch.
2025-01-24 17:17:52 - INFO - before dropping :1
2025-01-24 17:17:52 - INFO - Empty DataFrame
Columns: [opentime, openprice, highprice, lowprice, closeprice]
Index: []
2025-01-24 17:17:52 - INFO - No new data to append.
2025-01-24 17:18:52 - INFO - Last opentime in CSV: 2025-01-24 16:30:00
2025-01-24 17:18:52 - INFO - CSV length before appending: 777
2025-01-24 17:18:52 - INFO - Rounded timestamp: 2025-01-24 17:00:00, Last opentime in CSV: 2025-01-24 16:30:00
2025-01-24 17:18:52 - INFO - 2025-01-24 17:01:00 status: True, time: 1737738060000, calls: 1
2025-01-24 17:18:52 - INFO - 2025-01-24 17:01:00 status: True, time: 1737738060000, calls: 2
2025-01-24 17:18:52 - INFO - Duplicate timestamp detected. Stopping fetch.
2025-01-24 17:18:52 - INFO - before dropping :1
2025-01-24 17:18:52 - INFO - Empty DataFrame
Columns: [opentime, openprice, highprice, lowprice, closeprice]
Index: []
2025-01-24 17:18:52 - INFO - No new data to append.
2025-01-24 17:19:52 - INFO - Last opentime in CSV: 2025-01-24 16:30:00
2025-01-24 17:19:52 - INFO - CSV length before appending: 777
2025-01-24 17:19:52 - INFO - Rounded timestamp: 2025-01-24 17:00:00, Last opentime in CSV: 2025-01-24 16:30:00
2025-01-24 17:19:52 - INFO - 2025-01-24 17:01:00 status: True, time: 1737738060000, calls: 1
2025-01-24 17:19:53 - INFO - 2025-01-24 17:01:00 status: True, time: 1737738060000, calls: 2
2025-01-24 17:19:53 - INFO - Duplicate timestamp detected. Stopping fetch.
2025-01-24 17:19:53 - INFO - before dropping :1
2025-01-24 17:19:53 - INFO - Empty DataFrame
Columns: [opentime, openprice, highprice, lowprice, closeprice]
Index: []
2025-01-24 17:19:53 - INFO - No new data to append.
2025-01-24 17:20:53 - INFO - Last opentime in CSV: 2025-01-24 16:30:00
2025-01-24 17:20:53 - INFO - CSV length before appending: 777
2025-01-24 17:20:53 - INFO - Rounded timestamp: 2025-01-24 17:00:00, Last opentime in CSV: 2025-01-24 16:30:00
2025-01-24 17:20:53 - INFO - 2025-01-24 17:01:00 status: True, time: 1737738060000, calls: 1
2025-01-24 17:20:53 - INFO - 2025-01-24 17:01:00 status: True, time: 1737738060000, calls: 2
2025-01-24 17:20:53 - INFO - Duplicate timestamp detected. Stopping fetch.
2025-01-24 17:20:53 - INFO - before dropping :1
2025-01-24 17:20:53 - INFO - Empty DataFrame
Columns: [opentime, openprice, highprice, lowprice, closeprice]
Index: []
2025-01-24 17:20:53 - INFO - No new data to append.
2025-01-24 17:21:53 - INFO - Last opentime in CSV: 2025-01-24 16:30:00
2025-01-24 17:21:53 - INFO - CSV length before appending: 777
2025-01-24 17:21:53 - INFO - Rounded timestamp: 2025-01-24 17:00:00, Last opentime in CSV: 2025-01-24 16:30:00
2025-01-24 17:21:53 - INFO - 2025-01-24 17:01:00 status: True, time: 1737738060000, calls: 1
2025-01-24 17:21:53 - INFO - 2025-01-24 17:01:00 status: True, time: 1737738060000, calls: 2
2025-01-24 17:21:53 - INFO - Duplicate timestamp detected. Stopping fetch.
2025-01-24 17:21:53 - INFO - before dropping :1
2025-01-24 17:21:53 - INFO - Empty DataFrame
Columns: [opentime, openprice, highprice, lowprice, closeprice]
Index: []
2025-01-24 17:21:53 - INFO - No new data to append.
2025-01-24 17:22:53 - INFO - Last opentime in CSV: 2025-01-24 16:30:00
2025-01-24 17:22:53 - INFO - CSV length before appending: 777
2025-01-24 17:22:53 - INFO - Rounded timestamp: 2025-01-24 17:00:00, Last opentime in CSV: 2025-01-24 16:30:00
2025-01-24 17:22:54 - INFO - 2025-01-24 17:01:00 status: True, time: 1737738060000, calls: 1
2025-01-24 17:22:54 - INFO - 2025-01-24 17:01:00 status: True, time: 1737738060000, calls: 2
2025-01-24 17:22:54 - INFO - Duplicate timestamp detected. Stopping fetch.
2025-01-24 17:22:54 - INFO - before dropping :1
2025-01-24 17:22:54 - INFO - Empty DataFrame
Columns: [opentime, openprice, highprice, lowprice, closeprice]
Index: []
2025-01-24 17:22:54 - INFO - No new data to append.
2025-01-24 17:23:54 - INFO - Last opentime in CSV: 2025-01-24 16:30:00
2025-01-24 17:23:54 - INFO - CSV length before appending: 777
2025-01-24 17:23:54 - INFO - Rounded timestamp: 2025-01-24 17:00:00, Last opentime in CSV: 2025-01-24 16:30:00
2025-01-24 17:23:54 - INFO - 2025-01-24 17:01:00 status: True, time: 1737738060000, calls: 1
2025-01-24 17:23:54 - INFO - 2025-01-24 17:01:00 status: True, time: 1737738060000, calls: 2
2025-01-24 17:23:54 - INFO - Duplicate timestamp detected. Stopping fetch.
2025-01-24 17:23:54 - INFO - before dropping :1
2025-01-24 17:23:54 - INFO - Empty DataFrame
Columns: [opentime, openprice, highprice, lowprice, closeprice]
Index: []
2025-01-24 17:23:54 - INFO - No new data to append.
2025-01-24 17:24:54 - INFO - Last opentime in CSV: 2025-01-24 16:30:00
2025-01-24 17:24:54 - INFO - CSV length before appending: 777
2025-01-24 17:24:54 - INFO - Rounded timestamp: 2025-01-24 17:00:00, Last opentime in CSV: 2025-01-24 16:30:00
2025-01-24 17:24:54 - INFO - 2025-01-24 17:01:00 status: True, time: 1737738060000, calls: 1
2025-01-24 17:24:54 - INFO - 2025-01-24 17:01:00 status: True, time: 1737738060000, calls: 2
2025-01-24 17:24:54 - INFO - Duplicate timestamp detected. Stopping fetch.
2025-01-24 17:24:54 - INFO - before dropping :1
2025-01-24 17:24:54 - INFO - Empty DataFrame
Columns: [opentime, openprice, highprice, lowprice, closeprice]
Index: []
2025-01-24 17:24:54 - INFO - No new data to append.
2025-01-24 17:25:54 - INFO - Last opentime in CSV: 2025-01-24 16:30:00
2025-01-24 17:25:54 - INFO - CSV length before appending: 777
2025-01-24 17:25:54 - INFO - Rounded timestamp: 2025-01-24 17:00:00, Last opentime in CSV: 2025-01-24 16:30:00
2025-01-24 17:25:54 - INFO - 2025-01-24 17:01:00 status: True, time: 1737738060000, calls: 1
2025-01-24 17:25:54 - INFO - 2025-01-24 17:01:00 status: True, time: 1737738060000, calls: 2
2025-01-24 17:25:54 - INFO - Duplicate timestamp detected. Stopping fetch.
2025-01-24 17:25:54 - INFO - before dropping :1
2025-01-24 17:25:54 - INFO - Empty DataFrame
Columns: [opentime, openprice, highprice, lowprice, closeprice]
Index: []
2025-01-24 17:25:54 - INFO - No new data to append.
2025-01-24 17:26:54 - INFO - Last opentime in CSV: 2025-01-24 16:30:00
2025-01-24 17:26:54 - INFO - CSV length before appending: 777
2025-01-24 17:26:54 - INFO - Rounded timestamp: 2025-01-24 17:00:00, Last opentime in CSV: 2025-01-24 16:30:00
2025-01-24 17:26:55 - INFO - 2025-01-24 17:01:00 status: True, time: 1737738060000, calls: 1
2025-01-24 17:26:55 - INFO - 2025-01-24 17:01:00 status: True, time: 1737738060000, calls: 2
2025-01-24 17:26:55 - INFO - Duplicate timestamp detected. Stopping fetch.
2025-01-24 17:26:55 - INFO - before dropping :1
2025-01-24 17:26:55 - INFO - Empty DataFrame
Columns: [opentime, openprice, highprice, lowprice, closeprice]
Index: []
2025-01-24 17:26:55 - INFO - No new data to append.
2025-01-24 17:27:55 - INFO - Last opentime in CSV: 2025-01-24 16:30:00
2025-01-24 17:27:55 - INFO - CSV length before appending: 777
2025-01-24 17:27:55 - INFO - Rounded timestamp: 2025-01-24 17:00:00, Last opentime in CSV: 2025-01-24 16:30:00
2025-01-24 17:27:55 - INFO - 2025-01-24 17:01:00 status: True, time: 1737738060000, calls: 1
2025-01-24 17:27:55 - INFO - 2025-01-24 17:01:00 status: True, time: 1737738060000, calls: 2
2025-01-24 17:27:55 - INFO - Duplicate timestamp detected. Stopping fetch.
2025-01-24 17:27:55 - INFO - before dropping :1
2025-01-24 17:27:55 - INFO - Empty DataFrame
Columns: [opentime, openprice, highprice, lowprice, closeprice]
Index: []
2025-01-24 17:27:55 - INFO - No new data to append.
2025-01-24 17:28:55 - INFO - Last opentime in CSV: 2025-01-24 16:30:00
2025-01-24 17:28:55 - INFO - CSV length before appending: 777
2025-01-24 17:28:55 - INFO - Rounded timestamp: 2025-01-24 17:00:00, Last opentime in CSV: 2025-01-24 16:30:00
2025-01-24 17:28:55 - INFO - 2025-01-24 17:01:00 status: True, time: 1737738060000, calls: 1
2025-01-24 17:28:55 - INFO - 2025-01-24 17:01:00 status: True, time: 1737738060000, calls: 2
2025-01-24 17:28:55 - INFO - Duplicate timestamp detected. Stopping fetch.
2025-01-24 17:28:55 - INFO - before dropping :1
2025-01-24 17:28:55 - INFO - Empty DataFrame
Columns: [opentime, openprice, highprice, lowprice, closeprice]
Index: []
2025-01-24 17:28:55 - INFO - No new data to append.
2025-01-24 17:29:55 - INFO - Last opentime in CSV: 2025-01-24 16:30:00
2025-01-24 17:29:55 - INFO - CSV length before appending: 777
2025-01-24 17:29:55 - INFO - Rounded timestamp: 2025-01-24 17:00:00, Last opentime in CSV: 2025-01-24 16:30:00
2025-01-24 17:29:55 - INFO - 2025-01-24 17:01:00 status: True, time: 1737738060000, calls: 1
2025-01-24 17:29:55 - INFO - 2025-01-24 17:01:00 status: True, time: 1737738060000, calls: 2
2025-01-24 17:29:55 - INFO - Duplicate timestamp detected. Stopping fetch.
2025-01-24 17:29:55 - INFO - before dropping :1
2025-01-24 17:29:55 - INFO - Empty DataFrame
Columns: [opentime, openprice, highprice, lowprice, closeprice]
Index: []
2025-01-24 17:29:55 - INFO - No new data to append.
2025-01-24 17:30:55 - INFO - Last opentime in CSV: 2025-01-24 16:30:00
2025-01-24 17:30:55 - INFO - CSV length before appending: 777
2025-01-24 17:30:55 - INFO - Rounded timestamp: 2025-01-24 17:30:00, Last opentime in CSV: 2025-01-24 16:30:00
2025-01-24 17:30:56 - INFO - Reached endtime at 2025-01-24 17:31:00. Stopping fetch.
2025-01-24 17:30:56 - INFO - before dropping :2
2025-01-24 17:30:56 - INFO -         opentime  openprice  highprice  lowprice  closeprice
0  1737738000000     261.85      264.1    261.28      263.94
2025-01-24 17:30:56 - INFO - 1 new rows fetched and appended successfully.
2025-01-24 17:30:56 - INFO - New CSV length after appending: 778
2025-01-24 17:30:56 - INFO - New data:           opentime  openprice  highprice  lowprice  closeprice
777  1737738000000     261.85      264.1    261.28      263.94
2025-01-24 17:30:56 - INFO - New data fetched, processing now.
2025-01-24 17:30:56 - INFO - Last row:           opentime  openprice  ...  SUPERTl_10_3.0  SUPERTs_10_3.0
777  1737738000000     261.85  ...      259.194182             NaN

[1 rows x 7 columns]
2025-01-24 17:30:56 - INFO - Supertrend indicator applied.
2025-01-24 17:30:56 - INFO - Last row:           opentime  openprice  ...  leading_span_a  leading_span_b
777  1737738000000     261.85  ...          251.32             NaN

[1 rows x 9 columns]
2025-01-24 17:30:56 - INFO - Ichimoku cloud indicator applied.
2025-01-24 17:30:56 - INFO - Previous up trend: 259.1941824196052
2025-01-24 17:30:56 - INFO - Current up trend: 259.1941824196052
2025-01-24 17:30:56 - INFO - Trend: unchange
2025-01-24 17:30:56 - INFO - Active Position: 1
2025-01-24 17:30:56 - INFO - Suggested Action: Long
2025-01-24 17:30:56 - INFO - Previous Action: None
2025-01-24 17:30:56 - INFO - Suggested Action: Long
2025-01-24 17:30:56 - INFO - Active Position: 1
2025-01-24 17:30:56 - INFO - USDT Available Balance: 24852.0657482
2025-01-24 17:30:56 - INFO - Datermined Trade Amount: 30 USDT
2025-01-24 17:30:56 - INFO - Current SOLUSDT Mark Price: 263.63904058
2025-01-24 17:30:56 - INFO - Expected SOLUSDT Amount: 0
2025-01-24 17:30:56 - INFO - Current Opened SOLUSDT Amount: 0.0
2025-01-24 17:30:56 - INFO - at: 2025-01-24 17:00:00 - No action taken
2025-01-24 17:31:56 - INFO - Last opentime in CSV: 2025-01-24 17:00:00
2025-01-24 17:31:56 - INFO - CSV length before appending: 778
2025-01-24 17:31:56 - INFO - Rounded timestamp: 2025-01-24 17:30:00, Last opentime in CSV: 2025-01-24 17:00:00
2025-01-24 17:31:56 - INFO - 2025-01-24 17:31:00 status: True, time: 1737739860000, calls: 1
2025-01-24 17:31:56 - INFO - 2025-01-24 17:31:00 status: True, time: 1737739860000, calls: 2
2025-01-24 17:31:56 - INFO - Duplicate timestamp detected. Stopping fetch.
2025-01-24 17:31:56 - INFO - before dropping :1
2025-01-24 17:31:56 - INFO - Empty DataFrame
Columns: [opentime, openprice, highprice, lowprice, closeprice]
Index: []
2025-01-24 17:31:56 - INFO - No new data to append.
2025-01-24 17:32:56 - INFO - Last opentime in CSV: 2025-01-24 17:00:00
2025-01-24 17:32:56 - INFO - CSV length before appending: 778
2025-01-24 17:32:56 - INFO - Rounded timestamp: 2025-01-24 17:30:00, Last opentime in CSV: 2025-01-24 17:00:00
2025-01-24 17:32:57 - INFO - 2025-01-24 17:31:00 status: True, time: 1737739860000, calls: 1
2025-01-24 17:32:57 - INFO - 2025-01-24 17:31:00 status: True, time: 1737739860000, calls: 2
2025-01-24 17:32:57 - INFO - Duplicate timestamp detected. Stopping fetch.
2025-01-24 17:32:57 - INFO - before dropping :1
2025-01-24 17:32:57 - INFO - Empty DataFrame
Columns: [opentime, openprice, highprice, lowprice, closeprice]
Index: []
2025-01-24 17:32:57 - INFO - No new data to append.
2025-01-24 17:33:57 - INFO - Last opentime in CSV: 2025-01-24 17:00:00
2025-01-24 17:33:57 - INFO - CSV length before appending: 778
2025-01-24 17:33:57 - INFO - Rounded timestamp: 2025-01-24 17:30:00, Last opentime in CSV: 2025-01-24 17:00:00
2025-01-24 17:33:57 - INFO - 2025-01-24 17:31:00 status: True, time: 1737739860000, calls: 1
2025-01-24 17:33:57 - INFO - 2025-01-24 17:31:00 status: True, time: 1737739860000, calls: 2
2025-01-24 17:33:57 - INFO - Duplicate timestamp detected. Stopping fetch.
2025-01-24 17:33:57 - INFO - before dropping :1
2025-01-24 17:33:57 - INFO - Empty DataFrame
Columns: [opentime, openprice, highprice, lowprice, closeprice]
Index: []
2025-01-24 17:33:57 - INFO - No new data to append.
2025-01-24 17:34:57 - INFO - Last opentime in CSV: 2025-01-24 17:00:00
2025-01-24 17:34:57 - INFO - CSV length before appending: 778
2025-01-24 17:34:57 - INFO - Rounded timestamp: 2025-01-24 17:30:00, Last opentime in CSV: 2025-01-24 17:00:00
2025-01-24 17:34:57 - INFO - 2025-01-24 17:31:00 status: True, time: 1737739860000, calls: 1
2025-01-24 17:34:57 - INFO - 2025-01-24 17:31:00 status: True, time: 1737739860000, calls: 2
2025-01-24 17:34:57 - INFO - Duplicate timestamp detected. Stopping fetch.
2025-01-24 17:34:57 - INFO - before dropping :1
2025-01-24 17:34:57 - INFO - Empty DataFrame
Columns: [opentime, openprice, highprice, lowprice, closeprice]
Index: []
2025-01-24 17:34:57 - INFO - No new data to append.
2025-01-24 17:35:57 - INFO - Last opentime in CSV: 2025-01-24 17:00:00
2025-01-24 17:35:57 - INFO - CSV length before appending: 778
2025-01-24 17:35:57 - INFO - Rounded timestamp: 2025-01-24 17:30:00, Last opentime in CSV: 2025-01-24 17:00:00
2025-01-24 17:35:57 - INFO - 2025-01-24 17:31:00 status: True, time: 1737739860000, calls: 1
2025-01-24 17:35:58 - INFO - 2025-01-24 17:31:00 status: True, time: 1737739860000, calls: 2
2025-01-24 17:35:58 - INFO - Duplicate timestamp detected. Stopping fetch.
2025-01-24 17:35:58 - INFO - before dropping :1
2025-01-24 17:35:58 - INFO - Empty DataFrame
Columns: [opentime, openprice, highprice, lowprice, closeprice]
Index: []
2025-01-24 17:35:58 - INFO - No new data to append.
2025-01-24 17:36:58 - INFO - Last opentime in CSV: 2025-01-24 17:00:00
2025-01-24 17:36:58 - INFO - CSV length before appending: 778
2025-01-24 17:36:58 - INFO - Rounded timestamp: 2025-01-24 17:30:00, Last opentime in CSV: 2025-01-24 17:00:00
2025-01-24 17:36:58 - INFO - 2025-01-24 17:31:00 status: True, time: 1737739860000, calls: 1
2025-01-24 17:36:58 - INFO - 2025-01-24 17:31:00 status: True, time: 1737739860000, calls: 2
2025-01-24 17:36:58 - INFO - Duplicate timestamp detected. Stopping fetch.
2025-01-24 17:36:58 - INFO - before dropping :1
2025-01-24 17:36:58 - INFO - Empty DataFrame
Columns: [opentime, openprice, highprice, lowprice, closeprice]
Index: []
2025-01-24 17:36:58 - INFO - No new data to append.
2025-01-24 17:37:58 - INFO - Last opentime in CSV: 2025-01-24 17:00:00
2025-01-24 17:37:58 - INFO - CSV length before appending: 778
2025-01-24 17:37:58 - INFO - Rounded timestamp: 2025-01-24 17:30:00, Last opentime in CSV: 2025-01-24 17:00:00
2025-01-24 17:37:58 - INFO - 2025-01-24 17:31:00 status: True, time: 1737739860000, calls: 1
2025-01-24 17:37:58 - INFO - 2025-01-24 17:31:00 status: True, time: 1737739860000, calls: 2
2025-01-24 17:37:58 - INFO - Duplicate timestamp detected. Stopping fetch.
2025-01-24 17:37:58 - INFO - before dropping :1
2025-01-24 17:37:58 - INFO - Empty DataFrame
Columns: [opentime, openprice, highprice, lowprice, closeprice]
Index: []
2025-01-24 17:37:58 - INFO - No new data to append.
2025-01-24 17:38:58 - INFO - Last opentime in CSV: 2025-01-24 17:00:00
2025-01-24 17:38:58 - INFO - CSV length before appending: 778
2025-01-24 17:38:58 - INFO - Rounded timestamp: 2025-01-24 17:30:00, Last opentime in CSV: 2025-01-24 17:00:00
2025-01-24 17:38:58 - INFO - 2025-01-24 17:31:00 status: True, time: 1737739860000, calls: 1
2025-01-24 17:38:58 - INFO - 2025-01-24 17:31:00 status: True, time: 1737739860000, calls: 2
2025-01-24 17:38:58 - INFO - Duplicate timestamp detected. Stopping fetch.
2025-01-24 17:38:58 - INFO - before dropping :1
2025-01-24 17:38:58 - INFO - Empty DataFrame
Columns: [opentime, openprice, highprice, lowprice, closeprice]
Index: []
2025-01-24 17:38:58 - INFO - No new data to append.
2025-01-24 17:39:58 - INFO - Last opentime in CSV: 2025-01-24 17:00:00
2025-01-24 17:39:58 - INFO - CSV length before appending: 778
2025-01-24 17:39:58 - INFO - Rounded timestamp: 2025-01-24 17:30:00, Last opentime in CSV: 2025-01-24 17:00:00
2025-01-24 17:39:59 - INFO - 2025-01-24 17:31:00 status: True, time: 1737739860000, calls: 1
2025-01-24 17:39:59 - INFO - 2025-01-24 17:31:00 status: True, time: 1737739860000, calls: 2
2025-01-24 17:39:59 - INFO - Duplicate timestamp detected. Stopping fetch.
2025-01-24 17:39:59 - INFO - before dropping :1
2025-01-24 17:39:59 - INFO - Empty DataFrame
Columns: [opentime, openprice, highprice, lowprice, closeprice]
Index: []
2025-01-24 17:39:59 - INFO - No new data to append.
2025-01-24 17:40:59 - INFO - Last opentime in CSV: 2025-01-24 17:00:00
2025-01-24 17:40:59 - INFO - CSV length before appending: 778
2025-01-24 17:40:59 - INFO - Rounded timestamp: 2025-01-24 17:30:00, Last opentime in CSV: 2025-01-24 17:00:00
2025-01-24 17:40:59 - INFO - 2025-01-24 17:31:00 status: True, time: 1737739860000, calls: 1
2025-01-24 17:40:59 - INFO - 2025-01-24 17:31:00 status: True, time: 1737739860000, calls: 2
2025-01-24 17:40:59 - INFO - Duplicate timestamp detected. Stopping fetch.
2025-01-24 17:40:59 - INFO - before dropping :1
2025-01-24 17:40:59 - INFO - Empty DataFrame
Columns: [opentime, openprice, highprice, lowprice, closeprice]
Index: []
2025-01-24 17:40:59 - INFO - No new data to append.
2025-01-24 17:41:59 - INFO - Last opentime in CSV: 2025-01-24 17:00:00
2025-01-24 17:41:59 - INFO - CSV length before appending: 778
2025-01-24 17:41:59 - INFO - Rounded timestamp: 2025-01-24 17:30:00, Last opentime in CSV: 2025-01-24 17:00:00
2025-01-24 17:41:59 - INFO - 2025-01-24 17:31:00 status: True, time: 1737739860000, calls: 1
2025-01-24 17:41:59 - INFO - 2025-01-24 17:31:00 status: True, time: 1737739860000, calls: 2
2025-01-24 17:41:59 - INFO - Duplicate timestamp detected. Stopping fetch.
2025-01-24 17:41:59 - INFO - before dropping :1
2025-01-24 17:41:59 - INFO - Empty DataFrame
Columns: [opentime, openprice, highprice, lowprice, closeprice]
Index: []
2025-01-24 17:41:59 - INFO - No new data to append.
2025-01-24 17:42:59 - INFO - Last opentime in CSV: 2025-01-24 17:00:00
2025-01-24 17:42:59 - INFO - CSV length before appending: 778
2025-01-24 17:42:59 - INFO - Rounded timestamp: 2025-01-24 17:30:00, Last opentime in CSV: 2025-01-24 17:00:00
2025-01-24 17:42:59 - INFO - 2025-01-24 17:31:00 status: True, time: 1737739860000, calls: 1
2025-01-24 17:43:00 - INFO - 2025-01-24 17:31:00 status: True, time: 1737739860000, calls: 2
2025-01-24 17:43:00 - INFO - Duplicate timestamp detected. Stopping fetch.
2025-01-24 17:43:00 - INFO - before dropping :1
2025-01-24 17:43:00 - INFO - Empty DataFrame
Columns: [opentime, openprice, highprice, lowprice, closeprice]
Index: []
2025-01-24 17:43:00 - INFO - No new data to append.
2025-01-24 17:44:00 - INFO - Last opentime in CSV: 2025-01-24 17:00:00
2025-01-24 17:44:00 - INFO - CSV length before appending: 778
2025-01-24 17:44:00 - INFO - Rounded timestamp: 2025-01-24 17:30:00, Last opentime in CSV: 2025-01-24 17:00:00
2025-01-24 17:44:00 - INFO - 2025-01-24 17:31:00 status: True, time: 1737739860000, calls: 1
2025-01-24 17:44:00 - INFO - 2025-01-24 17:31:00 status: True, time: 1737739860000, calls: 2
2025-01-24 17:44:00 - INFO - Duplicate timestamp detected. Stopping fetch.
2025-01-24 17:44:00 - INFO - before dropping :1
2025-01-24 17:44:00 - INFO - Empty DataFrame
Columns: [opentime, openprice, highprice, lowprice, closeprice]
Index: []
2025-01-24 17:44:00 - INFO - No new data to append.
2025-01-24 17:45:00 - INFO - Last opentime in CSV: 2025-01-24 17:00:00
2025-01-24 17:45:00 - INFO - CSV length before appending: 778
2025-01-24 17:45:00 - INFO - Rounded timestamp: 2025-01-24 17:30:00, Last opentime in CSV: 2025-01-24 17:00:00
2025-01-24 17:45:00 - INFO - 2025-01-24 17:31:00 status: True, time: 1737739860000, calls: 1
2025-01-24 17:45:00 - INFO - 2025-01-24 17:31:00 status: True, time: 1737739860000, calls: 2
2025-01-24 17:45:00 - INFO - Duplicate timestamp detected. Stopping fetch.
2025-01-24 17:45:00 - INFO - before dropping :1
2025-01-24 17:45:00 - INFO - Empty DataFrame
Columns: [opentime, openprice, highprice, lowprice, closeprice]
Index: []
2025-01-24 17:45:00 - INFO - No new data to append.
2025-01-24 17:46:00 - INFO - Last opentime in CSV: 2025-01-24 17:00:00
2025-01-24 17:46:00 - INFO - CSV length before appending: 778
2025-01-24 17:46:00 - INFO - Rounded timestamp: 2025-01-24 17:30:00, Last opentime in CSV: 2025-01-24 17:00:00
2025-01-24 17:46:00 - INFO - 2025-01-24 17:31:00 status: True, time: 1737739860000, calls: 1
2025-01-24 17:46:00 - INFO - 2025-01-24 17:31:00 status: True, time: 1737739860000, calls: 2
2025-01-24 17:46:00 - INFO - Duplicate timestamp detected. Stopping fetch.
2025-01-24 17:46:00 - INFO - before dropping :1
2025-01-24 17:46:00 - INFO - Empty DataFrame
Columns: [opentime, openprice, highprice, lowprice, closeprice]
Index: []
2025-01-24 17:46:00 - INFO - No new data to append.
2025-01-24 17:47:00 - INFO - Last opentime in CSV: 2025-01-24 17:00:00
2025-01-24 17:47:00 - INFO - CSV length before appending: 778
2025-01-24 17:47:00 - INFO - Rounded timestamp: 2025-01-24 17:30:00, Last opentime in CSV: 2025-01-24 17:00:00
2025-01-24 17:47:01 - INFO - 2025-01-24 17:31:00 status: True, time: 1737739860000, calls: 1
2025-01-24 17:47:01 - INFO - 2025-01-24 17:31:00 status: True, time: 1737739860000, calls: 2
2025-01-24 17:47:01 - INFO - Duplicate timestamp detected. Stopping fetch.
2025-01-24 17:47:01 - INFO - before dropping :1
2025-01-24 17:47:01 - INFO - Empty DataFrame
Columns: [opentime, openprice, highprice, lowprice, closeprice]
Index: []
2025-01-24 17:47:01 - INFO - No new data to append.
2025-01-24 17:48:01 - INFO - Last opentime in CSV: 2025-01-24 17:00:00
2025-01-24 17:48:01 - INFO - CSV length before appending: 778
2025-01-24 17:48:01 - INFO - Rounded timestamp: 2025-01-24 17:30:00, Last opentime in CSV: 2025-01-24 17:00:00
2025-01-24 17:48:01 - INFO - 2025-01-24 17:31:00 status: True, time: 1737739860000, calls: 1
2025-01-24 17:48:01 - INFO - 2025-01-24 17:31:00 status: True, time: 1737739860000, calls: 2
2025-01-24 17:48:01 - INFO - Duplicate timestamp detected. Stopping fetch.
2025-01-24 17:48:01 - INFO - before dropping :1
2025-01-24 17:48:01 - INFO - Empty DataFrame
Columns: [opentime, openprice, highprice, lowprice, closeprice]
Index: []
2025-01-24 17:48:01 - INFO - No new data to append.
2025-01-24 17:49:01 - INFO - Last opentime in CSV: 2025-01-24 17:00:00
2025-01-24 17:49:01 - INFO - CSV length before appending: 778
2025-01-24 17:49:01 - INFO - Rounded timestamp: 2025-01-24 17:30:00, Last opentime in CSV: 2025-01-24 17:00:00
2025-01-24 17:49:01 - INFO - 2025-01-24 17:31:00 status: True, time: 1737739860000, calls: 1
2025-01-24 17:49:02 - INFO - 2025-01-24 17:31:00 status: True, time: 1737739860000, calls: 2
2025-01-24 17:49:02 - INFO - Duplicate timestamp detected. Stopping fetch.
2025-01-24 17:49:02 - INFO - before dropping :1
2025-01-24 17:49:02 - INFO - Empty DataFrame
Columns: [opentime, openprice, highprice, lowprice, closeprice]
Index: []
2025-01-24 17:49:02 - INFO - No new data to append.
2025-01-24 17:50:02 - INFO - Last opentime in CSV: 2025-01-24 17:00:00
2025-01-24 17:50:02 - INFO - CSV length before appending: 778
2025-01-24 17:50:02 - INFO - Rounded timestamp: 2025-01-24 17:30:00, Last opentime in CSV: 2025-01-24 17:00:00
2025-01-24 17:50:02 - INFO - 2025-01-24 17:31:00 status: True, time: 1737739860000, calls: 1
2025-01-24 17:50:02 - INFO - 2025-01-24 17:31:00 status: True, time: 1737739860000, calls: 2
2025-01-24 17:50:02 - INFO - Duplicate timestamp detected. Stopping fetch.
2025-01-24 17:50:02 - INFO - before dropping :1
2025-01-24 17:50:02 - INFO - Empty DataFrame
Columns: [opentime, openprice, highprice, lowprice, closeprice]
Index: []
2025-01-24 17:50:02 - INFO - No new data to append.
2025-01-24 17:51:02 - INFO - Last opentime in CSV: 2025-01-24 17:00:00
2025-01-24 17:51:02 - INFO - CSV length before appending: 778
2025-01-24 17:51:02 - INFO - Rounded timestamp: 2025-01-24 17:30:00, Last opentime in CSV: 2025-01-24 17:00:00
2025-01-24 17:51:02 - INFO - 2025-01-24 17:31:00 status: True, time: 1737739860000, calls: 1
2025-01-24 17:51:02 - INFO - 2025-01-24 17:31:00 status: True, time: 1737739860000, calls: 2
2025-01-24 17:51:02 - INFO - Duplicate timestamp detected. Stopping fetch.
2025-01-24 17:51:02 - INFO - before dropping :1
2025-01-24 17:51:02 - INFO - Empty DataFrame
Columns: [opentime, openprice, highprice, lowprice, closeprice]
Index: []
2025-01-24 17:51:02 - INFO - No new data to append.
2025-01-24 17:52:02 - INFO - Last opentime in CSV: 2025-01-24 17:00:00
2025-01-24 17:52:02 - INFO - CSV length before appending: 778
2025-01-24 17:52:02 - INFO - Rounded timestamp: 2025-01-24 17:30:00, Last opentime in CSV: 2025-01-24 17:00:00
2025-01-24 17:52:02 - INFO - 2025-01-24 17:31:00 status: True, time: 1737739860000, calls: 1
2025-01-24 17:52:03 - INFO - 2025-01-24 17:31:00 status: True, time: 1737739860000, calls: 2
2025-01-24 17:52:03 - INFO - Duplicate timestamp detected. Stopping fetch.
2025-01-24 17:52:03 - INFO - before dropping :1
2025-01-24 17:52:03 - INFO - Empty DataFrame
Columns: [opentime, openprice, highprice, lowprice, closeprice]
Index: []
2025-01-24 17:52:03 - INFO - No new data to append.
2025-01-24 17:53:03 - INFO - Last opentime in CSV: 2025-01-24 17:00:00
2025-01-24 17:53:03 - INFO - CSV length before appending: 778
2025-01-24 17:53:03 - INFO - Rounded timestamp: 2025-01-24 17:30:00, Last opentime in CSV: 2025-01-24 17:00:00
2025-01-24 17:53:03 - INFO - 2025-01-24 17:31:00 status: True, time: 1737739860000, calls: 1
2025-01-24 17:53:03 - INFO - 2025-01-24 17:31:00 status: True, time: 1737739860000, calls: 2
2025-01-24 17:53:03 - INFO - Duplicate timestamp detected. Stopping fetch.
2025-01-24 17:53:03 - INFO - before dropping :1
2025-01-24 17:53:03 - INFO - Empty DataFrame
Columns: [opentime, openprice, highprice, lowprice, closeprice]
Index: []
2025-01-24 17:53:03 - INFO - No new data to append.
2025-01-24 17:54:03 - INFO - Last opentime in CSV: 2025-01-24 17:00:00
2025-01-24 17:54:03 - INFO - CSV length before appending: 778
2025-01-24 17:54:03 - INFO - Rounded timestamp: 2025-01-24 17:30:00, Last opentime in CSV: 2025-01-24 17:00:00
2025-01-24 17:54:03 - INFO - 2025-01-24 17:31:00 status: True, time: 1737739860000, calls: 1
2025-01-24 17:54:03 - INFO - 2025-01-24 17:31:00 status: True, time: 1737739860000, calls: 2
2025-01-24 17:54:03 - INFO - Duplicate timestamp detected. Stopping fetch.
2025-01-24 17:54:03 - INFO - before dropping :1
2025-01-24 17:54:03 - INFO - Empty DataFrame
Columns: [opentime, openprice, highprice, lowprice, closeprice]
Index: []
2025-01-24 17:54:03 - INFO - No new data to append.
