2025-01-25 12:28:01 - INFO - Trading symbol: XRPUSDT, Log file: binance_stic_xrp_bot_25k_20250125122801
2025-01-25 12:28:01 - INFO - USDT Available Balance: 24877.2658903
2025-01-25 12:28:01 - INFO - Determined Trade Amount: 30 USDT
2025-01-25 12:28:01 - INFO - USDT Available Balance: 24877.2658903
2025-01-25 12:28:01 - INFO - Determined Trade Amount: 30 USDT
2025-01-25 12:28:01 - INFO - Last opentime in CSV: 2025-01-25 11:30:00
2025-01-25 12:28:01 - INFO - CSV length before appending: 744
2025-01-25 12:28:01 - INFO - Rounded timestamp: 2025-01-25 12:00:00, Last opentime in CSV: 2025-01-25 11:30:00
2025-01-25 12:28:01 - INFO - 2025-01-25 12:01:00 status: True, time: 1737806460000, calls: 1
2025-01-25 12:28:01 - INFO - 2025-01-25 12:01:00 status: True, time: 1737806460000, calls: 2
2025-01-25 12:28:01 - INFO - Duplicate timestamp detected. Stopping fetch.
2025-01-25 12:28:01 - INFO - before dropping :1
2025-01-25 12:28:01 - INFO - Empty DataFrame
Columns: [opentime, openprice, highprice, lowprice, closeprice]
Index: []
2025-01-25 12:28:01 - INFO - No new data to append.
2025-01-25 12:29:01 - INFO - Last opentime in CSV: 2025-01-25 11:30:00
2025-01-25 12:29:01 - INFO - CSV length before appending: 744
2025-01-25 12:29:01 - INFO - Rounded timestamp: 2025-01-25 12:00:00, Last opentime in CSV: 2025-01-25 11:30:00
2025-01-25 12:29:01 - INFO - 2025-01-25 12:01:00 status: True, time: 1737806460000, calls: 1
2025-01-25 12:29:02 - INFO - 2025-01-25 12:01:00 status: True, time: 1737806460000, calls: 2
2025-01-25 12:29:02 - INFO - Duplicate timestamp detected. Stopping fetch.
2025-01-25 12:29:02 - INFO - before dropping :1
2025-01-25 12:29:02 - INFO - Empty DataFrame
Columns: [opentime, openprice, highprice, lowprice, closeprice]
Index: []
2025-01-25 12:29:02 - INFO - No new data to append.
2025-01-25 12:30:02 - INFO - Last opentime in CSV: 2025-01-25 11:30:00
2025-01-25 12:30:02 - INFO - CSV length before appending: 744
2025-01-25 12:30:02 - INFO - Rounded timestamp: 2025-01-25 12:30:00, Last opentime in CSV: 2025-01-25 11:30:00
2025-01-25 12:30:02 - INFO - 2025-01-25 12:01:00 status: True, time: 1737806460000, calls: 1
2025-01-25 12:30:02 - INFO - 2025-01-25 12:01:00 status: True, time: 1737806460000, calls: 2
2025-01-25 12:30:02 - INFO - Duplicate timestamp detected. Stopping fetch.
2025-01-25 12:30:02 - INFO - before dropping :1
2025-01-25 12:30:02 - INFO - Empty DataFrame
Columns: [opentime, openprice, highprice, lowprice, closeprice]
Index: []
2025-01-25 12:30:02 - INFO - No new data to append.
2025-01-25 12:31:02 - INFO - Last opentime in CSV: 2025-01-25 11:30:00
2025-01-25 12:31:02 - INFO - CSV length before appending: 744
2025-01-25 12:31:02 - INFO - Rounded timestamp: 2025-01-25 12:30:00, Last opentime in CSV: 2025-01-25 11:30:00
2025-01-25 12:31:02 - INFO - 2025-01-25 12:31:00 status: True, time: 1737808260000, calls: 1
2025-01-25 12:31:02 - INFO - 2025-01-25 12:31:00 status: True, time: 1737808260000, calls: 2
2025-01-25 12:31:02 - INFO - Duplicate timestamp detected. Stopping fetch.
2025-01-25 12:31:02 - INFO - before dropping :2
2025-01-25 12:31:02 - INFO -         opentime  openprice  highprice  lowprice  closeprice
0  1737806400000      3.113     3.1184    3.1057      3.1059
2025-01-25 12:31:02 - INFO - 1 new rows fetched and appended successfully.
2025-01-25 12:31:02 - INFO - New CSV length after appending: 745
2025-01-25 12:31:02 - INFO - New data:           opentime  openprice  highprice  lowprice  closeprice
744  1737806400000      3.113     3.1184    3.1057      3.1059
2025-01-25 12:31:02 - INFO - New data fetched, processing now.
2025-01-25 12:31:02 - INFO - Last row:           opentime  openprice  ...  SUPERTl_10_3.0  SUPERTs_10_3.0
744  1737806400000      3.113  ...             NaN        3.129588

[1 rows x 7 columns]
2025-01-25 12:31:02 - INFO - Supertrend indicator applied.
2025-01-25 12:31:02 - INFO - Last row:           opentime  openprice  ...  leading_span_a  leading_span_b
744  1737806400000      3.113  ...        3.129375             NaN

[1 rows x 9 columns]
2025-01-25 12:31:02 - INFO - Ichimoku cloud indicator applied.
2025-01-25 12:31:02 - INFO - Previous up trend: nan
2025-01-25 12:31:02 - INFO - Current up trend: nan
2025-01-25 12:31:02 - INFO - Trend: unchange
2025-01-25 12:31:02 - INFO - Active Position: 1
2025-01-25 12:31:02 - INFO - Suggested Action: Short
2025-01-25 12:31:02 - INFO - Previous Action: None
2025-01-25 12:31:02 - INFO - Suggested Action: Short
2025-01-25 12:31:02 - INFO - Active Position: 1
2025-01-25 12:31:02 - INFO - USDT Available Balance: 24877.26613961
2025-01-25 12:31:02 - INFO - Determined Trade Amount: 30 USDT
2025-01-25 12:31:02 - INFO - Current XRPUSDT Mark Price: 3.10599322
2025-01-25 12:31:02 - INFO - Expected XRPUSDT Amount: 9
2025-01-25 12:31:02 - INFO - Current Opened XRPUSDT Amount: 0.0
2025-01-25 12:31:02 - INFO - at: 2025-01-25 12:00:00 - No action taken
2025-01-25 12:32:02 - INFO - Last opentime in CSV: 2025-01-25 12:00:00
2025-01-25 12:32:02 - INFO - CSV length before appending: 745
2025-01-25 12:32:02 - INFO - Rounded timestamp: 2025-01-25 12:30:00, Last opentime in CSV: 2025-01-25 12:00:00
2025-01-25 12:32:02 - INFO - 2025-01-25 12:31:00 status: True, time: 1737808260000, calls: 1
2025-01-25 12:32:03 - INFO - 2025-01-25 12:31:00 status: True, time: 1737808260000, calls: 2
2025-01-25 12:32:03 - INFO - Duplicate timestamp detected. Stopping fetch.
2025-01-25 12:32:03 - INFO - before dropping :1
2025-01-25 12:32:03 - INFO - Empty DataFrame
Columns: [opentime, openprice, highprice, lowprice, closeprice]
Index: []
2025-01-25 12:32:03 - INFO - No new data to append.
2025-01-25 12:33:03 - INFO - Last opentime in CSV: 2025-01-25 12:00:00
2025-01-25 12:33:03 - INFO - CSV length before appending: 745
2025-01-25 12:33:03 - INFO - Rounded timestamp: 2025-01-25 12:30:00, Last opentime in CSV: 2025-01-25 12:00:00
2025-01-25 12:33:03 - INFO - 2025-01-25 12:31:00 status: True, time: 1737808260000, calls: 1
2025-01-25 12:33:03 - INFO - 2025-01-25 12:31:00 status: True, time: 1737808260000, calls: 2
2025-01-25 12:33:03 - INFO - Duplicate timestamp detected. Stopping fetch.
2025-01-25 12:33:03 - INFO - before dropping :1
2025-01-25 12:33:03 - INFO - Empty DataFrame
Columns: [opentime, openprice, highprice, lowprice, closeprice]
Index: []
2025-01-25 12:33:03 - INFO - No new data to append.
2025-01-25 12:34:03 - INFO - Last opentime in CSV: 2025-01-25 12:00:00
2025-01-25 12:34:03 - INFO - CSV length before appending: 745
2025-01-25 12:34:03 - INFO - Rounded timestamp: 2025-01-25 12:30:00, Last opentime in CSV: 2025-01-25 12:00:00
2025-01-25 12:34:03 - INFO - 2025-01-25 12:31:00 status: True, time: 1737808260000, calls: 1
2025-01-25 12:34:04 - INFO - 2025-01-25 12:31:00 status: True, time: 1737808260000, calls: 2
2025-01-25 12:34:04 - INFO - Duplicate timestamp detected. Stopping fetch.
2025-01-25 12:34:04 - INFO - before dropping :1
2025-01-25 12:34:04 - INFO - Empty DataFrame
Columns: [opentime, openprice, highprice, lowprice, closeprice]
Index: []
2025-01-25 12:34:04 - INFO - No new data to append.
2025-01-25 12:35:04 - INFO - Last opentime in CSV: 2025-01-25 12:00:00
2025-01-25 12:35:04 - INFO - CSV length before appending: 745
2025-01-25 12:35:04 - INFO - Rounded timestamp: 2025-01-25 12:30:00, Last opentime in CSV: 2025-01-25 12:00:00
2025-01-25 12:35:04 - INFO - 2025-01-25 12:31:00 status: True, time: 1737808260000, calls: 1
2025-01-25 12:35:04 - INFO - 2025-01-25 12:31:00 status: True, time: 1737808260000, calls: 2
2025-01-25 12:35:04 - INFO - Duplicate timestamp detected. Stopping fetch.
2025-01-25 12:35:04 - INFO - before dropping :1
2025-01-25 12:35:04 - INFO - Empty DataFrame
Columns: [opentime, openprice, highprice, lowprice, closeprice]
Index: []
2025-01-25 12:35:04 - INFO - No new data to append.
2025-01-25 12:36:04 - INFO - Last opentime in CSV: 2025-01-25 12:00:00
2025-01-25 12:36:04 - INFO - CSV length before appending: 745
2025-01-25 12:36:04 - INFO - Rounded timestamp: 2025-01-25 12:30:00, Last opentime in CSV: 2025-01-25 12:00:00
2025-01-25 12:36:04 - INFO - 2025-01-25 12:31:00 status: True, time: 1737808260000, calls: 1
2025-01-25 12:36:04 - INFO - 2025-01-25 12:31:00 status: True, time: 1737808260000, calls: 2
2025-01-25 12:36:04 - INFO - Duplicate timestamp detected. Stopping fetch.
2025-01-25 12:36:04 - INFO - before dropping :1
2025-01-25 12:36:04 - INFO - Empty DataFrame
Columns: [opentime, openprice, highprice, lowprice, closeprice]
Index: []
2025-01-25 12:36:04 - INFO - No new data to append.
2025-01-25 12:37:04 - INFO - Last opentime in CSV: 2025-01-25 12:00:00
2025-01-25 12:37:04 - INFO - CSV length before appending: 745
2025-01-25 12:37:04 - INFO - Rounded timestamp: 2025-01-25 12:30:00, Last opentime in CSV: 2025-01-25 12:00:00
2025-01-25 12:37:05 - INFO - 2025-01-25 12:31:00 status: True, time: 1737808260000, calls: 1
2025-01-25 12:37:05 - INFO - 2025-01-25 12:31:00 status: True, time: 1737808260000, calls: 2
2025-01-25 12:37:05 - INFO - Duplicate timestamp detected. Stopping fetch.
2025-01-25 12:37:05 - INFO - before dropping :1
2025-01-25 12:37:05 - INFO - Empty DataFrame
Columns: [opentime, openprice, highprice, lowprice, closeprice]
Index: []
2025-01-25 12:37:05 - INFO - No new data to append.
2025-01-25 12:38:05 - INFO - Last opentime in CSV: 2025-01-25 12:00:00
2025-01-25 12:38:05 - INFO - CSV length before appending: 745
2025-01-25 12:38:05 - INFO - Rounded timestamp: 2025-01-25 12:30:00, Last opentime in CSV: 2025-01-25 12:00:00
2025-01-25 12:38:05 - INFO - 2025-01-25 12:31:00 status: True, time: 1737808260000, calls: 1
2025-01-25 12:38:05 - INFO - 2025-01-25 12:31:00 status: True, time: 1737808260000, calls: 2
2025-01-25 12:38:05 - INFO - Duplicate timestamp detected. Stopping fetch.
2025-01-25 12:38:05 - INFO - before dropping :1
2025-01-25 12:38:05 - INFO - Empty DataFrame
Columns: [opentime, openprice, highprice, lowprice, closeprice]
Index: []
2025-01-25 12:38:05 - INFO - No new data to append.
2025-01-25 12:39:05 - INFO - Last opentime in CSV: 2025-01-25 12:00:00
2025-01-25 12:39:05 - INFO - CSV length before appending: 745
2025-01-25 12:39:05 - INFO - Rounded timestamp: 2025-01-25 12:30:00, Last opentime in CSV: 2025-01-25 12:00:00
2025-01-25 12:39:05 - INFO - 2025-01-25 12:31:00 status: True, time: 1737808260000, calls: 1
2025-01-25 12:39:05 - INFO - 2025-01-25 12:31:00 status: True, time: 1737808260000, calls: 2
2025-01-25 12:39:05 - INFO - Duplicate timestamp detected. Stopping fetch.
2025-01-25 12:39:05 - INFO - before dropping :1
2025-01-25 12:39:05 - INFO - Empty DataFrame
Columns: [opentime, openprice, highprice, lowprice, closeprice]
Index: []
2025-01-25 12:39:05 - INFO - No new data to append.
2025-01-25 12:40:05 - INFO - Last opentime in CSV: 2025-01-25 12:00:00
2025-01-25 12:40:05 - INFO - CSV length before appending: 745
2025-01-25 12:40:05 - INFO - Rounded timestamp: 2025-01-25 12:30:00, Last opentime in CSV: 2025-01-25 12:00:00
2025-01-25 12:40:05 - INFO - 2025-01-25 12:31:00 status: True, time: 1737808260000, calls: 1
2025-01-25 12:40:06 - INFO - 2025-01-25 12:31:00 status: True, time: 1737808260000, calls: 2
2025-01-25 12:40:06 - INFO - Duplicate timestamp detected. Stopping fetch.
2025-01-25 12:40:06 - INFO - before dropping :1
2025-01-25 12:40:06 - INFO - Empty DataFrame
Columns: [opentime, openprice, highprice, lowprice, closeprice]
Index: []
2025-01-25 12:40:06 - INFO - No new data to append.
2025-01-25 12:41:06 - INFO - Last opentime in CSV: 2025-01-25 12:00:00
2025-01-25 12:41:06 - INFO - CSV length before appending: 745
2025-01-25 12:41:06 - INFO - Rounded timestamp: 2025-01-25 12:30:00, Last opentime in CSV: 2025-01-25 12:00:00
2025-01-25 12:41:06 - INFO - 2025-01-25 12:31:00 status: True, time: 1737808260000, calls: 1
2025-01-25 12:41:06 - INFO - 2025-01-25 12:31:00 status: True, time: 1737808260000, calls: 2
2025-01-25 12:41:06 - INFO - Duplicate timestamp detected. Stopping fetch.
2025-01-25 12:41:06 - INFO - before dropping :1
2025-01-25 12:41:06 - INFO - Empty DataFrame
Columns: [opentime, openprice, highprice, lowprice, closeprice]
Index: []
2025-01-25 12:41:06 - INFO - No new data to append.
2025-01-25 12:42:06 - INFO - Last opentime in CSV: 2025-01-25 12:00:00
2025-01-25 12:42:06 - INFO - CSV length before appending: 745
2025-01-25 12:42:06 - INFO - Rounded timestamp: 2025-01-25 12:30:00, Last opentime in CSV: 2025-01-25 12:00:00
2025-01-25 12:42:06 - INFO - 2025-01-25 12:31:00 status: True, time: 1737808260000, calls: 1
2025-01-25 12:42:06 - INFO - 2025-01-25 12:31:00 status: True, time: 1737808260000, calls: 2
2025-01-25 12:42:06 - INFO - Duplicate timestamp detected. Stopping fetch.
2025-01-25 12:42:06 - INFO - before dropping :1
2025-01-25 12:42:06 - INFO - Empty DataFrame
Columns: [opentime, openprice, highprice, lowprice, closeprice]
Index: []
2025-01-25 12:42:06 - INFO - No new data to append.
2025-01-25 12:43:06 - INFO - Last opentime in CSV: 2025-01-25 12:00:00
2025-01-25 12:43:06 - INFO - CSV length before appending: 745
2025-01-25 12:43:06 - INFO - Rounded timestamp: 2025-01-25 12:30:00, Last opentime in CSV: 2025-01-25 12:00:00
2025-01-25 12:43:06 - INFO - 2025-01-25 12:31:00 status: True, time: 1737808260000, calls: 1
2025-01-25 12:43:06 - INFO - 2025-01-25 12:31:00 status: True, time: 1737808260000, calls: 2
2025-01-25 12:43:06 - INFO - Duplicate timestamp detected. Stopping fetch.
2025-01-25 12:43:06 - INFO - before dropping :1
2025-01-25 12:43:06 - INFO - Empty DataFrame
Columns: [opentime, openprice, highprice, lowprice, closeprice]
Index: []
2025-01-25 12:43:06 - INFO - No new data to append.
2025-01-25 12:44:06 - INFO - Last opentime in CSV: 2025-01-25 12:00:00
2025-01-25 12:44:06 - INFO - CSV length before appending: 745
2025-01-25 12:44:06 - INFO - Rounded timestamp: 2025-01-25 12:30:00, Last opentime in CSV: 2025-01-25 12:00:00
2025-01-25 12:44:06 - INFO - 2025-01-25 12:31:00 status: True, time: 1737808260000, calls: 1
2025-01-25 12:44:06 - INFO - 2025-01-25 12:31:00 status: True, time: 1737808260000, calls: 2
2025-01-25 12:44:06 - INFO - Duplicate timestamp detected. Stopping fetch.
2025-01-25 12:44:06 - INFO - before dropping :1
2025-01-25 12:44:06 - INFO - Empty DataFrame
Columns: [opentime, openprice, highprice, lowprice, closeprice]
Index: []
2025-01-25 12:44:06 - INFO - No new data to append.
2025-01-25 12:45:06 - INFO - Last opentime in CSV: 2025-01-25 12:00:00
2025-01-25 12:45:06 - INFO - CSV length before appending: 745
2025-01-25 12:45:06 - INFO - Rounded timestamp: 2025-01-25 12:30:00, Last opentime in CSV: 2025-01-25 12:00:00
2025-01-25 12:45:06 - INFO - 2025-01-25 12:31:00 status: True, time: 1737808260000, calls: 1
2025-01-25 12:45:07 - INFO - 2025-01-25 12:31:00 status: True, time: 1737808260000, calls: 2
2025-01-25 12:45:07 - INFO - Duplicate timestamp detected. Stopping fetch.
2025-01-25 12:45:07 - INFO - before dropping :1
2025-01-25 12:45:07 - INFO - Empty DataFrame
Columns: [opentime, openprice, highprice, lowprice, closeprice]
Index: []
2025-01-25 12:45:07 - INFO - No new data to append.
2025-01-25 12:46:07 - INFO - Last opentime in CSV: 2025-01-25 12:00:00
2025-01-25 12:46:07 - INFO - CSV length before appending: 745
2025-01-25 12:46:07 - INFO - Rounded timestamp: 2025-01-25 12:30:00, Last opentime in CSV: 2025-01-25 12:00:00
2025-01-25 12:46:07 - INFO - 2025-01-25 12:31:00 status: True, time: 1737808260000, calls: 1
2025-01-25 12:46:07 - INFO - 2025-01-25 12:31:00 status: True, time: 1737808260000, calls: 2
2025-01-25 12:46:07 - INFO - Duplicate timestamp detected. Stopping fetch.
2025-01-25 12:46:07 - INFO - before dropping :1
2025-01-25 12:46:07 - INFO - Empty DataFrame
Columns: [opentime, openprice, highprice, lowprice, closeprice]
Index: []
2025-01-25 12:46:07 - INFO - No new data to append.
2025-01-25 12:47:07 - INFO - Last opentime in CSV: 2025-01-25 12:00:00
2025-01-25 12:47:07 - INFO - CSV length before appending: 745
2025-01-25 12:47:07 - INFO - Rounded timestamp: 2025-01-25 12:30:00, Last opentime in CSV: 2025-01-25 12:00:00
2025-01-25 12:47:07 - INFO - 2025-01-25 12:31:00 status: True, time: 1737808260000, calls: 1
2025-01-25 12:47:07 - INFO - 2025-01-25 12:31:00 status: True, time: 1737808260000, calls: 2
2025-01-25 12:47:07 - INFO - Duplicate timestamp detected. Stopping fetch.
2025-01-25 12:47:07 - INFO - before dropping :1
2025-01-25 12:47:07 - INFO - Empty DataFrame
Columns: [opentime, openprice, highprice, lowprice, closeprice]
Index: []
2025-01-25 12:47:07 - INFO - No new data to append.
2025-01-25 12:48:07 - INFO - Last opentime in CSV: 2025-01-25 12:00:00
2025-01-25 12:48:07 - INFO - CSV length before appending: 745
2025-01-25 12:48:07 - INFO - Rounded timestamp: 2025-01-25 12:30:00, Last opentime in CSV: 2025-01-25 12:00:00
2025-01-25 12:48:07 - INFO - 2025-01-25 12:31:00 status: True, time: 1737808260000, calls: 1
2025-01-25 12:48:07 - INFO - 2025-01-25 12:31:00 status: True, time: 1737808260000, calls: 2
2025-01-25 12:48:07 - INFO - Duplicate timestamp detected. Stopping fetch.
2025-01-25 12:48:07 - INFO - before dropping :1
2025-01-25 12:48:07 - INFO - Empty DataFrame
Columns: [opentime, openprice, highprice, lowprice, closeprice]
Index: []
2025-01-25 12:48:07 - INFO - No new data to append.
2025-01-25 12:49:07 - INFO - Last opentime in CSV: 2025-01-25 12:00:00
2025-01-25 12:49:07 - INFO - CSV length before appending: 745
2025-01-25 12:49:07 - INFO - Rounded timestamp: 2025-01-25 12:30:00, Last opentime in CSV: 2025-01-25 12:00:00
2025-01-25 12:49:07 - INFO - 2025-01-25 12:31:00 status: True, time: 1737808260000, calls: 1
2025-01-25 12:49:07 - INFO - 2025-01-25 12:31:00 status: True, time: 1737808260000, calls: 2
2025-01-25 12:49:07 - INFO - Duplicate timestamp detected. Stopping fetch.
2025-01-25 12:49:07 - INFO - before dropping :1
2025-01-25 12:49:07 - INFO - Empty DataFrame
Columns: [opentime, openprice, highprice, lowprice, closeprice]
Index: []
2025-01-25 12:49:07 - INFO - No new data to append.
2025-01-25 12:50:07 - INFO - Last opentime in CSV: 2025-01-25 12:00:00
2025-01-25 12:50:07 - INFO - CSV length before appending: 745
2025-01-25 12:50:07 - INFO - Rounded timestamp: 2025-01-25 12:30:00, Last opentime in CSV: 2025-01-25 12:00:00
2025-01-25 12:50:07 - INFO - 2025-01-25 12:31:00 status: True, time: 1737808260000, calls: 1
2025-01-25 12:50:08 - INFO - 2025-01-25 12:31:00 status: True, time: 1737808260000, calls: 2
2025-01-25 12:50:08 - INFO - Duplicate timestamp detected. Stopping fetch.
2025-01-25 12:50:08 - INFO - before dropping :1
2025-01-25 12:50:08 - INFO - Empty DataFrame
Columns: [opentime, openprice, highprice, lowprice, closeprice]
Index: []
2025-01-25 12:50:08 - INFO - No new data to append.
2025-01-25 12:51:08 - INFO - Last opentime in CSV: 2025-01-25 12:00:00
2025-01-25 12:51:08 - INFO - CSV length before appending: 745
2025-01-25 12:51:08 - INFO - Rounded timestamp: 2025-01-25 12:30:00, Last opentime in CSV: 2025-01-25 12:00:00
2025-01-25 12:51:08 - INFO - 2025-01-25 12:31:00 status: True, time: 1737808260000, calls: 1
2025-01-25 12:51:08 - INFO - 2025-01-25 12:31:00 status: True, time: 1737808260000, calls: 2
2025-01-25 12:51:08 - INFO - Duplicate timestamp detected. Stopping fetch.
2025-01-25 12:51:08 - INFO - before dropping :1
2025-01-25 12:51:08 - INFO - Empty DataFrame
Columns: [opentime, openprice, highprice, lowprice, closeprice]
Index: []
2025-01-25 12:51:08 - INFO - No new data to append.
2025-01-25 12:52:08 - INFO - Last opentime in CSV: 2025-01-25 12:00:00
2025-01-25 12:52:08 - INFO - CSV length before appending: 745
2025-01-25 12:52:08 - INFO - Rounded timestamp: 2025-01-25 12:30:00, Last opentime in CSV: 2025-01-25 12:00:00
2025-01-25 12:52:08 - INFO - 2025-01-25 12:31:00 status: True, time: 1737808260000, calls: 1
2025-01-25 12:52:08 - INFO - 2025-01-25 12:31:00 status: True, time: 1737808260000, calls: 2
2025-01-25 12:52:08 - INFO - Duplicate timestamp detected. Stopping fetch.
2025-01-25 12:52:08 - INFO - before dropping :1
2025-01-25 12:52:08 - INFO - Empty DataFrame
Columns: [opentime, openprice, highprice, lowprice, closeprice]
Index: []
2025-01-25 12:52:08 - INFO - No new data to append.
2025-01-25 12:53:08 - INFO - Last opentime in CSV: 2025-01-25 12:00:00
2025-01-25 12:53:08 - INFO - CSV length before appending: 745
2025-01-25 12:53:08 - INFO - Rounded timestamp: 2025-01-25 12:30:00, Last opentime in CSV: 2025-01-25 12:00:00
2025-01-25 12:53:08 - INFO - 2025-01-25 12:31:00 status: True, time: 1737808260000, calls: 1
2025-01-25 12:53:08 - INFO - 2025-01-25 12:31:00 status: True, time: 1737808260000, calls: 2
2025-01-25 12:53:08 - INFO - Duplicate timestamp detected. Stopping fetch.
2025-01-25 12:53:08 - INFO - before dropping :1
2025-01-25 12:53:08 - INFO - Empty DataFrame
Columns: [opentime, openprice, highprice, lowprice, closeprice]
Index: []
2025-01-25 12:53:08 - INFO - No new data to append.
2025-01-25 12:54:08 - INFO - Last opentime in CSV: 2025-01-25 12:00:00
2025-01-25 12:54:08 - INFO - CSV length before appending: 745
2025-01-25 12:54:08 - INFO - Rounded timestamp: 2025-01-25 12:30:00, Last opentime in CSV: 2025-01-25 12:00:00
2025-01-25 12:54:09 - INFO - 2025-01-25 12:31:00 status: True, time: 1737808260000, calls: 1
2025-01-25 12:54:09 - INFO - 2025-01-25 12:31:00 status: True, time: 1737808260000, calls: 2
2025-01-25 12:54:09 - INFO - Duplicate timestamp detected. Stopping fetch.
2025-01-25 12:54:09 - INFO - before dropping :1
2025-01-25 12:54:09 - INFO - Empty DataFrame
Columns: [opentime, openprice, highprice, lowprice, closeprice]
Index: []
2025-01-25 12:54:09 - INFO - No new data to append.
2025-01-25 12:55:09 - INFO - Last opentime in CSV: 2025-01-25 12:00:00
2025-01-25 12:55:09 - INFO - CSV length before appending: 745
2025-01-25 12:55:09 - INFO - Rounded timestamp: 2025-01-25 12:30:00, Last opentime in CSV: 2025-01-25 12:00:00
2025-01-25 12:55:09 - INFO - 2025-01-25 12:31:00 status: True, time: 1737808260000, calls: 1
2025-01-25 12:55:09 - INFO - 2025-01-25 12:31:00 status: True, time: 1737808260000, calls: 2
2025-01-25 12:55:09 - INFO - Duplicate timestamp detected. Stopping fetch.
2025-01-25 12:55:09 - INFO - before dropping :1
2025-01-25 12:55:09 - INFO - Empty DataFrame
Columns: [opentime, openprice, highprice, lowprice, closeprice]
Index: []
2025-01-25 12:55:09 - INFO - No new data to append.
2025-01-25 12:56:09 - INFO - Last opentime in CSV: 2025-01-25 12:00:00
2025-01-25 12:56:09 - INFO - CSV length before appending: 745
2025-01-25 12:56:09 - INFO - Rounded timestamp: 2025-01-25 12:30:00, Last opentime in CSV: 2025-01-25 12:00:00
2025-01-25 12:56:09 - INFO - 2025-01-25 12:31:00 status: True, time: 1737808260000, calls: 1
2025-01-25 12:56:10 - INFO - 2025-01-25 12:31:00 status: True, time: 1737808260000, calls: 2
2025-01-25 12:56:10 - INFO - Duplicate timestamp detected. Stopping fetch.
2025-01-25 12:56:10 - INFO - before dropping :1
2025-01-25 12:56:10 - INFO - Empty DataFrame
Columns: [opentime, openprice, highprice, lowprice, closeprice]
Index: []
2025-01-25 12:56:10 - INFO - No new data to append.
2025-01-25 12:57:10 - INFO - Last opentime in CSV: 2025-01-25 12:00:00
2025-01-25 12:57:10 - INFO - CSV length before appending: 745
2025-01-25 12:57:10 - INFO - Rounded timestamp: 2025-01-25 12:30:00, Last opentime in CSV: 2025-01-25 12:00:00
2025-01-25 12:57:10 - INFO - 2025-01-25 12:31:00 status: True, time: 1737808260000, calls: 1
2025-01-25 12:57:10 - INFO - 2025-01-25 12:31:00 status: True, time: 1737808260000, calls: 2
2025-01-25 12:57:10 - INFO - Duplicate timestamp detected. Stopping fetch.
2025-01-25 12:57:10 - INFO - before dropping :1
2025-01-25 12:57:10 - INFO - Empty DataFrame
Columns: [opentime, openprice, highprice, lowprice, closeprice]
Index: []
2025-01-25 12:57:10 - INFO - No new data to append.
2025-01-25 12:58:10 - INFO - Last opentime in CSV: 2025-01-25 12:00:00
2025-01-25 12:58:10 - INFO - CSV length before appending: 745
2025-01-25 12:58:10 - INFO - Rounded timestamp: 2025-01-25 12:30:00, Last opentime in CSV: 2025-01-25 12:00:00
2025-01-25 12:58:10 - INFO - 2025-01-25 12:31:00 status: True, time: 1737808260000, calls: 1
2025-01-25 12:58:10 - INFO - 2025-01-25 12:31:00 status: True, time: 1737808260000, calls: 2
2025-01-25 12:58:10 - INFO - Duplicate timestamp detected. Stopping fetch.
2025-01-25 12:58:10 - INFO - before dropping :1
2025-01-25 12:58:10 - INFO - Empty DataFrame
Columns: [opentime, openprice, highprice, lowprice, closeprice]
Index: []
2025-01-25 12:58:10 - INFO - No new data to append.
2025-01-25 12:59:10 - INFO - Last opentime in CSV: 2025-01-25 12:00:00
2025-01-25 12:59:10 - INFO - CSV length before appending: 745
2025-01-25 12:59:10 - INFO - Rounded timestamp: 2025-01-25 12:30:00, Last opentime in CSV: 2025-01-25 12:00:00
2025-01-25 12:59:10 - INFO - 2025-01-25 12:31:00 status: True, time: 1737808260000, calls: 1
2025-01-25 12:59:10 - INFO - 2025-01-25 12:31:00 status: True, time: 1737808260000, calls: 2
2025-01-25 12:59:10 - INFO - Duplicate timestamp detected. Stopping fetch.
2025-01-25 12:59:10 - INFO - before dropping :1
2025-01-25 12:59:10 - INFO - Empty DataFrame
Columns: [opentime, openprice, highprice, lowprice, closeprice]
Index: []
2025-01-25 12:59:10 - INFO - No new data to append.
2025-01-25 13:00:10 - INFO - Last opentime in CSV: 2025-01-25 12:00:00
2025-01-25 13:00:10 - INFO - CSV length before appending: 745
2025-01-25 13:00:10 - INFO - Rounded timestamp: 2025-01-25 13:00:00, Last opentime in CSV: 2025-01-25 12:00:00
2025-01-25 13:00:10 - INFO - Reached endtime at 2025-01-25 13:01:00. Stopping fetch.
2025-01-25 13:00:10 - INFO - before dropping :2
2025-01-25 13:00:10 - INFO -         opentime  openprice  highprice  lowprice  closeprice
0  1737808200000      3.106     3.1206    3.1052      3.1198
2025-01-25 13:00:10 - INFO - 1 new rows fetched and appended successfully.
2025-01-25 13:00:10 - INFO - New CSV length after appending: 746
2025-01-25 13:00:10 - INFO - New data:           opentime  openprice  highprice  lowprice  closeprice
745  1737808200000      3.106     3.1206    3.1052      3.1198
2025-01-25 13:00:10 - INFO - New data fetched, processing now.
2025-01-25 13:00:10 - INFO - Last row:           opentime  openprice  ...  SUPERTl_10_3.0  SUPERTs_10_3.0
745  1737808200000      3.106  ...             NaN        3.129596

[1 rows x 7 columns]
2025-01-25 13:00:10 - INFO - Supertrend indicator applied.
2025-01-25 13:00:10 - INFO - Last row:           opentime  openprice  ...  leading_span_a  leading_span_b
745  1737808200000      3.106  ...        3.129175             NaN

[1 rows x 9 columns]
2025-01-25 13:00:10 - INFO - Ichimoku cloud indicator applied.
2025-01-25 13:00:10 - INFO - Previous up trend: nan
2025-01-25 13:00:10 - INFO - Current up trend: nan
2025-01-25 13:00:10 - INFO - Trend: unchange
2025-01-25 13:00:10 - INFO - Active Position: 1
2025-01-25 13:00:10 - INFO - Suggested Action: Short
2025-01-25 13:00:10 - INFO - Previous Action: None
2025-01-25 13:00:10 - INFO - Suggested Action: Short
2025-01-25 13:00:10 - INFO - Active Position: 1
2025-01-25 13:00:10 - INFO - USDT Available Balance: 24877.26611293
2025-01-25 13:00:10 - INFO - Determined Trade Amount: 30 USDT
2025-01-25 13:00:10 - INFO - Current XRPUSDT Mark Price: 3.11886346
2025-01-25 13:00:10 - INFO - Expected XRPUSDT Amount: 9
2025-01-25 13:00:11 - INFO - Current Opened XRPUSDT Amount: 0.0
2025-01-25 13:00:11 - INFO - at: 2025-01-25 12:30:00 - No action taken
2025-01-25 13:01:11 - INFO - Last opentime in CSV: 2025-01-25 12:30:00
2025-01-25 13:01:11 - INFO - CSV length before appending: 746
2025-01-25 13:01:11 - INFO - Rounded timestamp: 2025-01-25 13:00:00, Last opentime in CSV: 2025-01-25 12:30:00
2025-01-25 13:01:11 - INFO - 2025-01-25 13:01:00 status: True, time: 1737810060000, calls: 1
2025-01-25 13:01:11 - INFO - 2025-01-25 13:01:00 status: True, time: 1737810060000, calls: 2
2025-01-25 13:01:11 - INFO - Duplicate timestamp detected. Stopping fetch.
2025-01-25 13:01:11 - INFO - before dropping :1
2025-01-25 13:01:11 - INFO - Empty DataFrame
Columns: [opentime, openprice, highprice, lowprice, closeprice]
Index: []
2025-01-25 13:01:11 - INFO - No new data to append.
2025-01-25 13:02:11 - INFO - Last opentime in CSV: 2025-01-25 12:30:00
2025-01-25 13:02:11 - INFO - CSV length before appending: 746
2025-01-25 13:02:11 - INFO - Rounded timestamp: 2025-01-25 13:00:00, Last opentime in CSV: 2025-01-25 12:30:00
2025-01-25 13:02:11 - INFO - 2025-01-25 13:01:00 status: True, time: 1737810060000, calls: 1
2025-01-25 13:02:11 - INFO - 2025-01-25 13:01:00 status: True, time: 1737810060000, calls: 2
2025-01-25 13:02:11 - INFO - Duplicate timestamp detected. Stopping fetch.
2025-01-25 13:02:11 - INFO - before dropping :1
2025-01-25 13:02:11 - INFO - Empty DataFrame
Columns: [opentime, openprice, highprice, lowprice, closeprice]
Index: []
2025-01-25 13:02:11 - INFO - No new data to append.
2025-01-25 13:03:11 - INFO - Last opentime in CSV: 2025-01-25 12:30:00
2025-01-25 13:03:11 - INFO - CSV length before appending: 746
2025-01-25 13:03:11 - INFO - Rounded timestamp: 2025-01-25 13:00:00, Last opentime in CSV: 2025-01-25 12:30:00
2025-01-25 13:03:11 - INFO - 2025-01-25 13:01:00 status: True, time: 1737810060000, calls: 1
2025-01-25 13:03:12 - INFO - 2025-01-25 13:01:00 status: True, time: 1737810060000, calls: 2
2025-01-25 13:03:12 - INFO - Duplicate timestamp detected. Stopping fetch.
2025-01-25 13:03:12 - INFO - before dropping :1
2025-01-25 13:03:12 - INFO - Empty DataFrame
Columns: [opentime, openprice, highprice, lowprice, closeprice]
Index: []
2025-01-25 13:03:12 - INFO - No new data to append.
2025-01-25 13:04:12 - INFO - Last opentime in CSV: 2025-01-25 12:30:00
2025-01-25 13:04:12 - INFO - CSV length before appending: 746
2025-01-25 13:04:12 - INFO - Rounded timestamp: 2025-01-25 13:00:00, Last opentime in CSV: 2025-01-25 12:30:00
2025-01-25 13:04:12 - INFO - 2025-01-25 13:01:00 status: True, time: 1737810060000, calls: 1
2025-01-25 13:04:12 - INFO - 2025-01-25 13:01:00 status: True, time: 1737810060000, calls: 2
2025-01-25 13:04:12 - INFO - Duplicate timestamp detected. Stopping fetch.
2025-01-25 13:04:12 - INFO - before dropping :1
2025-01-25 13:04:12 - INFO - Empty DataFrame
Columns: [opentime, openprice, highprice, lowprice, closeprice]
Index: []
2025-01-25 13:04:12 - INFO - No new data to append.
2025-01-25 13:05:12 - INFO - Last opentime in CSV: 2025-01-25 12:30:00
2025-01-25 13:05:12 - INFO - CSV length before appending: 746
2025-01-25 13:05:12 - INFO - Rounded timestamp: 2025-01-25 13:00:00, Last opentime in CSV: 2025-01-25 12:30:00
2025-01-25 13:05:12 - INFO - 2025-01-25 13:01:00 status: True, time: 1737810060000, calls: 1
2025-01-25 13:05:12 - INFO - 2025-01-25 13:01:00 status: True, time: 1737810060000, calls: 2
2025-01-25 13:05:12 - INFO - Duplicate timestamp detected. Stopping fetch.
2025-01-25 13:05:12 - INFO - before dropping :1
2025-01-25 13:05:12 - INFO - Empty DataFrame
Columns: [opentime, openprice, highprice, lowprice, closeprice]
Index: []
2025-01-25 13:05:12 - INFO - No new data to append.
2025-01-25 13:06:12 - INFO - Last opentime in CSV: 2025-01-25 12:30:00
2025-01-25 13:06:12 - INFO - CSV length before appending: 746
2025-01-25 13:06:12 - INFO - Rounded timestamp: 2025-01-25 13:00:00, Last opentime in CSV: 2025-01-25 12:30:00
2025-01-25 13:06:12 - INFO - 2025-01-25 13:01:00 status: True, time: 1737810060000, calls: 1
2025-01-25 13:06:12 - INFO - 2025-01-25 13:01:00 status: True, time: 1737810060000, calls: 2
2025-01-25 13:06:12 - INFO - Duplicate timestamp detected. Stopping fetch.
2025-01-25 13:06:12 - INFO - before dropping :1
2025-01-25 13:06:12 - INFO - Empty DataFrame
Columns: [opentime, openprice, highprice, lowprice, closeprice]
Index: []
2025-01-25 13:06:12 - INFO - No new data to append.
2025-01-25 13:07:12 - INFO - Last opentime in CSV: 2025-01-25 12:30:00
2025-01-25 13:07:12 - INFO - CSV length before appending: 746
2025-01-25 13:07:12 - INFO - Rounded timestamp: 2025-01-25 13:00:00, Last opentime in CSV: 2025-01-25 12:30:00
2025-01-25 13:07:12 - INFO - 2025-01-25 13:01:00 status: True, time: 1737810060000, calls: 1
2025-01-25 13:07:12 - INFO - 2025-01-25 13:01:00 status: True, time: 1737810060000, calls: 2
2025-01-25 13:07:12 - INFO - Duplicate timestamp detected. Stopping fetch.
2025-01-25 13:07:12 - INFO - before dropping :1
2025-01-25 13:07:12 - INFO - Empty DataFrame
Columns: [opentime, openprice, highprice, lowprice, closeprice]
Index: []
2025-01-25 13:07:12 - INFO - No new data to append.
2025-01-25 13:08:12 - INFO - Last opentime in CSV: 2025-01-25 12:30:00
2025-01-25 13:08:12 - INFO - CSV length before appending: 746
2025-01-25 13:08:12 - INFO - Rounded timestamp: 2025-01-25 13:00:00, Last opentime in CSV: 2025-01-25 12:30:00
2025-01-25 13:08:13 - INFO - 2025-01-25 13:01:00 status: True, time: 1737810060000, calls: 1
2025-01-25 13:08:13 - INFO - 2025-01-25 13:01:00 status: True, time: 1737810060000, calls: 2
2025-01-25 13:08:13 - INFO - Duplicate timestamp detected. Stopping fetch.
2025-01-25 13:08:13 - INFO - before dropping :1
2025-01-25 13:08:13 - INFO - Empty DataFrame
Columns: [opentime, openprice, highprice, lowprice, closeprice]
Index: []
2025-01-25 13:08:13 - INFO - No new data to append.
2025-01-25 13:09:13 - INFO - Last opentime in CSV: 2025-01-25 12:30:00
2025-01-25 13:09:13 - INFO - CSV length before appending: 746
2025-01-25 13:09:13 - INFO - Rounded timestamp: 2025-01-25 13:00:00, Last opentime in CSV: 2025-01-25 12:30:00
2025-01-25 13:09:13 - INFO - 2025-01-25 13:01:00 status: True, time: 1737810060000, calls: 1
2025-01-25 13:09:13 - INFO - 2025-01-25 13:01:00 status: True, time: 1737810060000, calls: 2
2025-01-25 13:09:13 - INFO - Duplicate timestamp detected. Stopping fetch.
2025-01-25 13:09:13 - INFO - before dropping :1
2025-01-25 13:09:13 - INFO - Empty DataFrame
Columns: [opentime, openprice, highprice, lowprice, closeprice]
Index: []
2025-01-25 13:09:13 - INFO - No new data to append.
2025-01-25 13:10:13 - INFO - Last opentime in CSV: 2025-01-25 12:30:00
2025-01-25 13:10:13 - INFO - CSV length before appending: 746
2025-01-25 13:10:13 - INFO - Rounded timestamp: 2025-01-25 13:00:00, Last opentime in CSV: 2025-01-25 12:30:00
2025-01-25 13:10:13 - INFO - 2025-01-25 13:01:00 status: True, time: 1737810060000, calls: 1
2025-01-25 13:10:13 - INFO - 2025-01-25 13:01:00 status: True, time: 1737810060000, calls: 2
2025-01-25 13:10:13 - INFO - Duplicate timestamp detected. Stopping fetch.
2025-01-25 13:10:13 - INFO - before dropping :1
2025-01-25 13:10:13 - INFO - Empty DataFrame
Columns: [opentime, openprice, highprice, lowprice, closeprice]
Index: []
2025-01-25 13:10:13 - INFO - No new data to append.
2025-01-25 13:11:13 - INFO - Last opentime in CSV: 2025-01-25 12:30:00
2025-01-25 13:11:13 - INFO - CSV length before appending: 746
2025-01-25 13:11:13 - INFO - Rounded timestamp: 2025-01-25 13:00:00, Last opentime in CSV: 2025-01-25 12:30:00
2025-01-25 13:11:13 - INFO - 2025-01-25 13:01:00 status: True, time: 1737810060000, calls: 1
2025-01-25 13:11:13 - INFO - 2025-01-25 13:01:00 status: True, time: 1737810060000, calls: 2
2025-01-25 13:11:13 - INFO - Duplicate timestamp detected. Stopping fetch.
2025-01-25 13:11:13 - INFO - before dropping :1
2025-01-25 13:11:13 - INFO - Empty DataFrame
Columns: [opentime, openprice, highprice, lowprice, closeprice]
Index: []
2025-01-25 13:11:13 - INFO - No new data to append.
2025-01-25 13:12:13 - INFO - Last opentime in CSV: 2025-01-25 12:30:00
2025-01-25 13:12:13 - INFO - CSV length before appending: 746
2025-01-25 13:12:13 - INFO - Rounded timestamp: 2025-01-25 13:00:00, Last opentime in CSV: 2025-01-25 12:30:00
2025-01-25 13:12:13 - INFO - 2025-01-25 13:01:00 status: True, time: 1737810060000, calls: 1
2025-01-25 13:12:13 - INFO - 2025-01-25 13:01:00 status: True, time: 1737810060000, calls: 2
2025-01-25 13:12:13 - INFO - Duplicate timestamp detected. Stopping fetch.
2025-01-25 13:12:13 - INFO - before dropping :1
2025-01-25 13:12:13 - INFO - Empty DataFrame
Columns: [opentime, openprice, highprice, lowprice, closeprice]
Index: []
2025-01-25 13:12:13 - INFO - No new data to append.
2025-01-25 13:13:13 - INFO - Last opentime in CSV: 2025-01-25 12:30:00
2025-01-25 13:13:13 - INFO - CSV length before appending: 746
2025-01-25 13:13:13 - INFO - Rounded timestamp: 2025-01-25 13:00:00, Last opentime in CSV: 2025-01-25 12:30:00
2025-01-25 13:13:14 - INFO - 2025-01-25 13:01:00 status: True, time: 1737810060000, calls: 1
2025-01-25 13:13:14 - INFO - 2025-01-25 13:01:00 status: True, time: 1737810060000, calls: 2
2025-01-25 13:13:14 - INFO - Duplicate timestamp detected. Stopping fetch.
2025-01-25 13:13:14 - INFO - before dropping :1
2025-01-25 13:13:14 - INFO - Empty DataFrame
Columns: [opentime, openprice, highprice, lowprice, closeprice]
Index: []
2025-01-25 13:13:14 - INFO - No new data to append.
2025-01-25 13:14:14 - INFO - Last opentime in CSV: 2025-01-25 12:30:00
2025-01-25 13:14:14 - INFO - CSV length before appending: 746
2025-01-25 13:14:14 - INFO - Rounded timestamp: 2025-01-25 13:00:00, Last opentime in CSV: 2025-01-25 12:30:00
2025-01-25 13:14:14 - INFO - 2025-01-25 13:01:00 status: True, time: 1737810060000, calls: 1
2025-01-25 13:14:14 - INFO - 2025-01-25 13:01:00 status: True, time: 1737810060000, calls: 2
2025-01-25 13:14:14 - INFO - Duplicate timestamp detected. Stopping fetch.
2025-01-25 13:14:14 - INFO - before dropping :1
2025-01-25 13:14:14 - INFO - Empty DataFrame
Columns: [opentime, openprice, highprice, lowprice, closeprice]
Index: []
2025-01-25 13:14:14 - INFO - No new data to append.
2025-01-25 13:15:14 - INFO - Last opentime in CSV: 2025-01-25 12:30:00
2025-01-25 13:15:14 - INFO - CSV length before appending: 746
2025-01-25 13:15:14 - INFO - Rounded timestamp: 2025-01-25 13:00:00, Last opentime in CSV: 2025-01-25 12:30:00
2025-01-25 13:15:14 - INFO - 2025-01-25 13:01:00 status: True, time: 1737810060000, calls: 1
2025-01-25 13:15:14 - INFO - 2025-01-25 13:01:00 status: True, time: 1737810060000, calls: 2
2025-01-25 13:15:14 - INFO - Duplicate timestamp detected. Stopping fetch.
2025-01-25 13:15:14 - INFO - before dropping :1
2025-01-25 13:15:14 - INFO - Empty DataFrame
Columns: [opentime, openprice, highprice, lowprice, closeprice]
Index: []
2025-01-25 13:15:14 - INFO - No new data to append.
2025-01-25 13:16:14 - INFO - Last opentime in CSV: 2025-01-25 12:30:00
2025-01-25 13:16:14 - INFO - CSV length before appending: 746
2025-01-25 13:16:14 - INFO - Rounded timestamp: 2025-01-25 13:00:00, Last opentime in CSV: 2025-01-25 12:30:00
2025-01-25 13:16:15 - INFO - 2025-01-25 13:01:00 status: True, time: 1737810060000, calls: 1
2025-01-25 13:16:15 - INFO - 2025-01-25 13:01:00 status: True, time: 1737810060000, calls: 2
2025-01-25 13:16:15 - INFO - Duplicate timestamp detected. Stopping fetch.
2025-01-25 13:16:15 - INFO - before dropping :1
2025-01-25 13:16:15 - INFO - Empty DataFrame
Columns: [opentime, openprice, highprice, lowprice, closeprice]
Index: []
2025-01-25 13:16:15 - INFO - No new data to append.
2025-01-25 13:17:15 - INFO - Last opentime in CSV: 2025-01-25 12:30:00
2025-01-25 13:17:15 - INFO - CSV length before appending: 746
2025-01-25 13:17:15 - INFO - Rounded timestamp: 2025-01-25 13:00:00, Last opentime in CSV: 2025-01-25 12:30:00
2025-01-25 13:17:15 - INFO - 2025-01-25 13:01:00 status: True, time: 1737810060000, calls: 1
2025-01-25 13:17:15 - INFO - 2025-01-25 13:01:00 status: True, time: 1737810060000, calls: 2
2025-01-25 13:17:15 - INFO - Duplicate timestamp detected. Stopping fetch.
2025-01-25 13:17:15 - INFO - before dropping :1
2025-01-25 13:17:15 - INFO - Empty DataFrame
Columns: [opentime, openprice, highprice, lowprice, closeprice]
Index: []
2025-01-25 13:17:15 - INFO - No new data to append.
2025-01-25 13:18:15 - INFO - Last opentime in CSV: 2025-01-25 12:30:00
2025-01-25 13:18:15 - INFO - CSV length before appending: 746
2025-01-25 13:18:15 - INFO - Rounded timestamp: 2025-01-25 13:00:00, Last opentime in CSV: 2025-01-25 12:30:00
2025-01-25 13:18:15 - INFO - 2025-01-25 13:01:00 status: True, time: 1737810060000, calls: 1
2025-01-25 13:18:15 - INFO - 2025-01-25 13:01:00 status: True, time: 1737810060000, calls: 2
2025-01-25 13:18:15 - INFO - Duplicate timestamp detected. Stopping fetch.
2025-01-25 13:18:15 - INFO - before dropping :1
2025-01-25 13:18:15 - INFO - Empty DataFrame
Columns: [opentime, openprice, highprice, lowprice, closeprice]
Index: []
2025-01-25 13:18:15 - INFO - No new data to append.
2025-01-25 13:19:15 - INFO - Last opentime in CSV: 2025-01-25 12:30:00
2025-01-25 13:19:15 - INFO - CSV length before appending: 746
2025-01-25 13:19:15 - INFO - Rounded timestamp: 2025-01-25 13:00:00, Last opentime in CSV: 2025-01-25 12:30:00
2025-01-25 13:19:15 - INFO - 2025-01-25 13:01:00 status: True, time: 1737810060000, calls: 1
2025-01-25 13:19:15 - INFO - 2025-01-25 13:01:00 status: True, time: 1737810060000, calls: 2
2025-01-25 13:19:15 - INFO - Duplicate timestamp detected. Stopping fetch.
2025-01-25 13:19:15 - INFO - before dropping :1
2025-01-25 13:19:15 - INFO - Empty DataFrame
Columns: [opentime, openprice, highprice, lowprice, closeprice]
Index: []
2025-01-25 13:19:15 - INFO - No new data to append.
2025-01-25 13:20:15 - INFO - Last opentime in CSV: 2025-01-25 12:30:00
2025-01-25 13:20:15 - INFO - CSV length before appending: 746
2025-01-25 13:20:15 - INFO - Rounded timestamp: 2025-01-25 13:00:00, Last opentime in CSV: 2025-01-25 12:30:00
2025-01-25 13:20:15 - INFO - 2025-01-25 13:01:00 status: True, time: 1737810060000, calls: 1
2025-01-25 13:20:15 - INFO - 2025-01-25 13:01:00 status: True, time: 1737810060000, calls: 2
2025-01-25 13:20:15 - INFO - Duplicate timestamp detected. Stopping fetch.
2025-01-25 13:20:15 - INFO - before dropping :1
2025-01-25 13:20:15 - INFO - Empty DataFrame
Columns: [opentime, openprice, highprice, lowprice, closeprice]
Index: []
2025-01-25 13:20:15 - INFO - No new data to append.
2025-01-25 13:21:15 - INFO - Last opentime in CSV: 2025-01-25 12:30:00
2025-01-25 13:21:15 - INFO - CSV length before appending: 746
2025-01-25 13:21:15 - INFO - Rounded timestamp: 2025-01-25 13:00:00, Last opentime in CSV: 2025-01-25 12:30:00
2025-01-25 13:21:16 - INFO - 2025-01-25 13:01:00 status: True, time: 1737810060000, calls: 1
2025-01-25 13:21:16 - INFO - 2025-01-25 13:01:00 status: True, time: 1737810060000, calls: 2
2025-01-25 13:21:16 - INFO - Duplicate timestamp detected. Stopping fetch.
2025-01-25 13:21:16 - INFO - before dropping :1
2025-01-25 13:21:16 - INFO - Empty DataFrame
Columns: [opentime, openprice, highprice, lowprice, closeprice]
Index: []
2025-01-25 13:21:16 - INFO - No new data to append.
2025-01-25 13:22:16 - INFO - Last opentime in CSV: 2025-01-25 12:30:00
2025-01-25 13:22:16 - INFO - CSV length before appending: 746
2025-01-25 13:22:16 - INFO - Rounded timestamp: 2025-01-25 13:00:00, Last opentime in CSV: 2025-01-25 12:30:00
2025-01-25 13:22:16 - INFO - 2025-01-25 13:01:00 status: True, time: 1737810060000, calls: 1
2025-01-25 13:22:16 - INFO - 2025-01-25 13:01:00 status: True, time: 1737810060000, calls: 2
2025-01-25 13:22:16 - INFO - Duplicate timestamp detected. Stopping fetch.
2025-01-25 13:22:16 - INFO - before dropping :1
2025-01-25 13:22:16 - INFO - Empty DataFrame
Columns: [opentime, openprice, highprice, lowprice, closeprice]
Index: []
2025-01-25 13:22:16 - INFO - No new data to append.
2025-01-25 13:23:16 - INFO - Last opentime in CSV: 2025-01-25 12:30:00
2025-01-25 13:23:16 - INFO - CSV length before appending: 746
2025-01-25 13:23:16 - INFO - Rounded timestamp: 2025-01-25 13:00:00, Last opentime in CSV: 2025-01-25 12:30:00
2025-01-25 13:23:16 - INFO - 2025-01-25 13:01:00 status: True, time: 1737810060000, calls: 1
2025-01-25 13:23:17 - INFO - 2025-01-25 13:01:00 status: True, time: 1737810060000, calls: 2
2025-01-25 13:23:17 - INFO - Duplicate timestamp detected. Stopping fetch.
2025-01-25 13:23:17 - INFO - before dropping :1
2025-01-25 13:23:17 - INFO - Empty DataFrame
Columns: [opentime, openprice, highprice, lowprice, closeprice]
Index: []
2025-01-25 13:23:17 - INFO - No new data to append.
2025-01-25 13:24:17 - INFO - Last opentime in CSV: 2025-01-25 12:30:00
2025-01-25 13:24:17 - INFO - CSV length before appending: 746
2025-01-25 13:24:17 - INFO - Rounded timestamp: 2025-01-25 13:00:00, Last opentime in CSV: 2025-01-25 12:30:00
2025-01-25 13:24:17 - INFO - 2025-01-25 13:01:00 status: True, time: 1737810060000, calls: 1
2025-01-25 13:24:17 - INFO - 2025-01-25 13:01:00 status: True, time: 1737810060000, calls: 2
2025-01-25 13:24:17 - INFO - Duplicate timestamp detected. Stopping fetch.
2025-01-25 13:24:17 - INFO - before dropping :1
2025-01-25 13:24:17 - INFO - Empty DataFrame
Columns: [opentime, openprice, highprice, lowprice, closeprice]
Index: []
2025-01-25 13:24:17 - INFO - No new data to append.
2025-01-25 13:25:17 - INFO - Last opentime in CSV: 2025-01-25 12:30:00
2025-01-25 13:25:17 - INFO - CSV length before appending: 746
2025-01-25 13:25:17 - INFO - Rounded timestamp: 2025-01-25 13:00:00, Last opentime in CSV: 2025-01-25 12:30:00
2025-01-25 13:25:17 - INFO - 2025-01-25 13:01:00 status: True, time: 1737810060000, calls: 1
2025-01-25 13:25:17 - INFO - 2025-01-25 13:01:00 status: True, time: 1737810060000, calls: 2
2025-01-25 13:25:17 - INFO - Duplicate timestamp detected. Stopping fetch.
2025-01-25 13:25:17 - INFO - before dropping :1
2025-01-25 13:25:17 - INFO - Empty DataFrame
Columns: [opentime, openprice, highprice, lowprice, closeprice]
Index: []
2025-01-25 13:25:17 - INFO - No new data to append.
2025-01-25 13:26:17 - INFO - Last opentime in CSV: 2025-01-25 12:30:00
2025-01-25 13:26:17 - INFO - CSV length before appending: 746
2025-01-25 13:26:17 - INFO - Rounded timestamp: 2025-01-25 13:00:00, Last opentime in CSV: 2025-01-25 12:30:00
2025-01-25 13:26:17 - INFO - 2025-01-25 13:01:00 status: True, time: 1737810060000, calls: 1
2025-01-25 13:26:18 - INFO - 2025-01-25 13:01:00 status: True, time: 1737810060000, calls: 2
2025-01-25 13:26:18 - INFO - Duplicate timestamp detected. Stopping fetch.
2025-01-25 13:26:18 - INFO - before dropping :1
2025-01-25 13:26:18 - INFO - Empty DataFrame
Columns: [opentime, openprice, highprice, lowprice, closeprice]
Index: []
2025-01-25 13:26:18 - INFO - No new data to append.
2025-01-25 13:27:18 - INFO - Last opentime in CSV: 2025-01-25 12:30:00
2025-01-25 13:27:18 - INFO - CSV length before appending: 746
2025-01-25 13:27:18 - INFO - Rounded timestamp: 2025-01-25 13:00:00, Last opentime in CSV: 2025-01-25 12:30:00
2025-01-25 13:27:18 - INFO - 2025-01-25 13:01:00 status: True, time: 1737810060000, calls: 1
2025-01-25 13:27:18 - INFO - 2025-01-25 13:01:00 status: True, time: 1737810060000, calls: 2
2025-01-25 13:27:18 - INFO - Duplicate timestamp detected. Stopping fetch.
2025-01-25 13:27:18 - INFO - before dropping :1
2025-01-25 13:27:18 - INFO - Empty DataFrame
Columns: [opentime, openprice, highprice, lowprice, closeprice]
Index: []
2025-01-25 13:27:18 - INFO - No new data to append.
2025-01-25 13:28:18 - INFO - Last opentime in CSV: 2025-01-25 12:30:00
2025-01-25 13:28:18 - INFO - CSV length before appending: 746
2025-01-25 13:28:18 - INFO - Rounded timestamp: 2025-01-25 13:00:00, Last opentime in CSV: 2025-01-25 12:30:00
2025-01-25 13:28:18 - INFO - 2025-01-25 13:01:00 status: True, time: 1737810060000, calls: 1
2025-01-25 13:28:18 - INFO - 2025-01-25 13:01:00 status: True, time: 1737810060000, calls: 2
2025-01-25 13:28:18 - INFO - Duplicate timestamp detected. Stopping fetch.
2025-01-25 13:28:19 - INFO - before dropping :1
2025-01-25 13:28:19 - INFO - Empty DataFrame
Columns: [opentime, openprice, highprice, lowprice, closeprice]
Index: []
2025-01-25 13:28:19 - INFO - No new data to append.
2025-01-25 13:29:19 - INFO - Last opentime in CSV: 2025-01-25 12:30:00
2025-01-25 13:29:19 - INFO - CSV length before appending: 746
2025-01-25 13:29:19 - INFO - Rounded timestamp: 2025-01-25 13:00:00, Last opentime in CSV: 2025-01-25 12:30:00
2025-01-25 13:29:19 - INFO - 2025-01-25 13:01:00 status: True, time: 1737810060000, calls: 1
2025-01-25 13:29:19 - INFO - 2025-01-25 13:01:00 status: True, time: 1737810060000, calls: 2
2025-01-25 13:29:19 - INFO - Duplicate timestamp detected. Stopping fetch.
2025-01-25 13:29:19 - INFO - before dropping :1
2025-01-25 13:29:19 - INFO - Empty DataFrame
Columns: [opentime, openprice, highprice, lowprice, closeprice]
Index: []
2025-01-25 13:29:19 - INFO - No new data to append.
2025-01-25 13:30:19 - INFO - Last opentime in CSV: 2025-01-25 12:30:00
2025-01-25 13:30:19 - INFO - CSV length before appending: 746
2025-01-25 13:30:19 - INFO - Rounded timestamp: 2025-01-25 13:30:00, Last opentime in CSV: 2025-01-25 12:30:00
2025-01-25 13:30:19 - INFO - Reached endtime at 2025-01-25 13:31:00. Stopping fetch.
2025-01-25 13:30:19 - INFO - before dropping :2
2025-01-25 13:30:19 - INFO -         opentime  openprice  highprice  lowprice  closeprice
0  1737810000000     3.1199     3.1268    3.1158      3.1217
2025-01-25 13:30:19 - INFO - 1 new rows fetched and appended successfully.
2025-01-25 13:30:19 - INFO - New CSV length after appending: 747
2025-01-25 13:30:19 - INFO - New data:           opentime  openprice  highprice  lowprice  closeprice
746  1737810000000     3.1199     3.1268    3.1158      3.1217
2025-01-25 13:30:19 - INFO - New data fetched, processing now.
2025-01-25 13:30:19 - INFO - Last row:           opentime  openprice  ...  SUPERTl_10_3.0  SUPERTs_10_3.0
746  1737810000000     3.1199  ...             NaN        3.129586

[1 rows x 7 columns]
2025-01-25 13:30:19 - INFO - Supertrend indicator applied.
2025-01-25 13:30:19 - INFO - Last row:           opentime  openprice  ...  leading_span_a  leading_span_b
746  1737810000000     3.1199  ...         3.12665             NaN

[1 rows x 9 columns]
2025-01-25 13:30:19 - INFO - Ichimoku cloud indicator applied.
2025-01-25 13:30:19 - INFO - Previous up trend: nan
2025-01-25 13:30:19 - INFO - Current up trend: nan
2025-01-25 13:30:19 - INFO - Trend: unchange
2025-01-25 13:30:19 - INFO - Active Position: 1
2025-01-25 13:30:19 - INFO - Suggested Action: Short
2025-01-25 13:30:19 - INFO - Previous Action: None
2025-01-25 13:30:19 - INFO - Suggested Action: Short
2025-01-25 13:30:19 - INFO - Active Position: 1
2025-01-25 13:30:19 - INFO - USDT Available Balance: 24877.26592129
2025-01-25 13:30:19 - INFO - Determined Trade Amount: 30 USDT
2025-01-25 13:30:19 - INFO - Current XRPUSDT Mark Price: 3.1237
2025-01-25 13:30:19 - INFO - Expected XRPUSDT Amount: 9
2025-01-25 13:30:19 - INFO - Current Opened XRPUSDT Amount: 0.0
2025-01-25 13:30:19 - INFO - at: 2025-01-25 13:00:00 - No action taken
2025-01-25 13:31:19 - INFO - Last opentime in CSV: 2025-01-25 13:00:00
2025-01-25 13:31:19 - INFO - CSV length before appending: 747
2025-01-25 13:31:19 - INFO - Rounded timestamp: 2025-01-25 13:30:00, Last opentime in CSV: 2025-01-25 13:00:00
2025-01-25 13:31:19 - INFO - 2025-01-25 13:31:00 status: True, time: 1737811860000, calls: 1
2025-01-25 13:31:20 - INFO - 2025-01-25 13:31:00 status: True, time: 1737811860000, calls: 2
2025-01-25 13:31:20 - INFO - Duplicate timestamp detected. Stopping fetch.
2025-01-25 13:31:20 - INFO - before dropping :1
2025-01-25 13:31:20 - INFO - Empty DataFrame
Columns: [opentime, openprice, highprice, lowprice, closeprice]
Index: []
2025-01-25 13:31:20 - INFO - No new data to append.
2025-01-25 13:32:20 - INFO - Last opentime in CSV: 2025-01-25 13:00:00
2025-01-25 13:32:20 - INFO - CSV length before appending: 747
2025-01-25 13:32:20 - INFO - Rounded timestamp: 2025-01-25 13:30:00, Last opentime in CSV: 2025-01-25 13:00:00
2025-01-25 13:32:20 - INFO - 2025-01-25 13:31:00 status: True, time: 1737811860000, calls: 1
2025-01-25 13:32:20 - INFO - 2025-01-25 13:31:00 status: True, time: 1737811860000, calls: 2
2025-01-25 13:32:20 - INFO - Duplicate timestamp detected. Stopping fetch.
2025-01-25 13:32:20 - INFO - before dropping :1
2025-01-25 13:32:20 - INFO - Empty DataFrame
Columns: [opentime, openprice, highprice, lowprice, closeprice]
Index: []
2025-01-25 13:32:20 - INFO - No new data to append.
2025-01-25 13:33:20 - INFO - Last opentime in CSV: 2025-01-25 13:00:00
2025-01-25 13:33:20 - INFO - CSV length before appending: 747
2025-01-25 13:33:20 - INFO - Rounded timestamp: 2025-01-25 13:30:00, Last opentime in CSV: 2025-01-25 13:00:00
2025-01-25 13:33:20 - INFO - 2025-01-25 13:31:00 status: True, time: 1737811860000, calls: 1
2025-01-25 13:33:20 - INFO - 2025-01-25 13:31:00 status: True, time: 1737811860000, calls: 2
2025-01-25 13:33:20 - INFO - Duplicate timestamp detected. Stopping fetch.
2025-01-25 13:33:20 - INFO - before dropping :1
2025-01-25 13:33:20 - INFO - Empty DataFrame
Columns: [opentime, openprice, highprice, lowprice, closeprice]
Index: []
2025-01-25 13:33:20 - INFO - No new data to append.
2025-01-25 13:34:20 - INFO - Last opentime in CSV: 2025-01-25 13:00:00
2025-01-25 13:34:20 - INFO - CSV length before appending: 747
2025-01-25 13:34:20 - INFO - Rounded timestamp: 2025-01-25 13:30:00, Last opentime in CSV: 2025-01-25 13:00:00
2025-01-25 13:34:20 - INFO - 2025-01-25 13:31:00 status: True, time: 1737811860000, calls: 1
2025-01-25 13:34:20 - INFO - 2025-01-25 13:31:00 status: True, time: 1737811860000, calls: 2
2025-01-25 13:34:20 - INFO - Duplicate timestamp detected. Stopping fetch.
2025-01-25 13:34:20 - INFO - before dropping :1
2025-01-25 13:34:20 - INFO - Empty DataFrame
Columns: [opentime, openprice, highprice, lowprice, closeprice]
Index: []
2025-01-25 13:34:20 - INFO - No new data to append.
2025-01-25 13:35:20 - INFO - Last opentime in CSV: 2025-01-25 13:00:00
2025-01-25 13:35:20 - INFO - CSV length before appending: 747
2025-01-25 13:35:20 - INFO - Rounded timestamp: 2025-01-25 13:30:00, Last opentime in CSV: 2025-01-25 13:00:00
2025-01-25 13:35:20 - INFO - 2025-01-25 13:31:00 status: True, time: 1737811860000, calls: 1
2025-01-25 13:35:20 - INFO - 2025-01-25 13:31:00 status: True, time: 1737811860000, calls: 2
2025-01-25 13:35:20 - INFO - Duplicate timestamp detected. Stopping fetch.
2025-01-25 13:35:20 - INFO - before dropping :1
2025-01-25 13:35:20 - INFO - Empty DataFrame
Columns: [opentime, openprice, highprice, lowprice, closeprice]
Index: []
2025-01-25 13:35:20 - INFO - No new data to append.
2025-01-25 13:36:20 - INFO - Last opentime in CSV: 2025-01-25 13:00:00
2025-01-25 13:36:20 - INFO - CSV length before appending: 747
2025-01-25 13:36:20 - INFO - Rounded timestamp: 2025-01-25 13:30:00, Last opentime in CSV: 2025-01-25 13:00:00
2025-01-25 13:36:21 - INFO - 2025-01-25 13:31:00 status: True, time: 1737811860000, calls: 1
2025-01-25 13:36:21 - INFO - 2025-01-25 13:31:00 status: True, time: 1737811860000, calls: 2
2025-01-25 13:36:21 - INFO - Duplicate timestamp detected. Stopping fetch.
2025-01-25 13:36:21 - INFO - before dropping :1
2025-01-25 13:36:21 - INFO - Empty DataFrame
Columns: [opentime, openprice, highprice, lowprice, closeprice]
Index: []
2025-01-25 13:36:21 - INFO - No new data to append.
2025-01-25 13:37:21 - INFO - Last opentime in CSV: 2025-01-25 13:00:00
2025-01-25 13:37:21 - INFO - CSV length before appending: 747
2025-01-25 13:37:21 - INFO - Rounded timestamp: 2025-01-25 13:30:00, Last opentime in CSV: 2025-01-25 13:00:00
2025-01-25 13:37:21 - INFO - 2025-01-25 13:31:00 status: True, time: 1737811860000, calls: 1
2025-01-25 13:37:21 - INFO - 2025-01-25 13:31:00 status: True, time: 1737811860000, calls: 2
2025-01-25 13:37:21 - INFO - Duplicate timestamp detected. Stopping fetch.
2025-01-25 13:37:21 - INFO - before dropping :1
2025-01-25 13:37:21 - INFO - Empty DataFrame
Columns: [opentime, openprice, highprice, lowprice, closeprice]
Index: []
2025-01-25 13:37:21 - INFO - No new data to append.
2025-01-25 13:38:21 - INFO - Last opentime in CSV: 2025-01-25 13:00:00
2025-01-25 13:38:21 - INFO - CSV length before appending: 747
2025-01-25 13:38:21 - INFO - Rounded timestamp: 2025-01-25 13:30:00, Last opentime in CSV: 2025-01-25 13:00:00
2025-01-25 13:38:21 - INFO - 2025-01-25 13:31:00 status: True, time: 1737811860000, calls: 1
2025-01-25 13:38:21 - INFO - 2025-01-25 13:31:00 status: True, time: 1737811860000, calls: 2
2025-01-25 13:38:21 - INFO - Duplicate timestamp detected. Stopping fetch.
2025-01-25 13:38:21 - INFO - before dropping :1
2025-01-25 13:38:21 - INFO - Empty DataFrame
Columns: [opentime, openprice, highprice, lowprice, closeprice]
Index: []
2025-01-25 13:38:21 - INFO - No new data to append.
2025-01-25 13:39:21 - INFO - Last opentime in CSV: 2025-01-25 13:00:00
2025-01-25 13:39:21 - INFO - CSV length before appending: 747
2025-01-25 13:39:21 - INFO - Rounded timestamp: 2025-01-25 13:30:00, Last opentime in CSV: 2025-01-25 13:00:00
2025-01-25 13:39:21 - INFO - 2025-01-25 13:31:00 status: True, time: 1737811860000, calls: 1
2025-01-25 13:39:21 - INFO - 2025-01-25 13:31:00 status: True, time: 1737811860000, calls: 2
2025-01-25 13:39:21 - INFO - Duplicate timestamp detected. Stopping fetch.
2025-01-25 13:39:21 - INFO - before dropping :1
2025-01-25 13:39:21 - INFO - Empty DataFrame
Columns: [opentime, openprice, highprice, lowprice, closeprice]
Index: []
2025-01-25 13:39:21 - INFO - No new data to append.
2025-01-25 13:40:21 - INFO - Last opentime in CSV: 2025-01-25 13:00:00
2025-01-25 13:40:21 - INFO - CSV length before appending: 747
2025-01-25 13:40:21 - INFO - Rounded timestamp: 2025-01-25 13:30:00, Last opentime in CSV: 2025-01-25 13:00:00
2025-01-25 13:40:22 - INFO - 2025-01-25 13:31:00 status: True, time: 1737811860000, calls: 1
2025-01-25 13:40:22 - INFO - 2025-01-25 13:31:00 status: True, time: 1737811860000, calls: 2
2025-01-25 13:40:22 - INFO - Duplicate timestamp detected. Stopping fetch.
2025-01-25 13:40:22 - INFO - before dropping :1
2025-01-25 13:40:22 - INFO - Empty DataFrame
Columns: [opentime, openprice, highprice, lowprice, closeprice]
Index: []
2025-01-25 13:40:22 - INFO - No new data to append.
2025-01-25 13:41:22 - INFO - Last opentime in CSV: 2025-01-25 13:00:00
2025-01-25 13:41:22 - INFO - CSV length before appending: 747
2025-01-25 13:41:22 - INFO - Rounded timestamp: 2025-01-25 13:30:00, Last opentime in CSV: 2025-01-25 13:00:00
2025-01-25 13:41:22 - INFO - 2025-01-25 13:31:00 status: True, time: 1737811860000, calls: 1
2025-01-25 13:41:22 - INFO - 2025-01-25 13:31:00 status: True, time: 1737811860000, calls: 2
2025-01-25 13:41:22 - INFO - Duplicate timestamp detected. Stopping fetch.
2025-01-25 13:41:22 - INFO - before dropping :1
2025-01-25 13:41:22 - INFO - Empty DataFrame
Columns: [opentime, openprice, highprice, lowprice, closeprice]
Index: []
2025-01-25 13:41:22 - INFO - No new data to append.
2025-01-25 13:42:22 - INFO - Last opentime in CSV: 2025-01-25 13:00:00
2025-01-25 13:42:22 - INFO - CSV length before appending: 747
2025-01-25 13:42:22 - INFO - Rounded timestamp: 2025-01-25 13:30:00, Last opentime in CSV: 2025-01-25 13:00:00
2025-01-25 13:42:22 - INFO - 2025-01-25 13:31:00 status: True, time: 1737811860000, calls: 1
2025-01-25 13:42:22 - INFO - 2025-01-25 13:31:00 status: True, time: 1737811860000, calls: 2
2025-01-25 13:42:22 - INFO - Duplicate timestamp detected. Stopping fetch.
2025-01-25 13:42:22 - INFO - before dropping :1
2025-01-25 13:42:22 - INFO - Empty DataFrame
Columns: [opentime, openprice, highprice, lowprice, closeprice]
Index: []
2025-01-25 13:42:22 - INFO - No new data to append.
2025-01-25 13:43:22 - INFO - Last opentime in CSV: 2025-01-25 13:00:00
2025-01-25 13:43:22 - INFO - CSV length before appending: 747
2025-01-25 13:43:22 - INFO - Rounded timestamp: 2025-01-25 13:30:00, Last opentime in CSV: 2025-01-25 13:00:00
2025-01-25 13:43:22 - INFO - 2025-01-25 13:31:00 status: True, time: 1737811860000, calls: 1
2025-01-25 13:43:23 - INFO - 2025-01-25 13:31:00 status: True, time: 1737811860000, calls: 2
2025-01-25 13:43:23 - INFO - Duplicate timestamp detected. Stopping fetch.
2025-01-25 13:43:23 - INFO - before dropping :1
2025-01-25 13:43:23 - INFO - Empty DataFrame
Columns: [opentime, openprice, highprice, lowprice, closeprice]
Index: []
2025-01-25 13:43:23 - INFO - No new data to append.
2025-01-25 13:44:23 - INFO - Last opentime in CSV: 2025-01-25 13:00:00
2025-01-25 13:44:23 - INFO - CSV length before appending: 747
2025-01-25 13:44:23 - INFO - Rounded timestamp: 2025-01-25 13:30:00, Last opentime in CSV: 2025-01-25 13:00:00
2025-01-25 13:44:23 - INFO - 2025-01-25 13:31:00 status: True, time: 1737811860000, calls: 1
2025-01-25 13:44:23 - INFO - 2025-01-25 13:31:00 status: True, time: 1737811860000, calls: 2
2025-01-25 13:44:23 - INFO - Duplicate timestamp detected. Stopping fetch.
2025-01-25 13:44:23 - INFO - before dropping :1
2025-01-25 13:44:23 - INFO - Empty DataFrame
Columns: [opentime, openprice, highprice, lowprice, closeprice]
Index: []
2025-01-25 13:44:23 - INFO - No new data to append.
2025-01-25 13:45:23 - INFO - Last opentime in CSV: 2025-01-25 13:00:00
2025-01-25 13:45:23 - INFO - CSV length before appending: 747
2025-01-25 13:45:23 - INFO - Rounded timestamp: 2025-01-25 13:30:00, Last opentime in CSV: 2025-01-25 13:00:00
2025-01-25 13:45:23 - INFO - 2025-01-25 13:31:00 status: True, time: 1737811860000, calls: 1
2025-01-25 13:45:23 - INFO - 2025-01-25 13:31:00 status: True, time: 1737811860000, calls: 2
2025-01-25 13:45:23 - INFO - Duplicate timestamp detected. Stopping fetch.
2025-01-25 13:45:23 - INFO - before dropping :1
2025-01-25 13:45:23 - INFO - Empty DataFrame
Columns: [opentime, openprice, highprice, lowprice, closeprice]
Index: []
2025-01-25 13:45:23 - INFO - No new data to append.
2025-01-25 13:46:23 - INFO - Last opentime in CSV: 2025-01-25 13:00:00
2025-01-25 13:46:23 - INFO - CSV length before appending: 747
2025-01-25 13:46:23 - INFO - Rounded timestamp: 2025-01-25 13:30:00, Last opentime in CSV: 2025-01-25 13:00:00
2025-01-25 13:46:23 - INFO - 2025-01-25 13:31:00 status: True, time: 1737811860000, calls: 1
2025-01-25 13:46:23 - INFO - 2025-01-25 13:31:00 status: True, time: 1737811860000, calls: 2
2025-01-25 13:46:23 - INFO - Duplicate timestamp detected. Stopping fetch.
2025-01-25 13:46:23 - INFO - before dropping :1
2025-01-25 13:46:23 - INFO - Empty DataFrame
Columns: [opentime, openprice, highprice, lowprice, closeprice]
Index: []
2025-01-25 13:46:23 - INFO - No new data to append.
2025-01-25 13:47:23 - INFO - Last opentime in CSV: 2025-01-25 13:00:00
2025-01-25 13:47:23 - INFO - CSV length before appending: 747
2025-01-25 13:47:23 - INFO - Rounded timestamp: 2025-01-25 13:30:00, Last opentime in CSV: 2025-01-25 13:00:00
2025-01-25 13:47:23 - INFO - 2025-01-25 13:31:00 status: True, time: 1737811860000, calls: 1
2025-01-25 13:47:23 - INFO - 2025-01-25 13:31:00 status: True, time: 1737811860000, calls: 2
2025-01-25 13:47:23 - INFO - Duplicate timestamp detected. Stopping fetch.
2025-01-25 13:47:23 - INFO - before dropping :1
2025-01-25 13:47:23 - INFO - Empty DataFrame
Columns: [opentime, openprice, highprice, lowprice, closeprice]
Index: []
2025-01-25 13:47:23 - INFO - No new data to append.
2025-01-25 13:48:23 - INFO - Last opentime in CSV: 2025-01-25 13:00:00
2025-01-25 13:48:23 - INFO - CSV length before appending: 747
2025-01-25 13:48:23 - INFO - Rounded timestamp: 2025-01-25 13:30:00, Last opentime in CSV: 2025-01-25 13:00:00
2025-01-25 13:48:23 - INFO - 2025-01-25 13:31:00 status: True, time: 1737811860000, calls: 1
2025-01-25 13:48:24 - INFO - 2025-01-25 13:31:00 status: True, time: 1737811860000, calls: 2
2025-01-25 13:48:24 - INFO - Duplicate timestamp detected. Stopping fetch.
2025-01-25 13:48:24 - INFO - before dropping :1
2025-01-25 13:48:24 - INFO - Empty DataFrame
Columns: [opentime, openprice, highprice, lowprice, closeprice]
Index: []
2025-01-25 13:48:24 - INFO - No new data to append.
2025-01-25 13:49:24 - INFO - Last opentime in CSV: 2025-01-25 13:00:00
2025-01-25 13:49:24 - INFO - CSV length before appending: 747
2025-01-25 13:49:24 - INFO - Rounded timestamp: 2025-01-25 13:30:00, Last opentime in CSV: 2025-01-25 13:00:00
2025-01-25 13:49:24 - INFO - 2025-01-25 13:31:00 status: True, time: 1737811860000, calls: 1
2025-01-25 13:49:24 - INFO - 2025-01-25 13:31:00 status: True, time: 1737811860000, calls: 2
2025-01-25 13:49:24 - INFO - Duplicate timestamp detected. Stopping fetch.
2025-01-25 13:49:24 - INFO - before dropping :1
2025-01-25 13:49:24 - INFO - Empty DataFrame
Columns: [opentime, openprice, highprice, lowprice, closeprice]
Index: []
2025-01-25 13:49:24 - INFO - No new data to append.
2025-01-25 13:50:24 - INFO - Last opentime in CSV: 2025-01-25 13:00:00
2025-01-25 13:50:24 - INFO - CSV length before appending: 747
2025-01-25 13:50:24 - INFO - Rounded timestamp: 2025-01-25 13:30:00, Last opentime in CSV: 2025-01-25 13:00:00
2025-01-25 13:50:24 - INFO - 2025-01-25 13:31:00 status: True, time: 1737811860000, calls: 1
2025-01-25 13:50:24 - INFO - 2025-01-25 13:31:00 status: True, time: 1737811860000, calls: 2
2025-01-25 13:50:24 - INFO - Duplicate timestamp detected. Stopping fetch.
2025-01-25 13:50:24 - INFO - before dropping :1
2025-01-25 13:50:24 - INFO - Empty DataFrame
Columns: [opentime, openprice, highprice, lowprice, closeprice]
Index: []
2025-01-25 13:50:24 - INFO - No new data to append.
2025-01-25 13:51:24 - INFO - Last opentime in CSV: 2025-01-25 13:00:00
2025-01-25 13:51:24 - INFO - CSV length before appending: 747
2025-01-25 13:51:24 - INFO - Rounded timestamp: 2025-01-25 13:30:00, Last opentime in CSV: 2025-01-25 13:00:00
2025-01-25 13:51:24 - INFO - 2025-01-25 13:31:00 status: True, time: 1737811860000, calls: 1
2025-01-25 13:51:24 - INFO - 2025-01-25 13:31:00 status: True, time: 1737811860000, calls: 2
2025-01-25 13:51:24 - INFO - Duplicate timestamp detected. Stopping fetch.
2025-01-25 13:51:24 - INFO - before dropping :1
2025-01-25 13:51:24 - INFO - Empty DataFrame
Columns: [opentime, openprice, highprice, lowprice, closeprice]
Index: []
2025-01-25 13:51:24 - INFO - No new data to append.
2025-01-25 13:52:24 - INFO - Last opentime in CSV: 2025-01-25 13:00:00
2025-01-25 13:52:24 - INFO - CSV length before appending: 747
2025-01-25 13:52:24 - INFO - Rounded timestamp: 2025-01-25 13:30:00, Last opentime in CSV: 2025-01-25 13:00:00
2025-01-25 13:52:24 - INFO - 2025-01-25 13:31:00 status: True, time: 1737811860000, calls: 1
2025-01-25 13:52:24 - INFO - 2025-01-25 13:31:00 status: True, time: 1737811860000, calls: 2
2025-01-25 13:52:24 - INFO - Duplicate timestamp detected. Stopping fetch.
2025-01-25 13:52:24 - INFO - before dropping :1
2025-01-25 13:52:24 - INFO - Empty DataFrame
Columns: [opentime, openprice, highprice, lowprice, closeprice]
Index: []
2025-01-25 13:52:24 - INFO - No new data to append.
2025-01-25 13:53:24 - INFO - Last opentime in CSV: 2025-01-25 13:00:00
2025-01-25 13:53:24 - INFO - CSV length before appending: 747
2025-01-25 13:53:24 - INFO - Rounded timestamp: 2025-01-25 13:30:00, Last opentime in CSV: 2025-01-25 13:00:00
2025-01-25 13:53:24 - INFO - 2025-01-25 13:31:00 status: True, time: 1737811860000, calls: 1
2025-01-25 13:53:24 - INFO - 2025-01-25 13:31:00 status: True, time: 1737811860000, calls: 2
2025-01-25 13:53:24 - INFO - Duplicate timestamp detected. Stopping fetch.
2025-01-25 13:53:24 - INFO - before dropping :1
2025-01-25 13:53:24 - INFO - Empty DataFrame
Columns: [opentime, openprice, highprice, lowprice, closeprice]
Index: []
2025-01-25 13:53:24 - INFO - No new data to append.
2025-01-25 13:54:24 - INFO - Last opentime in CSV: 2025-01-25 13:00:00
2025-01-25 13:54:24 - INFO - CSV length before appending: 747
2025-01-25 13:54:24 - INFO - Rounded timestamp: 2025-01-25 13:30:00, Last opentime in CSV: 2025-01-25 13:00:00
2025-01-25 13:54:25 - INFO - 2025-01-25 13:31:00 status: True, time: 1737811860000, calls: 1
2025-01-25 13:54:25 - INFO - 2025-01-25 13:31:00 status: True, time: 1737811860000, calls: 2
2025-01-25 13:54:25 - INFO - Duplicate timestamp detected. Stopping fetch.
2025-01-25 13:54:25 - INFO - before dropping :1
2025-01-25 13:54:25 - INFO - Empty DataFrame
Columns: [opentime, openprice, highprice, lowprice, closeprice]
Index: []
2025-01-25 13:54:25 - INFO - No new data to append.
2025-01-25 13:55:25 - INFO - Last opentime in CSV: 2025-01-25 13:00:00
2025-01-25 13:55:25 - INFO - CSV length before appending: 747
2025-01-25 13:55:25 - INFO - Rounded timestamp: 2025-01-25 13:30:00, Last opentime in CSV: 2025-01-25 13:00:00
2025-01-25 13:55:25 - INFO - 2025-01-25 13:31:00 status: True, time: 1737811860000, calls: 1
2025-01-25 13:55:25 - INFO - 2025-01-25 13:31:00 status: True, time: 1737811860000, calls: 2
2025-01-25 13:55:25 - INFO - Duplicate timestamp detected. Stopping fetch.
2025-01-25 13:55:25 - INFO - before dropping :1
2025-01-25 13:55:25 - INFO - Empty DataFrame
Columns: [opentime, openprice, highprice, lowprice, closeprice]
Index: []
2025-01-25 13:55:25 - INFO - No new data to append.
2025-01-25 13:56:25 - INFO - Last opentime in CSV: 2025-01-25 13:00:00
2025-01-25 13:56:25 - INFO - CSV length before appending: 747
2025-01-25 13:56:25 - INFO - Rounded timestamp: 2025-01-25 13:30:00, Last opentime in CSV: 2025-01-25 13:00:00
2025-01-25 13:56:25 - INFO - 2025-01-25 13:31:00 status: True, time: 1737811860000, calls: 1
2025-01-25 13:56:25 - INFO - 2025-01-25 13:31:00 status: True, time: 1737811860000, calls: 2
2025-01-25 13:56:25 - INFO - Duplicate timestamp detected. Stopping fetch.
2025-01-25 13:56:25 - INFO - before dropping :1
2025-01-25 13:56:25 - INFO - Empty DataFrame
Columns: [opentime, openprice, highprice, lowprice, closeprice]
Index: []
2025-01-25 13:56:25 - INFO - No new data to append.
2025-01-25 13:57:25 - INFO - Last opentime in CSV: 2025-01-25 13:00:00
2025-01-25 13:57:25 - INFO - CSV length before appending: 747
2025-01-25 13:57:25 - INFO - Rounded timestamp: 2025-01-25 13:30:00, Last opentime in CSV: 2025-01-25 13:00:00
2025-01-25 13:57:25 - INFO - 2025-01-25 13:31:00 status: True, time: 1737811860000, calls: 1
2025-01-25 13:57:25 - INFO - 2025-01-25 13:31:00 status: True, time: 1737811860000, calls: 2
2025-01-25 13:57:25 - INFO - Duplicate timestamp detected. Stopping fetch.
2025-01-25 13:57:25 - INFO - before dropping :1
2025-01-25 13:57:25 - INFO - Empty DataFrame
Columns: [opentime, openprice, highprice, lowprice, closeprice]
Index: []
2025-01-25 13:57:25 - INFO - No new data to append.
2025-01-25 13:58:25 - INFO - Last opentime in CSV: 2025-01-25 13:00:00
2025-01-25 13:58:25 - INFO - CSV length before appending: 747
2025-01-25 13:58:25 - INFO - Rounded timestamp: 2025-01-25 13:30:00, Last opentime in CSV: 2025-01-25 13:00:00
2025-01-25 13:58:25 - INFO - 2025-01-25 13:31:00 status: True, time: 1737811860000, calls: 1
2025-01-25 13:58:25 - INFO - 2025-01-25 13:31:00 status: True, time: 1737811860000, calls: 2
2025-01-25 13:58:25 - INFO - Duplicate timestamp detected. Stopping fetch.
2025-01-25 13:58:25 - INFO - before dropping :1
2025-01-25 13:58:25 - INFO - Empty DataFrame
Columns: [opentime, openprice, highprice, lowprice, closeprice]
Index: []
2025-01-25 13:58:25 - INFO - No new data to append.
2025-01-25 13:59:25 - INFO - Last opentime in CSV: 2025-01-25 13:00:00
2025-01-25 13:59:25 - INFO - CSV length before appending: 747
2025-01-25 13:59:25 - INFO - Rounded timestamp: 2025-01-25 13:30:00, Last opentime in CSV: 2025-01-25 13:00:00
2025-01-25 13:59:26 - INFO - 2025-01-25 13:31:00 status: True, time: 1737811860000, calls: 1
2025-01-25 13:59:26 - INFO - 2025-01-25 13:31:00 status: True, time: 1737811860000, calls: 2
2025-01-25 13:59:26 - INFO - Duplicate timestamp detected. Stopping fetch.
2025-01-25 13:59:26 - INFO - before dropping :1
2025-01-25 13:59:26 - INFO - Empty DataFrame
Columns: [opentime, openprice, highprice, lowprice, closeprice]
Index: []
2025-01-25 13:59:26 - INFO - No new data to append.
2025-01-25 14:00:26 - INFO - Last opentime in CSV: 2025-01-25 13:00:00
2025-01-25 14:00:26 - INFO - CSV length before appending: 747
2025-01-25 14:00:26 - INFO - Rounded timestamp: 2025-01-25 14:00:00, Last opentime in CSV: 2025-01-25 13:00:00
2025-01-25 14:00:26 - INFO - Reached endtime at 2025-01-25 14:01:00. Stopping fetch.
2025-01-25 14:00:26 - INFO - before dropping :2
2025-01-25 14:00:26 - INFO -         opentime  openprice  highprice  lowprice  closeprice
0  1737811800000     3.1216      3.126    3.1087      3.1132
2025-01-25 14:00:26 - INFO - 1 new rows fetched and appended successfully.
2025-01-25 14:00:26 - INFO - New CSV length after appending: 748
2025-01-25 14:00:26 - INFO - New data:           opentime  openprice  highprice  lowprice  closeprice
747  1737811800000     3.1216      3.126    3.1087      3.1132
2025-01-25 14:00:26 - INFO - New data fetched, processing now.
2025-01-25 14:00:26 - INFO - Last row:           opentime  openprice  ...  SUPERTl_10_3.0  SUPERTs_10_3.0
747  1737811800000     3.1216  ...             NaN        3.129574

[1 rows x 7 columns]
2025-01-25 14:00:26 - INFO - Supertrend indicator applied.
2025-01-25 14:00:26 - INFO - Last row:           opentime  openprice  ...  leading_span_a  leading_span_b
747  1737811800000     3.1216  ...        3.122625             NaN

[1 rows x 9 columns]
2025-01-25 14:00:26 - INFO - Ichimoku cloud indicator applied.
2025-01-25 14:00:26 - INFO - Previous up trend: nan
2025-01-25 14:00:26 - INFO - Current up trend: nan
2025-01-25 14:00:26 - INFO - Trend: unchange
2025-01-25 14:00:26 - INFO - Active Position: 1
2025-01-25 14:00:26 - INFO - Suggested Action: Short
2025-01-25 14:00:26 - INFO - Previous Action: None
2025-01-25 14:00:26 - INFO - Suggested Action: Short
2025-01-25 14:00:26 - INFO - Active Position: 1
2025-01-25 14:00:26 - INFO - USDT Available Balance: 24877.26602107
2025-01-25 14:00:26 - INFO - Determined Trade Amount: 30 USDT
2025-01-25 14:00:26 - INFO - Current XRPUSDT Mark Price: 3.1142
2025-01-25 14:00:26 - INFO - Expected XRPUSDT Amount: 9
2025-01-25 14:00:26 - INFO - Current Opened XRPUSDT Amount: 0.0
2025-01-25 14:00:26 - INFO - at: 2025-01-25 13:30:00 - No action taken
2025-01-25 14:01:26 - INFO - Last opentime in CSV: 2025-01-25 13:30:00
2025-01-25 14:01:26 - INFO - CSV length before appending: 748
2025-01-25 14:01:26 - INFO - Rounded timestamp: 2025-01-25 14:00:00, Last opentime in CSV: 2025-01-25 13:30:00
2025-01-25 14:01:26 - INFO - 2025-01-25 14:01:00 status: True, time: 1737813660000, calls: 1
2025-01-25 14:01:26 - INFO - 2025-01-25 14:01:00 status: True, time: 1737813660000, calls: 2
2025-01-25 14:01:26 - INFO - Duplicate timestamp detected. Stopping fetch.
2025-01-25 14:01:26 - INFO - before dropping :1
2025-01-25 14:01:26 - INFO - Empty DataFrame
Columns: [opentime, openprice, highprice, lowprice, closeprice]
Index: []
2025-01-25 14:01:26 - INFO - No new data to append.
2025-01-25 14:02:26 - INFO - Last opentime in CSV: 2025-01-25 13:30:00
2025-01-25 14:02:26 - INFO - CSV length before appending: 748
2025-01-25 14:02:26 - INFO - Rounded timestamp: 2025-01-25 14:00:00, Last opentime in CSV: 2025-01-25 13:30:00
2025-01-25 14:02:26 - INFO - 2025-01-25 14:01:00 status: True, time: 1737813660000, calls: 1
2025-01-25 14:02:26 - INFO - 2025-01-25 14:01:00 status: True, time: 1737813660000, calls: 2
2025-01-25 14:02:26 - INFO - Duplicate timestamp detected. Stopping fetch.
2025-01-25 14:02:26 - INFO - before dropping :1
2025-01-25 14:02:26 - INFO - Empty DataFrame
Columns: [opentime, openprice, highprice, lowprice, closeprice]
Index: []
2025-01-25 14:02:26 - INFO - No new data to append.
2025-01-25 14:03:26 - INFO - Last opentime in CSV: 2025-01-25 13:30:00
2025-01-25 14:03:26 - INFO - CSV length before appending: 748
2025-01-25 14:03:26 - INFO - Rounded timestamp: 2025-01-25 14:00:00, Last opentime in CSV: 2025-01-25 13:30:00
2025-01-25 14:03:27 - INFO - 2025-01-25 14:01:00 status: True, time: 1737813660000, calls: 1
2025-01-25 14:03:27 - INFO - 2025-01-25 14:01:00 status: True, time: 1737813660000, calls: 2
2025-01-25 14:03:27 - INFO - Duplicate timestamp detected. Stopping fetch.
2025-01-25 14:03:27 - INFO - before dropping :1
2025-01-25 14:03:27 - INFO - Empty DataFrame
Columns: [opentime, openprice, highprice, lowprice, closeprice]
Index: []
2025-01-25 14:03:27 - INFO - No new data to append.
2025-01-25 14:04:27 - INFO - Last opentime in CSV: 2025-01-25 13:30:00
2025-01-25 14:04:27 - INFO - CSV length before appending: 748
2025-01-25 14:04:27 - INFO - Rounded timestamp: 2025-01-25 14:00:00, Last opentime in CSV: 2025-01-25 13:30:00
2025-01-25 14:04:27 - INFO - 2025-01-25 14:01:00 status: True, time: 1737813660000, calls: 1
2025-01-25 14:04:27 - INFO - 2025-01-25 14:01:00 status: True, time: 1737813660000, calls: 2
2025-01-25 14:04:27 - INFO - Duplicate timestamp detected. Stopping fetch.
2025-01-25 14:04:27 - INFO - before dropping :1
2025-01-25 14:04:27 - INFO - Empty DataFrame
Columns: [opentime, openprice, highprice, lowprice, closeprice]
Index: []
2025-01-25 14:04:27 - INFO - No new data to append.
2025-01-25 14:05:27 - INFO - Last opentime in CSV: 2025-01-25 13:30:00
2025-01-25 14:05:27 - INFO - CSV length before appending: 748
2025-01-25 14:05:27 - INFO - Rounded timestamp: 2025-01-25 14:00:00, Last opentime in CSV: 2025-01-25 13:30:00
2025-01-25 14:05:27 - INFO - 2025-01-25 14:01:00 status: True, time: 1737813660000, calls: 1
2025-01-25 14:05:27 - INFO - 2025-01-25 14:01:00 status: True, time: 1737813660000, calls: 2
2025-01-25 14:05:27 - INFO - Duplicate timestamp detected. Stopping fetch.
2025-01-25 14:05:27 - INFO - before dropping :1
2025-01-25 14:05:27 - INFO - Empty DataFrame
Columns: [opentime, openprice, highprice, lowprice, closeprice]
Index: []
2025-01-25 14:05:27 - INFO - No new data to append.
2025-01-25 14:06:27 - INFO - Last opentime in CSV: 2025-01-25 13:30:00
2025-01-25 14:06:27 - INFO - CSV length before appending: 748
2025-01-25 14:06:27 - INFO - Rounded timestamp: 2025-01-25 14:00:00, Last opentime in CSV: 2025-01-25 13:30:00
2025-01-25 14:06:27 - INFO - 2025-01-25 14:01:00 status: True, time: 1737813660000, calls: 1
2025-01-25 14:06:27 - INFO - 2025-01-25 14:01:00 status: True, time: 1737813660000, calls: 2
2025-01-25 14:06:27 - INFO - Duplicate timestamp detected. Stopping fetch.
2025-01-25 14:06:27 - INFO - before dropping :1
2025-01-25 14:06:27 - INFO - Empty DataFrame
Columns: [opentime, openprice, highprice, lowprice, closeprice]
Index: []
2025-01-25 14:06:27 - INFO - No new data to append.
2025-01-25 14:07:27 - INFO - Last opentime in CSV: 2025-01-25 13:30:00
2025-01-25 14:07:27 - INFO - CSV length before appending: 748
2025-01-25 14:07:27 - INFO - Rounded timestamp: 2025-01-25 14:00:00, Last opentime in CSV: 2025-01-25 13:30:00
2025-01-25 14:07:27 - INFO - 2025-01-25 14:01:00 status: True, time: 1737813660000, calls: 1
2025-01-25 14:07:27 - INFO - 2025-01-25 14:01:00 status: True, time: 1737813660000, calls: 2
2025-01-25 14:07:27 - INFO - Duplicate timestamp detected. Stopping fetch.
2025-01-25 14:07:27 - INFO - before dropping :1
2025-01-25 14:07:27 - INFO - Empty DataFrame
Columns: [opentime, openprice, highprice, lowprice, closeprice]
Index: []
2025-01-25 14:07:27 - INFO - No new data to append.
2025-01-25 14:08:27 - INFO - Last opentime in CSV: 2025-01-25 13:30:00
2025-01-25 14:08:27 - INFO - CSV length before appending: 748
2025-01-25 14:08:27 - INFO - Rounded timestamp: 2025-01-25 14:00:00, Last opentime in CSV: 2025-01-25 13:30:00
2025-01-25 14:08:28 - INFO - 2025-01-25 14:01:00 status: True, time: 1737813660000, calls: 1
2025-01-25 14:08:28 - INFO - 2025-01-25 14:01:00 status: True, time: 1737813660000, calls: 2
2025-01-25 14:08:28 - INFO - Duplicate timestamp detected. Stopping fetch.
2025-01-25 14:08:28 - INFO - before dropping :1
2025-01-25 14:08:28 - INFO - Empty DataFrame
Columns: [opentime, openprice, highprice, lowprice, closeprice]
Index: []
2025-01-25 14:08:28 - INFO - No new data to append.
