2025-01-26 06:09:34 - INFO - Trading symbol: SOLUSDT, Log file: binance_stic_sol_bot_25k_20250126060934
2025-01-26 06:09:35 - INFO - Server Time:
2025-01-26 06:09:35 - INFO - USDT Available Balance: 24678.13459137
2025-01-26 06:09:35 - INFO - Determined Trade Amount: 300 USDT
2025-01-26 06:09:35 - INFO - Active Position Initiation: 0
2025-01-26 06:09:35 - INFO - USDT Available Balance: 24678.13459137
2025-01-26 06:09:35 - INFO - Determined Trade Amount: 300 USDT
2025-01-26 06:09:35 - INFO - Last opentime in CSV: 2025-01-26 05:00:00
2025-01-26 06:09:35 - INFO - CSV length before appending: 850
2025-01-26 06:09:35 - INFO - Rounded timestamp: 2025-01-26 06:00:00, Last opentime in CSV: 2025-01-26 05:00:00
2025-01-26 06:09:35 - INFO - 2025-01-26 06:01:00 status: True, time: 1737871260000, calls: 1
2025-01-26 06:09:35 - INFO - 2025-01-26 06:01:00 status: True, time: 1737871260000, calls: 2
2025-01-26 06:09:35 - INFO - Duplicate timestamp detected. Stopping fetch.
2025-01-26 06:09:35 - INFO - before dropping :2
2025-01-26 06:09:35 - INFO -         opentime  openprice  highprice  lowprice  closeprice
0  1737869400000     257.85     258.49    257.21      257.64
2025-01-26 06:09:35 - INFO - 1 new rows fetched and appended successfully.
2025-01-26 06:09:35 - INFO - New CSV length after appending: 851
2025-01-26 06:09:35 - INFO - New data:           opentime  openprice  highprice  lowprice  closeprice
850  1737869400000     257.85     258.49    257.21      257.64
2025-01-26 06:09:35 - INFO - New data fetched, processing now.
2025-01-26 06:09:35 - INFO - Last row:           opentime  openprice  ...  SUPERTl_10_3.0  SUPERTs_10_3.0
850  1737869400000     257.85  ...      252.989517             NaN

[1 rows x 7 columns]
2025-01-26 06:09:35 - INFO - Supertrend indicator applied.
2025-01-26 06:09:35 - INFO - Last row:           opentime  openprice  ...  leading_span_a  leading_span_b
850  1737869400000     257.85  ...         251.765             NaN

[1 rows x 9 columns]
2025-01-26 06:09:35 - INFO - Ichimoku cloud indicator applied.
2025-01-26 06:09:35 - INFO - Previous up trend: 252.98951730488463
2025-01-26 06:09:35 - INFO - Current up trend: 252.98951730488463
2025-01-26 06:09:35 - INFO - Trend: unchange
2025-01-26 06:09:35 - INFO - Active Position: 0
2025-01-26 06:09:35 - INFO - Suggested Action: Long
2025-01-26 06:09:35 - INFO - Suggestion : Long, Previous ACtion None, Active Position: 0
2025-01-26 06:09:35 - INFO - Previous Action: None
2025-01-26 06:09:35 - INFO - Suggested Action: Long
2025-01-26 06:09:35 - INFO - Active Position: 0
2025-01-26 06:09:35 - INFO - USDT Available Balance: 24678.13459137
2025-01-26 06:09:35 - INFO - Determined Trade Amount: 300 USDT
2025-01-26 06:09:35 - INFO - Current SOLUSDT Mark Price: 258.2
2025-01-26 06:09:35 - INFO - Expected SOLUSDT Amount: 1
2025-01-26 06:09:36 - INFO - Creating take-profit order with params: {'symbol': 'SOLUSDT', 'side': 'SELL', 'type': 'TAKE_PROFIT_MARKET', 'stopPrice': 264.91, 'closePosition': True, 'workingType': 'MARK_PRICE', 'priceProtect': True}
2025-01-26 06:09:36 - INFO - Take-profit order created: {'orderId': 94673980543, 'symbol': 'SOLUSDT', 'status': 'NEW', 'clientOrderId': 'ZmWvDagpEd8ZCzUHePZ4Fm', 'price': '0.0000', 'avgPrice': '0.00', 'origQty': '0', 'executedQty': '0', 'cumQty': '0', 'cumQuote': '0.0000', 'timeInForce': 'GTC', 'type': 'TAKE_PROFIT_MARKET', 'reduceOnly': True, 'closePosition': True, 'side': 'SELL', 'positionSide': 'BOTH', 'stopPrice': '264.9100', 'workingType': 'MARK_PRICE', 'priceProtect': True, 'origType': 'TAKE_PROFIT_MARKET', 'priceMatch': 'NONE', 'selfTradePreventionMode': 'EXPIRE_MAKER', 'goodTillDate': 0, 'updateTime': 1737871776297}
2025-01-26 06:09:36 - INFO - Creating stop-loss order with params: {'symbol': 'SOLUSDT', 'side': 'SELL', 'type': 'STOP_MARKET', 'stopPrice': 250.97, 'closePosition': True, 'workingType': 'MARK_PRICE', 'priceProtect': True}
2025-01-26 06:09:36 - INFO - Stop-loss order created: {'orderId': 94673981633, 'symbol': 'SOLUSDT', 'status': 'NEW', 'clientOrderId': 'aFaZ2O4SVjFpGDgXvjcnhR', 'price': '0.0000', 'avgPrice': '0.00', 'origQty': '0', 'executedQty': '0', 'cumQty': '0', 'cumQuote': '0.0000', 'timeInForce': 'GTC', 'type': 'STOP_MARKET', 'reduceOnly': True, 'closePosition': True, 'side': 'SELL', 'positionSide': 'BOTH', 'stopPrice': '250.9700', 'workingType': 'MARK_PRICE', 'priceProtect': True, 'origType': 'STOP_MARKET', 'priceMatch': 'NONE', 'selfTradePreventionMode': 'EXPIRE_MAKER', 'goodTillDate': 0, 'updateTime': 1737871776510}
2025-01-26 06:09:36 - INFO - at: 2025-01-26 05:30:00 - Open Long
