2025-01-24 02:54:48 - INFO - Trading symbol: SUIUSDT, Log file: binance_stic_sui_bot_25k_20250124025448
2025-01-24 02:54:48 - INFO - USDT Available Balance: 24804.74739844
2025-01-24 02:54:48 - INFO - Determined Trade Amount: 815.9456381065789 USDT
2025-01-24 02:54:48 - INFO - USDT Available Balance: 24804.74739844
2025-01-24 02:54:48 - INFO - Determined Trade Amount: 815.9456381065789 USDT
2025-01-24 02:54:48 - INFO - Last opentime in CSV: 2025-01-18 08:00:00
2025-01-24 02:54:48 - INFO - CSV length before appending: 401
2025-01-24 02:54:48 - INFO - Rounded timestamp: 2025-01-24 02:30:00, Last opentime in CSV: 2025-01-18 08:00:00
2025-01-24 02:54:48 - INFO - 2025-01-24 02:31:00 status: True, time: 1737685860000, calls: 1
2025-01-24 02:54:48 - INFO - 2025-01-24 02:31:00 status: True, time: 1737685860000, calls: 2
2025-01-24 02:54:48 - INFO - Duplicate timestamp detected. Stopping fetch.
2025-01-24 02:54:48 - INFO - before dropping :277
2025-01-24 02:54:48 - INFO -           opentime  openprice  highprice  lowprice  closeprice
0    1737189000000     4.6777     4.7068    4.6682      4.6950
1    1737190800000     4.6950     4.7083    4.6690      4.6758
2    1737192600000     4.6758     4.6776    4.6404      4.6754
3    1737194400000     4.6754     4.6848    4.6352      4.6527
4    1737196200000     4.6525     4.6666    4.6100      4.6527
..             ...        ...        ...       ...         ...
271  1737676800000     4.3021     4.3249    4.2751      4.2844
272  1737678600000     4.2844     4.2852    4.2058      4.2154
273  1737680400000     4.2155     4.2469    4.2045      4.2454
274  1737682200000     4.2451     4.2554    4.1783      4.1842
275  1737684000000     4.1843     4.2017    4.1650      4.1961

[276 rows x 5 columns]
2025-01-24 02:54:48 - INFO - 276 new rows fetched and appended successfully.
2025-01-24 02:54:48 - INFO - New CSV length after appending: 677
2025-01-24 02:54:48 - INFO - New data:           opentime  openprice  highprice  lowprice  closeprice
676  1737684000000     4.1843     4.2017     4.165      4.1961
2025-01-24 02:54:48 - INFO - New data fetched, processing now.
2025-01-24 02:54:48 - INFO - Last row:           opentime  openprice  ...  SUPERTl_10_3.0  SUPERTs_10_3.0
676  1737684000000     4.1843  ...             NaN        4.390409

[1 rows x 7 columns]
2025-01-24 02:54:48 - INFO - Supertrend indicator applied.
2025-01-24 02:54:48 - INFO - Last row:           opentime  openprice  ...  leading_span_a  leading_span_b
676  1737684000000     4.1843  ...        4.343775             NaN

[1 rows x 9 columns]
2025-01-24 02:54:48 - INFO - Ichimoku cloud indicator applied.
2025-01-24 02:54:48 - INFO - Previous up trend: nan
2025-01-24 02:54:48 - INFO - Current up trend: nan
2025-01-24 02:54:48 - INFO - Trend: unchange
2025-01-24 02:54:48 - INFO - Suggested Action: Short
2025-01-24 02:54:48 - INFO - Previous Action: None
2025-01-24 02:54:48 - INFO - Suggested Action: Short
2025-01-24 02:54:48 - INFO - USDT Available Balance: 24804.74739844
2025-01-24 02:54:48 - INFO - Determined Trade Amount: 815.9456381065789 USDT
2025-01-24 02:54:49 - INFO - Current SUIUSDT Mark Price: 4.18191205
2025-01-24 02:54:49 - INFO - Expected SUIUSDT Amount: 11
2025-01-24 02:54:49 - INFO - Current Opened SUIUSDT Amount: 0.0
2025-01-24 02:54:49 - ERROR - API request failed: 400 Client Error: Bad Request for url: https://fapi.binance.com/fapi/v1/order?symbol=SUIUSDT&side=BUY&type=TAKE_PROFIT_MARKET&quantity=5&stopPrice=4.432826773&reduceOnly=True&timestamp=1737687289103&signature=019519530b7ab51af7dc14892bce5bb868a35d3fe7b7864b853e2076546d5dbb
2025-01-24 02:54:49 - INFO - Take Profit order placed: None
2025-01-24 02:54:49 - ERROR - API request failed: 400 Client Error: Bad Request for url: https://fapi.binance.com/fapi/v1/order?symbol=SUIUSDT&side=SELL&type=LIMIT&quantity=5&reduceOnly=False&price=4.014635568&timestamp=1737687289201&signature=0d6d698e3278c9f971131f794be79a90fa07113a6de4e6d83523efe56070e848
2025-01-24 02:54:49 - INFO - at: 2025-01-24 02:00:00 - Open Short
2025-01-24 02:55:49 - INFO - Last opentime in CSV: 2025-01-24 02:00:00
2025-01-24 02:55:49 - INFO - CSV length before appending: 677
2025-01-24 02:55:49 - INFO - Rounded timestamp: 2025-01-24 02:30:00, Last opentime in CSV: 2025-01-24 02:00:00
2025-01-24 02:55:49 - INFO - 2025-01-24 02:31:00 status: True, time: 1737685860000, calls: 1
2025-01-24 02:55:49 - INFO - 2025-01-24 02:31:00 status: True, time: 1737685860000, calls: 2
2025-01-24 02:55:49 - INFO - Duplicate timestamp detected. Stopping fetch.
2025-01-24 02:55:49 - INFO - before dropping :1
2025-01-24 02:55:49 - INFO - Empty DataFrame
Columns: [opentime, openprice, highprice, lowprice, closeprice]
Index: []
2025-01-24 02:55:49 - INFO - No new data to append.
2025-01-24 02:56:49 - INFO - Last opentime in CSV: 2025-01-24 02:00:00
2025-01-24 02:56:49 - INFO - CSV length before appending: 677
2025-01-24 02:56:49 - INFO - Rounded timestamp: 2025-01-24 02:30:00, Last opentime in CSV: 2025-01-24 02:00:00
2025-01-24 02:56:49 - INFO - 2025-01-24 02:31:00 status: True, time: 1737685860000, calls: 1
2025-01-24 02:56:50 - INFO - 2025-01-24 02:31:00 status: True, time: 1737685860000, calls: 2
2025-01-24 02:56:50 - INFO - Duplicate timestamp detected. Stopping fetch.
2025-01-24 02:56:50 - INFO - before dropping :1
2025-01-24 02:56:50 - INFO - Empty DataFrame
Columns: [opentime, openprice, highprice, lowprice, closeprice]
Index: []
2025-01-24 02:56:50 - INFO - No new data to append.
2025-01-24 02:57:50 - INFO - Last opentime in CSV: 2025-01-24 02:00:00
2025-01-24 02:57:50 - INFO - CSV length before appending: 677
2025-01-24 02:57:50 - INFO - Rounded timestamp: 2025-01-24 02:30:00, Last opentime in CSV: 2025-01-24 02:00:00
2025-01-24 02:57:50 - INFO - 2025-01-24 02:31:00 status: True, time: 1737685860000, calls: 1
2025-01-24 02:57:50 - INFO - 2025-01-24 02:31:00 status: True, time: 1737685860000, calls: 2
2025-01-24 02:57:50 - INFO - Duplicate timestamp detected. Stopping fetch.
2025-01-24 02:57:50 - INFO - before dropping :1
2025-01-24 02:57:50 - INFO - Empty DataFrame
Columns: [opentime, openprice, highprice, lowprice, closeprice]
Index: []
2025-01-24 02:57:50 - INFO - No new data to append.
