2025-01-24 16:33:19 - INFO - Trading symbol: SOLUSDT, Log file: binance_stic_sol_bot_25k_20250124163319
2025-01-24 16:33:20 - INFO - USDT Available Balance: 24852.06549648
2025-01-24 16:33:20 - INFO - Determined Trade Amount: 300 USDT
2025-01-24 16:33:20 - INFO - USDT Available Balance: 24852.06549648
2025-01-24 16:33:20 - INFO - Determined Trade Amount: 1941.5676169125 USDT
2025-01-24 16:33:20 - INFO - Last opentime in CSV: 2025-01-21 11:00:00
2025-01-24 16:33:20 - INFO - CSV length before appending: 622
2025-01-24 16:33:20 - INFO - Rounded timestamp: 2025-01-24 16:30:00, Last opentime in CSV: 2025-01-21 11:00:00
2025-01-24 16:33:20 - INFO - 2025-01-24 16:31:00 status: True, time: 1737736260000, calls: 1
2025-01-24 16:33:20 - INFO - 2025-01-24 16:31:00 status: True, time: 1737736260000, calls: 2
2025-01-24 16:33:20 - INFO - Duplicate timestamp detected. Stopping fetch.
2025-01-24 16:33:20 - INFO - before dropping :155
2025-01-24 16:33:20 - INFO -           opentime  openprice  highprice  lowprice  closeprice
0    1737459000000     241.09     241.22    237.00      239.34
1    1737460800000     239.35     242.74    236.88      241.60
2    1737462600000     241.60     242.00    240.36      240.83
3    1737464400000     240.82     244.16    239.23      241.34
4    1737466200000     241.34     242.34    239.60      241.17
..             ...        ...        ...       ...         ...
149  1737727200000     266.79     269.77    265.90      269.21
150  1737729000000     269.22     270.11    266.42      268.09
151  1737730800000     268.09     268.87    263.85      264.02
152  1737732600000     264.00     264.09    260.71      262.11
153  1737734400000     262.12     264.67    261.82      263.71

[154 rows x 5 columns]
2025-01-24 16:33:20 - INFO - 154 new rows fetched and appended successfully.
2025-01-24 16:33:20 - INFO - New CSV length after appending: 776
2025-01-24 16:33:20 - INFO - New data:           opentime  openprice  highprice  lowprice  closeprice
775  1737734400000     262.12     264.67    261.82      263.71
2025-01-24 16:33:20 - INFO - New data fetched, processing now.
2025-01-24 16:33:20 - INFO - Last row:           opentime  openprice  ...  SUPERTl_10_3.0  SUPERTs_10_3.0
775  1737734400000     262.12  ...      259.181634             NaN

[1 rows x 7 columns]
2025-01-24 16:33:20 - INFO - Supertrend indicator applied.
2025-01-24 16:33:20 - INFO - Last row:           opentime  openprice  ...  leading_span_a  leading_span_b
775  1737734400000     262.12  ...          251.32             NaN

[1 rows x 9 columns]
2025-01-24 16:33:20 - INFO - Ichimoku cloud indicator applied.
2025-01-24 16:33:20 - INFO - Previous up trend: 259.181633718443
2025-01-24 16:33:20 - INFO - Current up trend: 259.181633718443
2025-01-24 16:33:20 - INFO - Trend: unchange
2025-01-24 16:33:20 - INFO - Active Position: 1
2025-01-24 16:33:20 - INFO - Suggested Action: Long
2025-01-24 16:33:20 - INFO - Previous Action: None
2025-01-24 16:33:20 - INFO - Suggested Action: Long
2025-01-24 16:33:20 - INFO - Active Position: 1
2025-01-24 16:33:20 - INFO - USDT Available Balance: 24852.06549648
2025-01-24 16:33:20 - INFO - Datermined Trade Amount: 30 USDT
2025-01-24 16:33:20 - INFO - Current SOLUSDT Mark Price: 263.24
2025-01-24 16:33:20 - INFO - Expected SOLUSDT Amount: 0
2025-01-24 16:33:20 - INFO - Current Opened SOLUSDT Amount: 0.0
2025-01-24 16:33:20 - INFO - at: 2025-01-24 16:00:00 - No action taken
