2025-01-24 12:47:48 - INFO - Trading symbol: SUIUSDT, Log file: binance_stic_sui_bot_25k_20250124124748
2025-01-24 12:47:48 - INFO - USDT Available Balance: 19851.92667847
2025-01-24 12:47:48 - INFO - Determined Trade Amount: 30 USDT
2025-01-24 12:47:48 - INFO - Last opentime in CSV: 2025-01-24 12:00:00
2025-01-24 12:47:48 - INFO - CSV length before appending: 697
2025-01-24 12:47:48 - INFO - Rounded timestamp: 2025-01-24 12:30:00, Last opentime in CSV: 2025-01-24 12:00:00
2025-01-24 12:47:48 - INFO - 2025-01-24 12:31:00 status: True, time: 1737721860000, calls: 1
2025-01-24 12:47:48 - INFO - 2025-01-24 12:31:00 status: True, time: 1737721860000, calls: 2
2025-01-24 12:47:48 - INFO - Duplicate timestamp detected. Stopping fetch.
2025-01-24 12:47:48 - INFO - before dropping :1
2025-01-24 12:47:48 - INFO - Empty DataFrame
Columns: [opentime, openprice, highprice, lowprice, closeprice]
Index: []
2025-01-24 12:47:48 - INFO - No new data to append.
2025-01-24 12:48:48 - INFO - Last opentime in CSV: 2025-01-24 12:00:00
2025-01-24 12:48:48 - INFO - CSV length before appending: 697
2025-01-24 12:48:48 - INFO - Rounded timestamp: 2025-01-24 12:30:00, Last opentime in CSV: 2025-01-24 12:00:00
2025-01-24 12:48:49 - INFO - 2025-01-24 12:31:00 status: True, time: 1737721860000, calls: 1
2025-01-24 12:48:49 - INFO - 2025-01-24 12:31:00 status: True, time: 1737721860000, calls: 2
2025-01-24 12:48:49 - INFO - Duplicate timestamp detected. Stopping fetch.
2025-01-24 12:48:49 - INFO - before dropping :1
2025-01-24 12:48:49 - INFO - Empty DataFrame
Columns: [opentime, openprice, highprice, lowprice, closeprice]
Index: []
2025-01-24 12:48:49 - INFO - No new data to append.
2025-01-24 12:49:49 - INFO - Last opentime in CSV: 2025-01-24 12:00:00
2025-01-24 12:49:49 - INFO - CSV length before appending: 697
2025-01-24 12:49:49 - INFO - Rounded timestamp: 2025-01-24 12:30:00, Last opentime in CSV: 2025-01-24 12:00:00
2025-01-24 12:49:49 - INFO - 2025-01-24 12:31:00 status: True, time: 1737721860000, calls: 1
2025-01-24 12:49:49 - INFO - 2025-01-24 12:31:00 status: True, time: 1737721860000, calls: 2
2025-01-24 12:49:49 - INFO - Duplicate timestamp detected. Stopping fetch.
2025-01-24 12:49:49 - INFO - before dropping :1
2025-01-24 12:49:49 - INFO - Empty DataFrame
Columns: [opentime, openprice, highprice, lowprice, closeprice]
Index: []
2025-01-24 12:49:49 - INFO - No new data to append.
2025-01-24 12:50:49 - INFO - Last opentime in CSV: 2025-01-24 12:00:00
2025-01-24 12:50:49 - INFO - CSV length before appending: 697
2025-01-24 12:50:49 - INFO - Rounded timestamp: 2025-01-24 12:30:00, Last opentime in CSV: 2025-01-24 12:00:00
2025-01-24 12:50:49 - INFO - 2025-01-24 12:31:00 status: True, time: 1737721860000, calls: 1
2025-01-24 12:50:49 - INFO - 2025-01-24 12:31:00 status: True, time: 1737721860000, calls: 2
2025-01-24 12:50:49 - INFO - Duplicate timestamp detected. Stopping fetch.
2025-01-24 12:50:49 - INFO - before dropping :1
2025-01-24 12:50:49 - INFO - Empty DataFrame
Columns: [opentime, openprice, highprice, lowprice, closeprice]
Index: []
2025-01-24 12:50:49 - INFO - No new data to append.
2025-01-24 12:51:49 - INFO - Last opentime in CSV: 2025-01-24 12:00:00
2025-01-24 12:51:49 - INFO - CSV length before appending: 697
2025-01-24 12:51:49 - INFO - Rounded timestamp: 2025-01-24 12:30:00, Last opentime in CSV: 2025-01-24 12:00:00
2025-01-24 12:51:49 - INFO - 2025-01-24 12:31:00 status: True, time: 1737721860000, calls: 1
2025-01-24 12:51:49 - INFO - 2025-01-24 12:31:00 status: True, time: 1737721860000, calls: 2
2025-01-24 12:51:49 - INFO - Duplicate timestamp detected. Stopping fetch.
2025-01-24 12:51:49 - INFO - before dropping :1
2025-01-24 12:51:49 - INFO - Empty DataFrame
Columns: [opentime, openprice, highprice, lowprice, closeprice]
Index: []
2025-01-24 12:51:49 - INFO - No new data to append.
2025-01-24 12:52:49 - INFO - Last opentime in CSV: 2025-01-24 12:00:00
2025-01-24 12:52:49 - INFO - CSV length before appending: 697
2025-01-24 12:52:49 - INFO - Rounded timestamp: 2025-01-24 12:30:00, Last opentime in CSV: 2025-01-24 12:00:00
2025-01-24 12:52:50 - INFO - 2025-01-24 12:31:00 status: True, time: 1737721860000, calls: 1
2025-01-24 12:52:50 - INFO - 2025-01-24 12:31:00 status: True, time: 1737721860000, calls: 2
2025-01-24 12:52:50 - INFO - Duplicate timestamp detected. Stopping fetch.
2025-01-24 12:52:50 - INFO - before dropping :1
2025-01-24 12:52:50 - INFO - Empty DataFrame
Columns: [opentime, openprice, highprice, lowprice, closeprice]
Index: []
2025-01-24 12:52:50 - INFO - No new data to append.
2025-01-24 12:53:50 - INFO - Last opentime in CSV: 2025-01-24 12:00:00
2025-01-24 12:53:50 - INFO - CSV length before appending: 697
2025-01-24 12:53:50 - INFO - Rounded timestamp: 2025-01-24 12:30:00, Last opentime in CSV: 2025-01-24 12:00:00
2025-01-24 12:53:50 - INFO - 2025-01-24 12:31:00 status: True, time: 1737721860000, calls: 1
2025-01-24 12:53:50 - INFO - 2025-01-24 12:31:00 status: True, time: 1737721860000, calls: 2
2025-01-24 12:53:50 - INFO - Duplicate timestamp detected. Stopping fetch.
2025-01-24 12:53:50 - INFO - before dropping :1
2025-01-24 12:53:50 - INFO - Empty DataFrame
Columns: [opentime, openprice, highprice, lowprice, closeprice]
Index: []
2025-01-24 12:53:50 - INFO - No new data to append.
2025-01-24 12:54:50 - INFO - Last opentime in CSV: 2025-01-24 12:00:00
2025-01-24 12:54:50 - INFO - CSV length before appending: 697
2025-01-24 12:54:50 - INFO - Rounded timestamp: 2025-01-24 12:30:00, Last opentime in CSV: 2025-01-24 12:00:00
2025-01-24 12:54:51 - INFO - 2025-01-24 12:31:00 status: True, time: 1737721860000, calls: 1
2025-01-24 12:54:51 - INFO - 2025-01-24 12:31:00 status: True, time: 1737721860000, calls: 2
2025-01-24 12:54:51 - INFO - Duplicate timestamp detected. Stopping fetch.
2025-01-24 12:54:51 - INFO - before dropping :1
2025-01-24 12:54:51 - INFO - Empty DataFrame
Columns: [opentime, openprice, highprice, lowprice, closeprice]
Index: []
2025-01-24 12:54:51 - INFO - No new data to append.
2025-01-24 12:55:51 - INFO - Last opentime in CSV: 2025-01-24 12:00:00
2025-01-24 12:55:51 - INFO - CSV length before appending: 697
2025-01-24 12:55:51 - INFO - Rounded timestamp: 2025-01-24 12:30:00, Last opentime in CSV: 2025-01-24 12:00:00
2025-01-24 12:55:51 - INFO - 2025-01-24 12:31:00 status: True, time: 1737721860000, calls: 1
2025-01-24 12:55:51 - INFO - 2025-01-24 12:31:00 status: True, time: 1737721860000, calls: 2
2025-01-24 12:55:51 - INFO - Duplicate timestamp detected. Stopping fetch.
2025-01-24 12:55:51 - INFO - before dropping :1
2025-01-24 12:55:51 - INFO - Empty DataFrame
Columns: [opentime, openprice, highprice, lowprice, closeprice]
Index: []
2025-01-24 12:55:51 - INFO - No new data to append.
2025-01-24 12:56:51 - INFO - Last opentime in CSV: 2025-01-24 12:00:00
2025-01-24 12:56:51 - INFO - CSV length before appending: 697
2025-01-24 12:56:51 - INFO - Rounded timestamp: 2025-01-24 12:30:00, Last opentime in CSV: 2025-01-24 12:00:00
2025-01-24 12:56:51 - INFO - 2025-01-24 12:31:00 status: True, time: 1737721860000, calls: 1
2025-01-24 12:56:51 - INFO - 2025-01-24 12:31:00 status: True, time: 1737721860000, calls: 2
2025-01-24 12:56:51 - INFO - Duplicate timestamp detected. Stopping fetch.
2025-01-24 12:56:51 - INFO - before dropping :1
2025-01-24 12:56:51 - INFO - Empty DataFrame
Columns: [opentime, openprice, highprice, lowprice, closeprice]
Index: []
2025-01-24 12:56:51 - INFO - No new data to append.
2025-01-24 12:57:51 - INFO - Last opentime in CSV: 2025-01-24 12:00:00
2025-01-24 12:57:51 - INFO - CSV length before appending: 697
2025-01-24 12:57:51 - INFO - Rounded timestamp: 2025-01-24 12:30:00, Last opentime in CSV: 2025-01-24 12:00:00
2025-01-24 12:57:52 - INFO - 2025-01-24 12:31:00 status: True, time: 1737721860000, calls: 1
2025-01-24 12:57:52 - INFO - 2025-01-24 12:31:00 status: True, time: 1737721860000, calls: 2
2025-01-24 12:57:52 - INFO - Duplicate timestamp detected. Stopping fetch.
2025-01-24 12:57:52 - INFO - before dropping :1
2025-01-24 12:57:52 - INFO - Empty DataFrame
Columns: [opentime, openprice, highprice, lowprice, closeprice]
Index: []
2025-01-24 12:57:52 - INFO - No new data to append.
2025-01-24 12:58:52 - INFO - Last opentime in CSV: 2025-01-24 12:00:00
2025-01-24 12:58:52 - INFO - CSV length before appending: 697
2025-01-24 12:58:52 - INFO - Rounded timestamp: 2025-01-24 12:30:00, Last opentime in CSV: 2025-01-24 12:00:00
2025-01-24 12:58:52 - INFO - 2025-01-24 12:31:00 status: True, time: 1737721860000, calls: 1
2025-01-24 12:58:52 - INFO - 2025-01-24 12:31:00 status: True, time: 1737721860000, calls: 2
2025-01-24 12:58:52 - INFO - Duplicate timestamp detected. Stopping fetch.
2025-01-24 12:58:52 - INFO - before dropping :1
2025-01-24 12:58:52 - INFO - Empty DataFrame
Columns: [opentime, openprice, highprice, lowprice, closeprice]
Index: []
2025-01-24 12:58:52 - INFO - No new data to append.
2025-01-24 12:59:52 - INFO - Last opentime in CSV: 2025-01-24 12:00:00
2025-01-24 12:59:52 - INFO - CSV length before appending: 697
2025-01-24 12:59:52 - INFO - Rounded timestamp: 2025-01-24 12:30:00, Last opentime in CSV: 2025-01-24 12:00:00
2025-01-24 12:59:52 - INFO - 2025-01-24 12:31:00 status: True, time: 1737721860000, calls: 1
2025-01-24 12:59:53 - INFO - 2025-01-24 12:31:00 status: True, time: 1737721860000, calls: 2
2025-01-24 12:59:53 - INFO - Duplicate timestamp detected. Stopping fetch.
2025-01-24 12:59:53 - INFO - before dropping :1
2025-01-24 12:59:53 - INFO - Empty DataFrame
Columns: [opentime, openprice, highprice, lowprice, closeprice]
Index: []
2025-01-24 12:59:53 - INFO - No new data to append.
2025-01-24 13:00:53 - INFO - Last opentime in CSV: 2025-01-24 12:00:00
2025-01-24 13:00:53 - INFO - CSV length before appending: 697
2025-01-24 13:00:53 - INFO - Rounded timestamp: 2025-01-24 13:00:00, Last opentime in CSV: 2025-01-24 12:00:00
2025-01-24 13:00:53 - INFO - Reached endtime at 2025-01-24 13:01:00. Stopping fetch.
2025-01-24 13:00:53 - INFO - before dropping :2
2025-01-24 13:00:53 - INFO -         opentime  openprice  highprice  lowprice  closeprice
0  1737721800000     4.4097     4.4412    4.4037      4.4386
2025-01-24 13:00:53 - INFO - 1 new rows fetched and appended successfully.
2025-01-24 13:00:53 - INFO - New CSV length after appending: 698
2025-01-24 13:00:53 - INFO - New data:           opentime  openprice  highprice  lowprice  closeprice
697  1737721800000     4.4097     4.4412    4.4037      4.4386
2025-01-24 13:00:53 - INFO - New data fetched, processing now.
2025-01-24 13:00:53 - INFO - Last row:           opentime  openprice  ...  SUPERTl_10_3.0  SUPERTs_10_3.0
697  1737721800000     4.4097  ...        4.305424             NaN

[1 rows x 7 columns]
2025-01-24 13:00:53 - INFO - Supertrend indicator applied.
2025-01-24 13:00:53 - INFO - Last row:           opentime  openprice  ...  leading_span_a  leading_span_b
697  1737721800000     4.4097  ...        4.300825             NaN

[1 rows x 9 columns]
2025-01-24 13:00:53 - INFO - Ichimoku cloud indicator applied.
2025-01-24 13:00:53 - INFO - Previous up trend: 4.305423966913168
2025-01-24 13:00:53 - INFO - Current up trend: 4.305423966913168
2025-01-24 13:00:53 - INFO - Trend: unchange
