2025-01-24 07:21:36 - INFO - Trading symbol: SUIUSDT, Log file: binance_stic_sui_bot_25k_20250124072136
2025-01-24 07:21:36 - INFO - USDT Available Balance: 14819.43546394
2025-01-24 07:21:36 - INFO - Determined Trade Amount: 487.48142973486847 USDT
2025-01-24 07:21:37 - INFO - Last opentime in CSV: 2025-01-24 06:30:00
2025-01-24 07:21:37 - INFO - CSV length before appending: 686
2025-01-24 07:21:37 - INFO - Rounded timestamp: 2025-01-24 07:00:00, Last opentime in CSV: 2025-01-24 06:30:00
2025-01-24 07:21:37 - INFO - 2025-01-24 07:01:00 status: True, time: 1737702060000, calls: 1
2025-01-24 07:21:37 - INFO - 2025-01-24 07:01:00 status: True, time: 1737702060000, calls: 2
2025-01-24 07:21:37 - INFO - Duplicate timestamp detected. Stopping fetch.
2025-01-24 07:21:37 - INFO - before dropping :1
2025-01-24 07:21:37 - INFO - Empty DataFrame
Columns: [opentime, openprice, highprice, lowprice, closeprice]
Index: []
2025-01-24 07:21:37 - INFO - No new data to append.
2025-01-24 07:21:37 - INFO - Current SUIUSDT ROI: -0.006857299595423643
2025-01-24 07:22:37 - INFO - Last opentime in CSV: 2025-01-24 06:30:00
2025-01-24 07:22:37 - INFO - CSV length before appending: 686
2025-01-24 07:22:37 - INFO - Rounded timestamp: 2025-01-24 07:00:00, Last opentime in CSV: 2025-01-24 06:30:00
2025-01-24 07:22:37 - INFO - 2025-01-24 07:01:00 status: True, time: 1737702060000, calls: 1
2025-01-24 07:22:37 - INFO - 2025-01-24 07:01:00 status: True, time: 1737702060000, calls: 2
2025-01-24 07:22:37 - INFO - Duplicate timestamp detected. Stopping fetch.
2025-01-24 07:22:37 - INFO - before dropping :1
2025-01-24 07:22:37 - INFO - Empty DataFrame
Columns: [opentime, openprice, highprice, lowprice, closeprice]
Index: []
2025-01-24 07:22:37 - INFO - No new data to append.
2025-01-24 07:22:37 - INFO - Current SUIUSDT ROI: -0.017283366476949804
2025-01-24 07:23:37 - INFO - Last opentime in CSV: 2025-01-24 06:30:00
2025-01-24 07:23:37 - INFO - CSV length before appending: 686
2025-01-24 07:23:37 - INFO - Rounded timestamp: 2025-01-24 07:00:00, Last opentime in CSV: 2025-01-24 06:30:00
2025-01-24 07:23:38 - INFO - 2025-01-24 07:01:00 status: True, time: 1737702060000, calls: 1
2025-01-24 07:23:38 - INFO - 2025-01-24 07:01:00 status: True, time: 1737702060000, calls: 2
2025-01-24 07:23:38 - INFO - Duplicate timestamp detected. Stopping fetch.
2025-01-24 07:23:38 - INFO - before dropping :1
2025-01-24 07:23:38 - INFO - Empty DataFrame
Columns: [opentime, openprice, highprice, lowprice, closeprice]
Index: []
2025-01-24 07:23:38 - INFO - No new data to append.
2025-01-24 07:23:38 - INFO - Current SUIUSDT ROI: 0.01501337173422381
2025-01-24 07:24:38 - INFO - Last opentime in CSV: 2025-01-24 06:30:00
2025-01-24 07:24:38 - INFO - CSV length before appending: 686
2025-01-24 07:24:38 - INFO - Rounded timestamp: 2025-01-24 07:00:00, Last opentime in CSV: 2025-01-24 06:30:00
2025-01-24 07:24:38 - INFO - 2025-01-24 07:01:00 status: True, time: 1737702060000, calls: 1
2025-01-24 07:24:38 - INFO - 2025-01-24 07:01:00 status: True, time: 1737702060000, calls: 2
2025-01-24 07:24:38 - INFO - Duplicate timestamp detected. Stopping fetch.
2025-01-24 07:24:38 - INFO - before dropping :1
2025-01-24 07:24:38 - INFO - Empty DataFrame
Columns: [opentime, openprice, highprice, lowprice, closeprice]
Index: []
2025-01-24 07:24:38 - INFO - No new data to append.
2025-01-24 07:24:38 - INFO - Current SUIUSDT ROI: 0.0858385334522044
2025-01-24 07:25:38 - INFO - Last opentime in CSV: 2025-01-24 06:30:00
2025-01-24 07:25:38 - INFO - CSV length before appending: 686
2025-01-24 07:25:38 - INFO - Rounded timestamp: 2025-01-24 07:00:00, Last opentime in CSV: 2025-01-24 06:30:00
2025-01-24 07:25:38 - INFO - 2025-01-24 07:01:00 status: True, time: 1737702060000, calls: 1
2025-01-24 07:25:38 - INFO - 2025-01-24 07:01:00 status: True, time: 1737702060000, calls: 2
2025-01-24 07:25:38 - INFO - Duplicate timestamp detected. Stopping fetch.
2025-01-24 07:25:38 - INFO - before dropping :1
2025-01-24 07:25:38 - INFO - Empty DataFrame
Columns: [opentime, openprice, highprice, lowprice, closeprice]
Index: []
2025-01-24 07:25:38 - INFO - No new data to append.
2025-01-24 07:25:39 - INFO - Current SUIUSDT ROI: 0.11019109008206754
2025-01-24 07:26:39 - INFO - Last opentime in CSV: 2025-01-24 06:30:00
2025-01-24 07:26:39 - INFO - CSV length before appending: 686
2025-01-24 07:26:39 - INFO - Rounded timestamp: 2025-01-24 07:00:00, Last opentime in CSV: 2025-01-24 06:30:00
2025-01-24 07:26:39 - INFO - 2025-01-24 07:01:00 status: True, time: 1737702060000, calls: 1
2025-01-24 07:26:39 - INFO - 2025-01-24 07:01:00 status: True, time: 1737702060000, calls: 2
2025-01-24 07:26:39 - INFO - Duplicate timestamp detected. Stopping fetch.
2025-01-24 07:26:39 - INFO - before dropping :1
2025-01-24 07:26:39 - INFO - Empty DataFrame
Columns: [opentime, openprice, highprice, lowprice, closeprice]
Index: []
2025-01-24 07:26:39 - INFO - No new data to append.
2025-01-24 07:26:39 - INFO - Current SUIUSDT ROI: 0.187432855608138
2025-01-24 07:27:40 - INFO - Last opentime in CSV: 2025-01-24 06:30:00
2025-01-24 07:27:40 - INFO - CSV length before appending: 686
2025-01-24 07:27:40 - INFO - Rounded timestamp: 2025-01-24 07:00:00, Last opentime in CSV: 2025-01-24 06:30:00
2025-01-24 07:27:40 - INFO - 2025-01-24 07:01:00 status: True, time: 1737702060000, calls: 1
2025-01-24 07:27:40 - INFO - 2025-01-24 07:01:00 status: True, time: 1737702060000, calls: 2
2025-01-24 07:27:40 - INFO - Duplicate timestamp detected. Stopping fetch.
2025-01-24 07:27:40 - INFO - before dropping :1
2025-01-24 07:27:40 - INFO - Empty DataFrame
Columns: [opentime, openprice, highprice, lowprice, closeprice]
Index: []
2025-01-24 07:27:40 - INFO - No new data to append.
2025-01-24 07:27:40 - INFO - Current SUIUSDT ROI: 0.16631237285423803
2025-01-24 07:28:40 - INFO - Last opentime in CSV: 2025-01-24 06:30:00
2025-01-24 07:28:40 - INFO - CSV length before appending: 686
2025-01-24 07:28:40 - INFO - Rounded timestamp: 2025-01-24 07:00:00, Last opentime in CSV: 2025-01-24 06:30:00
2025-01-24 07:28:40 - INFO - 2025-01-24 07:01:00 status: True, time: 1737702060000, calls: 1
2025-01-24 07:28:40 - INFO - 2025-01-24 07:01:00 status: True, time: 1737702060000, calls: 2
2025-01-24 07:28:40 - INFO - Duplicate timestamp detected. Stopping fetch.
2025-01-24 07:28:40 - INFO - before dropping :1
2025-01-24 07:28:40 - INFO - Empty DataFrame
Columns: [opentime, openprice, highprice, lowprice, closeprice]
Index: []
2025-01-24 07:28:40 - INFO - No new data to append.
2025-01-24 07:28:40 - INFO - Current SUIUSDT ROI: 0.17371825641729072
2025-01-24 07:29:40 - INFO - Last opentime in CSV: 2025-01-24 06:30:00
2025-01-24 07:29:40 - INFO - CSV length before appending: 686
2025-01-24 07:29:40 - INFO - Rounded timestamp: 2025-01-24 07:00:00, Last opentime in CSV: 2025-01-24 06:30:00
2025-01-24 07:29:40 - INFO - 2025-01-24 07:01:00 status: True, time: 1737702060000, calls: 1
2025-01-24 07:29:40 - INFO - 2025-01-24 07:01:00 status: True, time: 1737702060000, calls: 2
2025-01-24 07:29:40 - INFO - Duplicate timestamp detected. Stopping fetch.
2025-01-24 07:29:40 - INFO - before dropping :1
2025-01-24 07:29:40 - INFO - Empty DataFrame
Columns: [opentime, openprice, highprice, lowprice, closeprice]
Index: []
2025-01-24 07:29:40 - INFO - No new data to append.
2025-01-24 07:29:41 - INFO - Current SUIUSDT ROI: 0.17249971427918023
2025-01-24 07:30:41 - INFO - Last opentime in CSV: 2025-01-24 06:30:00
2025-01-24 07:30:41 - INFO - CSV length before appending: 686
2025-01-24 07:30:41 - INFO - Rounded timestamp: 2025-01-24 07:30:00, Last opentime in CSV: 2025-01-24 06:30:00
2025-01-24 07:30:41 - INFO - Reached endtime at 2025-01-24 07:31:00. Stopping fetch.
2025-01-24 07:30:41 - INFO - before dropping :2
2025-01-24 07:30:41 - INFO -         opentime  openprice  highprice  lowprice  closeprice
0  1737702000000     4.4061     4.4197    4.3652      4.3688
2025-01-24 07:30:41 - INFO - 1 new rows fetched and appended successfully.
2025-01-24 07:30:41 - INFO - New CSV length after appending: 687
2025-01-24 07:30:41 - INFO - New data:           opentime  openprice  highprice  lowprice  closeprice
686  1737702000000     4.4061     4.4197    4.3652      4.3688
2025-01-24 07:30:41 - INFO - Current SUIUSDT ROI: 0.13653317790122352
2025-01-24 07:30:41 - INFO - New data fetched, processing now.
2025-01-24 07:30:41 - INFO - Last row:           opentime  openprice  ...  SUPERTl_10_3.0  SUPERTs_10_3.0
686  1737702000000     4.4061  ...        4.203978             NaN

[1 rows x 7 columns]
2025-01-24 07:30:41 - INFO - Supertrend indicator applied.
2025-01-24 07:30:41 - INFO - Last row:           opentime  openprice  ...  leading_span_a  leading_span_b
686  1737702000000     4.4061  ...         4.38395             NaN

[1 rows x 9 columns]
2025-01-24 07:30:41 - INFO - Ichimoku cloud indicator applied.
2025-01-24 07:30:41 - INFO - Previous up trend: 4.203977605646242
2025-01-24 07:30:41 - INFO - Current up trend: 4.203977605646242
2025-01-24 07:30:41 - INFO - Trend: unchange
2025-01-24 07:30:41 - INFO - Suggested Action: None
2025-01-24 07:30:41 - INFO - Previous Action: Short
2025-01-24 07:30:41 - INFO - Suggested Action: None
2025-01-24 07:30:41 - INFO - USDT Available Balance: 14820.26915809
2025-01-24 07:30:41 - INFO - Datermined Trade Amount: 487.50885388453946 USDT
2025-01-24 07:30:41 - INFO - Current SUIUSDT Mark Price: 4.36892681
2025-01-24 07:30:41 - INFO - Expected SUIUSDT Amount: 111
2025-01-24 07:30:42 - INFO - Current Opened SUIUSDT Amount: 0.0
2025-01-24 07:30:42 - INFO - at: 2025-01-24 07:00:00 - No action taken
