2025-01-24 13:31:42 - INFO - Trading symbol: SUIUSDT, Log file: binance_stic_sui_bot_25k_20250124133142
2025-01-24 13:31:42 - INFO - USDT Available Balance: 19852.61801651
2025-01-24 13:31:42 - INFO - Determined Trade Amount: 30 USDT
2025-01-24 13:31:42 - INFO - Last opentime in CSV: 2025-01-24 12:30:00
2025-01-24 13:31:42 - INFO - CSV length before appending: 698
2025-01-24 13:31:42 - INFO - Rounded timestamp: 2025-01-24 13:30:00, Last opentime in CSV: 2025-01-24 12:30:00
2025-01-24 13:31:42 - INFO - 2025-01-24 13:31:00 status: True, time: 1737725460000, calls: 1
2025-01-24 13:31:42 - INFO - 2025-01-24 13:31:00 status: True, time: 1737725460000, calls: 2
2025-01-24 13:31:42 - INFO - Duplicate timestamp detected. Stopping fetch.
2025-01-24 13:31:42 - INFO - before dropping :2
2025-01-24 13:31:42 - INFO -         opentime  openprice  highprice  lowprice  closeprice
0  1737723600000     4.4386     4.4572      4.41      4.4208
2025-01-24 13:31:42 - INFO - 1 new rows fetched and appended successfully.
2025-01-24 13:31:42 - INFO - New CSV length after appending: 699
2025-01-24 13:31:42 - INFO - New data:           opentime  openprice  highprice  lowprice  closeprice
698  1737723600000     4.4386     4.4572      4.41      4.4208
2025-01-24 13:31:42 - INFO - New data fetched, processing now.
2025-01-24 13:31:42 - INFO - Last row:           opentime  openprice  ...  SUPERTl_10_3.0  SUPERTs_10_3.0
698  1737723600000     4.4386  ...        4.305364             NaN

[1 rows x 7 columns]
2025-01-24 13:31:42 - INFO - Supertrend indicator applied.
2025-01-24 13:31:42 - INFO - Last row:           opentime  openprice  ...  leading_span_a  leading_span_b
698  1737723600000     4.4386  ...        4.300825             NaN

[1 rows x 9 columns]
2025-01-24 13:31:42 - INFO - Ichimoku cloud indicator applied.
2025-01-24 13:31:42 - INFO - Previous up trend: 4.305364033692891
2025-01-24 13:31:42 - INFO - Current up trend: 4.305364033692891
2025-01-24 13:31:42 - INFO - Trend: unchange
2025-01-24 13:31:42 - INFO - Active Position: None - Reset!
2025-01-24 13:31:42 - INFO - Suggested Action: Long
2025-01-24 13:31:42 - INFO - Previous Action: Long
2025-01-24 13:31:42 - INFO - Suggested Action: Long
2025-01-24 13:31:42 - INFO - Active Position: None
2025-01-24 13:31:42 - INFO - No action needed as previous and suggested actions are the same.
