2025-01-24 04:30:06 - INFO - Trading symbol: SUIUSDT, Log file: binance_stic_sui_bot_25k_20250124043006
2025-01-24 04:30:06 - INFO - USDT Available Balance: 24724.02521305
2025-01-24 04:30:06 - INFO - Determined Trade Amount: 813.2903030608552 USDT
2025-01-24 04:30:06 - INFO - Last opentime in CSV: 2025-01-24 03:30:00
2025-01-24 04:30:06 - INFO - CSV length before appending: 680
2025-01-24 04:30:06 - INFO - Rounded timestamp: 2025-01-24 04:30:00, Last opentime in CSV: 2025-01-24 03:30:00
2025-01-24 04:30:07 - INFO - Reached endtime at 2025-01-24 04:31:00. Stopping fetch.
2025-01-24 04:30:07 - INFO - before dropping :2
2025-01-24 04:30:07 - INFO -         opentime  openprice  highprice  lowprice  closeprice
0  1737691200000     4.2393     4.2677    4.2175      4.2577
2025-01-24 04:30:07 - INFO - 1 new rows fetched and appended successfully.
2025-01-24 04:30:07 - INFO - New CSV length after appending: 681
2025-01-24 04:30:07 - INFO - New data:           opentime  openprice  highprice  lowprice  closeprice
680  1737691200000     4.2393     4.2677    4.2175      4.2577
2025-01-24 04:30:07 - INFO - New data fetched, processing now.
2025-01-24 04:30:07 - INFO - Last row:           opentime  openprice  ...  SUPERTl_10_3.0  SUPERTs_10_3.0
680  1737691200000     4.2393  ...             NaN        4.388889

[1 rows x 7 columns]
2025-01-24 04:30:07 - INFO - Supertrend indicator applied.
2025-01-24 04:30:07 - INFO - Last row:           opentime  openprice  ...  leading_span_a  leading_span_b
680  1737691200000     4.2393  ...          4.3675             NaN

[1 rows x 9 columns]
2025-01-24 04:30:07 - INFO - Ichimoku cloud indicator applied.
2025-01-24 04:30:07 - INFO - Previous up trend: nan
2025-01-24 04:30:07 - INFO - Current up trend: nan
2025-01-24 04:30:07 - INFO - Trend: unchange
2025-01-24 04:30:07 - INFO - Suggested Action: Short
2025-01-24 04:30:07 - INFO - Previous Action: None
2025-01-24 04:30:07 - INFO - Suggested Action: Short
2025-01-24 04:30:08 - INFO - USDT Available Balance: 24724.02494954
2025-01-24 04:30:08 - INFO - Datermined Trade Amount: 813.2902943927631 USDT
2025-01-24 04:30:08 - INFO - Current SUIUSDT Mark Price: 4.2597
2025-01-24 04:30:08 - INFO - Expected SUIUSDT Amount: 190
2025-01-24 04:30:08 - INFO - Current Opened SUIUSDT Amount: 0.0
2025-01-24 04:30:08 - INFO - at: 2025-01-24 04:00:00 - Open Short
2025-01-24 04:31:08 - INFO - Last opentime in CSV: 2025-01-24 04:00:00
2025-01-24 04:31:08 - INFO - CSV length before appending: 681
2025-01-24 04:31:08 - INFO - Rounded timestamp: 2025-01-24 04:30:00, Last opentime in CSV: 2025-01-24 04:00:00
2025-01-24 04:31:09 - INFO - 2025-01-24 04:31:00 status: True, time: 1737693060000, calls: 1
2025-01-24 04:31:09 - INFO - 2025-01-24 04:31:00 status: True, time: 1737693060000, calls: 2
2025-01-24 04:31:09 - INFO - Duplicate timestamp detected. Stopping fetch.
2025-01-24 04:31:09 - INFO - before dropping :1
2025-01-24 04:31:09 - INFO - Empty DataFrame
Columns: [opentime, openprice, highprice, lowprice, closeprice]
Index: []
2025-01-24 04:31:09 - INFO - No new data to append.
