2025-01-24 07:18:27 - INFO - Trading symbol: SUIUSDT, Log file: binance_stic_sui_bot_25k_20250124071827
2025-01-24 07:18:27 - INFO - USDT Available Balance: 14820.33230968
2025-01-24 07:18:27 - INFO - Determined Trade Amount: 487.5109312394737 USDT
2025-01-24 07:18:27 - INFO - Last opentime in CSV: 2025-01-24 04:00:00
2025-01-24 07:18:27 - INFO - CSV length before appending: 681
2025-01-24 07:18:27 - INFO - Rounded timestamp: 2025-01-24 07:00:00, Last opentime in CSV: 2025-01-24 04:00:00
2025-01-24 07:18:27 - INFO - 2025-01-24 07:01:00 status: True, time: 1737702060000, calls: 1
2025-01-24 07:18:27 - INFO - 2025-01-24 07:01:00 status: True, time: 1737702060000, calls: 2
2025-01-24 07:18:27 - INFO - Duplicate timestamp detected. Stopping fetch.
2025-01-24 07:18:27 - INFO - before dropping :6
2025-01-24 07:18:27 - INFO -         opentime  openprice  highprice  lowprice  closeprice
0  1737693000000     4.2577     4.3949    4.2535      4.3814
1  1737694800000     4.3810     4.4263    4.3755      4.3856
2  1737696600000     4.3857     4.4210    4.3664      4.4184
3  1737698400000     4.4184     4.4288    4.3782      4.3849
4  1737700200000     4.3850     4.4150    4.3697      4.4060
2025-01-24 07:18:27 - INFO - 5 new rows fetched and appended successfully.
2025-01-24 07:18:27 - INFO - New CSV length after appending: 686
2025-01-24 07:18:27 - INFO - New data:           opentime  openprice  highprice  lowprice  closeprice
685  1737700200000      4.385      4.415    4.3697       4.406
2025-01-24 07:18:27 - INFO - New data fetched, processing now.
2025-01-24 07:18:27 - INFO - Last row:           opentime  openprice  ...  SUPERTl_10_3.0  SUPERTs_10_3.0
685  1737700200000      4.385  ...        4.204018             NaN

[1 rows x 7 columns]
2025-01-24 07:18:27 - INFO - Supertrend indicator applied.
2025-01-24 07:18:27 - INFO - Last row:           opentime  openprice  ...  leading_span_a  leading_span_b
685  1737700200000      4.385  ...        4.369425             NaN

[1 rows x 9 columns]
2025-01-24 07:18:27 - INFO - Ichimoku cloud indicator applied.
2025-01-24 07:18:27 - INFO - Previous up trend: 4.204018371600378
2025-01-24 07:18:27 - INFO - Current up trend: 4.204018371600378
2025-01-24 07:18:27 - INFO - Trend: unchange
2025-01-24 07:18:27 - INFO - Suggested Action: Long
2025-01-24 07:18:27 - INFO - Previous Action: Short
2025-01-24 07:18:27 - INFO - Suggested Action: Long
2025-01-24 07:18:27 - INFO - USDT Available Balance: 14821.0921577
2025-01-24 07:18:27 - INFO - Datermined Trade Amount: 487.5359262401316 USDT
2025-01-24 07:18:27 - INFO - Current SUIUSDT Mark Price: 4.3812
2025-01-24 07:18:27 - INFO - Expected SUIUSDT Amount: 111
2025-01-24 07:18:28 - INFO - Current Opened SUIUSDT Amount: 0.0
2025-01-24 07:18:28 - ERROR - API request failed: 400 Client Error: Bad Request for url: https://fapi.binance.com/fapi/v1/order?symbol=SUIUSDT&side=BUY&type=MARKET&quantity=-0.0&reduceOnly=False&timestamp=1737703108060&signature=06f7a24c63f9d274035bb966964f019d53e0fdb443d7e2608e95ac589e791378
2025-01-24 07:18:28 - INFO - at: 2025-01-24 06:30:00 - Close Short & Open Long
