2025-01-24 13:32:25 - INFO - Trading symbol: SUIUSDT, Log file: binance_stic_sui_bot_25k_20250124133225
2025-01-24 13:32:25 - INFO - USDT Available Balance: 19850.97907039
2025-01-24 13:32:25 - INFO - Determined Trade Amount: 30 USDT
2025-01-24 13:32:25 - INFO - Last opentime in CSV: 2025-01-24 13:00:00
2025-01-24 13:32:25 - INFO - CSV length before appending: 699
2025-01-24 13:32:25 - INFO - Rounded timestamp: 2025-01-24 13:30:00, Last opentime in CSV: 2025-01-24 13:00:00
2025-01-24 13:32:25 - INFO - 2025-01-24 13:31:00 status: True, time: 1737725460000, calls: 1
2025-01-24 13:32:25 - INFO - 2025-01-24 13:31:00 status: True, time: 1737725460000, calls: 2
2025-01-24 13:32:25 - INFO - Duplicate timestamp detected. Stopping fetch.
2025-01-24 13:32:25 - INFO - before dropping :1
2025-01-24 13:32:25 - INFO - Empty DataFrame
Columns: [opentime, openprice, highprice, lowprice, closeprice]
Index: []
2025-01-24 13:32:25 - INFO - No new data to append.
2025-01-24 13:33:25 - INFO - Last opentime in CSV: 2025-01-24 13:00:00
2025-01-24 13:33:25 - INFO - CSV length before appending: 699
2025-01-24 13:33:25 - INFO - Rounded timestamp: 2025-01-24 13:30:00, Last opentime in CSV: 2025-01-24 13:00:00
2025-01-24 13:33:26 - INFO - 2025-01-24 13:31:00 status: True, time: 1737725460000, calls: 1
2025-01-24 13:33:26 - INFO - 2025-01-24 13:31:00 status: True, time: 1737725460000, calls: 2
2025-01-24 13:33:26 - INFO - Duplicate timestamp detected. Stopping fetch.
2025-01-24 13:33:26 - INFO - before dropping :1
2025-01-24 13:33:26 - INFO - Empty DataFrame
Columns: [opentime, openprice, highprice, lowprice, closeprice]
Index: []
2025-01-24 13:33:26 - INFO - No new data to append.
2025-01-24 13:34:26 - INFO - Last opentime in CSV: 2025-01-24 13:00:00
2025-01-24 13:34:26 - INFO - CSV length before appending: 699
2025-01-24 13:34:26 - INFO - Rounded timestamp: 2025-01-24 13:30:00, Last opentime in CSV: 2025-01-24 13:00:00
2025-01-24 13:34:26 - INFO - 2025-01-24 13:31:00 status: True, time: 1737725460000, calls: 1
2025-01-24 13:34:26 - INFO - 2025-01-24 13:31:00 status: True, time: 1737725460000, calls: 2
2025-01-24 13:34:26 - INFO - Duplicate timestamp detected. Stopping fetch.
2025-01-24 13:34:26 - INFO - before dropping :1
2025-01-24 13:34:26 - INFO - Empty DataFrame
Columns: [opentime, openprice, highprice, lowprice, closeprice]
Index: []
2025-01-24 13:34:26 - INFO - No new data to append.
2025-01-24 13:35:26 - INFO - Last opentime in CSV: 2025-01-24 13:00:00
2025-01-24 13:35:26 - INFO - CSV length before appending: 699
2025-01-24 13:35:26 - INFO - Rounded timestamp: 2025-01-24 13:30:00, Last opentime in CSV: 2025-01-24 13:00:00
2025-01-24 13:35:26 - INFO - 2025-01-24 13:31:00 status: True, time: 1737725460000, calls: 1
2025-01-24 13:35:27 - INFO - 2025-01-24 13:31:00 status: True, time: 1737725460000, calls: 2
2025-01-24 13:35:27 - INFO - Duplicate timestamp detected. Stopping fetch.
2025-01-24 13:35:27 - INFO - before dropping :1
2025-01-24 13:35:27 - INFO - Empty DataFrame
Columns: [opentime, openprice, highprice, lowprice, closeprice]
Index: []
2025-01-24 13:35:27 - INFO - No new data to append.
2025-01-24 13:36:27 - INFO - Last opentime in CSV: 2025-01-24 13:00:00
2025-01-24 13:36:27 - INFO - CSV length before appending: 699
2025-01-24 13:36:27 - INFO - Rounded timestamp: 2025-01-24 13:30:00, Last opentime in CSV: 2025-01-24 13:00:00
2025-01-24 13:36:27 - INFO - 2025-01-24 13:31:00 status: True, time: 1737725460000, calls: 1
2025-01-24 13:36:27 - INFO - 2025-01-24 13:31:00 status: True, time: 1737725460000, calls: 2
2025-01-24 13:36:27 - INFO - Duplicate timestamp detected. Stopping fetch.
2025-01-24 13:36:27 - INFO - before dropping :1
2025-01-24 13:36:27 - INFO - Empty DataFrame
Columns: [opentime, openprice, highprice, lowprice, closeprice]
Index: []
2025-01-24 13:36:27 - INFO - No new data to append.
2025-01-24 13:37:27 - INFO - Last opentime in CSV: 2025-01-24 13:00:00
2025-01-24 13:37:27 - INFO - CSV length before appending: 699
2025-01-24 13:37:27 - INFO - Rounded timestamp: 2025-01-24 13:30:00, Last opentime in CSV: 2025-01-24 13:00:00
2025-01-24 13:37:27 - INFO - 2025-01-24 13:31:00 status: True, time: 1737725460000, calls: 1
2025-01-24 13:37:27 - INFO - 2025-01-24 13:31:00 status: True, time: 1737725460000, calls: 2
2025-01-24 13:37:27 - INFO - Duplicate timestamp detected. Stopping fetch.
2025-01-24 13:37:27 - INFO - before dropping :1
2025-01-24 13:37:27 - INFO - Empty DataFrame
Columns: [opentime, openprice, highprice, lowprice, closeprice]
Index: []
2025-01-24 13:37:27 - INFO - No new data to append.
2025-01-24 13:38:27 - INFO - Last opentime in CSV: 2025-01-24 13:00:00
2025-01-24 13:38:27 - INFO - CSV length before appending: 699
2025-01-24 13:38:27 - INFO - Rounded timestamp: 2025-01-24 13:30:00, Last opentime in CSV: 2025-01-24 13:00:00
2025-01-24 13:38:27 - INFO - 2025-01-24 13:31:00 status: True, time: 1737725460000, calls: 1
2025-01-24 13:38:28 - INFO - 2025-01-24 13:31:00 status: True, time: 1737725460000, calls: 2
2025-01-24 13:38:28 - INFO - Duplicate timestamp detected. Stopping fetch.
2025-01-24 13:38:28 - INFO - before dropping :1
2025-01-24 13:38:28 - INFO - Empty DataFrame
Columns: [opentime, openprice, highprice, lowprice, closeprice]
Index: []
2025-01-24 13:38:28 - INFO - No new data to append.
2025-01-24 13:39:28 - INFO - Last opentime in CSV: 2025-01-24 13:00:00
2025-01-24 13:39:28 - INFO - CSV length before appending: 699
2025-01-24 13:39:28 - INFO - Rounded timestamp: 2025-01-24 13:30:00, Last opentime in CSV: 2025-01-24 13:00:00
2025-01-24 13:39:28 - INFO - 2025-01-24 13:31:00 status: True, time: 1737725460000, calls: 1
2025-01-24 13:39:28 - INFO - 2025-01-24 13:31:00 status: True, time: 1737725460000, calls: 2
2025-01-24 13:39:28 - INFO - Duplicate timestamp detected. Stopping fetch.
2025-01-24 13:39:28 - INFO - before dropping :1
2025-01-24 13:39:28 - INFO - Empty DataFrame
Columns: [opentime, openprice, highprice, lowprice, closeprice]
Index: []
2025-01-24 13:39:28 - INFO - No new data to append.
2025-01-24 13:40:28 - INFO - Last opentime in CSV: 2025-01-24 13:00:00
2025-01-24 13:40:28 - INFO - CSV length before appending: 699
2025-01-24 13:40:28 - INFO - Rounded timestamp: 2025-01-24 13:30:00, Last opentime in CSV: 2025-01-24 13:00:00
2025-01-24 13:40:28 - INFO - 2025-01-24 13:31:00 status: True, time: 1737725460000, calls: 1
2025-01-24 13:40:28 - INFO - 2025-01-24 13:31:00 status: True, time: 1737725460000, calls: 2
2025-01-24 13:40:28 - INFO - Duplicate timestamp detected. Stopping fetch.
2025-01-24 13:40:28 - INFO - before dropping :1
2025-01-24 13:40:28 - INFO - Empty DataFrame
Columns: [opentime, openprice, highprice, lowprice, closeprice]
Index: []
2025-01-24 13:40:28 - INFO - No new data to append.
2025-01-24 13:41:28 - INFO - Last opentime in CSV: 2025-01-24 13:00:00
2025-01-24 13:41:28 - INFO - CSV length before appending: 699
2025-01-24 13:41:28 - INFO - Rounded timestamp: 2025-01-24 13:30:00, Last opentime in CSV: 2025-01-24 13:00:00
2025-01-24 13:41:29 - INFO - 2025-01-24 13:31:00 status: True, time: 1737725460000, calls: 1
2025-01-24 13:41:29 - INFO - 2025-01-24 13:31:00 status: True, time: 1737725460000, calls: 2
2025-01-24 13:41:29 - INFO - Duplicate timestamp detected. Stopping fetch.
2025-01-24 13:41:29 - INFO - before dropping :1
2025-01-24 13:41:29 - INFO - Empty DataFrame
Columns: [opentime, openprice, highprice, lowprice, closeprice]
Index: []
2025-01-24 13:41:29 - INFO - No new data to append.
2025-01-24 13:42:29 - INFO - Last opentime in CSV: 2025-01-24 13:00:00
2025-01-24 13:42:29 - INFO - CSV length before appending: 699
2025-01-24 13:42:29 - INFO - Rounded timestamp: 2025-01-24 13:30:00, Last opentime in CSV: 2025-01-24 13:00:00
2025-01-24 13:42:29 - INFO - 2025-01-24 13:31:00 status: True, time: 1737725460000, calls: 1
2025-01-24 13:42:29 - INFO - 2025-01-24 13:31:00 status: True, time: 1737725460000, calls: 2
2025-01-24 13:42:29 - INFO - Duplicate timestamp detected. Stopping fetch.
2025-01-24 13:42:29 - INFO - before dropping :1
2025-01-24 13:42:29 - INFO - Empty DataFrame
Columns: [opentime, openprice, highprice, lowprice, closeprice]
Index: []
2025-01-24 13:42:29 - INFO - No new data to append.
2025-01-24 13:43:29 - INFO - Last opentime in CSV: 2025-01-24 13:00:00
2025-01-24 13:43:29 - INFO - CSV length before appending: 699
2025-01-24 13:43:29 - INFO - Rounded timestamp: 2025-01-24 13:30:00, Last opentime in CSV: 2025-01-24 13:00:00
2025-01-24 13:43:29 - INFO - 2025-01-24 13:31:00 status: True, time: 1737725460000, calls: 1
2025-01-24 13:43:29 - INFO - 2025-01-24 13:31:00 status: True, time: 1737725460000, calls: 2
2025-01-24 13:43:29 - INFO - Duplicate timestamp detected. Stopping fetch.
2025-01-24 13:43:29 - INFO - before dropping :1
2025-01-24 13:43:29 - INFO - Empty DataFrame
Columns: [opentime, openprice, highprice, lowprice, closeprice]
Index: []
2025-01-24 13:43:29 - INFO - No new data to append.
2025-01-24 13:44:29 - INFO - Last opentime in CSV: 2025-01-24 13:00:00
2025-01-24 13:44:29 - INFO - CSV length before appending: 699
2025-01-24 13:44:29 - INFO - Rounded timestamp: 2025-01-24 13:30:00, Last opentime in CSV: 2025-01-24 13:00:00
2025-01-24 13:44:29 - INFO - 2025-01-24 13:31:00 status: True, time: 1737725460000, calls: 1
2025-01-24 13:44:30 - INFO - 2025-01-24 13:31:00 status: True, time: 1737725460000, calls: 2
2025-01-24 13:44:30 - INFO - Duplicate timestamp detected. Stopping fetch.
2025-01-24 13:44:30 - INFO - before dropping :1
2025-01-24 13:44:30 - INFO - Empty DataFrame
Columns: [opentime, openprice, highprice, lowprice, closeprice]
Index: []
2025-01-24 13:44:30 - INFO - No new data to append.
2025-01-24 13:45:30 - INFO - Last opentime in CSV: 2025-01-24 13:00:00
2025-01-24 13:45:30 - INFO - CSV length before appending: 699
2025-01-24 13:45:30 - INFO - Rounded timestamp: 2025-01-24 13:30:00, Last opentime in CSV: 2025-01-24 13:00:00
2025-01-24 13:45:30 - INFO - 2025-01-24 13:31:00 status: True, time: 1737725460000, calls: 1
2025-01-24 13:45:30 - INFO - 2025-01-24 13:31:00 status: True, time: 1737725460000, calls: 2
2025-01-24 13:45:30 - INFO - Duplicate timestamp detected. Stopping fetch.
2025-01-24 13:45:30 - INFO - before dropping :1
2025-01-24 13:45:30 - INFO - Empty DataFrame
Columns: [opentime, openprice, highprice, lowprice, closeprice]
Index: []
2025-01-24 13:45:30 - INFO - No new data to append.
2025-01-24 13:46:30 - INFO - Last opentime in CSV: 2025-01-24 13:00:00
2025-01-24 13:46:30 - INFO - CSV length before appending: 699
2025-01-24 13:46:30 - INFO - Rounded timestamp: 2025-01-24 13:30:00, Last opentime in CSV: 2025-01-24 13:00:00
2025-01-24 13:46:30 - INFO - 2025-01-24 13:31:00 status: True, time: 1737725460000, calls: 1
2025-01-24 13:46:31 - INFO - 2025-01-24 13:31:00 status: True, time: 1737725460000, calls: 2
2025-01-24 13:46:31 - INFO - Duplicate timestamp detected. Stopping fetch.
2025-01-24 13:46:31 - INFO - before dropping :1
2025-01-24 13:46:31 - INFO - Empty DataFrame
Columns: [opentime, openprice, highprice, lowprice, closeprice]
Index: []
2025-01-24 13:46:31 - INFO - No new data to append.
2025-01-24 13:47:31 - INFO - Last opentime in CSV: 2025-01-24 13:00:00
2025-01-24 13:47:31 - INFO - CSV length before appending: 699
2025-01-24 13:47:31 - INFO - Rounded timestamp: 2025-01-24 13:30:00, Last opentime in CSV: 2025-01-24 13:00:00
2025-01-24 13:47:31 - INFO - 2025-01-24 13:31:00 status: True, time: 1737725460000, calls: 1
2025-01-24 13:47:31 - INFO - 2025-01-24 13:31:00 status: True, time: 1737725460000, calls: 2
2025-01-24 13:47:31 - INFO - Duplicate timestamp detected. Stopping fetch.
2025-01-24 13:47:31 - INFO - before dropping :1
2025-01-24 13:47:31 - INFO - Empty DataFrame
Columns: [opentime, openprice, highprice, lowprice, closeprice]
Index: []
2025-01-24 13:47:31 - INFO - No new data to append.
2025-01-24 13:48:31 - INFO - Last opentime in CSV: 2025-01-24 13:00:00
2025-01-24 13:48:31 - INFO - CSV length before appending: 699
2025-01-24 13:48:31 - INFO - Rounded timestamp: 2025-01-24 13:30:00, Last opentime in CSV: 2025-01-24 13:00:00
2025-01-24 13:48:31 - INFO - 2025-01-24 13:31:00 status: True, time: 1737725460000, calls: 1
2025-01-24 13:48:31 - INFO - 2025-01-24 13:31:00 status: True, time: 1737725460000, calls: 2
2025-01-24 13:48:31 - INFO - Duplicate timestamp detected. Stopping fetch.
2025-01-24 13:48:31 - INFO - before dropping :1
2025-01-24 13:48:31 - INFO - Empty DataFrame
Columns: [opentime, openprice, highprice, lowprice, closeprice]
Index: []
2025-01-24 13:48:31 - INFO - No new data to append.
2025-01-24 13:49:31 - INFO - Last opentime in CSV: 2025-01-24 13:00:00
2025-01-24 13:49:31 - INFO - CSV length before appending: 699
2025-01-24 13:49:31 - INFO - Rounded timestamp: 2025-01-24 13:30:00, Last opentime in CSV: 2025-01-24 13:00:00
2025-01-24 13:49:31 - INFO - 2025-01-24 13:31:00 status: True, time: 1737725460000, calls: 1
2025-01-24 13:49:31 - INFO - 2025-01-24 13:31:00 status: True, time: 1737725460000, calls: 2
2025-01-24 13:49:31 - INFO - Duplicate timestamp detected. Stopping fetch.
2025-01-24 13:49:31 - INFO - before dropping :1
2025-01-24 13:49:31 - INFO - Empty DataFrame
Columns: [opentime, openprice, highprice, lowprice, closeprice]
Index: []
2025-01-24 13:49:31 - INFO - No new data to append.
2025-01-24 13:50:31 - INFO - Last opentime in CSV: 2025-01-24 13:00:00
2025-01-24 13:50:31 - INFO - CSV length before appending: 699
2025-01-24 13:50:31 - INFO - Rounded timestamp: 2025-01-24 13:30:00, Last opentime in CSV: 2025-01-24 13:00:00
2025-01-24 13:50:31 - INFO - 2025-01-24 13:31:00 status: True, time: 1737725460000, calls: 1
2025-01-24 13:50:32 - INFO - 2025-01-24 13:31:00 status: True, time: 1737725460000, calls: 2
2025-01-24 13:50:32 - INFO - Duplicate timestamp detected. Stopping fetch.
2025-01-24 13:50:32 - INFO - before dropping :1
2025-01-24 13:50:32 - INFO - Empty DataFrame
Columns: [opentime, openprice, highprice, lowprice, closeprice]
Index: []
2025-01-24 13:50:32 - INFO - No new data to append.
2025-01-24 13:51:32 - INFO - Last opentime in CSV: 2025-01-24 13:00:00
2025-01-24 13:51:32 - INFO - CSV length before appending: 699
2025-01-24 13:51:32 - INFO - Rounded timestamp: 2025-01-24 13:30:00, Last opentime in CSV: 2025-01-24 13:00:00
2025-01-24 13:51:32 - INFO - 2025-01-24 13:31:00 status: True, time: 1737725460000, calls: 1
2025-01-24 13:51:32 - INFO - 2025-01-24 13:31:00 status: True, time: 1737725460000, calls: 2
2025-01-24 13:51:32 - INFO - Duplicate timestamp detected. Stopping fetch.
2025-01-24 13:51:32 - INFO - before dropping :1
2025-01-24 13:51:32 - INFO - Empty DataFrame
Columns: [opentime, openprice, highprice, lowprice, closeprice]
Index: []
2025-01-24 13:51:32 - INFO - No new data to append.
2025-01-24 13:52:32 - INFO - Last opentime in CSV: 2025-01-24 13:00:00
2025-01-24 13:52:32 - INFO - CSV length before appending: 699
2025-01-24 13:52:32 - INFO - Rounded timestamp: 2025-01-24 13:30:00, Last opentime in CSV: 2025-01-24 13:00:00
2025-01-24 13:52:32 - INFO - 2025-01-24 13:31:00 status: True, time: 1737725460000, calls: 1
2025-01-24 13:52:32 - INFO - 2025-01-24 13:31:00 status: True, time: 1737725460000, calls: 2
2025-01-24 13:52:32 - INFO - Duplicate timestamp detected. Stopping fetch.
2025-01-24 13:52:32 - INFO - before dropping :1
2025-01-24 13:52:32 - INFO - Empty DataFrame
Columns: [opentime, openprice, highprice, lowprice, closeprice]
Index: []
2025-01-24 13:52:32 - INFO - No new data to append.
2025-01-24 13:53:32 - INFO - Last opentime in CSV: 2025-01-24 13:00:00
2025-01-24 13:53:32 - INFO - CSV length before appending: 699
2025-01-24 13:53:32 - INFO - Rounded timestamp: 2025-01-24 13:30:00, Last opentime in CSV: 2025-01-24 13:00:00
2025-01-24 13:53:32 - INFO - 2025-01-24 13:31:00 status: True, time: 1737725460000, calls: 1
2025-01-24 13:53:32 - INFO - 2025-01-24 13:31:00 status: True, time: 1737725460000, calls: 2
2025-01-24 13:53:32 - INFO - Duplicate timestamp detected. Stopping fetch.
2025-01-24 13:53:32 - INFO - before dropping :1
2025-01-24 13:53:32 - INFO - Empty DataFrame
Columns: [opentime, openprice, highprice, lowprice, closeprice]
Index: []
2025-01-24 13:53:32 - INFO - No new data to append.
2025-01-24 13:54:32 - INFO - Last opentime in CSV: 2025-01-24 13:00:00
2025-01-24 13:54:32 - INFO - CSV length before appending: 699
2025-01-24 13:54:32 - INFO - Rounded timestamp: 2025-01-24 13:30:00, Last opentime in CSV: 2025-01-24 13:00:00
2025-01-24 13:54:33 - INFO - 2025-01-24 13:31:00 status: True, time: 1737725460000, calls: 1
2025-01-24 13:54:33 - INFO - 2025-01-24 13:31:00 status: True, time: 1737725460000, calls: 2
2025-01-24 13:54:33 - INFO - Duplicate timestamp detected. Stopping fetch.
2025-01-24 13:54:33 - INFO - before dropping :1
2025-01-24 13:54:33 - INFO - Empty DataFrame
Columns: [opentime, openprice, highprice, lowprice, closeprice]
Index: []
2025-01-24 13:54:33 - INFO - No new data to append.
2025-01-24 13:55:33 - INFO - Last opentime in CSV: 2025-01-24 13:00:00
2025-01-24 13:55:33 - INFO - CSV length before appending: 699
2025-01-24 13:55:33 - INFO - Rounded timestamp: 2025-01-24 13:30:00, Last opentime in CSV: 2025-01-24 13:00:00
2025-01-24 13:55:33 - INFO - 2025-01-24 13:31:00 status: True, time: 1737725460000, calls: 1
2025-01-24 13:55:33 - INFO - 2025-01-24 13:31:00 status: True, time: 1737725460000, calls: 2
2025-01-24 13:55:33 - INFO - Duplicate timestamp detected. Stopping fetch.
2025-01-24 13:55:33 - INFO - before dropping :1
2025-01-24 13:55:33 - INFO - Empty DataFrame
Columns: [opentime, openprice, highprice, lowprice, closeprice]
Index: []
2025-01-24 13:55:33 - INFO - No new data to append.
2025-01-24 13:56:33 - INFO - Last opentime in CSV: 2025-01-24 13:00:00
2025-01-24 13:56:33 - INFO - CSV length before appending: 699
2025-01-24 13:56:33 - INFO - Rounded timestamp: 2025-01-24 13:30:00, Last opentime in CSV: 2025-01-24 13:00:00
2025-01-24 13:56:33 - INFO - 2025-01-24 13:31:00 status: True, time: 1737725460000, calls: 1
2025-01-24 13:56:33 - INFO - 2025-01-24 13:31:00 status: True, time: 1737725460000, calls: 2
2025-01-24 13:56:33 - INFO - Duplicate timestamp detected. Stopping fetch.
2025-01-24 13:56:33 - INFO - before dropping :1
2025-01-24 13:56:33 - INFO - Empty DataFrame
Columns: [opentime, openprice, highprice, lowprice, closeprice]
Index: []
2025-01-24 13:56:33 - INFO - No new data to append.
2025-01-24 13:57:33 - INFO - Last opentime in CSV: 2025-01-24 13:00:00
2025-01-24 13:57:33 - INFO - CSV length before appending: 699
2025-01-24 13:57:33 - INFO - Rounded timestamp: 2025-01-24 13:30:00, Last opentime in CSV: 2025-01-24 13:00:00
2025-01-24 13:57:34 - INFO - 2025-01-24 13:31:00 status: True, time: 1737725460000, calls: 1
2025-01-24 13:57:34 - INFO - 2025-01-24 13:31:00 status: True, time: 1737725460000, calls: 2
2025-01-24 13:57:34 - INFO - Duplicate timestamp detected. Stopping fetch.
2025-01-24 13:57:34 - INFO - before dropping :1
2025-01-24 13:57:34 - INFO - Empty DataFrame
Columns: [opentime, openprice, highprice, lowprice, closeprice]
Index: []
2025-01-24 13:57:34 - INFO - No new data to append.
2025-01-24 13:58:34 - INFO - Last opentime in CSV: 2025-01-24 13:00:00
2025-01-24 13:58:34 - INFO - CSV length before appending: 699
2025-01-24 13:58:34 - INFO - Rounded timestamp: 2025-01-24 13:30:00, Last opentime in CSV: 2025-01-24 13:00:00
2025-01-24 13:58:34 - INFO - 2025-01-24 13:31:00 status: True, time: 1737725460000, calls: 1
2025-01-24 13:58:35 - INFO - 2025-01-24 13:31:00 status: True, time: 1737725460000, calls: 2
2025-01-24 13:58:35 - INFO - Duplicate timestamp detected. Stopping fetch.
2025-01-24 13:58:35 - INFO - before dropping :1
2025-01-24 13:58:35 - INFO - Empty DataFrame
Columns: [opentime, openprice, highprice, lowprice, closeprice]
Index: []
2025-01-24 13:58:35 - INFO - No new data to append.
2025-01-24 13:59:35 - INFO - Last opentime in CSV: 2025-01-24 13:00:00
2025-01-24 13:59:35 - INFO - CSV length before appending: 699
2025-01-24 13:59:35 - INFO - Rounded timestamp: 2025-01-24 13:30:00, Last opentime in CSV: 2025-01-24 13:00:00
2025-01-24 13:59:35 - INFO - 2025-01-24 13:31:00 status: True, time: 1737725460000, calls: 1
2025-01-24 13:59:35 - INFO - 2025-01-24 13:31:00 status: True, time: 1737725460000, calls: 2
2025-01-24 13:59:35 - INFO - Duplicate timestamp detected. Stopping fetch.
2025-01-24 13:59:35 - INFO - before dropping :1
2025-01-24 13:59:35 - INFO - Empty DataFrame
Columns: [opentime, openprice, highprice, lowprice, closeprice]
Index: []
2025-01-24 13:59:35 - INFO - No new data to append.
2025-01-24 14:00:35 - INFO - Last opentime in CSV: 2025-01-24 13:00:00
2025-01-24 14:00:35 - INFO - CSV length before appending: 699
2025-01-24 14:00:35 - INFO - Rounded timestamp: 2025-01-24 14:00:00, Last opentime in CSV: 2025-01-24 13:00:00
2025-01-24 14:00:35 - INFO - Reached endtime at 2025-01-24 14:01:00. Stopping fetch.
2025-01-24 14:00:35 - INFO - before dropping :2
2025-01-24 14:00:35 - INFO -         opentime  openprice  highprice  lowprice  closeprice
0  1737725400000     4.4208      4.429    4.4036      4.4229
2025-01-24 14:00:35 - INFO - 1 new rows fetched and appended successfully.
2025-01-24 14:00:35 - INFO - New CSV length after appending: 700
2025-01-24 14:00:35 - INFO - New data:           opentime  openprice  highprice  lowprice  closeprice
699  1737725400000     4.4208      4.429    4.4036      4.4229
2025-01-24 14:00:35 - INFO - New data fetched, processing now.
2025-01-24 14:00:35 - INFO - Last row:           opentime  openprice  ...  SUPERTl_10_3.0  SUPERTs_10_3.0
699  1737725400000     4.4208  ...        4.305358             NaN

[1 rows x 7 columns]
2025-01-24 14:00:35 - INFO - Supertrend indicator applied.
2025-01-24 14:00:35 - INFO - Last row:           opentime  openprice  ...  leading_span_a  leading_span_b
699  1737725400000     4.4208  ...        4.291425             NaN

[1 rows x 9 columns]
2025-01-24 14:00:35 - INFO - Ichimoku cloud indicator applied.
2025-01-24 14:00:35 - INFO - Previous up trend: 4.305358383891904
2025-01-24 14:00:35 - INFO - Current up trend: 4.305358383891904
2025-01-24 14:00:35 - INFO - Trend: unchange
2025-01-24 14:00:35 - INFO - Active Position: None
2025-01-24 14:00:35 - INFO - Suggested Action: Long
2025-01-24 14:00:35 - INFO - Previous Action: Long
2025-01-24 14:00:35 - INFO - Suggested Action: Long
2025-01-24 14:00:35 - INFO - Active Position: None
2025-01-24 14:00:35 - INFO - No action needed as previous and suggested actions are the same.
