2025-01-25 13:18:36 - INFO - Trading symbol: SOLUSDT, Log file: binance_stic_doge_bot_25k_20250125131836
2025-01-25 13:18:36 - INFO - USDT Available Balance: 24877.26608325
2025-01-25 13:18:36 - INFO - Determined Trade Amount: 500 USDT
2025-01-25 13:18:36 - INFO - USDT Available Balance: 24877.26608325
2025-01-25 13:18:36 - INFO - Determined Trade Amount: 500 USDT
2025-01-25 13:18:36 - INFO - Last opentime in CSV: 2025-01-25 12:30:00
2025-01-25 13:18:36 - INFO - CSV length before appending: 79688
2025-01-25 13:18:36 - INFO - Rounded timestamp: 2025-01-25 13:00:00, Last opentime in CSV: 2025-01-25 12:30:00
2025-01-25 13:18:36 - INFO - 2025-01-25 13:01:00 status: True, time: 1737810060000, calls: 1
2025-01-25 13:18:36 - INFO - 2025-01-25 13:01:00 status: True, time: 1737810060000, calls: 2
2025-01-25 13:18:36 - INFO - Duplicate timestamp detected. Stopping fetch.
2025-01-25 13:18:36 - INFO - before dropping :1
2025-01-25 13:18:36 - INFO - Empty DataFrame
Columns: [opentime, openprice, highprice, lowprice, closeprice]
Index: []
2025-01-25 13:18:36 - INFO - No new data to append.
2025-01-25 13:19:36 - INFO - Last opentime in CSV: 2025-01-25 12:30:00
2025-01-25 13:19:36 - INFO - CSV length before appending: 79688
2025-01-25 13:19:36 - INFO - Rounded timestamp: 2025-01-25 13:00:00, Last opentime in CSV: 2025-01-25 12:30:00
2025-01-25 13:19:37 - INFO - 2025-01-25 13:01:00 status: True, time: 1737810060000, calls: 1
2025-01-25 13:19:37 - INFO - 2025-01-25 13:01:00 status: True, time: 1737810060000, calls: 2
2025-01-25 13:19:37 - INFO - Duplicate timestamp detected. Stopping fetch.
2025-01-25 13:19:37 - INFO - before dropping :1
2025-01-25 13:19:37 - INFO - Empty DataFrame
Columns: [opentime, openprice, highprice, lowprice, closeprice]
Index: []
2025-01-25 13:19:37 - INFO - No new data to append.
2025-01-25 13:20:37 - INFO - Last opentime in CSV: 2025-01-25 12:30:00
2025-01-25 13:20:37 - INFO - CSV length before appending: 79688
2025-01-25 13:20:37 - INFO - Rounded timestamp: 2025-01-25 13:00:00, Last opentime in CSV: 2025-01-25 12:30:00
2025-01-25 13:20:37 - INFO - 2025-01-25 13:01:00 status: True, time: 1737810060000, calls: 1
2025-01-25 13:20:37 - INFO - 2025-01-25 13:01:00 status: True, time: 1737810060000, calls: 2
2025-01-25 13:20:37 - INFO - Duplicate timestamp detected. Stopping fetch.
2025-01-25 13:20:37 - INFO - before dropping :1
2025-01-25 13:20:37 - INFO - Empty DataFrame
Columns: [opentime, openprice, highprice, lowprice, closeprice]
Index: []
2025-01-25 13:20:37 - INFO - No new data to append.
2025-01-25 13:21:37 - INFO - Last opentime in CSV: 2025-01-25 12:30:00
2025-01-25 13:21:37 - INFO - CSV length before appending: 79688
2025-01-25 13:21:37 - INFO - Rounded timestamp: 2025-01-25 13:00:00, Last opentime in CSV: 2025-01-25 12:30:00
2025-01-25 13:21:37 - INFO - 2025-01-25 13:01:00 status: True, time: 1737810060000, calls: 1
2025-01-25 13:21:37 - INFO - 2025-01-25 13:01:00 status: True, time: 1737810060000, calls: 2
2025-01-25 13:21:37 - INFO - Duplicate timestamp detected. Stopping fetch.
2025-01-25 13:21:37 - INFO - before dropping :1
2025-01-25 13:21:37 - INFO - Empty DataFrame
Columns: [opentime, openprice, highprice, lowprice, closeprice]
Index: []
2025-01-25 13:21:37 - INFO - No new data to append.
2025-01-25 13:22:37 - INFO - Last opentime in CSV: 2025-01-25 12:30:00
2025-01-25 13:22:37 - INFO - CSV length before appending: 79688
2025-01-25 13:22:37 - INFO - Rounded timestamp: 2025-01-25 13:00:00, Last opentime in CSV: 2025-01-25 12:30:00
2025-01-25 13:22:37 - INFO - 2025-01-25 13:01:00 status: True, time: 1737810060000, calls: 1
2025-01-25 13:22:37 - INFO - 2025-01-25 13:01:00 status: True, time: 1737810060000, calls: 2
2025-01-25 13:22:37 - INFO - Duplicate timestamp detected. Stopping fetch.
2025-01-25 13:22:37 - INFO - before dropping :1
2025-01-25 13:22:37 - INFO - Empty DataFrame
Columns: [opentime, openprice, highprice, lowprice, closeprice]
Index: []
2025-01-25 13:22:37 - INFO - No new data to append.
2025-01-25 13:23:37 - INFO - Last opentime in CSV: 2025-01-25 12:30:00
2025-01-25 13:23:37 - INFO - CSV length before appending: 79688
2025-01-25 13:23:37 - INFO - Rounded timestamp: 2025-01-25 13:00:00, Last opentime in CSV: 2025-01-25 12:30:00
2025-01-25 13:23:38 - INFO - 2025-01-25 13:01:00 status: True, time: 1737810060000, calls: 1
2025-01-25 13:23:38 - INFO - 2025-01-25 13:01:00 status: True, time: 1737810060000, calls: 2
2025-01-25 13:23:38 - INFO - Duplicate timestamp detected. Stopping fetch.
2025-01-25 13:23:38 - INFO - before dropping :1
2025-01-25 13:23:38 - INFO - Empty DataFrame
Columns: [opentime, openprice, highprice, lowprice, closeprice]
Index: []
2025-01-25 13:23:38 - INFO - No new data to append.
2025-01-25 13:24:38 - INFO - Last opentime in CSV: 2025-01-25 12:30:00
2025-01-25 13:24:38 - INFO - CSV length before appending: 79688
2025-01-25 13:24:38 - INFO - Rounded timestamp: 2025-01-25 13:00:00, Last opentime in CSV: 2025-01-25 12:30:00
2025-01-25 13:24:38 - INFO - 2025-01-25 13:01:00 status: True, time: 1737810060000, calls: 1
2025-01-25 13:24:38 - INFO - 2025-01-25 13:01:00 status: True, time: 1737810060000, calls: 2
2025-01-25 13:24:38 - INFO - Duplicate timestamp detected. Stopping fetch.
2025-01-25 13:24:38 - INFO - before dropping :1
2025-01-25 13:24:38 - INFO - Empty DataFrame
Columns: [opentime, openprice, highprice, lowprice, closeprice]
Index: []
2025-01-25 13:24:38 - INFO - No new data to append.
2025-01-25 13:25:38 - INFO - Last opentime in CSV: 2025-01-25 12:30:00
2025-01-25 13:25:38 - INFO - CSV length before appending: 79688
2025-01-25 13:25:38 - INFO - Rounded timestamp: 2025-01-25 13:00:00, Last opentime in CSV: 2025-01-25 12:30:00
2025-01-25 13:25:39 - INFO - 2025-01-25 13:01:00 status: True, time: 1737810060000, calls: 1
2025-01-25 13:25:39 - INFO - 2025-01-25 13:01:00 status: True, time: 1737810060000, calls: 2
2025-01-25 13:25:39 - INFO - Duplicate timestamp detected. Stopping fetch.
2025-01-25 13:25:39 - INFO - before dropping :1
2025-01-25 13:25:39 - INFO - Empty DataFrame
Columns: [opentime, openprice, highprice, lowprice, closeprice]
Index: []
2025-01-25 13:25:39 - INFO - No new data to append.
2025-01-25 13:26:39 - INFO - Last opentime in CSV: 2025-01-25 12:30:00
2025-01-25 13:26:39 - INFO - CSV length before appending: 79688
2025-01-25 13:26:39 - INFO - Rounded timestamp: 2025-01-25 13:00:00, Last opentime in CSV: 2025-01-25 12:30:00
2025-01-25 13:26:39 - INFO - 2025-01-25 13:01:00 status: True, time: 1737810060000, calls: 1
2025-01-25 13:26:39 - INFO - 2025-01-25 13:01:00 status: True, time: 1737810060000, calls: 2
2025-01-25 13:26:39 - INFO - Duplicate timestamp detected. Stopping fetch.
2025-01-25 13:26:39 - INFO - before dropping :1
2025-01-25 13:26:39 - INFO - Empty DataFrame
Columns: [opentime, openprice, highprice, lowprice, closeprice]
Index: []
2025-01-25 13:26:39 - INFO - No new data to append.
2025-01-25 13:27:39 - INFO - Last opentime in CSV: 2025-01-25 12:30:00
2025-01-25 13:27:39 - INFO - CSV length before appending: 79688
2025-01-25 13:27:39 - INFO - Rounded timestamp: 2025-01-25 13:00:00, Last opentime in CSV: 2025-01-25 12:30:00
2025-01-25 13:27:39 - INFO - 2025-01-25 13:01:00 status: True, time: 1737810060000, calls: 1
2025-01-25 13:27:39 - INFO - 2025-01-25 13:01:00 status: True, time: 1737810060000, calls: 2
2025-01-25 13:27:39 - INFO - Duplicate timestamp detected. Stopping fetch.
2025-01-25 13:27:39 - INFO - before dropping :1
2025-01-25 13:27:39 - INFO - Empty DataFrame
Columns: [opentime, openprice, highprice, lowprice, closeprice]
Index: []
2025-01-25 13:27:39 - INFO - No new data to append.
2025-01-25 13:28:39 - INFO - Last opentime in CSV: 2025-01-25 12:30:00
2025-01-25 13:28:39 - INFO - CSV length before appending: 79688
2025-01-25 13:28:39 - INFO - Rounded timestamp: 2025-01-25 13:00:00, Last opentime in CSV: 2025-01-25 12:30:00
2025-01-25 13:28:39 - INFO - 2025-01-25 13:01:00 status: True, time: 1737810060000, calls: 1
2025-01-25 13:28:39 - INFO - 2025-01-25 13:01:00 status: True, time: 1737810060000, calls: 2
2025-01-25 13:28:39 - INFO - Duplicate timestamp detected. Stopping fetch.
2025-01-25 13:28:39 - INFO - before dropping :1
2025-01-25 13:28:39 - INFO - Empty DataFrame
Columns: [opentime, openprice, highprice, lowprice, closeprice]
Index: []
2025-01-25 13:28:39 - INFO - No new data to append.
2025-01-25 13:29:39 - INFO - Last opentime in CSV: 2025-01-25 12:30:00
2025-01-25 13:29:39 - INFO - CSV length before appending: 79688
2025-01-25 13:29:39 - INFO - Rounded timestamp: 2025-01-25 13:00:00, Last opentime in CSV: 2025-01-25 12:30:00
2025-01-25 13:29:39 - INFO - 2025-01-25 13:01:00 status: True, time: 1737810060000, calls: 1
2025-01-25 13:29:40 - INFO - 2025-01-25 13:01:00 status: True, time: 1737810060000, calls: 2
2025-01-25 13:29:40 - INFO - Duplicate timestamp detected. Stopping fetch.
2025-01-25 13:29:40 - INFO - before dropping :1
2025-01-25 13:29:40 - INFO - Empty DataFrame
Columns: [opentime, openprice, highprice, lowprice, closeprice]
Index: []
2025-01-25 13:29:40 - INFO - No new data to append.
2025-01-25 13:30:40 - INFO - Last opentime in CSV: 2025-01-25 12:30:00
2025-01-25 13:30:40 - INFO - CSV length before appending: 79688
2025-01-25 13:30:40 - INFO - Rounded timestamp: 2025-01-25 13:30:00, Last opentime in CSV: 2025-01-25 12:30:00
2025-01-25 13:30:40 - INFO - Reached endtime at 2025-01-25 13:31:00. Stopping fetch.
2025-01-25 13:30:40 - INFO - before dropping :2
2025-01-25 13:30:40 - INFO -         opentime  openprice  highprice  lowprice  closeprice
0  1737810000000     249.56      250.6    249.19      249.95
2025-01-25 13:30:40 - INFO - 1 new rows fetched and appended successfully.
2025-01-25 13:30:40 - INFO - New CSV length after appending: 79689
2025-01-25 13:30:40 - INFO - New data:             opentime  openprice  highprice  lowprice  closeprice
79688  1737810000000     249.56      250.6    249.19      249.95
2025-01-25 13:30:40 - INFO - New data fetched, processing now.
2025-01-25 13:30:40 - INFO - Last row:             opentime  openprice  ...  SUPERTl_10_3.0  SUPERTs_10_3.0
79688  1737810000000     249.56  ...      193.651654             NaN

[1 rows x 7 columns]
2025-01-25 13:30:40 - INFO - Supertrend indicator applied.
2025-01-25 13:30:40 - INFO - Last row:             opentime  openprice  ...  leading_span_a  leading_span_b
79688  1737810000000     249.56  ...         0.35452             NaN

[1 rows x 9 columns]
2025-01-25 13:30:40 - INFO - Ichimoku cloud indicator applied.
2025-01-25 13:30:40 - INFO - Previous up trend: 186.78245390990696
2025-01-25 13:30:40 - INFO - Current up trend: 193.65165389870523
2025-01-25 13:30:40 - INFO - Trend: unchange
2025-01-25 13:30:40 - INFO - Active Position: 1
2025-01-25 13:30:40 - INFO - Suggested Action: Long
2025-01-25 13:30:40 - INFO - Previous Action: None
2025-01-25 13:30:40 - INFO - Suggested Action: Long
2025-01-25 13:30:40 - INFO - Active Position: 1
2025-01-25 13:30:40 - INFO - USDT Available Balance: 24877.26595115
2025-01-25 13:30:40 - INFO - Determined Trade Amount: 500 USDT
2025-01-25 13:30:40 - INFO - Current SOLUSDT Mark Price: 249.9895181
2025-01-25 13:30:40 - INFO - Expected SOLUSDT Amount: 2
2025-01-25 13:30:40 - INFO - Current Opened SOLUSDT Amount: 0.0
2025-01-25 13:30:40 - INFO - at: 2025-01-25 13:00:00 - No action taken
2025-01-25 13:31:40 - INFO - Last opentime in CSV: 2025-01-25 13:00:00
2025-01-25 13:31:40 - INFO - CSV length before appending: 79689
2025-01-25 13:31:40 - INFO - Rounded timestamp: 2025-01-25 13:30:00, Last opentime in CSV: 2025-01-25 13:00:00
2025-01-25 13:31:40 - INFO - 2025-01-25 13:31:00 status: True, time: 1737811860000, calls: 1
2025-01-25 13:31:40 - INFO - 2025-01-25 13:31:00 status: True, time: 1737811860000, calls: 2
2025-01-25 13:31:40 - INFO - Duplicate timestamp detected. Stopping fetch.
2025-01-25 13:31:40 - INFO - before dropping :1
2025-01-25 13:31:40 - INFO - Empty DataFrame
Columns: [opentime, openprice, highprice, lowprice, closeprice]
Index: []
2025-01-25 13:31:40 - INFO - No new data to append.
2025-01-25 13:32:40 - INFO - Last opentime in CSV: 2025-01-25 13:00:00
2025-01-25 13:32:40 - INFO - CSV length before appending: 79689
2025-01-25 13:32:40 - INFO - Rounded timestamp: 2025-01-25 13:30:00, Last opentime in CSV: 2025-01-25 13:00:00
2025-01-25 13:32:41 - INFO - 2025-01-25 13:31:00 status: True, time: 1737811860000, calls: 1
2025-01-25 13:32:41 - INFO - 2025-01-25 13:31:00 status: True, time: 1737811860000, calls: 2
2025-01-25 13:32:41 - INFO - Duplicate timestamp detected. Stopping fetch.
2025-01-25 13:32:41 - INFO - before dropping :1
2025-01-25 13:32:41 - INFO - Empty DataFrame
Columns: [opentime, openprice, highprice, lowprice, closeprice]
Index: []
2025-01-25 13:32:41 - INFO - No new data to append.
2025-01-25 13:33:41 - INFO - Last opentime in CSV: 2025-01-25 13:00:00
2025-01-25 13:33:41 - INFO - CSV length before appending: 79689
2025-01-25 13:33:41 - INFO - Rounded timestamp: 2025-01-25 13:30:00, Last opentime in CSV: 2025-01-25 13:00:00
2025-01-25 13:33:41 - INFO - 2025-01-25 13:31:00 status: True, time: 1737811860000, calls: 1
2025-01-25 13:33:41 - INFO - 2025-01-25 13:31:00 status: True, time: 1737811860000, calls: 2
2025-01-25 13:33:41 - INFO - Duplicate timestamp detected. Stopping fetch.
2025-01-25 13:33:41 - INFO - before dropping :1
2025-01-25 13:33:41 - INFO - Empty DataFrame
Columns: [opentime, openprice, highprice, lowprice, closeprice]
Index: []
2025-01-25 13:33:41 - INFO - No new data to append.
2025-01-25 13:34:41 - INFO - Last opentime in CSV: 2025-01-25 13:00:00
2025-01-25 13:34:41 - INFO - CSV length before appending: 79689
2025-01-25 13:34:41 - INFO - Rounded timestamp: 2025-01-25 13:30:00, Last opentime in CSV: 2025-01-25 13:00:00
2025-01-25 13:34:41 - INFO - 2025-01-25 13:31:00 status: True, time: 1737811860000, calls: 1
2025-01-25 13:34:41 - INFO - 2025-01-25 13:31:00 status: True, time: 1737811860000, calls: 2
2025-01-25 13:34:41 - INFO - Duplicate timestamp detected. Stopping fetch.
2025-01-25 13:34:41 - INFO - before dropping :1
2025-01-25 13:34:41 - INFO - Empty DataFrame
Columns: [opentime, openprice, highprice, lowprice, closeprice]
Index: []
2025-01-25 13:34:41 - INFO - No new data to append.
2025-01-25 13:35:41 - INFO - Last opentime in CSV: 2025-01-25 13:00:00
2025-01-25 13:35:41 - INFO - CSV length before appending: 79689
2025-01-25 13:35:41 - INFO - Rounded timestamp: 2025-01-25 13:30:00, Last opentime in CSV: 2025-01-25 13:00:00
2025-01-25 13:35:41 - INFO - 2025-01-25 13:31:00 status: True, time: 1737811860000, calls: 1
2025-01-25 13:35:42 - INFO - 2025-01-25 13:31:00 status: True, time: 1737811860000, calls: 2
2025-01-25 13:35:42 - INFO - Duplicate timestamp detected. Stopping fetch.
2025-01-25 13:35:42 - INFO - before dropping :1
2025-01-25 13:35:42 - INFO - Empty DataFrame
Columns: [opentime, openprice, highprice, lowprice, closeprice]
Index: []
2025-01-25 13:35:42 - INFO - No new data to append.
2025-01-25 13:36:42 - INFO - Last opentime in CSV: 2025-01-25 13:00:00
2025-01-25 13:36:42 - INFO - CSV length before appending: 79689
2025-01-25 13:36:42 - INFO - Rounded timestamp: 2025-01-25 13:30:00, Last opentime in CSV: 2025-01-25 13:00:00
2025-01-25 13:36:42 - INFO - 2025-01-25 13:31:00 status: True, time: 1737811860000, calls: 1
2025-01-25 13:36:42 - INFO - 2025-01-25 13:31:00 status: True, time: 1737811860000, calls: 2
2025-01-25 13:36:42 - INFO - Duplicate timestamp detected. Stopping fetch.
2025-01-25 13:36:42 - INFO - before dropping :1
2025-01-25 13:36:42 - INFO - Empty DataFrame
Columns: [opentime, openprice, highprice, lowprice, closeprice]
Index: []
2025-01-25 13:36:42 - INFO - No new data to append.
2025-01-25 13:37:42 - INFO - Last opentime in CSV: 2025-01-25 13:00:00
2025-01-25 13:37:42 - INFO - CSV length before appending: 79689
2025-01-25 13:37:42 - INFO - Rounded timestamp: 2025-01-25 13:30:00, Last opentime in CSV: 2025-01-25 13:00:00
2025-01-25 13:37:43 - INFO - 2025-01-25 13:31:00 status: True, time: 1737811860000, calls: 1
2025-01-25 13:37:43 - INFO - 2025-01-25 13:31:00 status: True, time: 1737811860000, calls: 2
2025-01-25 13:37:43 - INFO - Duplicate timestamp detected. Stopping fetch.
2025-01-25 13:37:43 - INFO - before dropping :1
2025-01-25 13:37:43 - INFO - Empty DataFrame
Columns: [opentime, openprice, highprice, lowprice, closeprice]
Index: []
2025-01-25 13:37:43 - INFO - No new data to append.
2025-01-25 13:38:43 - INFO - Last opentime in CSV: 2025-01-25 13:00:00
2025-01-25 13:38:43 - INFO - CSV length before appending: 79689
2025-01-25 13:38:43 - INFO - Rounded timestamp: 2025-01-25 13:30:00, Last opentime in CSV: 2025-01-25 13:00:00
2025-01-25 13:38:43 - INFO - 2025-01-25 13:31:00 status: True, time: 1737811860000, calls: 1
2025-01-25 13:38:43 - INFO - 2025-01-25 13:31:00 status: True, time: 1737811860000, calls: 2
2025-01-25 13:38:43 - INFO - Duplicate timestamp detected. Stopping fetch.
2025-01-25 13:38:43 - INFO - before dropping :1
2025-01-25 13:38:43 - INFO - Empty DataFrame
Columns: [opentime, openprice, highprice, lowprice, closeprice]
Index: []
2025-01-25 13:38:43 - INFO - No new data to append.
2025-01-25 13:39:43 - INFO - Last opentime in CSV: 2025-01-25 13:00:00
2025-01-25 13:39:43 - INFO - CSV length before appending: 79689
2025-01-25 13:39:43 - INFO - Rounded timestamp: 2025-01-25 13:30:00, Last opentime in CSV: 2025-01-25 13:00:00
2025-01-25 13:39:43 - INFO - 2025-01-25 13:31:00 status: True, time: 1737811860000, calls: 1
2025-01-25 13:39:43 - INFO - 2025-01-25 13:31:00 status: True, time: 1737811860000, calls: 2
2025-01-25 13:39:43 - INFO - Duplicate timestamp detected. Stopping fetch.
2025-01-25 13:39:43 - INFO - before dropping :1
2025-01-25 13:39:43 - INFO - Empty DataFrame
Columns: [opentime, openprice, highprice, lowprice, closeprice]
Index: []
2025-01-25 13:39:43 - INFO - No new data to append.
2025-01-25 13:40:43 - INFO - Last opentime in CSV: 2025-01-25 13:00:00
2025-01-25 13:40:43 - INFO - CSV length before appending: 79689
2025-01-25 13:40:43 - INFO - Rounded timestamp: 2025-01-25 13:30:00, Last opentime in CSV: 2025-01-25 13:00:00
2025-01-25 13:40:43 - INFO - 2025-01-25 13:31:00 status: True, time: 1737811860000, calls: 1
2025-01-25 13:40:44 - INFO - 2025-01-25 13:31:00 status: True, time: 1737811860000, calls: 2
2025-01-25 13:40:44 - INFO - Duplicate timestamp detected. Stopping fetch.
2025-01-25 13:40:44 - INFO - before dropping :1
2025-01-25 13:40:44 - INFO - Empty DataFrame
Columns: [opentime, openprice, highprice, lowprice, closeprice]
Index: []
2025-01-25 13:40:44 - INFO - No new data to append.
2025-01-25 13:41:44 - INFO - Last opentime in CSV: 2025-01-25 13:00:00
2025-01-25 13:41:44 - INFO - CSV length before appending: 79689
2025-01-25 13:41:44 - INFO - Rounded timestamp: 2025-01-25 13:30:00, Last opentime in CSV: 2025-01-25 13:00:00
2025-01-25 13:41:44 - INFO - 2025-01-25 13:31:00 status: True, time: 1737811860000, calls: 1
2025-01-25 13:41:44 - INFO - 2025-01-25 13:31:00 status: True, time: 1737811860000, calls: 2
2025-01-25 13:41:44 - INFO - Duplicate timestamp detected. Stopping fetch.
2025-01-25 13:41:44 - INFO - before dropping :1
2025-01-25 13:41:44 - INFO - Empty DataFrame
Columns: [opentime, openprice, highprice, lowprice, closeprice]
Index: []
2025-01-25 13:41:44 - INFO - No new data to append.
2025-01-25 13:42:44 - INFO - Last opentime in CSV: 2025-01-25 13:00:00
2025-01-25 13:42:44 - INFO - CSV length before appending: 79689
2025-01-25 13:42:44 - INFO - Rounded timestamp: 2025-01-25 13:30:00, Last opentime in CSV: 2025-01-25 13:00:00
2025-01-25 13:42:44 - INFO - 2025-01-25 13:31:00 status: True, time: 1737811860000, calls: 1
2025-01-25 13:42:44 - INFO - 2025-01-25 13:31:00 status: True, time: 1737811860000, calls: 2
2025-01-25 13:42:44 - INFO - Duplicate timestamp detected. Stopping fetch.
2025-01-25 13:42:44 - INFO - before dropping :1
2025-01-25 13:42:44 - INFO - Empty DataFrame
Columns: [opentime, openprice, highprice, lowprice, closeprice]
Index: []
2025-01-25 13:42:44 - INFO - No new data to append.
2025-01-25 13:43:44 - INFO - Last opentime in CSV: 2025-01-25 13:00:00
2025-01-25 13:43:44 - INFO - CSV length before appending: 79689
2025-01-25 13:43:44 - INFO - Rounded timestamp: 2025-01-25 13:30:00, Last opentime in CSV: 2025-01-25 13:00:00
2025-01-25 13:43:44 - INFO - 2025-01-25 13:31:00 status: True, time: 1737811860000, calls: 1
2025-01-25 13:43:45 - INFO - 2025-01-25 13:31:00 status: True, time: 1737811860000, calls: 2
2025-01-25 13:43:45 - INFO - Duplicate timestamp detected. Stopping fetch.
2025-01-25 13:43:45 - INFO - before dropping :1
2025-01-25 13:43:45 - INFO - Empty DataFrame
Columns: [opentime, openprice, highprice, lowprice, closeprice]
Index: []
2025-01-25 13:43:45 - INFO - No new data to append.
2025-01-25 13:44:45 - INFO - Last opentime in CSV: 2025-01-25 13:00:00
2025-01-25 13:44:45 - INFO - CSV length before appending: 79689
2025-01-25 13:44:45 - INFO - Rounded timestamp: 2025-01-25 13:30:00, Last opentime in CSV: 2025-01-25 13:00:00
2025-01-25 13:44:45 - INFO - 2025-01-25 13:31:00 status: True, time: 1737811860000, calls: 1
2025-01-25 13:44:45 - INFO - 2025-01-25 13:31:00 status: True, time: 1737811860000, calls: 2
2025-01-25 13:44:45 - INFO - Duplicate timestamp detected. Stopping fetch.
2025-01-25 13:44:45 - INFO - before dropping :1
2025-01-25 13:44:45 - INFO - Empty DataFrame
Columns: [opentime, openprice, highprice, lowprice, closeprice]
Index: []
2025-01-25 13:44:45 - INFO - No new data to append.
2025-01-25 13:45:45 - INFO - Last opentime in CSV: 2025-01-25 13:00:00
2025-01-25 13:45:45 - INFO - CSV length before appending: 79689
2025-01-25 13:45:45 - INFO - Rounded timestamp: 2025-01-25 13:30:00, Last opentime in CSV: 2025-01-25 13:00:00
2025-01-25 13:45:45 - INFO - 2025-01-25 13:31:00 status: True, time: 1737811860000, calls: 1
2025-01-25 13:45:45 - INFO - 2025-01-25 13:31:00 status: True, time: 1737811860000, calls: 2
2025-01-25 13:45:45 - INFO - Duplicate timestamp detected. Stopping fetch.
2025-01-25 13:45:45 - INFO - before dropping :1
2025-01-25 13:45:45 - INFO - Empty DataFrame
Columns: [opentime, openprice, highprice, lowprice, closeprice]
Index: []
2025-01-25 13:45:45 - INFO - No new data to append.
2025-01-25 13:46:45 - INFO - Last opentime in CSV: 2025-01-25 13:00:00
2025-01-25 13:46:45 - INFO - CSV length before appending: 79689
2025-01-25 13:46:45 - INFO - Rounded timestamp: 2025-01-25 13:30:00, Last opentime in CSV: 2025-01-25 13:00:00
2025-01-25 13:46:45 - INFO - 2025-01-25 13:31:00 status: True, time: 1737811860000, calls: 1
2025-01-25 13:46:45 - INFO - 2025-01-25 13:31:00 status: True, time: 1737811860000, calls: 2
2025-01-25 13:46:45 - INFO - Duplicate timestamp detected. Stopping fetch.
2025-01-25 13:46:45 - INFO - before dropping :1
2025-01-25 13:46:45 - INFO - Empty DataFrame
Columns: [opentime, openprice, highprice, lowprice, closeprice]
Index: []
2025-01-25 13:46:45 - INFO - No new data to append.
2025-01-25 13:47:45 - INFO - Last opentime in CSV: 2025-01-25 13:00:00
2025-01-25 13:47:45 - INFO - CSV length before appending: 79689
2025-01-25 13:47:45 - INFO - Rounded timestamp: 2025-01-25 13:30:00, Last opentime in CSV: 2025-01-25 13:00:00
2025-01-25 13:47:46 - INFO - 2025-01-25 13:31:00 status: True, time: 1737811860000, calls: 1
2025-01-25 13:47:46 - INFO - 2025-01-25 13:31:00 status: True, time: 1737811860000, calls: 2
2025-01-25 13:47:46 - INFO - Duplicate timestamp detected. Stopping fetch.
2025-01-25 13:47:46 - INFO - before dropping :1
2025-01-25 13:47:46 - INFO - Empty DataFrame
Columns: [opentime, openprice, highprice, lowprice, closeprice]
Index: []
2025-01-25 13:47:46 - INFO - No new data to append.
2025-01-25 13:48:46 - INFO - Last opentime in CSV: 2025-01-25 13:00:00
2025-01-25 13:48:46 - INFO - CSV length before appending: 79689
2025-01-25 13:48:46 - INFO - Rounded timestamp: 2025-01-25 13:30:00, Last opentime in CSV: 2025-01-25 13:00:00
2025-01-25 13:48:46 - INFO - 2025-01-25 13:31:00 status: True, time: 1737811860000, calls: 1
2025-01-25 13:48:46 - INFO - 2025-01-25 13:31:00 status: True, time: 1737811860000, calls: 2
2025-01-25 13:48:46 - INFO - Duplicate timestamp detected. Stopping fetch.
2025-01-25 13:48:46 - INFO - before dropping :1
2025-01-25 13:48:46 - INFO - Empty DataFrame
Columns: [opentime, openprice, highprice, lowprice, closeprice]
Index: []
2025-01-25 13:48:46 - INFO - No new data to append.
2025-01-25 13:49:46 - INFO - Last opentime in CSV: 2025-01-25 13:00:00
2025-01-25 13:49:46 - INFO - CSV length before appending: 79689
2025-01-25 13:49:46 - INFO - Rounded timestamp: 2025-01-25 13:30:00, Last opentime in CSV: 2025-01-25 13:00:00
2025-01-25 13:49:46 - INFO - 2025-01-25 13:31:00 status: True, time: 1737811860000, calls: 1
2025-01-25 13:49:46 - INFO - 2025-01-25 13:31:00 status: True, time: 1737811860000, calls: 2
2025-01-25 13:49:46 - INFO - Duplicate timestamp detected. Stopping fetch.
2025-01-25 13:49:46 - INFO - before dropping :1
2025-01-25 13:49:46 - INFO - Empty DataFrame
Columns: [opentime, openprice, highprice, lowprice, closeprice]
Index: []
2025-01-25 13:49:46 - INFO - No new data to append.
2025-01-25 13:50:46 - INFO - Last opentime in CSV: 2025-01-25 13:00:00
2025-01-25 13:50:46 - INFO - CSV length before appending: 79689
2025-01-25 13:50:46 - INFO - Rounded timestamp: 2025-01-25 13:30:00, Last opentime in CSV: 2025-01-25 13:00:00
2025-01-25 13:50:47 - INFO - 2025-01-25 13:31:00 status: True, time: 1737811860000, calls: 1
2025-01-25 13:50:47 - INFO - 2025-01-25 13:31:00 status: True, time: 1737811860000, calls: 2
2025-01-25 13:50:47 - INFO - Duplicate timestamp detected. Stopping fetch.
2025-01-25 13:50:47 - INFO - before dropping :1
2025-01-25 13:50:47 - INFO - Empty DataFrame
Columns: [opentime, openprice, highprice, lowprice, closeprice]
Index: []
2025-01-25 13:50:47 - INFO - No new data to append.
2025-01-25 13:51:47 - INFO - Last opentime in CSV: 2025-01-25 13:00:00
2025-01-25 13:51:47 - INFO - CSV length before appending: 79689
2025-01-25 13:51:47 - INFO - Rounded timestamp: 2025-01-25 13:30:00, Last opentime in CSV: 2025-01-25 13:00:00
2025-01-25 13:51:47 - INFO - 2025-01-25 13:31:00 status: True, time: 1737811860000, calls: 1
2025-01-25 13:51:47 - INFO - 2025-01-25 13:31:00 status: True, time: 1737811860000, calls: 2
2025-01-25 13:51:47 - INFO - Duplicate timestamp detected. Stopping fetch.
2025-01-25 13:51:47 - INFO - before dropping :1
2025-01-25 13:51:47 - INFO - Empty DataFrame
Columns: [opentime, openprice, highprice, lowprice, closeprice]
Index: []
2025-01-25 13:51:47 - INFO - No new data to append.
2025-01-25 13:52:47 - INFO - Last opentime in CSV: 2025-01-25 13:00:00
2025-01-25 13:52:47 - INFO - CSV length before appending: 79689
2025-01-25 13:52:47 - INFO - Rounded timestamp: 2025-01-25 13:30:00, Last opentime in CSV: 2025-01-25 13:00:00
2025-01-25 13:52:47 - INFO - 2025-01-25 13:31:00 status: True, time: 1737811860000, calls: 1
2025-01-25 13:52:47 - INFO - 2025-01-25 13:31:00 status: True, time: 1737811860000, calls: 2
2025-01-25 13:52:47 - INFO - Duplicate timestamp detected. Stopping fetch.
2025-01-25 13:52:47 - INFO - before dropping :1
2025-01-25 13:52:47 - INFO - Empty DataFrame
Columns: [opentime, openprice, highprice, lowprice, closeprice]
Index: []
2025-01-25 13:52:47 - INFO - No new data to append.
2025-01-25 13:53:47 - INFO - Last opentime in CSV: 2025-01-25 13:00:00
2025-01-25 13:53:47 - INFO - CSV length before appending: 79689
2025-01-25 13:53:47 - INFO - Rounded timestamp: 2025-01-25 13:30:00, Last opentime in CSV: 2025-01-25 13:00:00
2025-01-25 13:53:48 - INFO - 2025-01-25 13:31:00 status: True, time: 1737811860000, calls: 1
2025-01-25 13:53:48 - INFO - 2025-01-25 13:31:00 status: True, time: 1737811860000, calls: 2
2025-01-25 13:53:48 - INFO - Duplicate timestamp detected. Stopping fetch.
2025-01-25 13:53:48 - INFO - before dropping :1
2025-01-25 13:53:48 - INFO - Empty DataFrame
Columns: [opentime, openprice, highprice, lowprice, closeprice]
Index: []
2025-01-25 13:53:48 - INFO - No new data to append.
2025-01-25 13:54:48 - INFO - Last opentime in CSV: 2025-01-25 13:00:00
2025-01-25 13:54:48 - INFO - CSV length before appending: 79689
2025-01-25 13:54:48 - INFO - Rounded timestamp: 2025-01-25 13:30:00, Last opentime in CSV: 2025-01-25 13:00:00
2025-01-25 13:54:48 - INFO - 2025-01-25 13:31:00 status: True, time: 1737811860000, calls: 1
2025-01-25 13:54:48 - INFO - 2025-01-25 13:31:00 status: True, time: 1737811860000, calls: 2
2025-01-25 13:54:48 - INFO - Duplicate timestamp detected. Stopping fetch.
2025-01-25 13:54:48 - INFO - before dropping :1
2025-01-25 13:54:48 - INFO - Empty DataFrame
Columns: [opentime, openprice, highprice, lowprice, closeprice]
Index: []
2025-01-25 13:54:48 - INFO - No new data to append.
2025-01-25 13:55:48 - INFO - Last opentime in CSV: 2025-01-25 13:00:00
2025-01-25 13:55:48 - INFO - CSV length before appending: 79689
2025-01-25 13:55:48 - INFO - Rounded timestamp: 2025-01-25 13:30:00, Last opentime in CSV: 2025-01-25 13:00:00
2025-01-25 13:55:48 - INFO - 2025-01-25 13:31:00 status: True, time: 1737811860000, calls: 1
2025-01-25 13:55:48 - INFO - 2025-01-25 13:31:00 status: True, time: 1737811860000, calls: 2
2025-01-25 13:55:48 - INFO - Duplicate timestamp detected. Stopping fetch.
2025-01-25 13:55:48 - INFO - before dropping :1
2025-01-25 13:55:48 - INFO - Empty DataFrame
Columns: [opentime, openprice, highprice, lowprice, closeprice]
Index: []
2025-01-25 13:55:48 - INFO - No new data to append.
2025-01-25 13:56:49 - INFO - Last opentime in CSV: 2025-01-25 13:00:00
2025-01-25 13:56:49 - INFO - CSV length before appending: 79689
2025-01-25 13:56:49 - INFO - Rounded timestamp: 2025-01-25 13:30:00, Last opentime in CSV: 2025-01-25 13:00:00
2025-01-25 13:56:49 - INFO - 2025-01-25 13:31:00 status: True, time: 1737811860000, calls: 1
2025-01-25 13:56:49 - INFO - 2025-01-25 13:31:00 status: True, time: 1737811860000, calls: 2
2025-01-25 13:56:49 - INFO - Duplicate timestamp detected. Stopping fetch.
2025-01-25 13:56:49 - INFO - before dropping :1
2025-01-25 13:56:49 - INFO - Empty DataFrame
Columns: [opentime, openprice, highprice, lowprice, closeprice]
Index: []
2025-01-25 13:56:49 - INFO - No new data to append.
2025-01-25 13:57:49 - INFO - Last opentime in CSV: 2025-01-25 13:00:00
2025-01-25 13:57:49 - INFO - CSV length before appending: 79689
2025-01-25 13:57:49 - INFO - Rounded timestamp: 2025-01-25 13:30:00, Last opentime in CSV: 2025-01-25 13:00:00
2025-01-25 13:57:49 - INFO - 2025-01-25 13:31:00 status: True, time: 1737811860000, calls: 1
2025-01-25 13:57:49 - INFO - 2025-01-25 13:31:00 status: True, time: 1737811860000, calls: 2
2025-01-25 13:57:49 - INFO - Duplicate timestamp detected. Stopping fetch.
2025-01-25 13:57:49 - INFO - before dropping :1
2025-01-25 13:57:49 - INFO - Empty DataFrame
Columns: [opentime, openprice, highprice, lowprice, closeprice]
Index: []
2025-01-25 13:57:49 - INFO - No new data to append.
2025-01-25 13:58:49 - INFO - Last opentime in CSV: 2025-01-25 13:00:00
2025-01-25 13:58:49 - INFO - CSV length before appending: 79689
2025-01-25 13:58:49 - INFO - Rounded timestamp: 2025-01-25 13:30:00, Last opentime in CSV: 2025-01-25 13:00:00
2025-01-25 13:58:49 - INFO - 2025-01-25 13:31:00 status: True, time: 1737811860000, calls: 1
2025-01-25 13:58:49 - INFO - 2025-01-25 13:31:00 status: True, time: 1737811860000, calls: 2
2025-01-25 13:58:49 - INFO - Duplicate timestamp detected. Stopping fetch.
2025-01-25 13:58:49 - INFO - before dropping :1
2025-01-25 13:58:49 - INFO - Empty DataFrame
Columns: [opentime, openprice, highprice, lowprice, closeprice]
Index: []
2025-01-25 13:58:49 - INFO - No new data to append.
2025-01-25 13:59:49 - INFO - Last opentime in CSV: 2025-01-25 13:00:00
2025-01-25 13:59:49 - INFO - CSV length before appending: 79689
2025-01-25 13:59:49 - INFO - Rounded timestamp: 2025-01-25 13:30:00, Last opentime in CSV: 2025-01-25 13:00:00
2025-01-25 13:59:49 - INFO - 2025-01-25 13:31:00 status: True, time: 1737811860000, calls: 1
2025-01-25 13:59:50 - INFO - 2025-01-25 13:31:00 status: True, time: 1737811860000, calls: 2
2025-01-25 13:59:50 - INFO - Duplicate timestamp detected. Stopping fetch.
2025-01-25 13:59:50 - INFO - before dropping :1
2025-01-25 13:59:50 - INFO - Empty DataFrame
Columns: [opentime, openprice, highprice, lowprice, closeprice]
Index: []
2025-01-25 13:59:50 - INFO - No new data to append.
2025-01-25 14:00:50 - INFO - Last opentime in CSV: 2025-01-25 13:00:00
2025-01-25 14:00:50 - INFO - CSV length before appending: 79689
2025-01-25 14:00:50 - INFO - Rounded timestamp: 2025-01-25 14:00:00, Last opentime in CSV: 2025-01-25 13:00:00
2025-01-25 14:00:50 - INFO - Reached endtime at 2025-01-25 14:01:00. Stopping fetch.
2025-01-25 14:00:50 - INFO - before dropping :2
2025-01-25 14:00:50 - INFO -         opentime  openprice  highprice  lowprice  closeprice
0  1737811800000     249.94     250.74    249.48      250.17
2025-01-25 14:00:50 - INFO - 1 new rows fetched and appended successfully.
2025-01-25 14:00:50 - INFO - New CSV length after appending: 79690
2025-01-25 14:00:50 - INFO - New data:             opentime  openprice  highprice  lowprice  closeprice
79689  1737811800000     249.94     250.74    249.48      250.17
2025-01-25 14:00:50 - INFO - New data fetched, processing now.
2025-01-25 14:00:50 - INFO - Last row:             opentime  openprice  ...  SUPERTl_10_3.0  SUPERTs_10_3.0
79689  1737811800000     249.94  ...       199.11123             NaN

[1 rows x 7 columns]
2025-01-25 14:00:50 - INFO - Supertrend indicator applied.
2025-01-25 14:00:50 - INFO - Last row:             opentime  openprice  ...  leading_span_a  leading_span_b
79689  1737811800000     249.94  ...        0.352213             NaN

[1 rows x 9 columns]
2025-01-25 14:00:50 - INFO - Ichimoku cloud indicator applied.
2025-01-25 14:00:50 - INFO - Previous up trend: 193.62252101705815
2025-01-25 14:00:50 - INFO - Current up trend: 199.1112304771116
2025-01-25 14:00:50 - INFO - Trend: unchange
2025-01-25 14:00:50 - INFO - Active Position: 1
2025-01-25 14:00:50 - INFO - Suggested Action: Long
2025-01-25 14:00:50 - INFO - Previous Action: None
2025-01-25 14:00:50 - INFO - Suggested Action: Long
2025-01-25 14:00:50 - INFO - Active Position: 1
2025-01-25 14:00:50 - INFO - USDT Available Balance: 24877.26585713
2025-01-25 14:00:50 - INFO - Determined Trade Amount: 500 USDT
2025-01-25 14:00:50 - INFO - Current SOLUSDT Mark Price: 250.1
2025-01-25 14:00:50 - INFO - Expected SOLUSDT Amount: 1
2025-01-25 14:00:50 - INFO - Current Opened SOLUSDT Amount: 0.0
2025-01-25 14:00:50 - INFO - at: 2025-01-25 13:30:00 - No action taken
2025-01-25 14:01:50 - INFO - Last opentime in CSV: 2025-01-25 13:30:00
2025-01-25 14:01:50 - INFO - CSV length before appending: 79690
2025-01-25 14:01:50 - INFO - Rounded timestamp: 2025-01-25 14:00:00, Last opentime in CSV: 2025-01-25 13:30:00
2025-01-25 14:01:50 - INFO - 2025-01-25 14:01:00 status: True, time: 1737813660000, calls: 1
2025-01-25 14:01:51 - INFO - 2025-01-25 14:01:00 status: True, time: 1737813660000, calls: 2
2025-01-25 14:01:51 - INFO - Duplicate timestamp detected. Stopping fetch.
2025-01-25 14:01:51 - INFO - before dropping :1
2025-01-25 14:01:51 - INFO - Empty DataFrame
Columns: [opentime, openprice, highprice, lowprice, closeprice]
Index: []
2025-01-25 14:01:51 - INFO - No new data to append.
2025-01-25 14:02:51 - INFO - Last opentime in CSV: 2025-01-25 13:30:00
2025-01-25 14:02:51 - INFO - CSV length before appending: 79690
2025-01-25 14:02:51 - INFO - Rounded timestamp: 2025-01-25 14:00:00, Last opentime in CSV: 2025-01-25 13:30:00
2025-01-25 14:02:51 - INFO - 2025-01-25 14:01:00 status: True, time: 1737813660000, calls: 1
2025-01-25 14:02:51 - INFO - 2025-01-25 14:01:00 status: True, time: 1737813660000, calls: 2
2025-01-25 14:02:51 - INFO - Duplicate timestamp detected. Stopping fetch.
2025-01-25 14:02:51 - INFO - before dropping :1
2025-01-25 14:02:51 - INFO - Empty DataFrame
Columns: [opentime, openprice, highprice, lowprice, closeprice]
Index: []
2025-01-25 14:02:51 - INFO - No new data to append.
2025-01-25 14:03:51 - INFO - Last opentime in CSV: 2025-01-25 13:30:00
2025-01-25 14:03:51 - INFO - CSV length before appending: 79690
2025-01-25 14:03:51 - INFO - Rounded timestamp: 2025-01-25 14:00:00, Last opentime in CSV: 2025-01-25 13:30:00
2025-01-25 14:03:51 - INFO - 2025-01-25 14:01:00 status: True, time: 1737813660000, calls: 1
2025-01-25 14:03:51 - INFO - 2025-01-25 14:01:00 status: True, time: 1737813660000, calls: 2
2025-01-25 14:03:51 - INFO - Duplicate timestamp detected. Stopping fetch.
2025-01-25 14:03:51 - INFO - before dropping :1
2025-01-25 14:03:51 - INFO - Empty DataFrame
Columns: [opentime, openprice, highprice, lowprice, closeprice]
Index: []
2025-01-25 14:03:51 - INFO - No new data to append.
2025-01-25 14:04:51 - INFO - Last opentime in CSV: 2025-01-25 13:30:00
2025-01-25 14:04:51 - INFO - CSV length before appending: 79690
2025-01-25 14:04:51 - INFO - Rounded timestamp: 2025-01-25 14:00:00, Last opentime in CSV: 2025-01-25 13:30:00
2025-01-25 14:04:51 - INFO - 2025-01-25 14:01:00 status: True, time: 1737813660000, calls: 1
2025-01-25 14:04:52 - INFO - 2025-01-25 14:01:00 status: True, time: 1737813660000, calls: 2
2025-01-25 14:04:52 - INFO - Duplicate timestamp detected. Stopping fetch.
2025-01-25 14:04:52 - INFO - before dropping :1
2025-01-25 14:04:52 - INFO - Empty DataFrame
Columns: [opentime, openprice, highprice, lowprice, closeprice]
Index: []
2025-01-25 14:04:52 - INFO - No new data to append.
2025-01-25 14:05:52 - INFO - Last opentime in CSV: 2025-01-25 13:30:00
2025-01-25 14:05:52 - INFO - CSV length before appending: 79690
2025-01-25 14:05:52 - INFO - Rounded timestamp: 2025-01-25 14:00:00, Last opentime in CSV: 2025-01-25 13:30:00
2025-01-25 14:05:52 - INFO - 2025-01-25 14:01:00 status: True, time: 1737813660000, calls: 1
2025-01-25 14:05:52 - INFO - 2025-01-25 14:01:00 status: True, time: 1737813660000, calls: 2
2025-01-25 14:05:52 - INFO - Duplicate timestamp detected. Stopping fetch.
2025-01-25 14:05:52 - INFO - before dropping :1
2025-01-25 14:05:52 - INFO - Empty DataFrame
Columns: [opentime, openprice, highprice, lowprice, closeprice]
Index: []
2025-01-25 14:05:52 - INFO - No new data to append.
2025-01-25 14:06:52 - INFO - Last opentime in CSV: 2025-01-25 13:30:00
2025-01-25 14:06:52 - INFO - CSV length before appending: 79690
2025-01-25 14:06:52 - INFO - Rounded timestamp: 2025-01-25 14:00:00, Last opentime in CSV: 2025-01-25 13:30:00
2025-01-25 14:06:52 - INFO - 2025-01-25 14:01:00 status: True, time: 1737813660000, calls: 1
2025-01-25 14:06:52 - INFO - 2025-01-25 14:01:00 status: True, time: 1737813660000, calls: 2
2025-01-25 14:06:52 - INFO - Duplicate timestamp detected. Stopping fetch.
2025-01-25 14:06:52 - INFO - before dropping :1
2025-01-25 14:06:52 - INFO - Empty DataFrame
Columns: [opentime, openprice, highprice, lowprice, closeprice]
Index: []
2025-01-25 14:06:52 - INFO - No new data to append.
2025-01-25 14:07:52 - INFO - Last opentime in CSV: 2025-01-25 13:30:00
2025-01-25 14:07:52 - INFO - CSV length before appending: 79690
2025-01-25 14:07:52 - INFO - Rounded timestamp: 2025-01-25 14:00:00, Last opentime in CSV: 2025-01-25 13:30:00
2025-01-25 14:07:53 - INFO - 2025-01-25 14:01:00 status: True, time: 1737813660000, calls: 1
2025-01-25 14:07:53 - INFO - 2025-01-25 14:01:00 status: True, time: 1737813660000, calls: 2
2025-01-25 14:07:53 - INFO - Duplicate timestamp detected. Stopping fetch.
2025-01-25 14:07:53 - INFO - before dropping :1
2025-01-25 14:07:53 - INFO - Empty DataFrame
Columns: [opentime, openprice, highprice, lowprice, closeprice]
Index: []
2025-01-25 14:07:53 - INFO - No new data to append.
2025-01-25 14:08:53 - INFO - Last opentime in CSV: 2025-01-25 13:30:00
2025-01-25 14:08:53 - INFO - CSV length before appending: 79690
2025-01-25 14:08:53 - INFO - Rounded timestamp: 2025-01-25 14:00:00, Last opentime in CSV: 2025-01-25 13:30:00
2025-01-25 14:08:53 - INFO - 2025-01-25 14:01:00 status: True, time: 1737813660000, calls: 1
2025-01-25 14:08:53 - INFO - 2025-01-25 14:01:00 status: True, time: 1737813660000, calls: 2
2025-01-25 14:08:53 - INFO - Duplicate timestamp detected. Stopping fetch.
2025-01-25 14:08:53 - INFO - before dropping :1
2025-01-25 14:08:53 - INFO - Empty DataFrame
Columns: [opentime, openprice, highprice, lowprice, closeprice]
Index: []
2025-01-25 14:08:53 - INFO - No new data to append.
2025-01-25 14:09:53 - INFO - Last opentime in CSV: 2025-01-25 13:30:00
2025-01-25 14:09:53 - INFO - CSV length before appending: 79690
2025-01-25 14:09:53 - INFO - Rounded timestamp: 2025-01-25 14:00:00, Last opentime in CSV: 2025-01-25 13:30:00
2025-01-25 14:09:53 - INFO - 2025-01-25 14:01:00 status: True, time: 1737813660000, calls: 1
2025-01-25 14:09:53 - INFO - 2025-01-25 14:01:00 status: True, time: 1737813660000, calls: 2
2025-01-25 14:09:53 - INFO - Duplicate timestamp detected. Stopping fetch.
2025-01-25 14:09:53 - INFO - before dropping :1
2025-01-25 14:09:53 - INFO - Empty DataFrame
Columns: [opentime, openprice, highprice, lowprice, closeprice]
Index: []
2025-01-25 14:09:53 - INFO - No new data to append.
2025-01-25 14:10:53 - INFO - Last opentime in CSV: 2025-01-25 13:30:00
2025-01-25 14:10:53 - INFO - CSV length before appending: 79690
2025-01-25 14:10:53 - INFO - Rounded timestamp: 2025-01-25 14:00:00, Last opentime in CSV: 2025-01-25 13:30:00
2025-01-25 14:10:54 - INFO - 2025-01-25 14:01:00 status: True, time: 1737813660000, calls: 1
2025-01-25 14:10:54 - INFO - 2025-01-25 14:01:00 status: True, time: 1737813660000, calls: 2
2025-01-25 14:10:54 - INFO - Duplicate timestamp detected. Stopping fetch.
2025-01-25 14:10:54 - INFO - before dropping :1
2025-01-25 14:10:54 - INFO - Empty DataFrame
Columns: [opentime, openprice, highprice, lowprice, closeprice]
Index: []
2025-01-25 14:10:54 - INFO - No new data to append.
2025-01-25 14:11:54 - INFO - Last opentime in CSV: 2025-01-25 13:30:00
2025-01-25 14:11:54 - INFO - CSV length before appending: 79690
2025-01-25 14:11:54 - INFO - Rounded timestamp: 2025-01-25 14:00:00, Last opentime in CSV: 2025-01-25 13:30:00
2025-01-25 14:11:54 - INFO - 2025-01-25 14:01:00 status: True, time: 1737813660000, calls: 1
2025-01-25 14:11:54 - INFO - 2025-01-25 14:01:00 status: True, time: 1737813660000, calls: 2
2025-01-25 14:11:54 - INFO - Duplicate timestamp detected. Stopping fetch.
2025-01-25 14:11:54 - INFO - before dropping :1
2025-01-25 14:11:54 - INFO - Empty DataFrame
Columns: [opentime, openprice, highprice, lowprice, closeprice]
Index: []
2025-01-25 14:11:54 - INFO - No new data to append.
2025-01-25 14:12:54 - INFO - Last opentime in CSV: 2025-01-25 13:30:00
2025-01-25 14:12:54 - INFO - CSV length before appending: 79690
2025-01-25 14:12:54 - INFO - Rounded timestamp: 2025-01-25 14:00:00, Last opentime in CSV: 2025-01-25 13:30:00
2025-01-25 14:12:54 - INFO - 2025-01-25 14:01:00 status: True, time: 1737813660000, calls: 1
2025-01-25 14:12:54 - INFO - 2025-01-25 14:01:00 status: True, time: 1737813660000, calls: 2
2025-01-25 14:12:54 - INFO - Duplicate timestamp detected. Stopping fetch.
2025-01-25 14:12:54 - INFO - before dropping :1
2025-01-25 14:12:54 - INFO - Empty DataFrame
Columns: [opentime, openprice, highprice, lowprice, closeprice]
Index: []
2025-01-25 14:12:54 - INFO - No new data to append.
2025-01-25 14:13:54 - INFO - Last opentime in CSV: 2025-01-25 13:30:00
2025-01-25 14:13:54 - INFO - CSV length before appending: 79690
2025-01-25 14:13:54 - INFO - Rounded timestamp: 2025-01-25 14:00:00, Last opentime in CSV: 2025-01-25 13:30:00
2025-01-25 14:13:54 - INFO - 2025-01-25 14:01:00 status: True, time: 1737813660000, calls: 1
2025-01-25 14:13:54 - INFO - 2025-01-25 14:01:00 status: True, time: 1737813660000, calls: 2
2025-01-25 14:13:54 - INFO - Duplicate timestamp detected. Stopping fetch.
2025-01-25 14:13:54 - INFO - before dropping :1
2025-01-25 14:13:54 - INFO - Empty DataFrame
Columns: [opentime, openprice, highprice, lowprice, closeprice]
Index: []
2025-01-25 14:13:54 - INFO - No new data to append.
2025-01-25 14:14:54 - INFO - Last opentime in CSV: 2025-01-25 13:30:00
2025-01-25 14:14:54 - INFO - CSV length before appending: 79690
2025-01-25 14:14:54 - INFO - Rounded timestamp: 2025-01-25 14:00:00, Last opentime in CSV: 2025-01-25 13:30:00
2025-01-25 14:14:54 - INFO - 2025-01-25 14:01:00 status: True, time: 1737813660000, calls: 1
2025-01-25 14:14:55 - INFO - 2025-01-25 14:01:00 status: True, time: 1737813660000, calls: 2
2025-01-25 14:14:55 - INFO - Duplicate timestamp detected. Stopping fetch.
2025-01-25 14:14:55 - INFO - before dropping :1
2025-01-25 14:14:55 - INFO - Empty DataFrame
Columns: [opentime, openprice, highprice, lowprice, closeprice]
Index: []
2025-01-25 14:14:55 - INFO - No new data to append.
2025-01-25 14:15:55 - INFO - Last opentime in CSV: 2025-01-25 13:30:00
2025-01-25 14:15:55 - INFO - CSV length before appending: 79690
2025-01-25 14:15:55 - INFO - Rounded timestamp: 2025-01-25 14:00:00, Last opentime in CSV: 2025-01-25 13:30:00
2025-01-25 14:15:55 - INFO - 2025-01-25 14:01:00 status: True, time: 1737813660000, calls: 1
2025-01-25 14:15:55 - INFO - 2025-01-25 14:01:00 status: True, time: 1737813660000, calls: 2
2025-01-25 14:15:55 - INFO - Duplicate timestamp detected. Stopping fetch.
2025-01-25 14:15:55 - INFO - before dropping :1
2025-01-25 14:15:55 - INFO - Empty DataFrame
Columns: [opentime, openprice, highprice, lowprice, closeprice]
Index: []
2025-01-25 14:15:55 - INFO - No new data to append.
2025-01-25 14:16:55 - INFO - Last opentime in CSV: 2025-01-25 13:30:00
2025-01-25 14:16:55 - INFO - CSV length before appending: 79690
2025-01-25 14:16:55 - INFO - Rounded timestamp: 2025-01-25 14:00:00, Last opentime in CSV: 2025-01-25 13:30:00
2025-01-25 14:16:55 - INFO - 2025-01-25 14:01:00 status: True, time: 1737813660000, calls: 1
2025-01-25 14:16:55 - INFO - 2025-01-25 14:01:00 status: True, time: 1737813660000, calls: 2
2025-01-25 14:16:55 - INFO - Duplicate timestamp detected. Stopping fetch.
2025-01-25 14:16:55 - INFO - before dropping :1
2025-01-25 14:16:55 - INFO - Empty DataFrame
Columns: [opentime, openprice, highprice, lowprice, closeprice]
Index: []
2025-01-25 14:16:55 - INFO - No new data to append.
2025-01-25 14:17:55 - INFO - Last opentime in CSV: 2025-01-25 13:30:00
2025-01-25 14:17:55 - INFO - CSV length before appending: 79690
2025-01-25 14:17:55 - INFO - Rounded timestamp: 2025-01-25 14:00:00, Last opentime in CSV: 2025-01-25 13:30:00
2025-01-25 14:17:55 - INFO - 2025-01-25 14:01:00 status: True, time: 1737813660000, calls: 1
2025-01-25 14:17:55 - INFO - 2025-01-25 14:01:00 status: True, time: 1737813660000, calls: 2
2025-01-25 14:17:55 - INFO - Duplicate timestamp detected. Stopping fetch.
2025-01-25 14:17:55 - INFO - before dropping :1
2025-01-25 14:17:55 - INFO - Empty DataFrame
Columns: [opentime, openprice, highprice, lowprice, closeprice]
Index: []
2025-01-25 14:17:55 - INFO - No new data to append.
2025-01-25 14:18:55 - INFO - Last opentime in CSV: 2025-01-25 13:30:00
2025-01-25 14:18:55 - INFO - CSV length before appending: 79690
2025-01-25 14:18:55 - INFO - Rounded timestamp: 2025-01-25 14:00:00, Last opentime in CSV: 2025-01-25 13:30:00
2025-01-25 14:18:55 - INFO - 2025-01-25 14:01:00 status: True, time: 1737813660000, calls: 1
2025-01-25 14:18:55 - INFO - 2025-01-25 14:01:00 status: True, time: 1737813660000, calls: 2
2025-01-25 14:18:55 - INFO - Duplicate timestamp detected. Stopping fetch.
2025-01-25 14:18:55 - INFO - before dropping :1
2025-01-25 14:18:55 - INFO - Empty DataFrame
Columns: [opentime, openprice, highprice, lowprice, closeprice]
Index: []
2025-01-25 14:18:55 - INFO - No new data to append.
2025-01-25 14:19:55 - INFO - Last opentime in CSV: 2025-01-25 13:30:00
2025-01-25 14:19:55 - INFO - CSV length before appending: 79690
2025-01-25 14:19:55 - INFO - Rounded timestamp: 2025-01-25 14:00:00, Last opentime in CSV: 2025-01-25 13:30:00
2025-01-25 14:19:56 - INFO - 2025-01-25 14:01:00 status: True, time: 1737813660000, calls: 1
2025-01-25 14:19:56 - INFO - 2025-01-25 14:01:00 status: True, time: 1737813660000, calls: 2
2025-01-25 14:19:56 - INFO - Duplicate timestamp detected. Stopping fetch.
2025-01-25 14:19:56 - INFO - before dropping :1
2025-01-25 14:19:56 - INFO - Empty DataFrame
Columns: [opentime, openprice, highprice, lowprice, closeprice]
Index: []
2025-01-25 14:19:56 - INFO - No new data to append.
2025-01-25 14:20:56 - INFO - Last opentime in CSV: 2025-01-25 13:30:00
2025-01-25 14:20:56 - INFO - CSV length before appending: 79690
2025-01-25 14:20:56 - INFO - Rounded timestamp: 2025-01-25 14:00:00, Last opentime in CSV: 2025-01-25 13:30:00
2025-01-25 14:20:56 - INFO - 2025-01-25 14:01:00 status: True, time: 1737813660000, calls: 1
2025-01-25 14:20:56 - INFO - 2025-01-25 14:01:00 status: True, time: 1737813660000, calls: 2
2025-01-25 14:20:56 - INFO - Duplicate timestamp detected. Stopping fetch.
2025-01-25 14:20:56 - INFO - before dropping :1
2025-01-25 14:20:56 - INFO - Empty DataFrame
Columns: [opentime, openprice, highprice, lowprice, closeprice]
Index: []
2025-01-25 14:20:56 - INFO - No new data to append.
2025-01-25 14:21:56 - INFO - Last opentime in CSV: 2025-01-25 13:30:00
2025-01-25 14:21:56 - INFO - CSV length before appending: 79690
2025-01-25 14:21:56 - INFO - Rounded timestamp: 2025-01-25 14:00:00, Last opentime in CSV: 2025-01-25 13:30:00
2025-01-25 14:21:56 - INFO - 2025-01-25 14:01:00 status: True, time: 1737813660000, calls: 1
2025-01-25 14:21:56 - INFO - 2025-01-25 14:01:00 status: True, time: 1737813660000, calls: 2
2025-01-25 14:21:56 - INFO - Duplicate timestamp detected. Stopping fetch.
2025-01-25 14:21:56 - INFO - before dropping :1
2025-01-25 14:21:56 - INFO - Empty DataFrame
Columns: [opentime, openprice, highprice, lowprice, closeprice]
Index: []
2025-01-25 14:21:56 - INFO - No new data to append.
2025-01-25 14:22:56 - INFO - Last opentime in CSV: 2025-01-25 13:30:00
2025-01-25 14:22:56 - INFO - CSV length before appending: 79690
2025-01-25 14:22:56 - INFO - Rounded timestamp: 2025-01-25 14:00:00, Last opentime in CSV: 2025-01-25 13:30:00
2025-01-25 14:22:56 - INFO - 2025-01-25 14:01:00 status: True, time: 1737813660000, calls: 1
2025-01-25 14:22:56 - INFO - 2025-01-25 14:01:00 status: True, time: 1737813660000, calls: 2
2025-01-25 14:22:56 - INFO - Duplicate timestamp detected. Stopping fetch.
2025-01-25 14:22:56 - INFO - before dropping :1
2025-01-25 14:22:56 - INFO - Empty DataFrame
Columns: [opentime, openprice, highprice, lowprice, closeprice]
Index: []
2025-01-25 14:22:56 - INFO - No new data to append.
