2025-02-03 07:30:08 - INFO - Trading symbol: SOLUSDT, Log file: binance_stic_sol_bot_25k_20250203073008
2025-02-03 07:30:08 - INFO - Server Time:
2025-02-03 07:30:09 - INFO - USDT Available Balance: 22997.52188946
2025-02-03 07:30:09 - INFO - Determined Trade Amount: 2000 USDT
2025-02-03 07:30:09 - INFO - Active Position Initiation: 1
2025-02-03 07:30:09 - INFO - USDT Available Balance: 22997.47509882
2025-02-03 07:30:09 - INFO - Determined Trade Amount: 2000 USDT
2025-02-03 07:30:09 - INFO - Last opentime in CSV: 2025-02-03 06:30:00
2025-02-03 07:30:09 - INFO - CSV length before appending: 1237
2025-02-03 07:30:09 - INFO - Rounded timestamp: 2025-02-03 07:30:00, Last opentime in CSV: 2025-02-03 06:30:00
2025-02-03 07:30:09 - INFO - Reached endtime at 2025-02-03 07:31:00. Stopping fetch.
2025-02-03 07:30:09 - INFO - before dropping :2
2025-02-03 07:30:09 - INFO -         opentime  openprice  highprice  lowprice  closeprice
0  1738566000000     195.58      198.4    195.07      197.66
2025-02-03 07:30:09 - INFO - 1 new rows fetched and appended successfully.
2025-02-03 07:30:09 - INFO - New CSV length after appending: 1238
2025-02-03 07:30:09 - INFO - New data:            opentime  openprice  highprice  lowprice  closeprice
1237  1738566000000     195.58      198.4    195.07      197.66
2025-02-03 07:30:09 - INFO - New data fetched, processing now.
2025-02-03 07:30:09 - INFO - Last row:            opentime  openprice  ...  SUPERTl_10_3.0  SUPERTs_10_3.0
1237  1738566000000     195.58  ...             NaN      206.211348

[1 rows x 7 columns]
2025-02-03 07:30:09 - INFO - Supertrend indicator applied.
2025-02-03 07:30:09 - INFO - Last row:            opentime  openprice  ...  leading_span_a  leading_span_b
1237  1738566000000     195.58  ...          207.92          214.25

[1 rows x 9 columns]
2025-02-03 07:30:09 - INFO - Ichimoku cloud indicator applied.
2025-02-03 07:30:09 - INFO - Previous up trend: nan
2025-02-03 07:30:09 - INFO - Current up trend: nan
2025-02-03 07:30:09 - INFO - Trend: unchange
2025-02-03 07:30:09 - INFO - Active Position: 1
2025-02-03 07:30:09 - INFO - Suggested Action: Short
2025-02-03 07:30:09 - INFO - Suggestion : Short, Previous ACtion None, Active Position: 1
2025-02-03 07:30:09 - INFO - Previous Action: None
2025-02-03 07:30:09 - INFO - Suggested Action: Short
2025-02-03 07:30:09 - INFO - Active Position: 1
2025-02-03 07:30:09 - INFO - USDT Available Balance: 22997.35032378
2025-02-03 07:30:09 - INFO - Determined Trade Amount: 2000 USDT
2025-02-03 07:30:09 - INFO - Current SOLUSDT Mark Price: 197.56
2025-02-03 07:30:09 - INFO - Expected SOLUSDT Amount: 10
2025-02-03 07:30:09 - INFO - at: 2025-02-03 07:00:00 - No action taken
2025-02-03 07:31:09 - INFO - Last opentime in CSV: 2025-02-03 07:00:00
2025-02-03 07:31:09 - INFO - CSV length before appending: 1238
2025-02-03 07:31:09 - INFO - Rounded timestamp: 2025-02-03 07:30:00, Last opentime in CSV: 2025-02-03 07:00:00
2025-02-03 07:31:09 - INFO - 2025-02-03 07:31:00 status: True, time: 1738567860000, calls: 1
2025-02-03 07:31:10 - INFO - 2025-02-03 07:31:00 status: True, time: 1738567860000, calls: 2
2025-02-03 07:31:10 - INFO - Duplicate timestamp detected. Stopping fetch.
2025-02-03 07:31:10 - INFO - before dropping :1
2025-02-03 07:31:10 - INFO - Empty DataFrame
Columns: [opentime, openprice, highprice, lowprice, closeprice]
Index: []
2025-02-03 07:31:10 - INFO - No new data to append.
2025-02-03 07:32:10 - INFO - Last opentime in CSV: 2025-02-03 07:00:00
2025-02-03 07:32:10 - INFO - CSV length before appending: 1238
2025-02-03 07:32:10 - INFO - Rounded timestamp: 2025-02-03 07:30:00, Last opentime in CSV: 2025-02-03 07:00:00
2025-02-03 07:32:10 - INFO - 2025-02-03 07:31:00 status: True, time: 1738567860000, calls: 1
2025-02-03 07:32:10 - INFO - 2025-02-03 07:31:00 status: True, time: 1738567860000, calls: 2
2025-02-03 07:32:10 - INFO - Duplicate timestamp detected. Stopping fetch.
2025-02-03 07:32:10 - INFO - before dropping :1
2025-02-03 07:32:10 - INFO - Empty DataFrame
Columns: [opentime, openprice, highprice, lowprice, closeprice]
Index: []
2025-02-03 07:32:10 - INFO - No new data to append.
2025-02-03 07:33:10 - INFO - Last opentime in CSV: 2025-02-03 07:00:00
2025-02-03 07:33:10 - INFO - CSV length before appending: 1238
2025-02-03 07:33:10 - INFO - Rounded timestamp: 2025-02-03 07:30:00, Last opentime in CSV: 2025-02-03 07:00:00
2025-02-03 07:33:10 - INFO - 2025-02-03 07:31:00 status: True, time: 1738567860000, calls: 1
2025-02-03 07:33:10 - INFO - 2025-02-03 07:31:00 status: True, time: 1738567860000, calls: 2
2025-02-03 07:33:10 - INFO - Duplicate timestamp detected. Stopping fetch.
2025-02-03 07:33:10 - INFO - before dropping :1
2025-02-03 07:33:10 - INFO - Empty DataFrame
Columns: [opentime, openprice, highprice, lowprice, closeprice]
Index: []
2025-02-03 07:33:10 - INFO - No new data to append.
2025-02-03 07:34:10 - INFO - Last opentime in CSV: 2025-02-03 07:00:00
2025-02-03 07:34:10 - INFO - CSV length before appending: 1238
2025-02-03 07:34:10 - INFO - Rounded timestamp: 2025-02-03 07:30:00, Last opentime in CSV: 2025-02-03 07:00:00
2025-02-03 07:34:10 - INFO - 2025-02-03 07:31:00 status: True, time: 1738567860000, calls: 1
2025-02-03 07:34:10 - INFO - 2025-02-03 07:31:00 status: True, time: 1738567860000, calls: 2
2025-02-03 07:34:10 - INFO - Duplicate timestamp detected. Stopping fetch.
2025-02-03 07:34:10 - INFO - before dropping :1
2025-02-03 07:34:10 - INFO - Empty DataFrame
Columns: [opentime, openprice, highprice, lowprice, closeprice]
Index: []
2025-02-03 07:34:10 - INFO - No new data to append.
2025-02-03 07:35:10 - INFO - Last opentime in CSV: 2025-02-03 07:00:00
2025-02-03 07:35:10 - INFO - CSV length before appending: 1238
2025-02-03 07:35:10 - INFO - Rounded timestamp: 2025-02-03 07:30:00, Last opentime in CSV: 2025-02-03 07:00:00
2025-02-03 07:35:10 - INFO - 2025-02-03 07:31:00 status: True, time: 1738567860000, calls: 1
2025-02-03 07:35:11 - INFO - 2025-02-03 07:31:00 status: True, time: 1738567860000, calls: 2
2025-02-03 07:35:11 - INFO - Duplicate timestamp detected. Stopping fetch.
2025-02-03 07:35:11 - INFO - before dropping :1
2025-02-03 07:35:11 - INFO - Empty DataFrame
Columns: [opentime, openprice, highprice, lowprice, closeprice]
Index: []
2025-02-03 07:35:11 - INFO - No new data to append.
