2025-01-18 05:16:47 - INFO - Last opentime in CSV: 2025-01-16 08:00:00
2025-01-18 05:16:47 - INFO - CSV length before appending: 305
2025-01-18 05:16:47 - INFO - Rounded timestamp: 2025-01-18 05:00:00, Last opentime in CSV: 2025-01-16 08:00:00
2025-01-18 05:16:47 - INFO - 2025-01-18 05:01:00 status: True, time: 1737176460000, calls: 1
2025-01-18 05:16:47 - INFO - 2025-01-18 05:01:00 status: True, time: 1737176460000, calls: 2
2025-01-18 05:16:47 - INFO - Duplicate timestamp detected. Stopping fetch.
2025-01-18 05:16:47 - INFO - before dropping :90
2025-01-18 05:16:47 - INFO -          opentime  openprice  highprice  lowprice  closeprice
0   1737016200000     3.1051     3.1123    3.0429      3.0769
1   1737018000000     3.0769     3.0869    3.0435      3.0569
2   1737019800000     3.0570     3.0738    3.0264      3.0732
3   1737021600000     3.0732     3.1018    3.0682      3.0933
4   1737023400000     3.0933     3.1105    3.0792      3.1099
..            ...        ...        ...       ...         ...
84  1737167400000     3.2713     3.2874    3.2607      3.2704
85  1737169200000     3.2704     3.2788    3.2303      3.2387
86  1737171000000     3.2388     3.2458    3.1964      3.2396
87  1737172800000     3.2395     3.2470    3.1870      3.1957
88  1737174600000     3.1956     3.2188    3.1842      3.2026

[89 rows x 5 columns]
2025-01-18 05:16:47 - INFO - 89 new rows fetched and appended successfully.
2025-01-18 05:16:47 - INFO - New CSV length after appending: 394
2025-01-18 05:16:47 - INFO - New data:           opentime  openprice  highprice  lowprice  closeprice
393  1737174600000     3.1956     3.2188    3.1842      3.2026
2025-01-18 05:16:47 - INFO - New data fetched, processing now.
2025-01-18 05:16:47 - INFO - Last row:           opentime  openprice  ...  SUPERTl_10_3.0  SUPERTs_10_3.0
393  1737174600000     3.1956  ...             NaN        3.316975

[1 rows x 7 columns]
2025-01-18 05:16:47 - INFO - Supertrend indicator applied.
2025-01-18 05:16:47 - INFO - Last row:           opentime  openprice  ...  leading_span_a  leading_span_b
393  1737174600000     3.1956  ...         3.25695             NaN

[1 rows x 9 columns]
2025-01-18 05:16:47 - INFO - Ichimoku cloud indicator applied.
2025-01-18 05:16:47 - INFO - Previous up trend: nan
2025-01-18 05:16:47 - INFO - Current up trend: nan
2025-01-18 05:16:47 - INFO - Trend: unchange
2025-01-18 05:16:47 - INFO - Suggested Action: Short
2025-01-18 05:16:47 - INFO - Previous Action: Short
2025-01-18 05:16:47 - INFO - Suggested Action: Short
2025-01-18 05:16:47 - INFO - No action needed as previous and suggested actions are the same.
2025-01-18 05:17:47 - INFO - Last opentime in CSV: 2025-01-18 04:30:00
2025-01-18 05:17:47 - INFO - CSV length before appending: 394
2025-01-18 05:17:47 - INFO - Rounded timestamp: 2025-01-18 05:00:00, Last opentime in CSV: 2025-01-18 04:30:00
2025-01-18 05:17:47 - INFO - 2025-01-18 05:01:00 status: True, time: 1737176460000, calls: 1
2025-01-18 05:17:47 - INFO - 2025-01-18 05:01:00 status: True, time: 1737176460000, calls: 2
2025-01-18 05:17:47 - INFO - Duplicate timestamp detected. Stopping fetch.
2025-01-18 05:17:47 - INFO - before dropping :1
2025-01-18 05:17:47 - INFO - Empty DataFrame
Columns: [opentime, openprice, highprice, lowprice, closeprice]
Index: []
2025-01-18 05:17:47 - INFO - No new data to append.
2025-01-18 05:18:47 - INFO - Last opentime in CSV: 2025-01-18 04:30:00
2025-01-18 05:18:47 - INFO - CSV length before appending: 394
2025-01-18 05:18:47 - INFO - Rounded timestamp: 2025-01-18 05:00:00, Last opentime in CSV: 2025-01-18 04:30:00
2025-01-18 05:18:47 - INFO - 2025-01-18 05:01:00 status: True, time: 1737176460000, calls: 1
2025-01-18 05:18:47 - INFO - 2025-01-18 05:01:00 status: True, time: 1737176460000, calls: 2
2025-01-18 05:18:47 - INFO - Duplicate timestamp detected. Stopping fetch.
2025-01-18 05:18:47 - INFO - before dropping :1
2025-01-18 05:18:47 - INFO - Empty DataFrame
Columns: [opentime, openprice, highprice, lowprice, closeprice]
Index: []
2025-01-18 05:18:47 - INFO - No new data to append.
2025-01-18 05:19:47 - INFO - Last opentime in CSV: 2025-01-18 04:30:00
2025-01-18 05:19:47 - INFO - CSV length before appending: 394
2025-01-18 05:19:47 - INFO - Rounded timestamp: 2025-01-18 05:00:00, Last opentime in CSV: 2025-01-18 04:30:00
2025-01-18 05:19:47 - INFO - 2025-01-18 05:01:00 status: True, time: 1737176460000, calls: 1
2025-01-18 05:19:48 - INFO - 2025-01-18 05:01:00 status: True, time: 1737176460000, calls: 2
2025-01-18 05:19:48 - INFO - Duplicate timestamp detected. Stopping fetch.
2025-01-18 05:19:48 - INFO - before dropping :1
2025-01-18 05:19:48 - INFO - Empty DataFrame
Columns: [opentime, openprice, highprice, lowprice, closeprice]
Index: []
2025-01-18 05:19:48 - INFO - No new data to append.
2025-01-18 05:20:48 - INFO - Last opentime in CSV: 2025-01-18 04:30:00
2025-01-18 05:20:48 - INFO - CSV length before appending: 394
2025-01-18 05:20:48 - INFO - Rounded timestamp: 2025-01-18 05:00:00, Last opentime in CSV: 2025-01-18 04:30:00
2025-01-18 05:20:48 - INFO - 2025-01-18 05:01:00 status: True, time: 1737176460000, calls: 1
2025-01-18 05:20:48 - INFO - 2025-01-18 05:01:00 status: True, time: 1737176460000, calls: 2
2025-01-18 05:20:48 - INFO - Duplicate timestamp detected. Stopping fetch.
2025-01-18 05:20:48 - INFO - before dropping :1
2025-01-18 05:20:48 - INFO - Empty DataFrame
Columns: [opentime, openprice, highprice, lowprice, closeprice]
Index: []
2025-01-18 05:20:48 - INFO - No new data to append.
2025-01-18 05:21:48 - INFO - Last opentime in CSV: 2025-01-18 04:30:00
2025-01-18 05:21:48 - INFO - CSV length before appending: 394
2025-01-18 05:21:48 - INFO - Rounded timestamp: 2025-01-18 05:00:00, Last opentime in CSV: 2025-01-18 04:30:00
2025-01-18 05:21:48 - INFO - 2025-01-18 05:01:00 status: True, time: 1737176460000, calls: 1
2025-01-18 05:21:48 - INFO - 2025-01-18 05:01:00 status: True, time: 1737176460000, calls: 2
2025-01-18 05:21:48 - INFO - Duplicate timestamp detected. Stopping fetch.
2025-01-18 05:21:48 - INFO - before dropping :1
2025-01-18 05:21:48 - INFO - Empty DataFrame
Columns: [opentime, openprice, highprice, lowprice, closeprice]
Index: []
2025-01-18 05:21:48 - INFO - No new data to append.
