2025-01-16 04:48:58 - INFO - Last opentime in CSV: 2025-01-14 05:30:00
2025-01-16 04:48:58 - INFO - CSV length before appending: 204
2025-01-16 04:48:58 - INFO - Rounded timestamp: 2025-01-16 04:30:00, Last opentime in CSV: 2025-01-14 05:30:00
2025-01-16 04:48:58 - INFO - 2025-01-16 04:31:00 status: True, time: 1737001860000, calls: 1
2025-01-16 04:48:58 - INFO - 2025-01-16 04:31:00 status: True, time: 1737001860000, calls: 2
2025-01-16 04:48:58 - INFO - Duplicate timestamp detected. Stopping fetch.
2025-01-16 04:48:58 - INFO - before dropping :94
2025-01-16 04:48:58 - INFO -          opentime  openprice  highprice  lowprice  closeprice
0   1736834400000     2.5259     2.5375    2.5188      2.5312
1   1736836200000     2.5313     2.5405    2.5270      2.5310
2   1736838000000     2.5311     2.5403    2.5263      2.5297
3   1736839800000     2.5296     2.5316    2.5111      2.5156
4   1736841600000     2.5156     2.5450    2.5156      2.5323
..            ...        ...        ...       ...         ...
88  1736992800000     3.0718     3.0841    3.0249      3.0329
89  1736994600000     3.0329     3.0558    3.0270      3.0391
90  1736996400000     3.0390     3.0566    3.0166      3.0173
91  1736998200000     3.0173     3.0445    2.9836      3.0391
92  1737000000000     3.0392     3.0666    3.0385      3.0613

[93 rows x 5 columns]
2025-01-16 04:48:58 - INFO - 93 new rows fetched and appended successfully.
2025-01-16 04:48:58 - INFO - New CSV length after appending: 297
2025-01-16 04:48:58 - INFO - New data:           opentime  openprice  highprice  lowprice  closeprice
296  1737000000000     3.0392     3.0666    3.0385      3.0613
2025-01-16 04:48:58 - INFO - New data fetched, processing now.
2025-01-16 04:48:58 - INFO - Last row:           opentime  openprice  ...  SUPERTl_10_3.0  SUPERTs_10_3.0
296  1737000000000     3.0392  ...        2.976483             NaN

[1 rows x 7 columns]
2025-01-16 04:48:58 - INFO - Supertrend indicator applied.
2025-01-16 04:48:58 - INFO - Last row:           opentime  openprice  ...  leading_span_a  leading_span_b
296  1737000000000     3.0392  ...         2.87415             NaN

[1 rows x 9 columns]
2025-01-16 04:48:58 - INFO - Ichimoku cloud indicator applied.
2025-01-16 04:48:58 - INFO - Previous up trend: 2.976482517107037
2025-01-16 04:48:58 - INFO - Current up trend: 2.976482517107037
2025-01-16 04:48:58 - INFO - Trend: unchange
2025-01-16 04:48:58 - INFO - Suggested Action: Long
2025-01-16 04:48:58 - INFO - Previous Action: None
2025-01-16 04:48:58 - INFO - Suggested Action: Long
2025-01-16 04:48:58 - INFO - Current XRPUSDT Mark Price: 3.0693
2025-01-16 04:48:58 - INFO - Expected XRPUSDT Amount: 6
2025-01-16 04:48:58 - INFO - Current Opened XRPUSDT Amount: 0.0
2025-01-16 04:48:58 - INFO - at: 2025-01-16 04:00:00 - Open Long
2025-01-16 04:49:58 - INFO - Last opentime in CSV: 2025-01-16 04:00:00
2025-01-16 04:49:58 - INFO - CSV length before appending: 297
2025-01-16 04:49:58 - INFO - Rounded timestamp: 2025-01-16 04:30:00, Last opentime in CSV: 2025-01-16 04:00:00
2025-01-16 04:49:58 - INFO - 2025-01-16 04:31:00 status: True, time: 1737001860000, calls: 1
2025-01-16 04:49:59 - INFO - 2025-01-16 04:31:00 status: True, time: 1737001860000, calls: 2
2025-01-16 04:49:59 - INFO - Duplicate timestamp detected. Stopping fetch.
2025-01-16 04:49:59 - INFO - before dropping :1
2025-01-16 04:49:59 - INFO - Empty DataFrame
Columns: [opentime, openprice, highprice, lowprice, closeprice]
Index: []
2025-01-16 04:49:59 - INFO - No new data to append.
2025-01-16 04:50:59 - INFO - Last opentime in CSV: 2025-01-16 04:00:00
2025-01-16 04:50:59 - INFO - CSV length before appending: 297
2025-01-16 04:50:59 - INFO - Rounded timestamp: 2025-01-16 04:30:00, Last opentime in CSV: 2025-01-16 04:00:00
2025-01-16 04:50:59 - INFO - 2025-01-16 04:31:00 status: True, time: 1737001860000, calls: 1
2025-01-16 04:50:59 - INFO - 2025-01-16 04:31:00 status: True, time: 1737001860000, calls: 2
2025-01-16 04:50:59 - INFO - Duplicate timestamp detected. Stopping fetch.
2025-01-16 04:50:59 - INFO - before dropping :1
2025-01-16 04:50:59 - INFO - Empty DataFrame
Columns: [opentime, openprice, highprice, lowprice, closeprice]
Index: []
2025-01-16 04:50:59 - INFO - No new data to append.
2025-01-16 04:51:59 - INFO - Last opentime in CSV: 2025-01-16 04:00:00
2025-01-16 04:51:59 - INFO - CSV length before appending: 297
2025-01-16 04:51:59 - INFO - Rounded timestamp: 2025-01-16 04:30:00, Last opentime in CSV: 2025-01-16 04:00:00
2025-01-16 04:51:59 - INFO - 2025-01-16 04:31:00 status: True, time: 1737001860000, calls: 1
2025-01-16 04:51:59 - INFO - 2025-01-16 04:31:00 status: True, time: 1737001860000, calls: 2
2025-01-16 04:51:59 - INFO - Duplicate timestamp detected. Stopping fetch.
2025-01-16 04:51:59 - INFO - before dropping :1
2025-01-16 04:51:59 - INFO - Empty DataFrame
Columns: [opentime, openprice, highprice, lowprice, closeprice]
Index: []
2025-01-16 04:51:59 - INFO - No new data to append.
2025-01-16 04:52:59 - INFO - Last opentime in CSV: 2025-01-16 04:00:00
2025-01-16 04:52:59 - INFO - CSV length before appending: 297
2025-01-16 04:52:59 - INFO - Rounded timestamp: 2025-01-16 04:30:00, Last opentime in CSV: 2025-01-16 04:00:00
2025-01-16 04:52:59 - INFO - 2025-01-16 04:31:00 status: True, time: 1737001860000, calls: 1
2025-01-16 04:52:59 - INFO - 2025-01-16 04:31:00 status: True, time: 1737001860000, calls: 2
2025-01-16 04:52:59 - INFO - Duplicate timestamp detected. Stopping fetch.
2025-01-16 04:52:59 - INFO - before dropping :1
2025-01-16 04:52:59 - INFO - Empty DataFrame
Columns: [opentime, openprice, highprice, lowprice, closeprice]
Index: []
2025-01-16 04:52:59 - INFO - No new data to append.
2025-01-16 04:53:59 - INFO - Last opentime in CSV: 2025-01-16 04:00:00
2025-01-16 04:53:59 - INFO - CSV length before appending: 297
2025-01-16 04:53:59 - INFO - Rounded timestamp: 2025-01-16 04:30:00, Last opentime in CSV: 2025-01-16 04:00:00
2025-01-16 04:53:59 - INFO - 2025-01-16 04:31:00 status: True, time: 1737001860000, calls: 1
2025-01-16 04:53:59 - INFO - 2025-01-16 04:31:00 status: True, time: 1737001860000, calls: 2
2025-01-16 04:53:59 - INFO - Duplicate timestamp detected. Stopping fetch.
2025-01-16 04:53:59 - INFO - before dropping :1
2025-01-16 04:53:59 - INFO - Empty DataFrame
Columns: [opentime, openprice, highprice, lowprice, closeprice]
Index: []
2025-01-16 04:53:59 - INFO - No new data to append.
2025-01-16 04:54:59 - INFO - Last opentime in CSV: 2025-01-16 04:00:00
2025-01-16 04:54:59 - INFO - CSV length before appending: 297
2025-01-16 04:54:59 - INFO - Rounded timestamp: 2025-01-16 04:30:00, Last opentime in CSV: 2025-01-16 04:00:00
2025-01-16 04:55:00 - INFO - 2025-01-16 04:31:00 status: True, time: 1737001860000, calls: 1
2025-01-16 04:55:00 - INFO - 2025-01-16 04:31:00 status: True, time: 1737001860000, calls: 2
2025-01-16 04:55:00 - INFO - Duplicate timestamp detected. Stopping fetch.
2025-01-16 04:55:00 - INFO - before dropping :1
2025-01-16 04:55:00 - INFO - Empty DataFrame
Columns: [opentime, openprice, highprice, lowprice, closeprice]
Index: []
2025-01-16 04:55:00 - INFO - No new data to append.
2025-01-16 04:56:00 - INFO - Last opentime in CSV: 2025-01-16 04:00:00
2025-01-16 04:56:00 - INFO - CSV length before appending: 297
2025-01-16 04:56:00 - INFO - Rounded timestamp: 2025-01-16 04:30:00, Last opentime in CSV: 2025-01-16 04:00:00
2025-01-16 04:56:00 - INFO - 2025-01-16 04:31:00 status: True, time: 1737001860000, calls: 1
2025-01-16 04:56:00 - INFO - 2025-01-16 04:31:00 status: True, time: 1737001860000, calls: 2
2025-01-16 04:56:00 - INFO - Duplicate timestamp detected. Stopping fetch.
2025-01-16 04:56:00 - INFO - before dropping :1
2025-01-16 04:56:00 - INFO - Empty DataFrame
Columns: [opentime, openprice, highprice, lowprice, closeprice]
Index: []
2025-01-16 04:56:00 - INFO - No new data to append.
2025-01-16 04:57:00 - INFO - Last opentime in CSV: 2025-01-16 04:00:00
2025-01-16 04:57:00 - INFO - CSV length before appending: 297
2025-01-16 04:57:00 - INFO - Rounded timestamp: 2025-01-16 04:30:00, Last opentime in CSV: 2025-01-16 04:00:00
2025-01-16 04:57:00 - INFO - 2025-01-16 04:31:00 status: True, time: 1737001860000, calls: 1
2025-01-16 04:57:00 - INFO - 2025-01-16 04:31:00 status: True, time: 1737001860000, calls: 2
2025-01-16 04:57:00 - INFO - Duplicate timestamp detected. Stopping fetch.
2025-01-16 04:57:00 - INFO - before dropping :1
2025-01-16 04:57:00 - INFO - Empty DataFrame
Columns: [opentime, openprice, highprice, lowprice, closeprice]
Index: []
2025-01-16 04:57:00 - INFO - No new data to append.
2025-01-16 04:58:00 - INFO - Last opentime in CSV: 2025-01-16 04:00:00
2025-01-16 04:58:00 - INFO - CSV length before appending: 297
2025-01-16 04:58:00 - INFO - Rounded timestamp: 2025-01-16 04:30:00, Last opentime in CSV: 2025-01-16 04:00:00
2025-01-16 04:58:00 - INFO - 2025-01-16 04:31:00 status: True, time: 1737001860000, calls: 1
2025-01-16 04:58:00 - INFO - 2025-01-16 04:31:00 status: True, time: 1737001860000, calls: 2
2025-01-16 04:58:00 - INFO - Duplicate timestamp detected. Stopping fetch.
2025-01-16 04:58:00 - INFO - before dropping :1
2025-01-16 04:58:00 - INFO - Empty DataFrame
Columns: [opentime, openprice, highprice, lowprice, closeprice]
Index: []
2025-01-16 04:58:00 - INFO - No new data to append.
