2025-01-16 07:06:21 - INFO - Last opentime in CSV: 2025-01-16 06:00:00
2025-01-16 07:06:21 - INFO - CSV length before appending: 301
2025-01-16 07:06:21 - INFO - Rounded timestamp: 2025-01-16 07:00:00, Last opentime in CSV: 2025-01-16 06:00:00
2025-01-16 07:06:21 - INFO - 2025-01-16 07:01:00 status: True, time: 1737010860000, calls: 1
2025-01-16 07:06:22 - INFO - 2025-01-16 07:01:00 status: True, time: 1737010860000, calls: 2
2025-01-16 07:06:22 - INFO - Duplicate timestamp detected. Stopping fetch.
2025-01-16 07:06:22 - INFO - before dropping :2
2025-01-16 07:06:22 - INFO -         opentime  openprice  highprice  lowprice  closeprice
0  1737009000000      3.059     3.1209    3.0578      3.1201
2025-01-16 07:06:22 - INFO - 1 new rows fetched and appended successfully.
2025-01-16 07:06:22 - INFO - New CSV length after appending: 302
2025-01-16 07:06:22 - INFO - New data:           opentime  openprice  highprice  lowprice  closeprice
301  1737009000000      3.059     3.1209    3.0578      3.1201
2025-01-16 07:06:22 - INFO - New data fetched, processing now.
2025-01-16 07:06:22 - INFO - Last row:           opentime  openprice  ...  SUPERTl_10_3.0  SUPERTs_10_3.0
301  1737009000000      3.059  ...        2.975838             NaN

[1 rows x 7 columns]
2025-01-16 07:06:22 - INFO - Supertrend indicator applied.
2025-01-16 07:06:22 - INFO - Last row:           opentime  openprice  ...  leading_span_a  leading_span_b
301  1737009000000      3.059  ...        2.892625             NaN

[1 rows x 9 columns]
2025-01-16 07:06:22 - INFO - Ichimoku cloud indicator applied.
2025-01-16 07:06:22 - INFO - Previous up trend: 2.9758383383665876
2025-01-16 07:06:22 - INFO - Current up trend: 2.9758383383665876
2025-01-16 07:06:22 - INFO - Trend: unchange
2025-01-16 07:06:22 - INFO - Suggested Action: Long
2025-01-16 07:06:22 - INFO - Previous Action: None
2025-01-16 07:06:22 - INFO - Suggested Action: Long
2025-01-16 07:06:22 - INFO - Current XRPUSDT Mark Price: 3.13511743
2025-01-16 07:06:22 - INFO - Expected XRPUSDT Amount: 159
2025-01-16 07:06:22 - INFO - Current Opened XRPUSDT Amount: 0.0
2025-01-16 07:06:22 - INFO - at: 2025-01-16 06:30:00 - Open Long
2025-01-16 07:07:22 - INFO - Last opentime in CSV: 2025-01-16 06:30:00
2025-01-16 07:07:22 - INFO - CSV length before appending: 302
2025-01-16 07:07:22 - INFO - Rounded timestamp: 2025-01-16 07:00:00, Last opentime in CSV: 2025-01-16 06:30:00
2025-01-16 07:07:22 - INFO - 2025-01-16 07:01:00 status: True, time: 1737010860000, calls: 1
2025-01-16 07:07:22 - INFO - 2025-01-16 07:01:00 status: True, time: 1737010860000, calls: 2
2025-01-16 07:07:22 - INFO - Duplicate timestamp detected. Stopping fetch.
2025-01-16 07:07:22 - INFO - before dropping :1
2025-01-16 07:07:22 - INFO - Empty DataFrame
Columns: [opentime, openprice, highprice, lowprice, closeprice]
Index: []
2025-01-16 07:07:22 - INFO - No new data to append.
2025-01-16 07:08:22 - INFO - Last opentime in CSV: 2025-01-16 06:30:00
2025-01-16 07:08:22 - INFO - CSV length before appending: 302
2025-01-16 07:08:22 - INFO - Rounded timestamp: 2025-01-16 07:00:00, Last opentime in CSV: 2025-01-16 06:30:00
2025-01-16 07:08:22 - INFO - 2025-01-16 07:01:00 status: True, time: 1737010860000, calls: 1
2025-01-16 07:08:22 - INFO - 2025-01-16 07:01:00 status: True, time: 1737010860000, calls: 2
2025-01-16 07:08:22 - INFO - Duplicate timestamp detected. Stopping fetch.
2025-01-16 07:08:22 - INFO - before dropping :1
2025-01-16 07:08:22 - INFO - Empty DataFrame
Columns: [opentime, openprice, highprice, lowprice, closeprice]
Index: []
2025-01-16 07:08:22 - INFO - No new data to append.
2025-01-16 07:09:22 - INFO - Last opentime in CSV: 2025-01-16 06:30:00
2025-01-16 07:09:22 - INFO - CSV length before appending: 302
2025-01-16 07:09:22 - INFO - Rounded timestamp: 2025-01-16 07:00:00, Last opentime in CSV: 2025-01-16 06:30:00
2025-01-16 07:09:22 - INFO - 2025-01-16 07:01:00 status: True, time: 1737010860000, calls: 1
2025-01-16 07:09:23 - INFO - 2025-01-16 07:01:00 status: True, time: 1737010860000, calls: 2
2025-01-16 07:09:23 - INFO - Duplicate timestamp detected. Stopping fetch.
2025-01-16 07:09:23 - INFO - before dropping :1
2025-01-16 07:09:23 - INFO - Empty DataFrame
Columns: [opentime, openprice, highprice, lowprice, closeprice]
Index: []
2025-01-16 07:09:23 - INFO - No new data to append.
2025-01-16 07:10:23 - INFO - Last opentime in CSV: 2025-01-16 06:30:00
2025-01-16 07:10:23 - INFO - CSV length before appending: 302
2025-01-16 07:10:23 - INFO - Rounded timestamp: 2025-01-16 07:00:00, Last opentime in CSV: 2025-01-16 06:30:00
2025-01-16 07:10:23 - INFO - 2025-01-16 07:01:00 status: True, time: 1737010860000, calls: 1
2025-01-16 07:10:23 - INFO - 2025-01-16 07:01:00 status: True, time: 1737010860000, calls: 2
2025-01-16 07:10:23 - INFO - Duplicate timestamp detected. Stopping fetch.
2025-01-16 07:10:23 - INFO - before dropping :1
2025-01-16 07:10:23 - INFO - Empty DataFrame
Columns: [opentime, openprice, highprice, lowprice, closeprice]
Index: []
2025-01-16 07:10:23 - INFO - No new data to append.
2025-01-16 07:11:23 - INFO - Last opentime in CSV: 2025-01-16 06:30:00
2025-01-16 07:11:23 - INFO - CSV length before appending: 302
2025-01-16 07:11:23 - INFO - Rounded timestamp: 2025-01-16 07:00:00, Last opentime in CSV: 2025-01-16 06:30:00
2025-01-16 07:11:23 - INFO - 2025-01-16 07:01:00 status: True, time: 1737010860000, calls: 1
2025-01-16 07:11:23 - INFO - 2025-01-16 07:01:00 status: True, time: 1737010860000, calls: 2
2025-01-16 07:11:23 - INFO - Duplicate timestamp detected. Stopping fetch.
2025-01-16 07:11:23 - INFO - before dropping :1
2025-01-16 07:11:23 - INFO - Empty DataFrame
Columns: [opentime, openprice, highprice, lowprice, closeprice]
Index: []
2025-01-16 07:11:23 - INFO - No new data to append.
2025-01-16 07:12:23 - INFO - Last opentime in CSV: 2025-01-16 06:30:00
2025-01-16 07:12:23 - INFO - CSV length before appending: 302
2025-01-16 07:12:23 - INFO - Rounded timestamp: 2025-01-16 07:00:00, Last opentime in CSV: 2025-01-16 06:30:00
2025-01-16 07:12:23 - INFO - 2025-01-16 07:01:00 status: True, time: 1737010860000, calls: 1
2025-01-16 07:12:23 - INFO - 2025-01-16 07:01:00 status: True, time: 1737010860000, calls: 2
2025-01-16 07:12:23 - INFO - Duplicate timestamp detected. Stopping fetch.
2025-01-16 07:12:23 - INFO - before dropping :1
2025-01-16 07:12:23 - INFO - Empty DataFrame
Columns: [opentime, openprice, highprice, lowprice, closeprice]
Index: []
2025-01-16 07:12:23 - INFO - No new data to append.
2025-01-16 07:13:23 - INFO - Last opentime in CSV: 2025-01-16 06:30:00
2025-01-16 07:13:23 - INFO - CSV length before appending: 302
2025-01-16 07:13:23 - INFO - Rounded timestamp: 2025-01-16 07:00:00, Last opentime in CSV: 2025-01-16 06:30:00
2025-01-16 07:13:23 - INFO - 2025-01-16 07:01:00 status: True, time: 1737010860000, calls: 1
2025-01-16 07:13:23 - INFO - 2025-01-16 07:01:00 status: True, time: 1737010860000, calls: 2
2025-01-16 07:13:23 - INFO - Duplicate timestamp detected. Stopping fetch.
2025-01-16 07:13:23 - INFO - before dropping :1
2025-01-16 07:13:23 - INFO - Empty DataFrame
Columns: [opentime, openprice, highprice, lowprice, closeprice]
Index: []
2025-01-16 07:13:23 - INFO - No new data to append.
2025-01-16 07:14:23 - INFO - Last opentime in CSV: 2025-01-16 06:30:00
2025-01-16 07:14:23 - INFO - CSV length before appending: 302
2025-01-16 07:14:23 - INFO - Rounded timestamp: 2025-01-16 07:00:00, Last opentime in CSV: 2025-01-16 06:30:00
2025-01-16 07:14:23 - INFO - 2025-01-16 07:01:00 status: True, time: 1737010860000, calls: 1
2025-01-16 07:14:24 - INFO - 2025-01-16 07:01:00 status: True, time: 1737010860000, calls: 2
2025-01-16 07:14:24 - INFO - Duplicate timestamp detected. Stopping fetch.
2025-01-16 07:14:24 - INFO - before dropping :1
2025-01-16 07:14:24 - INFO - Empty DataFrame
Columns: [opentime, openprice, highprice, lowprice, closeprice]
Index: []
2025-01-16 07:14:24 - INFO - No new data to append.
2025-01-16 07:15:24 - INFO - Last opentime in CSV: 2025-01-16 06:30:00
2025-01-16 07:15:24 - INFO - CSV length before appending: 302
2025-01-16 07:15:24 - INFO - Rounded timestamp: 2025-01-16 07:00:00, Last opentime in CSV: 2025-01-16 06:30:00
2025-01-16 07:15:24 - INFO - 2025-01-16 07:01:00 status: True, time: 1737010860000, calls: 1
2025-01-16 07:15:24 - INFO - 2025-01-16 07:01:00 status: True, time: 1737010860000, calls: 2
2025-01-16 07:15:24 - INFO - Duplicate timestamp detected. Stopping fetch.
2025-01-16 07:15:24 - INFO - before dropping :1
2025-01-16 07:15:24 - INFO - Empty DataFrame
Columns: [opentime, openprice, highprice, lowprice, closeprice]
Index: []
2025-01-16 07:15:24 - INFO - No new data to append.
2025-01-16 07:16:24 - INFO - Last opentime in CSV: 2025-01-16 06:30:00
2025-01-16 07:16:24 - INFO - CSV length before appending: 302
2025-01-16 07:16:24 - INFO - Rounded timestamp: 2025-01-16 07:00:00, Last opentime in CSV: 2025-01-16 06:30:00
2025-01-16 07:16:24 - INFO - 2025-01-16 07:01:00 status: True, time: 1737010860000, calls: 1
2025-01-16 07:16:24 - INFO - 2025-01-16 07:01:00 status: True, time: 1737010860000, calls: 2
2025-01-16 07:16:24 - INFO - Duplicate timestamp detected. Stopping fetch.
2025-01-16 07:16:24 - INFO - before dropping :1
2025-01-16 07:16:24 - INFO - Empty DataFrame
Columns: [opentime, openprice, highprice, lowprice, closeprice]
Index: []
2025-01-16 07:16:24 - INFO - No new data to append.
2025-01-16 07:17:24 - INFO - Last opentime in CSV: 2025-01-16 06:30:00
2025-01-16 07:17:24 - INFO - CSV length before appending: 302
2025-01-16 07:17:24 - INFO - Rounded timestamp: 2025-01-16 07:00:00, Last opentime in CSV: 2025-01-16 06:30:00
2025-01-16 07:17:24 - INFO - 2025-01-16 07:01:00 status: True, time: 1737010860000, calls: 1
2025-01-16 07:17:24 - INFO - 2025-01-16 07:01:00 status: True, time: 1737010860000, calls: 2
2025-01-16 07:17:24 - INFO - Duplicate timestamp detected. Stopping fetch.
2025-01-16 07:17:24 - INFO - before dropping :1
2025-01-16 07:17:24 - INFO - Empty DataFrame
Columns: [opentime, openprice, highprice, lowprice, closeprice]
Index: []
2025-01-16 07:17:24 - INFO - No new data to append.
2025-01-16 07:18:24 - INFO - Last opentime in CSV: 2025-01-16 06:30:00
2025-01-16 07:18:24 - INFO - CSV length before appending: 302
2025-01-16 07:18:24 - INFO - Rounded timestamp: 2025-01-16 07:00:00, Last opentime in CSV: 2025-01-16 06:30:00
2025-01-16 07:18:24 - INFO - 2025-01-16 07:01:00 status: True, time: 1737010860000, calls: 1
2025-01-16 07:18:24 - INFO - 2025-01-16 07:01:00 status: True, time: 1737010860000, calls: 2
2025-01-16 07:18:24 - INFO - Duplicate timestamp detected. Stopping fetch.
2025-01-16 07:18:24 - INFO - before dropping :1
2025-01-16 07:18:24 - INFO - Empty DataFrame
Columns: [opentime, openprice, highprice, lowprice, closeprice]
Index: []
2025-01-16 07:18:24 - INFO - No new data to append.
2025-01-16 07:19:24 - INFO - Last opentime in CSV: 2025-01-16 06:30:00
2025-01-16 07:19:24 - INFO - CSV length before appending: 302
2025-01-16 07:19:24 - INFO - Rounded timestamp: 2025-01-16 07:00:00, Last opentime in CSV: 2025-01-16 06:30:00
2025-01-16 07:19:25 - INFO - 2025-01-16 07:01:00 status: True, time: 1737010860000, calls: 1
2025-01-16 07:19:25 - INFO - 2025-01-16 07:01:00 status: True, time: 1737010860000, calls: 2
2025-01-16 07:19:25 - INFO - Duplicate timestamp detected. Stopping fetch.
2025-01-16 07:19:25 - INFO - before dropping :1
2025-01-16 07:19:25 - INFO - Empty DataFrame
Columns: [opentime, openprice, highprice, lowprice, closeprice]
Index: []
2025-01-16 07:19:25 - INFO - No new data to append.
2025-01-16 07:20:25 - INFO - Last opentime in CSV: 2025-01-16 06:30:00
2025-01-16 07:20:25 - INFO - CSV length before appending: 302
2025-01-16 07:20:25 - INFO - Rounded timestamp: 2025-01-16 07:00:00, Last opentime in CSV: 2025-01-16 06:30:00
2025-01-16 07:20:25 - INFO - 2025-01-16 07:01:00 status: True, time: 1737010860000, calls: 1
2025-01-16 07:20:25 - INFO - 2025-01-16 07:01:00 status: True, time: 1737010860000, calls: 2
2025-01-16 07:20:25 - INFO - Duplicate timestamp detected. Stopping fetch.
2025-01-16 07:20:25 - INFO - before dropping :1
2025-01-16 07:20:25 - INFO - Empty DataFrame
Columns: [opentime, openprice, highprice, lowprice, closeprice]
Index: []
2025-01-16 07:20:25 - INFO - No new data to append.
2025-01-16 07:21:25 - INFO - Last opentime in CSV: 2025-01-16 06:30:00
2025-01-16 07:21:25 - INFO - CSV length before appending: 302
2025-01-16 07:21:25 - INFO - Rounded timestamp: 2025-01-16 07:00:00, Last opentime in CSV: 2025-01-16 06:30:00
2025-01-16 07:21:25 - INFO - 2025-01-16 07:01:00 status: True, time: 1737010860000, calls: 1
2025-01-16 07:21:25 - INFO - 2025-01-16 07:01:00 status: True, time: 1737010860000, calls: 2
2025-01-16 07:21:25 - INFO - Duplicate timestamp detected. Stopping fetch.
2025-01-16 07:21:25 - INFO - before dropping :1
2025-01-16 07:21:25 - INFO - Empty DataFrame
Columns: [opentime, openprice, highprice, lowprice, closeprice]
Index: []
2025-01-16 07:21:25 - INFO - No new data to append.
2025-01-16 07:22:25 - INFO - Last opentime in CSV: 2025-01-16 06:30:00
2025-01-16 07:22:25 - INFO - CSV length before appending: 302
2025-01-16 07:22:25 - INFO - Rounded timestamp: 2025-01-16 07:00:00, Last opentime in CSV: 2025-01-16 06:30:00
2025-01-16 07:22:25 - INFO - 2025-01-16 07:01:00 status: True, time: 1737010860000, calls: 1
2025-01-16 07:22:25 - INFO - 2025-01-16 07:01:00 status: True, time: 1737010860000, calls: 2
2025-01-16 07:22:25 - INFO - Duplicate timestamp detected. Stopping fetch.
2025-01-16 07:22:25 - INFO - before dropping :1
2025-01-16 07:22:25 - INFO - Empty DataFrame
Columns: [opentime, openprice, highprice, lowprice, closeprice]
Index: []
2025-01-16 07:22:25 - INFO - No new data to append.
2025-01-16 07:23:25 - INFO - Last opentime in CSV: 2025-01-16 06:30:00
2025-01-16 07:23:25 - INFO - CSV length before appending: 302
2025-01-16 07:23:25 - INFO - Rounded timestamp: 2025-01-16 07:00:00, Last opentime in CSV: 2025-01-16 06:30:00
2025-01-16 07:23:25 - INFO - 2025-01-16 07:01:00 status: True, time: 1737010860000, calls: 1
2025-01-16 07:23:25 - INFO - 2025-01-16 07:01:00 status: True, time: 1737010860000, calls: 2
2025-01-16 07:23:25 - INFO - Duplicate timestamp detected. Stopping fetch.
2025-01-16 07:23:25 - INFO - before dropping :1
2025-01-16 07:23:25 - INFO - Empty DataFrame
Columns: [opentime, openprice, highprice, lowprice, closeprice]
Index: []
2025-01-16 07:23:25 - INFO - No new data to append.
2025-01-16 07:24:25 - INFO - Last opentime in CSV: 2025-01-16 06:30:00
2025-01-16 07:24:25 - INFO - CSV length before appending: 302
2025-01-16 07:24:25 - INFO - Rounded timestamp: 2025-01-16 07:00:00, Last opentime in CSV: 2025-01-16 06:30:00
2025-01-16 07:24:26 - INFO - 2025-01-16 07:01:00 status: True, time: 1737010860000, calls: 1
2025-01-16 07:24:26 - INFO - 2025-01-16 07:01:00 status: True, time: 1737010860000, calls: 2
2025-01-16 07:24:26 - INFO - Duplicate timestamp detected. Stopping fetch.
2025-01-16 07:24:26 - INFO - before dropping :1
2025-01-16 07:24:26 - INFO - Empty DataFrame
Columns: [opentime, openprice, highprice, lowprice, closeprice]
Index: []
2025-01-16 07:24:26 - INFO - No new data to append.
2025-01-16 07:25:26 - INFO - Last opentime in CSV: 2025-01-16 06:30:00
2025-01-16 07:25:26 - INFO - CSV length before appending: 302
2025-01-16 07:25:26 - INFO - Rounded timestamp: 2025-01-16 07:00:00, Last opentime in CSV: 2025-01-16 06:30:00
2025-01-16 07:25:26 - INFO - 2025-01-16 07:01:00 status: True, time: 1737010860000, calls: 1
2025-01-16 07:25:26 - INFO - 2025-01-16 07:01:00 status: True, time: 1737010860000, calls: 2
2025-01-16 07:25:26 - INFO - Duplicate timestamp detected. Stopping fetch.
2025-01-16 07:25:26 - INFO - before dropping :1
2025-01-16 07:25:26 - INFO - Empty DataFrame
Columns: [opentime, openprice, highprice, lowprice, closeprice]
Index: []
2025-01-16 07:25:26 - INFO - No new data to append.
2025-01-16 07:26:26 - INFO - Last opentime in CSV: 2025-01-16 06:30:00
2025-01-16 07:26:26 - INFO - CSV length before appending: 302
2025-01-16 07:26:26 - INFO - Rounded timestamp: 2025-01-16 07:00:00, Last opentime in CSV: 2025-01-16 06:30:00
2025-01-16 07:26:26 - INFO - 2025-01-16 07:01:00 status: True, time: 1737010860000, calls: 1
2025-01-16 07:26:26 - INFO - 2025-01-16 07:01:00 status: True, time: 1737010860000, calls: 2
2025-01-16 07:26:26 - INFO - Duplicate timestamp detected. Stopping fetch.
2025-01-16 07:26:26 - INFO - before dropping :1
2025-01-16 07:26:26 - INFO - Empty DataFrame
Columns: [opentime, openprice, highprice, lowprice, closeprice]
Index: []
2025-01-16 07:26:26 - INFO - No new data to append.
2025-01-16 07:27:26 - INFO - Last opentime in CSV: 2025-01-16 06:30:00
2025-01-16 07:27:26 - INFO - CSV length before appending: 302
2025-01-16 07:27:26 - INFO - Rounded timestamp: 2025-01-16 07:00:00, Last opentime in CSV: 2025-01-16 06:30:00
2025-01-16 07:27:26 - INFO - 2025-01-16 07:01:00 status: True, time: 1737010860000, calls: 1
2025-01-16 07:27:26 - INFO - 2025-01-16 07:01:00 status: True, time: 1737010860000, calls: 2
2025-01-16 07:27:26 - INFO - Duplicate timestamp detected. Stopping fetch.
2025-01-16 07:27:26 - INFO - before dropping :1
2025-01-16 07:27:26 - INFO - Empty DataFrame
Columns: [opentime, openprice, highprice, lowprice, closeprice]
Index: []
2025-01-16 07:27:26 - INFO - No new data to append.
2025-01-16 07:28:26 - INFO - Last opentime in CSV: 2025-01-16 06:30:00
2025-01-16 07:28:26 - INFO - CSV length before appending: 302
2025-01-16 07:28:26 - INFO - Rounded timestamp: 2025-01-16 07:00:00, Last opentime in CSV: 2025-01-16 06:30:00
2025-01-16 07:28:26 - INFO - 2025-01-16 07:01:00 status: True, time: 1737010860000, calls: 1
2025-01-16 07:28:27 - INFO - 2025-01-16 07:01:00 status: True, time: 1737010860000, calls: 2
2025-01-16 07:28:27 - INFO - Duplicate timestamp detected. Stopping fetch.
2025-01-16 07:28:27 - INFO - before dropping :1
2025-01-16 07:28:27 - INFO - Empty DataFrame
Columns: [opentime, openprice, highprice, lowprice, closeprice]
Index: []
2025-01-16 07:28:27 - INFO - No new data to append.
2025-01-16 07:29:27 - INFO - Last opentime in CSV: 2025-01-16 06:30:00
2025-01-16 07:29:27 - INFO - CSV length before appending: 302
2025-01-16 07:29:27 - INFO - Rounded timestamp: 2025-01-16 07:00:00, Last opentime in CSV: 2025-01-16 06:30:00
2025-01-16 07:29:27 - INFO - 2025-01-16 07:01:00 status: True, time: 1737010860000, calls: 1
2025-01-16 07:29:27 - INFO - 2025-01-16 07:01:00 status: True, time: 1737010860000, calls: 2
2025-01-16 07:29:27 - INFO - Duplicate timestamp detected. Stopping fetch.
2025-01-16 07:29:27 - INFO - before dropping :1
2025-01-16 07:29:27 - INFO - Empty DataFrame
Columns: [opentime, openprice, highprice, lowprice, closeprice]
Index: []
2025-01-16 07:29:27 - INFO - No new data to append.
2025-01-16 07:30:27 - INFO - Last opentime in CSV: 2025-01-16 06:30:00
2025-01-16 07:30:27 - INFO - CSV length before appending: 302
2025-01-16 07:30:27 - INFO - Rounded timestamp: 2025-01-16 07:30:00, Last opentime in CSV: 2025-01-16 06:30:00
2025-01-16 07:30:27 - INFO - Reached endtime at 2025-01-16 07:31:00. Stopping fetch.
2025-01-16 07:30:27 - INFO - before dropping :2
2025-01-16 07:30:27 - INFO -         opentime  openprice  highprice  lowprice  closeprice
0  1737010800000     3.1202     3.1486    3.1051      3.1133
2025-01-16 07:30:27 - INFO - 1 new rows fetched and appended successfully.
2025-01-16 07:30:27 - INFO - New CSV length after appending: 303
2025-01-16 07:30:27 - INFO - New data:           opentime  openprice  highprice  lowprice  closeprice
302  1737010800000     3.1202     3.1486    3.1051      3.1133
2025-01-16 07:30:27 - INFO - New data fetched, processing now.
2025-01-16 07:30:27 - INFO - Last row:           opentime  openprice  ...  SUPERTl_10_3.0  SUPERTs_10_3.0
302  1737010800000     3.1202  ...          2.9801             NaN

[1 rows x 7 columns]
2025-01-16 07:30:27 - INFO - Supertrend indicator applied.
2025-01-16 07:30:27 - INFO - Last row:           opentime  openprice  ...  leading_span_a  leading_span_b
302  1737010800000     3.1202  ...          2.9024             NaN

[1 rows x 9 columns]
2025-01-16 07:30:27 - INFO - Ichimoku cloud indicator applied.
2025-01-16 07:30:27 - INFO - Previous up trend: 2.975645057148095
2025-01-16 07:30:27 - INFO - Current up trend: 2.980100459819157
2025-01-16 07:30:27 - INFO - Trend: unchange
2025-01-16 07:30:27 - INFO - Suggested Action: Long
2025-01-16 07:30:27 - INFO - Previous Action: Long
2025-01-16 07:30:27 - INFO - Suggested Action: Long
2025-01-16 07:30:27 - INFO - No action needed as previous and suggested actions are the same.
2025-01-16 07:31:27 - INFO - Last opentime in CSV: 2025-01-16 07:00:00
2025-01-16 07:31:27 - INFO - CSV length before appending: 303
2025-01-16 07:31:27 - INFO - Rounded timestamp: 2025-01-16 07:30:00, Last opentime in CSV: 2025-01-16 07:00:00
2025-01-16 07:31:27 - INFO - 2025-01-16 07:31:00 status: True, time: 1737012660000, calls: 1
2025-01-16 07:31:27 - INFO - 2025-01-16 07:31:00 status: True, time: 1737012660000, calls: 2
2025-01-16 07:31:27 - INFO - Duplicate timestamp detected. Stopping fetch.
2025-01-16 07:31:27 - INFO - before dropping :1
2025-01-16 07:31:27 - INFO - Empty DataFrame
Columns: [opentime, openprice, highprice, lowprice, closeprice]
Index: []
2025-01-16 07:31:27 - INFO - No new data to append.
2025-01-16 07:32:27 - INFO - Last opentime in CSV: 2025-01-16 07:00:00
2025-01-16 07:32:27 - INFO - CSV length before appending: 303
2025-01-16 07:32:27 - INFO - Rounded timestamp: 2025-01-16 07:30:00, Last opentime in CSV: 2025-01-16 07:00:00
2025-01-16 07:32:28 - INFO - 2025-01-16 07:31:00 status: True, time: 1737012660000, calls: 1
2025-01-16 07:32:28 - INFO - 2025-01-16 07:31:00 status: True, time: 1737012660000, calls: 2
2025-01-16 07:32:28 - INFO - Duplicate timestamp detected. Stopping fetch.
2025-01-16 07:32:28 - INFO - before dropping :1
2025-01-16 07:32:28 - INFO - Empty DataFrame
Columns: [opentime, openprice, highprice, lowprice, closeprice]
Index: []
2025-01-16 07:32:28 - INFO - No new data to append.
2025-01-16 07:33:28 - INFO - Last opentime in CSV: 2025-01-16 07:00:00
2025-01-16 07:33:28 - INFO - CSV length before appending: 303
2025-01-16 07:33:28 - INFO - Rounded timestamp: 2025-01-16 07:30:00, Last opentime in CSV: 2025-01-16 07:00:00
2025-01-16 07:33:28 - INFO - 2025-01-16 07:31:00 status: True, time: 1737012660000, calls: 1
2025-01-16 07:33:28 - INFO - 2025-01-16 07:31:00 status: True, time: 1737012660000, calls: 2
2025-01-16 07:33:28 - INFO - Duplicate timestamp detected. Stopping fetch.
2025-01-16 07:33:28 - INFO - before dropping :1
2025-01-16 07:33:28 - INFO - Empty DataFrame
Columns: [opentime, openprice, highprice, lowprice, closeprice]
Index: []
2025-01-16 07:33:28 - INFO - No new data to append.
2025-01-16 07:34:28 - INFO - Last opentime in CSV: 2025-01-16 07:00:00
2025-01-16 07:34:28 - INFO - CSV length before appending: 303
2025-01-16 07:34:28 - INFO - Rounded timestamp: 2025-01-16 07:30:00, Last opentime in CSV: 2025-01-16 07:00:00
2025-01-16 07:34:28 - INFO - 2025-01-16 07:31:00 status: True, time: 1737012660000, calls: 1
2025-01-16 07:34:28 - INFO - 2025-01-16 07:31:00 status: True, time: 1737012660000, calls: 2
2025-01-16 07:34:28 - INFO - Duplicate timestamp detected. Stopping fetch.
2025-01-16 07:34:28 - INFO - before dropping :1
2025-01-16 07:34:28 - INFO - Empty DataFrame
Columns: [opentime, openprice, highprice, lowprice, closeprice]
Index: []
2025-01-16 07:34:28 - INFO - No new data to append.
2025-01-16 07:35:28 - INFO - Last opentime in CSV: 2025-01-16 07:00:00
2025-01-16 07:35:28 - INFO - CSV length before appending: 303
2025-01-16 07:35:28 - INFO - Rounded timestamp: 2025-01-16 07:30:00, Last opentime in CSV: 2025-01-16 07:00:00
2025-01-16 07:35:29 - INFO - 2025-01-16 07:31:00 status: True, time: 1737012660000, calls: 1
2025-01-16 07:35:29 - INFO - 2025-01-16 07:31:00 status: True, time: 1737012660000, calls: 2
2025-01-16 07:35:29 - INFO - Duplicate timestamp detected. Stopping fetch.
2025-01-16 07:35:29 - INFO - before dropping :1
2025-01-16 07:35:29 - INFO - Empty DataFrame
Columns: [opentime, openprice, highprice, lowprice, closeprice]
Index: []
2025-01-16 07:35:29 - INFO - No new data to append.
2025-01-16 07:36:29 - INFO - Last opentime in CSV: 2025-01-16 07:00:00
2025-01-16 07:36:29 - INFO - CSV length before appending: 303
2025-01-16 07:36:29 - INFO - Rounded timestamp: 2025-01-16 07:30:00, Last opentime in CSV: 2025-01-16 07:00:00
2025-01-16 07:36:29 - INFO - 2025-01-16 07:31:00 status: True, time: 1737012660000, calls: 1
2025-01-16 07:36:29 - INFO - 2025-01-16 07:31:00 status: True, time: 1737012660000, calls: 2
2025-01-16 07:36:29 - INFO - Duplicate timestamp detected. Stopping fetch.
2025-01-16 07:36:29 - INFO - before dropping :1
2025-01-16 07:36:29 - INFO - Empty DataFrame
Columns: [opentime, openprice, highprice, lowprice, closeprice]
Index: []
2025-01-16 07:36:29 - INFO - No new data to append.
2025-01-16 07:37:29 - INFO - Last opentime in CSV: 2025-01-16 07:00:00
2025-01-16 07:37:29 - INFO - CSV length before appending: 303
2025-01-16 07:37:29 - INFO - Rounded timestamp: 2025-01-16 07:30:00, Last opentime in CSV: 2025-01-16 07:00:00
2025-01-16 07:37:29 - INFO - 2025-01-16 07:31:00 status: True, time: 1737012660000, calls: 1
2025-01-16 07:37:29 - INFO - 2025-01-16 07:31:00 status: True, time: 1737012660000, calls: 2
2025-01-16 07:37:29 - INFO - Duplicate timestamp detected. Stopping fetch.
2025-01-16 07:37:29 - INFO - before dropping :1
2025-01-16 07:37:29 - INFO - Empty DataFrame
Columns: [opentime, openprice, highprice, lowprice, closeprice]
Index: []
2025-01-16 07:37:29 - INFO - No new data to append.
2025-01-16 07:38:29 - INFO - Last opentime in CSV: 2025-01-16 07:00:00
2025-01-16 07:38:29 - INFO - CSV length before appending: 303
2025-01-16 07:38:29 - INFO - Rounded timestamp: 2025-01-16 07:30:00, Last opentime in CSV: 2025-01-16 07:00:00
2025-01-16 07:38:30 - INFO - 2025-01-16 07:31:00 status: True, time: 1737012660000, calls: 1
2025-01-16 07:38:30 - INFO - 2025-01-16 07:31:00 status: True, time: 1737012660000, calls: 2
2025-01-16 07:38:30 - INFO - Duplicate timestamp detected. Stopping fetch.
2025-01-16 07:38:30 - INFO - before dropping :1
2025-01-16 07:38:30 - INFO - Empty DataFrame
Columns: [opentime, openprice, highprice, lowprice, closeprice]
Index: []
2025-01-16 07:38:30 - INFO - No new data to append.
2025-01-16 07:39:30 - INFO - Last opentime in CSV: 2025-01-16 07:00:00
2025-01-16 07:39:30 - INFO - CSV length before appending: 303
2025-01-16 07:39:30 - INFO - Rounded timestamp: 2025-01-16 07:30:00, Last opentime in CSV: 2025-01-16 07:00:00
2025-01-16 07:39:30 - INFO - 2025-01-16 07:31:00 status: True, time: 1737012660000, calls: 1
2025-01-16 07:39:30 - INFO - 2025-01-16 07:31:00 status: True, time: 1737012660000, calls: 2
2025-01-16 07:39:30 - INFO - Duplicate timestamp detected. Stopping fetch.
2025-01-16 07:39:30 - INFO - before dropping :1
2025-01-16 07:39:30 - INFO - Empty DataFrame
Columns: [opentime, openprice, highprice, lowprice, closeprice]
Index: []
2025-01-16 07:39:30 - INFO - No new data to append.
2025-01-16 07:40:30 - INFO - Last opentime in CSV: 2025-01-16 07:00:00
2025-01-16 07:40:30 - INFO - CSV length before appending: 303
2025-01-16 07:40:30 - INFO - Rounded timestamp: 2025-01-16 07:30:00, Last opentime in CSV: 2025-01-16 07:00:00
2025-01-16 07:40:30 - INFO - 2025-01-16 07:31:00 status: True, time: 1737012660000, calls: 1
2025-01-16 07:40:30 - INFO - 2025-01-16 07:31:00 status: True, time: 1737012660000, calls: 2
2025-01-16 07:40:30 - INFO - Duplicate timestamp detected. Stopping fetch.
2025-01-16 07:40:30 - INFO - before dropping :1
2025-01-16 07:40:30 - INFO - Empty DataFrame
Columns: [opentime, openprice, highprice, lowprice, closeprice]
Index: []
2025-01-16 07:40:30 - INFO - No new data to append.
2025-01-16 07:41:30 - INFO - Last opentime in CSV: 2025-01-16 07:00:00
2025-01-16 07:41:30 - INFO - CSV length before appending: 303
2025-01-16 07:41:30 - INFO - Rounded timestamp: 2025-01-16 07:30:00, Last opentime in CSV: 2025-01-16 07:00:00
2025-01-16 07:41:30 - INFO - 2025-01-16 07:31:00 status: True, time: 1737012660000, calls: 1
2025-01-16 07:41:31 - INFO - 2025-01-16 07:31:00 status: True, time: 1737012660000, calls: 2
2025-01-16 07:41:31 - INFO - Duplicate timestamp detected. Stopping fetch.
2025-01-16 07:41:31 - INFO - before dropping :1
2025-01-16 07:41:31 - INFO - Empty DataFrame
Columns: [opentime, openprice, highprice, lowprice, closeprice]
Index: []
2025-01-16 07:41:31 - INFO - No new data to append.
2025-01-16 07:42:31 - INFO - Last opentime in CSV: 2025-01-16 07:00:00
2025-01-16 07:42:31 - INFO - CSV length before appending: 303
2025-01-16 07:42:31 - INFO - Rounded timestamp: 2025-01-16 07:30:00, Last opentime in CSV: 2025-01-16 07:00:00
2025-01-16 07:42:31 - INFO - 2025-01-16 07:31:00 status: True, time: 1737012660000, calls: 1
2025-01-16 07:42:31 - INFO - 2025-01-16 07:31:00 status: True, time: 1737012660000, calls: 2
2025-01-16 07:42:31 - INFO - Duplicate timestamp detected. Stopping fetch.
2025-01-16 07:42:31 - INFO - before dropping :1
2025-01-16 07:42:31 - INFO - Empty DataFrame
Columns: [opentime, openprice, highprice, lowprice, closeprice]
Index: []
2025-01-16 07:42:31 - INFO - No new data to append.
2025-01-16 07:43:31 - INFO - Last opentime in CSV: 2025-01-16 07:00:00
2025-01-16 07:43:31 - INFO - CSV length before appending: 303
2025-01-16 07:43:31 - INFO - Rounded timestamp: 2025-01-16 07:30:00, Last opentime in CSV: 2025-01-16 07:00:00
2025-01-16 07:43:31 - INFO - 2025-01-16 07:31:00 status: True, time: 1737012660000, calls: 1
2025-01-16 07:43:31 - INFO - 2025-01-16 07:31:00 status: True, time: 1737012660000, calls: 2
2025-01-16 07:43:31 - INFO - Duplicate timestamp detected. Stopping fetch.
2025-01-16 07:43:31 - INFO - before dropping :1
2025-01-16 07:43:31 - INFO - Empty DataFrame
Columns: [opentime, openprice, highprice, lowprice, closeprice]
Index: []
2025-01-16 07:43:31 - INFO - No new data to append.
2025-01-16 07:44:31 - INFO - Last opentime in CSV: 2025-01-16 07:00:00
2025-01-16 07:44:31 - INFO - CSV length before appending: 303
2025-01-16 07:44:31 - INFO - Rounded timestamp: 2025-01-16 07:30:00, Last opentime in CSV: 2025-01-16 07:00:00
2025-01-16 07:44:31 - INFO - 2025-01-16 07:31:00 status: True, time: 1737012660000, calls: 1
2025-01-16 07:44:31 - INFO - 2025-01-16 07:31:00 status: True, time: 1737012660000, calls: 2
2025-01-16 07:44:31 - INFO - Duplicate timestamp detected. Stopping fetch.
2025-01-16 07:44:31 - INFO - before dropping :1
2025-01-16 07:44:31 - INFO - Empty DataFrame
Columns: [opentime, openprice, highprice, lowprice, closeprice]
Index: []
2025-01-16 07:44:31 - INFO - No new data to append.
2025-01-16 07:45:31 - INFO - Last opentime in CSV: 2025-01-16 07:00:00
2025-01-16 07:45:31 - INFO - CSV length before appending: 303
2025-01-16 07:45:31 - INFO - Rounded timestamp: 2025-01-16 07:30:00, Last opentime in CSV: 2025-01-16 07:00:00
2025-01-16 07:45:31 - INFO - 2025-01-16 07:31:00 status: True, time: 1737012660000, calls: 1
2025-01-16 07:45:31 - INFO - 2025-01-16 07:31:00 status: True, time: 1737012660000, calls: 2
2025-01-16 07:45:31 - INFO - Duplicate timestamp detected. Stopping fetch.
2025-01-16 07:45:31 - INFO - before dropping :1
2025-01-16 07:45:31 - INFO - Empty DataFrame
Columns: [opentime, openprice, highprice, lowprice, closeprice]
Index: []
2025-01-16 07:45:31 - INFO - No new data to append.
2025-01-16 07:46:31 - INFO - Last opentime in CSV: 2025-01-16 07:00:00
2025-01-16 07:46:31 - INFO - CSV length before appending: 303
2025-01-16 07:46:31 - INFO - Rounded timestamp: 2025-01-16 07:30:00, Last opentime in CSV: 2025-01-16 07:00:00
2025-01-16 07:46:31 - INFO - 2025-01-16 07:31:00 status: True, time: 1737012660000, calls: 1
2025-01-16 07:46:32 - INFO - 2025-01-16 07:31:00 status: True, time: 1737012660000, calls: 2
2025-01-16 07:46:32 - INFO - Duplicate timestamp detected. Stopping fetch.
2025-01-16 07:46:32 - INFO - before dropping :1
2025-01-16 07:46:32 - INFO - Empty DataFrame
Columns: [opentime, openprice, highprice, lowprice, closeprice]
Index: []
2025-01-16 07:46:32 - INFO - No new data to append.
2025-01-16 07:47:32 - INFO - Last opentime in CSV: 2025-01-16 07:00:00
2025-01-16 07:47:32 - INFO - CSV length before appending: 303
2025-01-16 07:47:32 - INFO - Rounded timestamp: 2025-01-16 07:30:00, Last opentime in CSV: 2025-01-16 07:00:00
2025-01-16 07:47:32 - INFO - 2025-01-16 07:31:00 status: True, time: 1737012660000, calls: 1
2025-01-16 07:47:32 - INFO - 2025-01-16 07:31:00 status: True, time: 1737012660000, calls: 2
2025-01-16 07:47:32 - INFO - Duplicate timestamp detected. Stopping fetch.
2025-01-16 07:47:32 - INFO - before dropping :1
2025-01-16 07:47:32 - INFO - Empty DataFrame
Columns: [opentime, openprice, highprice, lowprice, closeprice]
Index: []
2025-01-16 07:47:32 - INFO - No new data to append.
2025-01-16 07:48:32 - INFO - Last opentime in CSV: 2025-01-16 07:00:00
2025-01-16 07:48:32 - INFO - CSV length before appending: 303
2025-01-16 07:48:32 - INFO - Rounded timestamp: 2025-01-16 07:30:00, Last opentime in CSV: 2025-01-16 07:00:00
2025-01-16 07:48:32 - INFO - 2025-01-16 07:31:00 status: True, time: 1737012660000, calls: 1
2025-01-16 07:48:32 - INFO - 2025-01-16 07:31:00 status: True, time: 1737012660000, calls: 2
2025-01-16 07:48:32 - INFO - Duplicate timestamp detected. Stopping fetch.
2025-01-16 07:48:32 - INFO - before dropping :1
2025-01-16 07:48:32 - INFO - Empty DataFrame
Columns: [opentime, openprice, highprice, lowprice, closeprice]
Index: []
2025-01-16 07:48:32 - INFO - No new data to append.
2025-01-16 07:49:32 - INFO - Last opentime in CSV: 2025-01-16 07:00:00
2025-01-16 07:49:32 - INFO - CSV length before appending: 303
2025-01-16 07:49:32 - INFO - Rounded timestamp: 2025-01-16 07:30:00, Last opentime in CSV: 2025-01-16 07:00:00
2025-01-16 07:49:32 - INFO - 2025-01-16 07:31:00 status: True, time: 1737012660000, calls: 1
2025-01-16 07:49:32 - INFO - 2025-01-16 07:31:00 status: True, time: 1737012660000, calls: 2
2025-01-16 07:49:32 - INFO - Duplicate timestamp detected. Stopping fetch.
2025-01-16 07:49:32 - INFO - before dropping :1
2025-01-16 07:49:32 - INFO - Empty DataFrame
Columns: [opentime, openprice, highprice, lowprice, closeprice]
Index: []
2025-01-16 07:49:32 - INFO - No new data to append.
2025-01-16 07:50:32 - INFO - Last opentime in CSV: 2025-01-16 07:00:00
2025-01-16 07:50:32 - INFO - CSV length before appending: 303
2025-01-16 07:50:32 - INFO - Rounded timestamp: 2025-01-16 07:30:00, Last opentime in CSV: 2025-01-16 07:00:00
2025-01-16 07:50:32 - INFO - 2025-01-16 07:31:00 status: True, time: 1737012660000, calls: 1
2025-01-16 07:50:32 - INFO - 2025-01-16 07:31:00 status: True, time: 1737012660000, calls: 2
2025-01-16 07:50:32 - INFO - Duplicate timestamp detected. Stopping fetch.
2025-01-16 07:50:32 - INFO - before dropping :1
2025-01-16 07:50:32 - INFO - Empty DataFrame
Columns: [opentime, openprice, highprice, lowprice, closeprice]
Index: []
2025-01-16 07:50:32 - INFO - No new data to append.
2025-01-16 07:51:32 - INFO - Last opentime in CSV: 2025-01-16 07:00:00
2025-01-16 07:51:32 - INFO - CSV length before appending: 303
2025-01-16 07:51:32 - INFO - Rounded timestamp: 2025-01-16 07:30:00, Last opentime in CSV: 2025-01-16 07:00:00
2025-01-16 07:51:33 - INFO - 2025-01-16 07:31:00 status: True, time: 1737012660000, calls: 1
2025-01-16 07:51:33 - INFO - 2025-01-16 07:31:00 status: True, time: 1737012660000, calls: 2
2025-01-16 07:51:33 - INFO - Duplicate timestamp detected. Stopping fetch.
2025-01-16 07:51:33 - INFO - before dropping :1
2025-01-16 07:51:33 - INFO - Empty DataFrame
Columns: [opentime, openprice, highprice, lowprice, closeprice]
Index: []
2025-01-16 07:51:33 - INFO - No new data to append.
2025-01-16 07:52:33 - INFO - Last opentime in CSV: 2025-01-16 07:00:00
2025-01-16 07:52:33 - INFO - CSV length before appending: 303
2025-01-16 07:52:33 - INFO - Rounded timestamp: 2025-01-16 07:30:00, Last opentime in CSV: 2025-01-16 07:00:00
2025-01-16 07:52:33 - INFO - 2025-01-16 07:31:00 status: True, time: 1737012660000, calls: 1
2025-01-16 07:52:33 - INFO - 2025-01-16 07:31:00 status: True, time: 1737012660000, calls: 2
2025-01-16 07:52:33 - INFO - Duplicate timestamp detected. Stopping fetch.
2025-01-16 07:52:33 - INFO - before dropping :1
2025-01-16 07:52:33 - INFO - Empty DataFrame
Columns: [opentime, openprice, highprice, lowprice, closeprice]
Index: []
2025-01-16 07:52:33 - INFO - No new data to append.
2025-01-16 07:53:33 - INFO - Last opentime in CSV: 2025-01-16 07:00:00
2025-01-16 07:53:33 - INFO - CSV length before appending: 303
2025-01-16 07:53:33 - INFO - Rounded timestamp: 2025-01-16 07:30:00, Last opentime in CSV: 2025-01-16 07:00:00
2025-01-16 07:53:33 - INFO - 2025-01-16 07:31:00 status: True, time: 1737012660000, calls: 1
2025-01-16 07:53:33 - INFO - 2025-01-16 07:31:00 status: True, time: 1737012660000, calls: 2
2025-01-16 07:53:33 - INFO - Duplicate timestamp detected. Stopping fetch.
2025-01-16 07:53:33 - INFO - before dropping :1
2025-01-16 07:53:33 - INFO - Empty DataFrame
Columns: [opentime, openprice, highprice, lowprice, closeprice]
Index: []
2025-01-16 07:53:33 - INFO - No new data to append.
2025-01-16 07:54:33 - INFO - Last opentime in CSV: 2025-01-16 07:00:00
2025-01-16 07:54:33 - INFO - CSV length before appending: 303
2025-01-16 07:54:33 - INFO - Rounded timestamp: 2025-01-16 07:30:00, Last opentime in CSV: 2025-01-16 07:00:00
2025-01-16 07:54:33 - INFO - 2025-01-16 07:31:00 status: True, time: 1737012660000, calls: 1
2025-01-16 07:54:33 - INFO - 2025-01-16 07:31:00 status: True, time: 1737012660000, calls: 2
2025-01-16 07:54:33 - INFO - Duplicate timestamp detected. Stopping fetch.
2025-01-16 07:54:33 - INFO - before dropping :1
2025-01-16 07:54:33 - INFO - Empty DataFrame
Columns: [opentime, openprice, highprice, lowprice, closeprice]
Index: []
2025-01-16 07:54:33 - INFO - No new data to append.
2025-01-16 07:55:33 - INFO - Last opentime in CSV: 2025-01-16 07:00:00
2025-01-16 07:55:33 - INFO - CSV length before appending: 303
2025-01-16 07:55:33 - INFO - Rounded timestamp: 2025-01-16 07:30:00, Last opentime in CSV: 2025-01-16 07:00:00
2025-01-16 07:55:33 - INFO - 2025-01-16 07:31:00 status: True, time: 1737012660000, calls: 1
2025-01-16 07:55:33 - INFO - 2025-01-16 07:31:00 status: True, time: 1737012660000, calls: 2
2025-01-16 07:55:33 - INFO - Duplicate timestamp detected. Stopping fetch.
2025-01-16 07:55:33 - INFO - before dropping :1
2025-01-16 07:55:33 - INFO - Empty DataFrame
Columns: [opentime, openprice, highprice, lowprice, closeprice]
Index: []
2025-01-16 07:55:33 - INFO - No new data to append.
2025-01-16 07:56:33 - INFO - Last opentime in CSV: 2025-01-16 07:00:00
2025-01-16 07:56:33 - INFO - CSV length before appending: 303
2025-01-16 07:56:33 - INFO - Rounded timestamp: 2025-01-16 07:30:00, Last opentime in CSV: 2025-01-16 07:00:00
2025-01-16 07:56:34 - INFO - 2025-01-16 07:31:00 status: True, time: 1737012660000, calls: 1
2025-01-16 07:56:34 - INFO - 2025-01-16 07:31:00 status: True, time: 1737012660000, calls: 2
2025-01-16 07:56:34 - INFO - Duplicate timestamp detected. Stopping fetch.
2025-01-16 07:56:34 - INFO - before dropping :1
2025-01-16 07:56:34 - INFO - Empty DataFrame
Columns: [opentime, openprice, highprice, lowprice, closeprice]
Index: []
2025-01-16 07:56:34 - INFO - No new data to append.
2025-01-16 07:57:34 - INFO - Last opentime in CSV: 2025-01-16 07:00:00
2025-01-16 07:57:34 - INFO - CSV length before appending: 303
2025-01-16 07:57:34 - INFO - Rounded timestamp: 2025-01-16 07:30:00, Last opentime in CSV: 2025-01-16 07:00:00
2025-01-16 07:57:34 - INFO - 2025-01-16 07:31:00 status: True, time: 1737012660000, calls: 1
2025-01-16 07:57:34 - INFO - 2025-01-16 07:31:00 status: True, time: 1737012660000, calls: 2
2025-01-16 07:57:34 - INFO - Duplicate timestamp detected. Stopping fetch.
2025-01-16 07:57:34 - INFO - before dropping :1
2025-01-16 07:57:34 - INFO - Empty DataFrame
Columns: [opentime, openprice, highprice, lowprice, closeprice]
Index: []
2025-01-16 07:57:34 - INFO - No new data to append.
2025-01-16 07:58:34 - INFO - Last opentime in CSV: 2025-01-16 07:00:00
2025-01-16 07:58:34 - INFO - CSV length before appending: 303
2025-01-16 07:58:34 - INFO - Rounded timestamp: 2025-01-16 07:30:00, Last opentime in CSV: 2025-01-16 07:00:00
2025-01-16 07:58:34 - INFO - 2025-01-16 07:31:00 status: True, time: 1737012660000, calls: 1
2025-01-16 07:58:34 - INFO - 2025-01-16 07:31:00 status: True, time: 1737012660000, calls: 2
2025-01-16 07:58:34 - INFO - Duplicate timestamp detected. Stopping fetch.
2025-01-16 07:58:34 - INFO - before dropping :1
2025-01-16 07:58:34 - INFO - Empty DataFrame
Columns: [opentime, openprice, highprice, lowprice, closeprice]
Index: []
2025-01-16 07:58:34 - INFO - No new data to append.
2025-01-16 07:59:34 - INFO - Last opentime in CSV: 2025-01-16 07:00:00
2025-01-16 07:59:34 - INFO - CSV length before appending: 303
2025-01-16 07:59:34 - INFO - Rounded timestamp: 2025-01-16 07:30:00, Last opentime in CSV: 2025-01-16 07:00:00
2025-01-16 07:59:35 - INFO - 2025-01-16 07:31:00 status: True, time: 1737012660000, calls: 1
2025-01-16 07:59:35 - INFO - 2025-01-16 07:31:00 status: True, time: 1737012660000, calls: 2
2025-01-16 07:59:35 - INFO - Duplicate timestamp detected. Stopping fetch.
2025-01-16 07:59:35 - INFO - before dropping :1
2025-01-16 07:59:35 - INFO - Empty DataFrame
Columns: [opentime, openprice, highprice, lowprice, closeprice]
Index: []
2025-01-16 07:59:35 - INFO - No new data to append.
2025-01-16 08:00:35 - INFO - Last opentime in CSV: 2025-01-16 07:00:00
2025-01-16 08:00:35 - INFO - CSV length before appending: 303
2025-01-16 08:00:35 - INFO - Rounded timestamp: 2025-01-16 08:00:00, Last opentime in CSV: 2025-01-16 07:00:00
2025-01-16 08:00:35 - INFO - Reached endtime at 2025-01-16 08:01:00. Stopping fetch.
2025-01-16 08:00:35 - INFO - before dropping :2
2025-01-16 08:00:35 - INFO -         opentime  openprice  highprice  lowprice  closeprice
0  1737012600000     3.1134     3.1244    3.0879      3.0897
2025-01-16 08:00:35 - INFO - 1 new rows fetched and appended successfully.
2025-01-16 08:00:35 - INFO - New CSV length after appending: 304
2025-01-16 08:00:35 - INFO - New data:           opentime  openprice  highprice  lowprice  closeprice
303  1737012600000     3.1134     3.1244    3.0879      3.0897
2025-01-16 08:00:35 - INFO - New data fetched, processing now.
2025-01-16 08:00:35 - INFO - Last row:           opentime  openprice  ...  SUPERTl_10_3.0  SUPERTs_10_3.0
303  1737012600000     3.1134  ...        2.980061             NaN

[1 rows x 7 columns]
2025-01-16 08:00:35 - INFO - Supertrend indicator applied.
2025-01-16 08:00:35 - INFO - Last row:           opentime  openprice  ...  leading_span_a  leading_span_b
303  1737012600000     3.1134  ...        2.903675             NaN

[1 rows x 9 columns]
2025-01-16 08:00:35 - INFO - Ichimoku cloud indicator applied.
2025-01-16 08:00:35 - INFO - Previous up trend: 2.980060958941538
2025-01-16 08:00:35 - INFO - Current up trend: 2.980060958941538
2025-01-16 08:00:35 - INFO - Trend: unchange
2025-01-16 08:00:35 - INFO - Suggested Action: Long
2025-01-16 08:00:35 - INFO - Previous Action: (None, 'Long')
2025-01-16 08:00:35 - INFO - Suggested Action: Long
2025-01-16 08:00:35 - INFO - Current XRPUSDT Mark Price: 3.08464181
2025-01-16 08:00:35 - INFO - Expected XRPUSDT Amount: 162
2025-01-16 08:00:35 - INFO - Current Opened XRPUSDT Amount: 0.0
2025-01-16 08:00:35 - INFO - at: 2025-01-16 07:30:00 - No action taken
2025-01-16 08:01:35 - INFO - Last opentime in CSV: 2025-01-16 07:30:00
2025-01-16 08:01:35 - INFO - CSV length before appending: 304
2025-01-16 08:01:35 - INFO - Rounded timestamp: 2025-01-16 08:00:00, Last opentime in CSV: 2025-01-16 07:30:00
2025-01-16 08:01:35 - INFO - 2025-01-16 08:01:00 status: True, time: 1737014460000, calls: 1
2025-01-16 08:01:36 - INFO - 2025-01-16 08:01:00 status: True, time: 1737014460000, calls: 2
2025-01-16 08:01:36 - INFO - Duplicate timestamp detected. Stopping fetch.
2025-01-16 08:01:36 - INFO - before dropping :1
2025-01-16 08:01:36 - INFO - Empty DataFrame
Columns: [opentime, openprice, highprice, lowprice, closeprice]
Index: []
2025-01-16 08:01:36 - INFO - No new data to append.
2025-01-16 08:02:36 - INFO - Last opentime in CSV: 2025-01-16 07:30:00
2025-01-16 08:02:36 - INFO - CSV length before appending: 304
2025-01-16 08:02:36 - INFO - Rounded timestamp: 2025-01-16 08:00:00, Last opentime in CSV: 2025-01-16 07:30:00
2025-01-16 08:02:36 - INFO - 2025-01-16 08:01:00 status: True, time: 1737014460000, calls: 1
2025-01-16 08:02:36 - INFO - 2025-01-16 08:01:00 status: True, time: 1737014460000, calls: 2
2025-01-16 08:02:36 - INFO - Duplicate timestamp detected. Stopping fetch.
2025-01-16 08:02:36 - INFO - before dropping :1
2025-01-16 08:02:36 - INFO - Empty DataFrame
Columns: [opentime, openprice, highprice, lowprice, closeprice]
Index: []
2025-01-16 08:02:36 - INFO - No new data to append.
2025-01-16 08:03:36 - INFO - Last opentime in CSV: 2025-01-16 07:30:00
2025-01-16 08:03:36 - INFO - CSV length before appending: 304
2025-01-16 08:03:36 - INFO - Rounded timestamp: 2025-01-16 08:00:00, Last opentime in CSV: 2025-01-16 07:30:00
2025-01-16 08:03:36 - INFO - 2025-01-16 08:01:00 status: True, time: 1737014460000, calls: 1
2025-01-16 08:03:36 - INFO - 2025-01-16 08:01:00 status: True, time: 1737014460000, calls: 2
2025-01-16 08:03:36 - INFO - Duplicate timestamp detected. Stopping fetch.
2025-01-16 08:03:36 - INFO - before dropping :1
2025-01-16 08:03:36 - INFO - Empty DataFrame
Columns: [opentime, openprice, highprice, lowprice, closeprice]
Index: []
2025-01-16 08:03:36 - INFO - No new data to append.
2025-01-16 08:04:36 - INFO - Last opentime in CSV: 2025-01-16 07:30:00
2025-01-16 08:04:36 - INFO - CSV length before appending: 304
2025-01-16 08:04:36 - INFO - Rounded timestamp: 2025-01-16 08:00:00, Last opentime in CSV: 2025-01-16 07:30:00
2025-01-16 08:04:37 - INFO - 2025-01-16 08:01:00 status: True, time: 1737014460000, calls: 1
2025-01-16 08:04:37 - INFO - 2025-01-16 08:01:00 status: True, time: 1737014460000, calls: 2
2025-01-16 08:04:37 - INFO - Duplicate timestamp detected. Stopping fetch.
2025-01-16 08:04:37 - INFO - before dropping :1
2025-01-16 08:04:37 - INFO - Empty DataFrame
Columns: [opentime, openprice, highprice, lowprice, closeprice]
Index: []
2025-01-16 08:04:37 - INFO - No new data to append.
2025-01-16 08:05:37 - INFO - Last opentime in CSV: 2025-01-16 07:30:00
2025-01-16 08:05:37 - INFO - CSV length before appending: 304
2025-01-16 08:05:37 - INFO - Rounded timestamp: 2025-01-16 08:00:00, Last opentime in CSV: 2025-01-16 07:30:00
2025-01-16 08:05:37 - INFO - 2025-01-16 08:01:00 status: True, time: 1737014460000, calls: 1
2025-01-16 08:05:37 - INFO - 2025-01-16 08:01:00 status: True, time: 1737014460000, calls: 2
2025-01-16 08:05:37 - INFO - Duplicate timestamp detected. Stopping fetch.
2025-01-16 08:05:37 - INFO - before dropping :1
2025-01-16 08:05:37 - INFO - Empty DataFrame
Columns: [opentime, openprice, highprice, lowprice, closeprice]
Index: []
2025-01-16 08:05:37 - INFO - No new data to append.
2025-01-16 08:06:37 - INFO - Last opentime in CSV: 2025-01-16 07:30:00
2025-01-16 08:06:37 - INFO - CSV length before appending: 304
2025-01-16 08:06:37 - INFO - Rounded timestamp: 2025-01-16 08:00:00, Last opentime in CSV: 2025-01-16 07:30:00
2025-01-16 08:06:37 - INFO - 2025-01-16 08:01:00 status: True, time: 1737014460000, calls: 1
2025-01-16 08:06:37 - INFO - 2025-01-16 08:01:00 status: True, time: 1737014460000, calls: 2
2025-01-16 08:06:37 - INFO - Duplicate timestamp detected. Stopping fetch.
2025-01-16 08:06:37 - INFO - before dropping :1
2025-01-16 08:06:37 - INFO - Empty DataFrame
Columns: [opentime, openprice, highprice, lowprice, closeprice]
Index: []
2025-01-16 08:06:37 - INFO - No new data to append.
2025-01-16 08:07:37 - INFO - Last opentime in CSV: 2025-01-16 07:30:00
2025-01-16 08:07:37 - INFO - CSV length before appending: 304
2025-01-16 08:07:37 - INFO - Rounded timestamp: 2025-01-16 08:00:00, Last opentime in CSV: 2025-01-16 07:30:00
2025-01-16 08:07:38 - INFO - 2025-01-16 08:01:00 status: True, time: 1737014460000, calls: 1
2025-01-16 08:07:38 - INFO - 2025-01-16 08:01:00 status: True, time: 1737014460000, calls: 2
2025-01-16 08:07:38 - INFO - Duplicate timestamp detected. Stopping fetch.
2025-01-16 08:07:38 - INFO - before dropping :1
2025-01-16 08:07:38 - INFO - Empty DataFrame
Columns: [opentime, openprice, highprice, lowprice, closeprice]
Index: []
2025-01-16 08:07:38 - INFO - No new data to append.
2025-01-16 08:08:38 - INFO - Last opentime in CSV: 2025-01-16 07:30:00
2025-01-16 08:08:38 - INFO - CSV length before appending: 304
2025-01-16 08:08:38 - INFO - Rounded timestamp: 2025-01-16 08:00:00, Last opentime in CSV: 2025-01-16 07:30:00
2025-01-16 08:08:38 - INFO - 2025-01-16 08:01:00 status: True, time: 1737014460000, calls: 1
2025-01-16 08:08:38 - INFO - 2025-01-16 08:01:00 status: True, time: 1737014460000, calls: 2
2025-01-16 08:08:38 - INFO - Duplicate timestamp detected. Stopping fetch.
2025-01-16 08:08:38 - INFO - before dropping :1
2025-01-16 08:08:38 - INFO - Empty DataFrame
Columns: [opentime, openprice, highprice, lowprice, closeprice]
Index: []
2025-01-16 08:08:38 - INFO - No new data to append.
2025-01-16 08:09:38 - INFO - Last opentime in CSV: 2025-01-16 07:30:00
2025-01-16 08:09:38 - INFO - CSV length before appending: 304
2025-01-16 08:09:38 - INFO - Rounded timestamp: 2025-01-16 08:00:00, Last opentime in CSV: 2025-01-16 07:30:00
2025-01-16 08:09:38 - INFO - 2025-01-16 08:01:00 status: True, time: 1737014460000, calls: 1
2025-01-16 08:09:38 - INFO - 2025-01-16 08:01:00 status: True, time: 1737014460000, calls: 2
2025-01-16 08:09:38 - INFO - Duplicate timestamp detected. Stopping fetch.
2025-01-16 08:09:38 - INFO - before dropping :1
2025-01-16 08:09:38 - INFO - Empty DataFrame
Columns: [opentime, openprice, highprice, lowprice, closeprice]
Index: []
2025-01-16 08:09:38 - INFO - No new data to append.
2025-01-16 08:10:38 - INFO - Last opentime in CSV: 2025-01-16 07:30:00
2025-01-16 08:10:38 - INFO - CSV length before appending: 304
2025-01-16 08:10:38 - INFO - Rounded timestamp: 2025-01-16 08:00:00, Last opentime in CSV: 2025-01-16 07:30:00
2025-01-16 08:10:39 - INFO - 2025-01-16 08:01:00 status: True, time: 1737014460000, calls: 1
2025-01-16 08:10:39 - INFO - 2025-01-16 08:01:00 status: True, time: 1737014460000, calls: 2
2025-01-16 08:10:39 - INFO - Duplicate timestamp detected. Stopping fetch.
2025-01-16 08:10:39 - INFO - before dropping :1
2025-01-16 08:10:39 - INFO - Empty DataFrame
Columns: [opentime, openprice, highprice, lowprice, closeprice]
Index: []
2025-01-16 08:10:39 - INFO - No new data to append.
2025-01-16 08:11:39 - INFO - Last opentime in CSV: 2025-01-16 07:30:00
2025-01-16 08:11:39 - INFO - CSV length before appending: 304
2025-01-16 08:11:39 - INFO - Rounded timestamp: 2025-01-16 08:00:00, Last opentime in CSV: 2025-01-16 07:30:00
2025-01-16 08:11:39 - INFO - 2025-01-16 08:01:00 status: True, time: 1737014460000, calls: 1
2025-01-16 08:11:39 - INFO - 2025-01-16 08:01:00 status: True, time: 1737014460000, calls: 2
2025-01-16 08:11:39 - INFO - Duplicate timestamp detected. Stopping fetch.
2025-01-16 08:11:39 - INFO - before dropping :1
2025-01-16 08:11:39 - INFO - Empty DataFrame
Columns: [opentime, openprice, highprice, lowprice, closeprice]
Index: []
2025-01-16 08:11:39 - INFO - No new data to append.
2025-01-16 08:12:39 - INFO - Last opentime in CSV: 2025-01-16 07:30:00
2025-01-16 08:12:39 - INFO - CSV length before appending: 304
2025-01-16 08:12:39 - INFO - Rounded timestamp: 2025-01-16 08:00:00, Last opentime in CSV: 2025-01-16 07:30:00
2025-01-16 08:12:39 - INFO - 2025-01-16 08:01:00 status: True, time: 1737014460000, calls: 1
2025-01-16 08:12:39 - INFO - 2025-01-16 08:01:00 status: True, time: 1737014460000, calls: 2
2025-01-16 08:12:39 - INFO - Duplicate timestamp detected. Stopping fetch.
2025-01-16 08:12:39 - INFO - before dropping :1
2025-01-16 08:12:39 - INFO - Empty DataFrame
Columns: [opentime, openprice, highprice, lowprice, closeprice]
Index: []
2025-01-16 08:12:39 - INFO - No new data to append.
2025-01-16 08:13:39 - INFO - Last opentime in CSV: 2025-01-16 07:30:00
2025-01-16 08:13:39 - INFO - CSV length before appending: 304
2025-01-16 08:13:39 - INFO - Rounded timestamp: 2025-01-16 08:00:00, Last opentime in CSV: 2025-01-16 07:30:00
2025-01-16 08:13:39 - INFO - 2025-01-16 08:01:00 status: True, time: 1737014460000, calls: 1
2025-01-16 08:13:39 - INFO - 2025-01-16 08:01:00 status: True, time: 1737014460000, calls: 2
2025-01-16 08:13:39 - INFO - Duplicate timestamp detected. Stopping fetch.
2025-01-16 08:13:39 - INFO - before dropping :1
2025-01-16 08:13:39 - INFO - Empty DataFrame
Columns: [opentime, openprice, highprice, lowprice, closeprice]
Index: []
2025-01-16 08:13:39 - INFO - No new data to append.
2025-01-16 08:14:39 - INFO - Last opentime in CSV: 2025-01-16 07:30:00
2025-01-16 08:14:39 - INFO - CSV length before appending: 304
2025-01-16 08:14:39 - INFO - Rounded timestamp: 2025-01-16 08:00:00, Last opentime in CSV: 2025-01-16 07:30:00
2025-01-16 08:14:39 - INFO - 2025-01-16 08:01:00 status: True, time: 1737014460000, calls: 1
2025-01-16 08:14:40 - INFO - 2025-01-16 08:01:00 status: True, time: 1737014460000, calls: 2
2025-01-16 08:14:40 - INFO - Duplicate timestamp detected. Stopping fetch.
2025-01-16 08:14:40 - INFO - before dropping :1
2025-01-16 08:14:40 - INFO - Empty DataFrame
Columns: [opentime, openprice, highprice, lowprice, closeprice]
Index: []
2025-01-16 08:14:40 - INFO - No new data to append.
2025-01-16 08:15:40 - INFO - Last opentime in CSV: 2025-01-16 07:30:00
2025-01-16 08:15:40 - INFO - CSV length before appending: 304
2025-01-16 08:15:40 - INFO - Rounded timestamp: 2025-01-16 08:00:00, Last opentime in CSV: 2025-01-16 07:30:00
2025-01-16 08:15:40 - INFO - 2025-01-16 08:01:00 status: True, time: 1737014460000, calls: 1
2025-01-16 08:15:40 - INFO - 2025-01-16 08:01:00 status: True, time: 1737014460000, calls: 2
2025-01-16 08:15:40 - INFO - Duplicate timestamp detected. Stopping fetch.
2025-01-16 08:15:40 - INFO - before dropping :1
2025-01-16 08:15:40 - INFO - Empty DataFrame
Columns: [opentime, openprice, highprice, lowprice, closeprice]
Index: []
2025-01-16 08:15:40 - INFO - No new data to append.
2025-01-16 08:16:40 - INFO - Last opentime in CSV: 2025-01-16 07:30:00
2025-01-16 08:16:40 - INFO - CSV length before appending: 304
2025-01-16 08:16:40 - INFO - Rounded timestamp: 2025-01-16 08:00:00, Last opentime in CSV: 2025-01-16 07:30:00
2025-01-16 08:16:40 - INFO - 2025-01-16 08:01:00 status: True, time: 1737014460000, calls: 1
2025-01-16 08:16:40 - INFO - 2025-01-16 08:01:00 status: True, time: 1737014460000, calls: 2
2025-01-16 08:16:40 - INFO - Duplicate timestamp detected. Stopping fetch.
2025-01-16 08:16:40 - INFO - before dropping :1
2025-01-16 08:16:40 - INFO - Empty DataFrame
Columns: [opentime, openprice, highprice, lowprice, closeprice]
Index: []
2025-01-16 08:16:40 - INFO - No new data to append.
2025-01-16 08:17:40 - INFO - Last opentime in CSV: 2025-01-16 07:30:00
2025-01-16 08:17:40 - INFO - CSV length before appending: 304
2025-01-16 08:17:40 - INFO - Rounded timestamp: 2025-01-16 08:00:00, Last opentime in CSV: 2025-01-16 07:30:00
2025-01-16 08:17:40 - INFO - 2025-01-16 08:01:00 status: True, time: 1737014460000, calls: 1
2025-01-16 08:17:40 - INFO - 2025-01-16 08:01:00 status: True, time: 1737014460000, calls: 2
2025-01-16 08:17:40 - INFO - Duplicate timestamp detected. Stopping fetch.
2025-01-16 08:17:40 - INFO - before dropping :1
2025-01-16 08:17:40 - INFO - Empty DataFrame
Columns: [opentime, openprice, highprice, lowprice, closeprice]
Index: []
2025-01-16 08:17:40 - INFO - No new data to append.
2025-01-16 08:18:40 - INFO - Last opentime in CSV: 2025-01-16 07:30:00
2025-01-16 08:18:40 - INFO - CSV length before appending: 304
2025-01-16 08:18:40 - INFO - Rounded timestamp: 2025-01-16 08:00:00, Last opentime in CSV: 2025-01-16 07:30:00
2025-01-16 08:18:40 - INFO - 2025-01-16 08:01:00 status: True, time: 1737014460000, calls: 1
2025-01-16 08:18:40 - INFO - 2025-01-16 08:01:00 status: True, time: 1737014460000, calls: 2
2025-01-16 08:18:40 - INFO - Duplicate timestamp detected. Stopping fetch.
2025-01-16 08:18:40 - INFO - before dropping :1
2025-01-16 08:18:40 - INFO - Empty DataFrame
Columns: [opentime, openprice, highprice, lowprice, closeprice]
Index: []
2025-01-16 08:18:40 - INFO - No new data to append.
2025-01-16 08:19:40 - INFO - Last opentime in CSV: 2025-01-16 07:30:00
2025-01-16 08:19:40 - INFO - CSV length before appending: 304
2025-01-16 08:19:40 - INFO - Rounded timestamp: 2025-01-16 08:00:00, Last opentime in CSV: 2025-01-16 07:30:00
2025-01-16 08:19:41 - INFO - 2025-01-16 08:01:00 status: True, time: 1737014460000, calls: 1
2025-01-16 08:19:41 - INFO - 2025-01-16 08:01:00 status: True, time: 1737014460000, calls: 2
2025-01-16 08:19:41 - INFO - Duplicate timestamp detected. Stopping fetch.
2025-01-16 08:19:41 - INFO - before dropping :1
2025-01-16 08:19:41 - INFO - Empty DataFrame
Columns: [opentime, openprice, highprice, lowprice, closeprice]
Index: []
2025-01-16 08:19:41 - INFO - No new data to append.
2025-01-16 08:20:41 - INFO - Last opentime in CSV: 2025-01-16 07:30:00
2025-01-16 08:20:41 - INFO - CSV length before appending: 304
2025-01-16 08:20:41 - INFO - Rounded timestamp: 2025-01-16 08:00:00, Last opentime in CSV: 2025-01-16 07:30:00
2025-01-16 08:20:41 - INFO - 2025-01-16 08:01:00 status: True, time: 1737014460000, calls: 1
2025-01-16 08:20:41 - INFO - 2025-01-16 08:01:00 status: True, time: 1737014460000, calls: 2
2025-01-16 08:20:41 - INFO - Duplicate timestamp detected. Stopping fetch.
2025-01-16 08:20:41 - INFO - before dropping :1
2025-01-16 08:20:41 - INFO - Empty DataFrame
Columns: [opentime, openprice, highprice, lowprice, closeprice]
Index: []
2025-01-16 08:20:41 - INFO - No new data to append.
2025-01-16 08:21:41 - INFO - Last opentime in CSV: 2025-01-16 07:30:00
2025-01-16 08:21:41 - INFO - CSV length before appending: 304
2025-01-16 08:21:41 - INFO - Rounded timestamp: 2025-01-16 08:00:00, Last opentime in CSV: 2025-01-16 07:30:00
2025-01-16 08:21:41 - INFO - 2025-01-16 08:01:00 status: True, time: 1737014460000, calls: 1
2025-01-16 08:21:41 - INFO - 2025-01-16 08:01:00 status: True, time: 1737014460000, calls: 2
2025-01-16 08:21:41 - INFO - Duplicate timestamp detected. Stopping fetch.
2025-01-16 08:21:41 - INFO - before dropping :1
2025-01-16 08:21:41 - INFO - Empty DataFrame
Columns: [opentime, openprice, highprice, lowprice, closeprice]
Index: []
2025-01-16 08:21:41 - INFO - No new data to append.
2025-01-16 08:22:41 - INFO - Last opentime in CSV: 2025-01-16 07:30:00
2025-01-16 08:22:41 - INFO - CSV length before appending: 304
2025-01-16 08:22:41 - INFO - Rounded timestamp: 2025-01-16 08:00:00, Last opentime in CSV: 2025-01-16 07:30:00
2025-01-16 08:22:41 - INFO - 2025-01-16 08:01:00 status: True, time: 1737014460000, calls: 1
2025-01-16 08:22:41 - INFO - 2025-01-16 08:01:00 status: True, time: 1737014460000, calls: 2
2025-01-16 08:22:41 - INFO - Duplicate timestamp detected. Stopping fetch.
2025-01-16 08:22:41 - INFO - before dropping :1
2025-01-16 08:22:41 - INFO - Empty DataFrame
Columns: [opentime, openprice, highprice, lowprice, closeprice]
Index: []
2025-01-16 08:22:41 - INFO - No new data to append.
2025-01-16 08:23:41 - INFO - Last opentime in CSV: 2025-01-16 07:30:00
2025-01-16 08:23:41 - INFO - CSV length before appending: 304
2025-01-16 08:23:41 - INFO - Rounded timestamp: 2025-01-16 08:00:00, Last opentime in CSV: 2025-01-16 07:30:00
2025-01-16 08:23:41 - INFO - 2025-01-16 08:01:00 status: True, time: 1737014460000, calls: 1
2025-01-16 08:23:41 - INFO - 2025-01-16 08:01:00 status: True, time: 1737014460000, calls: 2
2025-01-16 08:23:41 - INFO - Duplicate timestamp detected. Stopping fetch.
2025-01-16 08:23:41 - INFO - before dropping :1
2025-01-16 08:23:41 - INFO - Empty DataFrame
Columns: [opentime, openprice, highprice, lowprice, closeprice]
Index: []
2025-01-16 08:23:41 - INFO - No new data to append.
2025-01-16 08:24:41 - INFO - Last opentime in CSV: 2025-01-16 07:30:00
2025-01-16 08:24:41 - INFO - CSV length before appending: 304
2025-01-16 08:24:41 - INFO - Rounded timestamp: 2025-01-16 08:00:00, Last opentime in CSV: 2025-01-16 07:30:00
2025-01-16 08:24:42 - INFO - 2025-01-16 08:01:00 status: True, time: 1737014460000, calls: 1
2025-01-16 08:24:42 - INFO - 2025-01-16 08:01:00 status: True, time: 1737014460000, calls: 2
2025-01-16 08:24:42 - INFO - Duplicate timestamp detected. Stopping fetch.
2025-01-16 08:24:42 - INFO - before dropping :1
2025-01-16 08:24:42 - INFO - Empty DataFrame
Columns: [opentime, openprice, highprice, lowprice, closeprice]
Index: []
2025-01-16 08:24:42 - INFO - No new data to append.
2025-01-16 08:25:42 - INFO - Last opentime in CSV: 2025-01-16 07:30:00
2025-01-16 08:25:42 - INFO - CSV length before appending: 304
2025-01-16 08:25:42 - INFO - Rounded timestamp: 2025-01-16 08:00:00, Last opentime in CSV: 2025-01-16 07:30:00
2025-01-16 08:25:42 - INFO - 2025-01-16 08:01:00 status: True, time: 1737014460000, calls: 1
2025-01-16 08:25:42 - INFO - 2025-01-16 08:01:00 status: True, time: 1737014460000, calls: 2
2025-01-16 08:25:42 - INFO - Duplicate timestamp detected. Stopping fetch.
2025-01-16 08:25:42 - INFO - before dropping :1
2025-01-16 08:25:42 - INFO - Empty DataFrame
Columns: [opentime, openprice, highprice, lowprice, closeprice]
Index: []
2025-01-16 08:25:42 - INFO - No new data to append.
2025-01-16 08:26:42 - INFO - Last opentime in CSV: 2025-01-16 07:30:00
2025-01-16 08:26:42 - INFO - CSV length before appending: 304
2025-01-16 08:26:42 - INFO - Rounded timestamp: 2025-01-16 08:00:00, Last opentime in CSV: 2025-01-16 07:30:00
2025-01-16 08:26:42 - INFO - 2025-01-16 08:01:00 status: True, time: 1737014460000, calls: 1
2025-01-16 08:26:42 - INFO - 2025-01-16 08:01:00 status: True, time: 1737014460000, calls: 2
2025-01-16 08:26:42 - INFO - Duplicate timestamp detected. Stopping fetch.
2025-01-16 08:26:42 - INFO - before dropping :1
2025-01-16 08:26:42 - INFO - Empty DataFrame
Columns: [opentime, openprice, highprice, lowprice, closeprice]
Index: []
2025-01-16 08:26:42 - INFO - No new data to append.
2025-01-16 08:27:42 - INFO - Last opentime in CSV: 2025-01-16 07:30:00
2025-01-16 08:27:42 - INFO - CSV length before appending: 304
2025-01-16 08:27:42 - INFO - Rounded timestamp: 2025-01-16 08:00:00, Last opentime in CSV: 2025-01-16 07:30:00
2025-01-16 08:27:42 - INFO - 2025-01-16 08:01:00 status: True, time: 1737014460000, calls: 1
2025-01-16 08:27:42 - INFO - 2025-01-16 08:01:00 status: True, time: 1737014460000, calls: 2
2025-01-16 08:27:42 - INFO - Duplicate timestamp detected. Stopping fetch.
2025-01-16 08:27:42 - INFO - before dropping :1
2025-01-16 08:27:42 - INFO - Empty DataFrame
Columns: [opentime, openprice, highprice, lowprice, closeprice]
Index: []
2025-01-16 08:27:42 - INFO - No new data to append.
2025-01-16 08:28:42 - INFO - Last opentime in CSV: 2025-01-16 07:30:00
2025-01-16 08:28:42 - INFO - CSV length before appending: 304
2025-01-16 08:28:42 - INFO - Rounded timestamp: 2025-01-16 08:00:00, Last opentime in CSV: 2025-01-16 07:30:00
2025-01-16 08:28:43 - INFO - 2025-01-16 08:01:00 status: True, time: 1737014460000, calls: 1
2025-01-16 08:28:43 - INFO - 2025-01-16 08:01:00 status: True, time: 1737014460000, calls: 2
2025-01-16 08:28:43 - INFO - Duplicate timestamp detected. Stopping fetch.
2025-01-16 08:28:43 - INFO - before dropping :1
2025-01-16 08:28:43 - INFO - Empty DataFrame
Columns: [opentime, openprice, highprice, lowprice, closeprice]
Index: []
2025-01-16 08:28:43 - INFO - No new data to append.
2025-01-16 08:29:43 - INFO - Last opentime in CSV: 2025-01-16 07:30:00
2025-01-16 08:29:43 - INFO - CSV length before appending: 304
2025-01-16 08:29:43 - INFO - Rounded timestamp: 2025-01-16 08:00:00, Last opentime in CSV: 2025-01-16 07:30:00
2025-01-16 08:29:43 - INFO - 2025-01-16 08:01:00 status: True, time: 1737014460000, calls: 1
2025-01-16 08:29:43 - INFO - 2025-01-16 08:01:00 status: True, time: 1737014460000, calls: 2
2025-01-16 08:29:43 - INFO - Duplicate timestamp detected. Stopping fetch.
2025-01-16 08:29:43 - INFO - before dropping :1
2025-01-16 08:29:43 - INFO - Empty DataFrame
Columns: [opentime, openprice, highprice, lowprice, closeprice]
Index: []
2025-01-16 08:29:43 - INFO - No new data to append.
2025-01-16 08:30:43 - INFO - Last opentime in CSV: 2025-01-16 07:30:00
2025-01-16 08:30:43 - INFO - CSV length before appending: 304
2025-01-16 08:30:43 - INFO - Rounded timestamp: 2025-01-16 08:30:00, Last opentime in CSV: 2025-01-16 07:30:00
2025-01-16 08:30:43 - INFO - Reached endtime at 2025-01-16 08:31:00. Stopping fetch.
2025-01-16 08:30:43 - INFO - before dropping :2
2025-01-16 08:30:43 - INFO -         opentime  openprice  highprice  lowprice  closeprice
0  1737014400000     3.0896     3.1125    3.0731      3.1052
2025-01-16 08:30:43 - INFO - 1 new rows fetched and appended successfully.
2025-01-16 08:30:43 - INFO - New CSV length after appending: 305
2025-01-16 08:30:43 - INFO - New data:           opentime  openprice  highprice  lowprice  closeprice
304  1737014400000     3.0896     3.1125    3.0731      3.1052
2025-01-16 08:30:43 - INFO - New data fetched, processing now.
2025-01-16 08:30:43 - INFO - Last row:           opentime  openprice  ...  SUPERTl_10_3.0  SUPERTs_10_3.0
304  1737014400000     3.0896  ...        2.980036             NaN

[1 rows x 7 columns]
2025-01-16 08:30:43 - INFO - Supertrend indicator applied.
2025-01-16 08:30:43 - INFO - Last row:           opentime  openprice  ...  leading_span_a  leading_span_b
304  1737014400000     3.0896  ...         2.90735             NaN

[1 rows x 9 columns]
2025-01-16 08:30:43 - INFO - Ichimoku cloud indicator applied.
2025-01-16 08:30:43 - INFO - Previous up trend: 2.980036027061582
2025-01-16 08:30:43 - INFO - Current up trend: 2.980036027061582
2025-01-16 08:30:43 - INFO - Trend: unchange
2025-01-16 08:30:43 - INFO - Suggested Action: Long
2025-01-16 08:30:43 - INFO - Previous Action: (None, 'Long')
2025-01-16 08:30:43 - INFO - Suggested Action: Long
2025-01-16 08:30:43 - INFO - Current XRPUSDT Mark Price: 3.1087
2025-01-16 08:30:43 - INFO - Expected XRPUSDT Amount: 160
2025-01-16 08:30:43 - INFO - Current Opened XRPUSDT Amount: 0.0
2025-01-16 08:30:43 - INFO - at: 2025-01-16 08:00:00 - No action taken
2025-01-16 08:31:43 - INFO - Last opentime in CSV: 2025-01-16 08:00:00
2025-01-16 08:31:43 - INFO - CSV length before appending: 305
2025-01-16 08:31:43 - INFO - Rounded timestamp: 2025-01-16 08:30:00, Last opentime in CSV: 2025-01-16 08:00:00
2025-01-16 08:31:43 - INFO - 2025-01-16 08:31:00 status: True, time: 1737016260000, calls: 1
2025-01-16 08:31:44 - INFO - 2025-01-16 08:31:00 status: True, time: 1737016260000, calls: 2
2025-01-16 08:31:44 - INFO - Duplicate timestamp detected. Stopping fetch.
2025-01-16 08:31:44 - INFO - before dropping :1
2025-01-16 08:31:44 - INFO - Empty DataFrame
Columns: [opentime, openprice, highprice, lowprice, closeprice]
Index: []
2025-01-16 08:31:44 - INFO - No new data to append.
2025-01-16 08:32:44 - INFO - Last opentime in CSV: 2025-01-16 08:00:00
2025-01-16 08:32:44 - INFO - CSV length before appending: 305
2025-01-16 08:32:44 - INFO - Rounded timestamp: 2025-01-16 08:30:00, Last opentime in CSV: 2025-01-16 08:00:00
2025-01-16 08:32:44 - INFO - 2025-01-16 08:31:00 status: True, time: 1737016260000, calls: 1
2025-01-16 08:32:44 - INFO - 2025-01-16 08:31:00 status: True, time: 1737016260000, calls: 2
2025-01-16 08:32:44 - INFO - Duplicate timestamp detected. Stopping fetch.
2025-01-16 08:32:44 - INFO - before dropping :1
2025-01-16 08:32:44 - INFO - Empty DataFrame
Columns: [opentime, openprice, highprice, lowprice, closeprice]
Index: []
2025-01-16 08:32:44 - INFO - No new data to append.
2025-01-16 08:33:44 - INFO - Last opentime in CSV: 2025-01-16 08:00:00
2025-01-16 08:33:44 - INFO - CSV length before appending: 305
2025-01-16 08:33:44 - INFO - Rounded timestamp: 2025-01-16 08:30:00, Last opentime in CSV: 2025-01-16 08:00:00
2025-01-16 08:33:44 - INFO - 2025-01-16 08:31:00 status: True, time: 1737016260000, calls: 1
2025-01-16 08:33:44 - INFO - 2025-01-16 08:31:00 status: True, time: 1737016260000, calls: 2
2025-01-16 08:33:44 - INFO - Duplicate timestamp detected. Stopping fetch.
2025-01-16 08:33:44 - INFO - before dropping :1
2025-01-16 08:33:44 - INFO - Empty DataFrame
Columns: [opentime, openprice, highprice, lowprice, closeprice]
Index: []
2025-01-16 08:33:44 - INFO - No new data to append.
2025-01-16 08:34:44 - INFO - Last opentime in CSV: 2025-01-16 08:00:00
2025-01-16 08:34:44 - INFO - CSV length before appending: 305
2025-01-16 08:34:44 - INFO - Rounded timestamp: 2025-01-16 08:30:00, Last opentime in CSV: 2025-01-16 08:00:00
2025-01-16 08:34:45 - INFO - 2025-01-16 08:31:00 status: True, time: 1737016260000, calls: 1
2025-01-16 08:34:45 - INFO - 2025-01-16 08:31:00 status: True, time: 1737016260000, calls: 2
2025-01-16 08:34:45 - INFO - Duplicate timestamp detected. Stopping fetch.
2025-01-16 08:34:45 - INFO - before dropping :1
2025-01-16 08:34:45 - INFO - Empty DataFrame
Columns: [opentime, openprice, highprice, lowprice, closeprice]
Index: []
2025-01-16 08:34:45 - INFO - No new data to append.
2025-01-16 08:35:45 - INFO - Last opentime in CSV: 2025-01-16 08:00:00
2025-01-16 08:35:45 - INFO - CSV length before appending: 305
2025-01-16 08:35:45 - INFO - Rounded timestamp: 2025-01-16 08:30:00, Last opentime in CSV: 2025-01-16 08:00:00
2025-01-16 08:35:45 - INFO - 2025-01-16 08:31:00 status: True, time: 1737016260000, calls: 1
2025-01-16 08:35:45 - INFO - 2025-01-16 08:31:00 status: True, time: 1737016260000, calls: 2
2025-01-16 08:35:45 - INFO - Duplicate timestamp detected. Stopping fetch.
2025-01-16 08:35:45 - INFO - before dropping :1
2025-01-16 08:35:45 - INFO - Empty DataFrame
Columns: [opentime, openprice, highprice, lowprice, closeprice]
Index: []
2025-01-16 08:35:45 - INFO - No new data to append.
2025-01-16 08:36:45 - INFO - Last opentime in CSV: 2025-01-16 08:00:00
2025-01-16 08:36:45 - INFO - CSV length before appending: 305
2025-01-16 08:36:45 - INFO - Rounded timestamp: 2025-01-16 08:30:00, Last opentime in CSV: 2025-01-16 08:00:00
2025-01-16 08:36:45 - INFO - 2025-01-16 08:31:00 status: True, time: 1737016260000, calls: 1
2025-01-16 08:36:45 - INFO - 2025-01-16 08:31:00 status: True, time: 1737016260000, calls: 2
2025-01-16 08:36:45 - INFO - Duplicate timestamp detected. Stopping fetch.
2025-01-16 08:36:45 - INFO - before dropping :1
2025-01-16 08:36:45 - INFO - Empty DataFrame
Columns: [opentime, openprice, highprice, lowprice, closeprice]
Index: []
2025-01-16 08:36:45 - INFO - No new data to append.
2025-01-16 08:37:45 - INFO - Last opentime in CSV: 2025-01-16 08:00:00
2025-01-16 08:37:45 - INFO - CSV length before appending: 305
2025-01-16 08:37:45 - INFO - Rounded timestamp: 2025-01-16 08:30:00, Last opentime in CSV: 2025-01-16 08:00:00
2025-01-16 08:37:45 - INFO - 2025-01-16 08:31:00 status: True, time: 1737016260000, calls: 1
2025-01-16 08:37:46 - INFO - 2025-01-16 08:31:00 status: True, time: 1737016260000, calls: 2
2025-01-16 08:37:46 - INFO - Duplicate timestamp detected. Stopping fetch.
2025-01-16 08:37:46 - INFO - before dropping :1
2025-01-16 08:37:46 - INFO - Empty DataFrame
Columns: [opentime, openprice, highprice, lowprice, closeprice]
Index: []
2025-01-16 08:37:46 - INFO - No new data to append.
2025-01-16 08:38:46 - INFO - Last opentime in CSV: 2025-01-16 08:00:00
2025-01-16 08:38:46 - INFO - CSV length before appending: 305
2025-01-16 08:38:46 - INFO - Rounded timestamp: 2025-01-16 08:30:00, Last opentime in CSV: 2025-01-16 08:00:00
2025-01-16 08:38:46 - INFO - 2025-01-16 08:31:00 status: True, time: 1737016260000, calls: 1
2025-01-16 08:38:46 - INFO - 2025-01-16 08:31:00 status: True, time: 1737016260000, calls: 2
2025-01-16 08:38:46 - INFO - Duplicate timestamp detected. Stopping fetch.
2025-01-16 08:38:46 - INFO - before dropping :1
2025-01-16 08:38:46 - INFO - Empty DataFrame
Columns: [opentime, openprice, highprice, lowprice, closeprice]
Index: []
2025-01-16 08:38:46 - INFO - No new data to append.
2025-01-16 08:39:46 - INFO - Last opentime in CSV: 2025-01-16 08:00:00
2025-01-16 08:39:46 - INFO - CSV length before appending: 305
2025-01-16 08:39:46 - INFO - Rounded timestamp: 2025-01-16 08:30:00, Last opentime in CSV: 2025-01-16 08:00:00
2025-01-16 08:39:46 - INFO - 2025-01-16 08:31:00 status: True, time: 1737016260000, calls: 1
2025-01-16 08:39:46 - INFO - 2025-01-16 08:31:00 status: True, time: 1737016260000, calls: 2
2025-01-16 08:39:46 - INFO - Duplicate timestamp detected. Stopping fetch.
2025-01-16 08:39:46 - INFO - before dropping :1
2025-01-16 08:39:46 - INFO - Empty DataFrame
Columns: [opentime, openprice, highprice, lowprice, closeprice]
Index: []
2025-01-16 08:39:46 - INFO - No new data to append.
2025-01-16 08:40:46 - INFO - Last opentime in CSV: 2025-01-16 08:00:00
2025-01-16 08:40:46 - INFO - CSV length before appending: 305
2025-01-16 08:40:46 - INFO - Rounded timestamp: 2025-01-16 08:30:00, Last opentime in CSV: 2025-01-16 08:00:00
2025-01-16 08:40:46 - INFO - 2025-01-16 08:31:00 status: True, time: 1737016260000, calls: 1
2025-01-16 08:40:46 - INFO - 2025-01-16 08:31:00 status: True, time: 1737016260000, calls: 2
2025-01-16 08:40:46 - INFO - Duplicate timestamp detected. Stopping fetch.
2025-01-16 08:40:46 - INFO - before dropping :1
2025-01-16 08:40:46 - INFO - Empty DataFrame
Columns: [opentime, openprice, highprice, lowprice, closeprice]
Index: []
2025-01-16 08:40:46 - INFO - No new data to append.
2025-01-16 08:41:46 - INFO - Last opentime in CSV: 2025-01-16 08:00:00
2025-01-16 08:41:46 - INFO - CSV length before appending: 305
2025-01-16 08:41:46 - INFO - Rounded timestamp: 2025-01-16 08:30:00, Last opentime in CSV: 2025-01-16 08:00:00
2025-01-16 08:41:46 - INFO - 2025-01-16 08:31:00 status: True, time: 1737016260000, calls: 1
2025-01-16 08:41:46 - INFO - 2025-01-16 08:31:00 status: True, time: 1737016260000, calls: 2
2025-01-16 08:41:46 - INFO - Duplicate timestamp detected. Stopping fetch.
2025-01-16 08:41:46 - INFO - before dropping :1
2025-01-16 08:41:46 - INFO - Empty DataFrame
Columns: [opentime, openprice, highprice, lowprice, closeprice]
Index: []
2025-01-16 08:41:46 - INFO - No new data to append.
2025-01-16 08:42:46 - INFO - Last opentime in CSV: 2025-01-16 08:00:00
2025-01-16 08:42:46 - INFO - CSV length before appending: 305
2025-01-16 08:42:46 - INFO - Rounded timestamp: 2025-01-16 08:30:00, Last opentime in CSV: 2025-01-16 08:00:00
2025-01-16 08:42:47 - INFO - 2025-01-16 08:31:00 status: True, time: 1737016260000, calls: 1
2025-01-16 08:42:47 - INFO - 2025-01-16 08:31:00 status: True, time: 1737016260000, calls: 2
2025-01-16 08:42:47 - INFO - Duplicate timestamp detected. Stopping fetch.
2025-01-16 08:42:47 - INFO - before dropping :1
2025-01-16 08:42:47 - INFO - Empty DataFrame
Columns: [opentime, openprice, highprice, lowprice, closeprice]
Index: []
2025-01-16 08:42:47 - INFO - No new data to append.
2025-01-16 08:43:47 - INFO - Last opentime in CSV: 2025-01-16 08:00:00
2025-01-16 08:43:47 - INFO - CSV length before appending: 305
2025-01-16 08:43:47 - INFO - Rounded timestamp: 2025-01-16 08:30:00, Last opentime in CSV: 2025-01-16 08:00:00
2025-01-16 08:43:47 - INFO - 2025-01-16 08:31:00 status: True, time: 1737016260000, calls: 1
2025-01-16 08:43:47 - INFO - 2025-01-16 08:31:00 status: True, time: 1737016260000, calls: 2
2025-01-16 08:43:47 - INFO - Duplicate timestamp detected. Stopping fetch.
2025-01-16 08:43:47 - INFO - before dropping :1
2025-01-16 08:43:47 - INFO - Empty DataFrame
Columns: [opentime, openprice, highprice, lowprice, closeprice]
Index: []
2025-01-16 08:43:47 - INFO - No new data to append.
2025-01-16 08:44:47 - INFO - Last opentime in CSV: 2025-01-16 08:00:00
2025-01-16 08:44:47 - INFO - CSV length before appending: 305
2025-01-16 08:44:47 - INFO - Rounded timestamp: 2025-01-16 08:30:00, Last opentime in CSV: 2025-01-16 08:00:00
2025-01-16 08:44:47 - INFO - 2025-01-16 08:31:00 status: True, time: 1737016260000, calls: 1
2025-01-16 08:44:47 - INFO - 2025-01-16 08:31:00 status: True, time: 1737016260000, calls: 2
2025-01-16 08:44:47 - INFO - Duplicate timestamp detected. Stopping fetch.
2025-01-16 08:44:47 - INFO - before dropping :1
2025-01-16 08:44:47 - INFO - Empty DataFrame
Columns: [opentime, openprice, highprice, lowprice, closeprice]
Index: []
2025-01-16 08:44:47 - INFO - No new data to append.
2025-01-16 08:45:47 - INFO - Last opentime in CSV: 2025-01-16 08:00:00
2025-01-16 08:45:47 - INFO - CSV length before appending: 305
2025-01-16 08:45:47 - INFO - Rounded timestamp: 2025-01-16 08:30:00, Last opentime in CSV: 2025-01-16 08:00:00
2025-01-16 08:45:47 - INFO - 2025-01-16 08:31:00 status: True, time: 1737016260000, calls: 1
2025-01-16 08:45:47 - INFO - 2025-01-16 08:31:00 status: True, time: 1737016260000, calls: 2
2025-01-16 08:45:47 - INFO - Duplicate timestamp detected. Stopping fetch.
2025-01-16 08:45:47 - INFO - before dropping :1
2025-01-16 08:45:47 - INFO - Empty DataFrame
Columns: [opentime, openprice, highprice, lowprice, closeprice]
Index: []
2025-01-16 08:45:47 - INFO - No new data to append.
2025-01-16 08:46:47 - INFO - Last opentime in CSV: 2025-01-16 08:00:00
2025-01-16 08:46:47 - INFO - CSV length before appending: 305
2025-01-16 08:46:47 - INFO - Rounded timestamp: 2025-01-16 08:30:00, Last opentime in CSV: 2025-01-16 08:00:00
2025-01-16 08:46:47 - INFO - 2025-01-16 08:31:00 status: True, time: 1737016260000, calls: 1
2025-01-16 08:46:48 - INFO - 2025-01-16 08:31:00 status: True, time: 1737016260000, calls: 2
2025-01-16 08:46:48 - INFO - Duplicate timestamp detected. Stopping fetch.
2025-01-16 08:46:48 - INFO - before dropping :1
2025-01-16 08:46:48 - INFO - Empty DataFrame
Columns: [opentime, openprice, highprice, lowprice, closeprice]
Index: []
2025-01-16 08:46:48 - INFO - No new data to append.
2025-01-16 08:47:48 - INFO - Last opentime in CSV: 2025-01-16 08:00:00
2025-01-16 08:47:48 - INFO - CSV length before appending: 305
2025-01-16 08:47:48 - INFO - Rounded timestamp: 2025-01-16 08:30:00, Last opentime in CSV: 2025-01-16 08:00:00
2025-01-16 08:47:48 - INFO - 2025-01-16 08:31:00 status: True, time: 1737016260000, calls: 1
2025-01-16 08:47:48 - INFO - 2025-01-16 08:31:00 status: True, time: 1737016260000, calls: 2
2025-01-16 08:47:48 - INFO - Duplicate timestamp detected. Stopping fetch.
2025-01-16 08:47:48 - INFO - before dropping :1
2025-01-16 08:47:48 - INFO - Empty DataFrame
Columns: [opentime, openprice, highprice, lowprice, closeprice]
Index: []
2025-01-16 08:47:48 - INFO - No new data to append.
2025-01-16 08:48:48 - INFO - Last opentime in CSV: 2025-01-16 08:00:00
2025-01-16 08:48:48 - INFO - CSV length before appending: 305
2025-01-16 08:48:48 - INFO - Rounded timestamp: 2025-01-16 08:30:00, Last opentime in CSV: 2025-01-16 08:00:00
2025-01-16 08:48:48 - INFO - 2025-01-16 08:31:00 status: True, time: 1737016260000, calls: 1
2025-01-16 08:48:48 - INFO - 2025-01-16 08:31:00 status: True, time: 1737016260000, calls: 2
2025-01-16 08:48:48 - INFO - Duplicate timestamp detected. Stopping fetch.
2025-01-16 08:48:48 - INFO - before dropping :1
2025-01-16 08:48:48 - INFO - Empty DataFrame
Columns: [opentime, openprice, highprice, lowprice, closeprice]
Index: []
2025-01-16 08:48:48 - INFO - No new data to append.
2025-01-16 08:49:48 - INFO - Last opentime in CSV: 2025-01-16 08:00:00
2025-01-16 08:49:48 - INFO - CSV length before appending: 305
2025-01-16 08:49:48 - INFO - Rounded timestamp: 2025-01-16 08:30:00, Last opentime in CSV: 2025-01-16 08:00:00
2025-01-16 08:49:48 - INFO - 2025-01-16 08:31:00 status: True, time: 1737016260000, calls: 1
2025-01-16 08:49:48 - INFO - 2025-01-16 08:31:00 status: True, time: 1737016260000, calls: 2
2025-01-16 08:49:48 - INFO - Duplicate timestamp detected. Stopping fetch.
2025-01-16 08:49:48 - INFO - before dropping :1
2025-01-16 08:49:48 - INFO - Empty DataFrame
Columns: [opentime, openprice, highprice, lowprice, closeprice]
Index: []
2025-01-16 08:49:48 - INFO - No new data to append.
2025-01-16 08:50:48 - INFO - Last opentime in CSV: 2025-01-16 08:00:00
2025-01-16 08:50:48 - INFO - CSV length before appending: 305
2025-01-16 08:50:48 - INFO - Rounded timestamp: 2025-01-16 08:30:00, Last opentime in CSV: 2025-01-16 08:00:00
2025-01-16 08:50:48 - INFO - 2025-01-16 08:31:00 status: True, time: 1737016260000, calls: 1
2025-01-16 08:50:48 - INFO - 2025-01-16 08:31:00 status: True, time: 1737016260000, calls: 2
2025-01-16 08:50:48 - INFO - Duplicate timestamp detected. Stopping fetch.
2025-01-16 08:50:48 - INFO - before dropping :1
2025-01-16 08:50:48 - INFO - Empty DataFrame
Columns: [opentime, openprice, highprice, lowprice, closeprice]
Index: []
2025-01-16 08:50:48 - INFO - No new data to append.
